[2021-06-20 19:56:52,531] {scheduler_job.py:182} INFO - Started process (PID=72) to work on /home/airflow/.local/lib/python3.6/site-packages/airflow/example_dags/example_task_group.py
[2021-06-20 19:56:52,534] {scheduler_job.py:633} INFO - Processing file /home/airflow/.local/lib/python3.6/site-packages/airflow/example_dags/example_task_group.py for tasks to queue
[2021-06-20 19:56:52,536] {logging_mixin.py:104} INFO - [2021-06-20 19:56:52,536] {dagbag.py:487} INFO - Filling up the DagBag from /home/airflow/.local/lib/python3.6/site-packages/airflow/example_dags/example_task_group.py
[2021-06-20 19:56:52,564] {scheduler_job.py:643} INFO - DAG(s) dict_keys(['example_task_group']) retrieved from /home/airflow/.local/lib/python3.6/site-packages/airflow/example_dags/example_task_group.py
[2021-06-20 19:56:57,608] {logging_mixin.py:104} INFO - [2021-06-20 19:56:57,607] {dag.py:1832} INFO - Sync 1 DAGs
[2021-06-20 19:56:57,628] {logging_mixin.py:104} INFO - [2021-06-20 19:56:57,625] {dag.py:1851} INFO - Creating ORM DAG for example_task_group
[2021-06-20 19:56:57,637] {logging_mixin.py:104} INFO - [2021-06-20 19:56:57,637] {dag.py:2305} INFO - Setting next_dagrun for example_task_group to 2021-06-18 00:00:00+00:00
[2021-06-20 19:56:57,655] {scheduler_job.py:190} INFO - Processing /home/airflow/.local/lib/python3.6/site-packages/airflow/example_dags/example_task_group.py took 5.133 seconds
[2021-06-20 19:57:29,757] {scheduler_job.py:182} INFO - Started process (PID=170) to work on /home/airflow/.local/lib/python3.6/site-packages/airflow/example_dags/example_task_group.py
[2021-06-20 19:57:29,758] {scheduler_job.py:633} INFO - Processing file /home/airflow/.local/lib/python3.6/site-packages/airflow/example_dags/example_task_group.py for tasks to queue
[2021-06-20 19:57:29,759] {logging_mixin.py:104} INFO - [2021-06-20 19:57:29,759] {dagbag.py:487} INFO - Filling up the DagBag from /home/airflow/.local/lib/python3.6/site-packages/airflow/example_dags/example_task_group.py
[2021-06-20 19:57:29,773] {scheduler_job.py:643} INFO - DAG(s) dict_keys(['example_task_group']) retrieved from /home/airflow/.local/lib/python3.6/site-packages/airflow/example_dags/example_task_group.py
[2021-06-20 19:57:29,795] {logging_mixin.py:104} INFO - [2021-06-20 19:57:29,795] {dag.py:1832} INFO - Sync 1 DAGs
[2021-06-20 19:57:29,809] {logging_mixin.py:104} INFO - [2021-06-20 19:57:29,809] {dag.py:2305} INFO - Setting next_dagrun for example_task_group to 2021-06-18 00:00:00+00:00
[2021-06-20 19:57:29,818] {scheduler_job.py:190} INFO - Processing /home/airflow/.local/lib/python3.6/site-packages/airflow/example_dags/example_task_group.py took 0.065 seconds
[2021-06-20 19:58:00,895] {scheduler_job.py:182} INFO - Started process (PID=242) to work on /home/airflow/.local/lib/python3.6/site-packages/airflow/example_dags/example_task_group.py
[2021-06-20 19:58:00,903] {scheduler_job.py:633} INFO - Processing file /home/airflow/.local/lib/python3.6/site-packages/airflow/example_dags/example_task_group.py for tasks to queue
[2021-06-20 19:58:00,908] {logging_mixin.py:104} INFO - [2021-06-20 19:58:00,907] {dagbag.py:487} INFO - Filling up the DagBag from /home/airflow/.local/lib/python3.6/site-packages/airflow/example_dags/example_task_group.py
[2021-06-20 19:58:01,001] {scheduler_job.py:643} INFO - DAG(s) dict_keys(['example_task_group']) retrieved from /home/airflow/.local/lib/python3.6/site-packages/airflow/example_dags/example_task_group.py
[2021-06-20 19:58:01,107] {logging_mixin.py:104} INFO - [2021-06-20 19:58:01,106] {dag.py:1832} INFO - Sync 1 DAGs
[2021-06-20 19:58:01,188] {logging_mixin.py:104} INFO - [2021-06-20 19:58:01,187] {dag.py:2305} INFO - Setting next_dagrun for example_task_group to 2021-06-18 00:00:00+00:00
[2021-06-20 19:58:01,234] {scheduler_job.py:190} INFO - Processing /home/airflow/.local/lib/python3.6/site-packages/airflow/example_dags/example_task_group.py took 0.356 seconds
[2021-06-20 19:58:32,129] {scheduler_job.py:182} INFO - Started process (PID=298) to work on /home/airflow/.local/lib/python3.6/site-packages/airflow/example_dags/example_task_group.py
[2021-06-20 19:58:32,134] {scheduler_job.py:633} INFO - Processing file /home/airflow/.local/lib/python3.6/site-packages/airflow/example_dags/example_task_group.py for tasks to queue
[2021-06-20 19:58:32,138] {logging_mixin.py:104} INFO - [2021-06-20 19:58:32,137] {dagbag.py:487} INFO - Filling up the DagBag from /home/airflow/.local/lib/python3.6/site-packages/airflow/example_dags/example_task_group.py
[2021-06-20 19:58:32,222] {scheduler_job.py:643} INFO - DAG(s) dict_keys(['example_task_group']) retrieved from /home/airflow/.local/lib/python3.6/site-packages/airflow/example_dags/example_task_group.py
[2021-06-20 19:58:32,321] {logging_mixin.py:104} INFO - [2021-06-20 19:58:32,321] {dag.py:1832} INFO - Sync 1 DAGs
[2021-06-20 19:58:32,383] {logging_mixin.py:104} INFO - [2021-06-20 19:58:32,383] {dag.py:2305} INFO - Setting next_dagrun for example_task_group to 2021-06-18 00:00:00+00:00
[2021-06-20 19:58:32,416] {scheduler_job.py:190} INFO - Processing /home/airflow/.local/lib/python3.6/site-packages/airflow/example_dags/example_task_group.py took 0.300 seconds
[2021-06-20 19:59:03,173] {scheduler_job.py:182} INFO - Started process (PID=365) to work on /home/airflow/.local/lib/python3.6/site-packages/airflow/example_dags/example_task_group.py
[2021-06-20 19:59:03,182] {scheduler_job.py:633} INFO - Processing file /home/airflow/.local/lib/python3.6/site-packages/airflow/example_dags/example_task_group.py for tasks to queue
[2021-06-20 19:59:03,187] {logging_mixin.py:104} INFO - [2021-06-20 19:59:03,186] {dagbag.py:487} INFO - Filling up the DagBag from /home/airflow/.local/lib/python3.6/site-packages/airflow/example_dags/example_task_group.py
[2021-06-20 19:59:03,268] {scheduler_job.py:643} INFO - DAG(s) dict_keys(['example_task_group']) retrieved from /home/airflow/.local/lib/python3.6/site-packages/airflow/example_dags/example_task_group.py
[2021-06-20 19:59:03,403] {logging_mixin.py:104} INFO - [2021-06-20 19:59:03,402] {dag.py:1832} INFO - Sync 1 DAGs
[2021-06-20 19:59:03,522] {logging_mixin.py:104} INFO - [2021-06-20 19:59:03,522] {dag.py:2305} INFO - Setting next_dagrun for example_task_group to 2021-06-18 00:00:00+00:00
[2021-06-20 19:59:03,564] {scheduler_job.py:190} INFO - Processing /home/airflow/.local/lib/python3.6/site-packages/airflow/example_dags/example_task_group.py took 0.411 seconds
[2021-06-20 19:59:33,960] {scheduler_job.py:182} INFO - Started process (PID=414) to work on /home/airflow/.local/lib/python3.6/site-packages/airflow/example_dags/example_task_group.py
[2021-06-20 19:59:33,966] {scheduler_job.py:633} INFO - Processing file /home/airflow/.local/lib/python3.6/site-packages/airflow/example_dags/example_task_group.py for tasks to queue
[2021-06-20 19:59:33,969] {logging_mixin.py:104} INFO - [2021-06-20 19:59:33,969] {dagbag.py:487} INFO - Filling up the DagBag from /home/airflow/.local/lib/python3.6/site-packages/airflow/example_dags/example_task_group.py
[2021-06-20 19:59:34,034] {scheduler_job.py:643} INFO - DAG(s) dict_keys(['example_task_group']) retrieved from /home/airflow/.local/lib/python3.6/site-packages/airflow/example_dags/example_task_group.py
[2021-06-20 19:59:34,116] {logging_mixin.py:104} INFO - [2021-06-20 19:59:34,116] {dag.py:1832} INFO - Sync 1 DAGs
[2021-06-20 19:59:34,178] {logging_mixin.py:104} INFO - [2021-06-20 19:59:34,178] {dag.py:2305} INFO - Setting next_dagrun for example_task_group to 2021-06-18 00:00:00+00:00
[2021-06-20 19:59:34,232] {scheduler_job.py:190} INFO - Processing /home/airflow/.local/lib/python3.6/site-packages/airflow/example_dags/example_task_group.py took 0.284 seconds
[2021-06-20 20:00:05,021] {scheduler_job.py:182} INFO - Started process (PID=481) to work on /home/airflow/.local/lib/python3.6/site-packages/airflow/example_dags/example_task_group.py
[2021-06-20 20:00:05,026] {scheduler_job.py:633} INFO - Processing file /home/airflow/.local/lib/python3.6/site-packages/airflow/example_dags/example_task_group.py for tasks to queue
[2021-06-20 20:00:05,029] {logging_mixin.py:104} INFO - [2021-06-20 20:00:05,029] {dagbag.py:487} INFO - Filling up the DagBag from /home/airflow/.local/lib/python3.6/site-packages/airflow/example_dags/example_task_group.py
[2021-06-20 20:00:05,092] {scheduler_job.py:643} INFO - DAG(s) dict_keys(['example_task_group']) retrieved from /home/airflow/.local/lib/python3.6/site-packages/airflow/example_dags/example_task_group.py
[2021-06-20 20:00:05,180] {logging_mixin.py:104} INFO - [2021-06-20 20:00:05,180] {dag.py:1832} INFO - Sync 1 DAGs
[2021-06-20 20:00:05,244] {logging_mixin.py:104} INFO - [2021-06-20 20:00:05,243] {dag.py:2305} INFO - Setting next_dagrun for example_task_group to 2021-06-18 00:00:00+00:00
[2021-06-20 20:00:05,280] {scheduler_job.py:190} INFO - Processing /home/airflow/.local/lib/python3.6/site-packages/airflow/example_dags/example_task_group.py took 0.273 seconds
[2021-06-20 20:00:35,983] {scheduler_job.py:182} INFO - Started process (PID=540) to work on /home/airflow/.local/lib/python3.6/site-packages/airflow/example_dags/example_task_group.py
[2021-06-20 20:00:35,989] {scheduler_job.py:633} INFO - Processing file /home/airflow/.local/lib/python3.6/site-packages/airflow/example_dags/example_task_group.py for tasks to queue
[2021-06-20 20:00:35,994] {logging_mixin.py:104} INFO - [2021-06-20 20:00:35,993] {dagbag.py:487} INFO - Filling up the DagBag from /home/airflow/.local/lib/python3.6/site-packages/airflow/example_dags/example_task_group.py
[2021-06-20 20:00:36,070] {scheduler_job.py:643} INFO - DAG(s) dict_keys(['example_task_group']) retrieved from /home/airflow/.local/lib/python3.6/site-packages/airflow/example_dags/example_task_group.py
[2021-06-20 20:00:36,167] {logging_mixin.py:104} INFO - [2021-06-20 20:00:36,166] {dag.py:1832} INFO - Sync 1 DAGs
[2021-06-20 20:00:36,276] {logging_mixin.py:104} INFO - [2021-06-20 20:00:36,275] {dag.py:2305} INFO - Setting next_dagrun for example_task_group to 2021-06-18 00:00:00+00:00
[2021-06-20 20:00:36,324] {scheduler_job.py:190} INFO - Processing /home/airflow/.local/lib/python3.6/site-packages/airflow/example_dags/example_task_group.py took 0.358 seconds
[2021-06-20 20:01:06,593] {scheduler_job.py:182} INFO - Started process (PID=597) to work on /home/airflow/.local/lib/python3.6/site-packages/airflow/example_dags/example_task_group.py
[2021-06-20 20:01:06,600] {scheduler_job.py:633} INFO - Processing file /home/airflow/.local/lib/python3.6/site-packages/airflow/example_dags/example_task_group.py for tasks to queue
[2021-06-20 20:01:06,603] {logging_mixin.py:104} INFO - [2021-06-20 20:01:06,603] {dagbag.py:487} INFO - Filling up the DagBag from /home/airflow/.local/lib/python3.6/site-packages/airflow/example_dags/example_task_group.py
[2021-06-20 20:01:06,676] {scheduler_job.py:643} INFO - DAG(s) dict_keys(['example_task_group']) retrieved from /home/airflow/.local/lib/python3.6/site-packages/airflow/example_dags/example_task_group.py
[2021-06-20 20:01:06,776] {logging_mixin.py:104} INFO - [2021-06-20 20:01:06,775] {dag.py:1832} INFO - Sync 1 DAGs
[2021-06-20 20:01:06,836] {logging_mixin.py:104} INFO - [2021-06-20 20:01:06,836] {dag.py:2305} INFO - Setting next_dagrun for example_task_group to 2021-06-18 00:00:00+00:00
[2021-06-20 20:01:06,868] {scheduler_job.py:190} INFO - Processing /home/airflow/.local/lib/python3.6/site-packages/airflow/example_dags/example_task_group.py took 0.288 seconds
[2021-06-20 20:01:38,791] {scheduler_job.py:182} INFO - Started process (PID=655) to work on /home/airflow/.local/lib/python3.6/site-packages/airflow/example_dags/example_task_group.py
[2021-06-20 20:01:38,799] {scheduler_job.py:633} INFO - Processing file /home/airflow/.local/lib/python3.6/site-packages/airflow/example_dags/example_task_group.py for tasks to queue
[2021-06-20 20:01:38,807] {logging_mixin.py:104} INFO - [2021-06-20 20:01:38,806] {dagbag.py:487} INFO - Filling up the DagBag from /home/airflow/.local/lib/python3.6/site-packages/airflow/example_dags/example_task_group.py
[2021-06-20 20:01:38,940] {scheduler_job.py:643} INFO - DAG(s) dict_keys(['example_task_group']) retrieved from /home/airflow/.local/lib/python3.6/site-packages/airflow/example_dags/example_task_group.py
[2021-06-20 20:01:39,124] {logging_mixin.py:104} INFO - [2021-06-20 20:01:39,124] {dag.py:1832} INFO - Sync 1 DAGs
[2021-06-20 20:01:39,234] {logging_mixin.py:104} INFO - [2021-06-20 20:01:39,233] {dag.py:2305} INFO - Setting next_dagrun for example_task_group to 2021-06-18 00:00:00+00:00
[2021-06-20 20:01:39,383] {scheduler_job.py:190} INFO - Processing /home/airflow/.local/lib/python3.6/site-packages/airflow/example_dags/example_task_group.py took 0.617 seconds
[2021-06-20 20:02:11,608] {scheduler_job.py:182} INFO - Started process (PID=711) to work on /home/airflow/.local/lib/python3.6/site-packages/airflow/example_dags/example_task_group.py
[2021-06-20 20:02:11,620] {scheduler_job.py:633} INFO - Processing file /home/airflow/.local/lib/python3.6/site-packages/airflow/example_dags/example_task_group.py for tasks to queue
[2021-06-20 20:02:11,625] {logging_mixin.py:104} INFO - [2021-06-20 20:02:11,624] {dagbag.py:487} INFO - Filling up the DagBag from /home/airflow/.local/lib/python3.6/site-packages/airflow/example_dags/example_task_group.py
[2021-06-20 20:02:11,732] {scheduler_job.py:643} INFO - DAG(s) dict_keys(['example_task_group']) retrieved from /home/airflow/.local/lib/python3.6/site-packages/airflow/example_dags/example_task_group.py
[2021-06-20 20:02:11,905] {logging_mixin.py:104} INFO - [2021-06-20 20:02:11,904] {dag.py:1832} INFO - Sync 1 DAGs
[2021-06-20 20:02:12,004] {logging_mixin.py:104} INFO - [2021-06-20 20:02:12,004] {dag.py:2305} INFO - Setting next_dagrun for example_task_group to 2021-06-18 00:00:00+00:00
[2021-06-20 20:02:12,076] {scheduler_job.py:190} INFO - Processing /home/airflow/.local/lib/python3.6/site-packages/airflow/example_dags/example_task_group.py took 0.487 seconds
[2021-06-20 20:02:42,726] {scheduler_job.py:182} INFO - Started process (PID=769) to work on /home/airflow/.local/lib/python3.6/site-packages/airflow/example_dags/example_task_group.py
[2021-06-20 20:02:42,734] {scheduler_job.py:633} INFO - Processing file /home/airflow/.local/lib/python3.6/site-packages/airflow/example_dags/example_task_group.py for tasks to queue
[2021-06-20 20:02:42,738] {logging_mixin.py:104} INFO - [2021-06-20 20:02:42,738] {dagbag.py:487} INFO - Filling up the DagBag from /home/airflow/.local/lib/python3.6/site-packages/airflow/example_dags/example_task_group.py
[2021-06-20 20:02:42,855] {scheduler_job.py:643} INFO - DAG(s) dict_keys(['example_task_group']) retrieved from /home/airflow/.local/lib/python3.6/site-packages/airflow/example_dags/example_task_group.py
[2021-06-20 20:02:43,055] {logging_mixin.py:104} INFO - [2021-06-20 20:02:43,054] {dag.py:1832} INFO - Sync 1 DAGs
[2021-06-20 20:02:43,162] {logging_mixin.py:104} INFO - [2021-06-20 20:02:43,161] {dag.py:2305} INFO - Setting next_dagrun for example_task_group to 2021-06-18 00:00:00+00:00
[2021-06-20 20:02:43,238] {scheduler_job.py:190} INFO - Processing /home/airflow/.local/lib/python3.6/site-packages/airflow/example_dags/example_task_group.py took 0.531 seconds
[2021-06-20 20:03:13,496] {scheduler_job.py:182} INFO - Started process (PID=824) to work on /home/airflow/.local/lib/python3.6/site-packages/airflow/example_dags/example_task_group.py
[2021-06-20 20:03:13,503] {scheduler_job.py:633} INFO - Processing file /home/airflow/.local/lib/python3.6/site-packages/airflow/example_dags/example_task_group.py for tasks to queue
[2021-06-20 20:03:13,512] {logging_mixin.py:104} INFO - [2021-06-20 20:03:13,510] {dagbag.py:487} INFO - Filling up the DagBag from /home/airflow/.local/lib/python3.6/site-packages/airflow/example_dags/example_task_group.py
[2021-06-20 20:03:13,606] {scheduler_job.py:643} INFO - DAG(s) dict_keys(['example_task_group']) retrieved from /home/airflow/.local/lib/python3.6/site-packages/airflow/example_dags/example_task_group.py
[2021-06-20 20:03:13,762] {logging_mixin.py:104} INFO - [2021-06-20 20:03:13,762] {dag.py:1832} INFO - Sync 1 DAGs
[2021-06-20 20:03:13,886] {logging_mixin.py:104} INFO - [2021-06-20 20:03:13,885] {dag.py:2305} INFO - Setting next_dagrun for example_task_group to 2021-06-18 00:00:00+00:00
[2021-06-20 20:03:14,011] {scheduler_job.py:190} INFO - Processing /home/airflow/.local/lib/python3.6/site-packages/airflow/example_dags/example_task_group.py took 0.534 seconds
[2021-06-20 20:03:44,804] {scheduler_job.py:182} INFO - Started process (PID=884) to work on /home/airflow/.local/lib/python3.6/site-packages/airflow/example_dags/example_task_group.py
[2021-06-20 20:03:44,813] {scheduler_job.py:633} INFO - Processing file /home/airflow/.local/lib/python3.6/site-packages/airflow/example_dags/example_task_group.py for tasks to queue
[2021-06-20 20:03:44,825] {logging_mixin.py:104} INFO - [2021-06-20 20:03:44,825] {dagbag.py:487} INFO - Filling up the DagBag from /home/airflow/.local/lib/python3.6/site-packages/airflow/example_dags/example_task_group.py
[2021-06-20 20:03:45,094] {scheduler_job.py:643} INFO - DAG(s) dict_keys(['example_task_group']) retrieved from /home/airflow/.local/lib/python3.6/site-packages/airflow/example_dags/example_task_group.py
[2021-06-20 20:03:45,291] {logging_mixin.py:104} INFO - [2021-06-20 20:03:45,290] {dag.py:1832} INFO - Sync 1 DAGs
[2021-06-20 20:03:45,439] {logging_mixin.py:104} INFO - [2021-06-20 20:03:45,438] {dag.py:2305} INFO - Setting next_dagrun for example_task_group to 2021-06-18 00:00:00+00:00
[2021-06-20 20:03:45,488] {scheduler_job.py:190} INFO - Processing /home/airflow/.local/lib/python3.6/site-packages/airflow/example_dags/example_task_group.py took 0.711 seconds
[2021-06-20 20:04:16,534] {scheduler_job.py:182} INFO - Started process (PID=950) to work on /home/airflow/.local/lib/python3.6/site-packages/airflow/example_dags/example_task_group.py
[2021-06-20 20:04:16,540] {scheduler_job.py:633} INFO - Processing file /home/airflow/.local/lib/python3.6/site-packages/airflow/example_dags/example_task_group.py for tasks to queue
[2021-06-20 20:04:16,543] {logging_mixin.py:104} INFO - [2021-06-20 20:04:16,543] {dagbag.py:487} INFO - Filling up the DagBag from /home/airflow/.local/lib/python3.6/site-packages/airflow/example_dags/example_task_group.py
[2021-06-20 20:04:16,625] {scheduler_job.py:643} INFO - DAG(s) dict_keys(['example_task_group']) retrieved from /home/airflow/.local/lib/python3.6/site-packages/airflow/example_dags/example_task_group.py
[2021-06-20 20:04:16,740] {logging_mixin.py:104} INFO - [2021-06-20 20:04:16,740] {dag.py:1832} INFO - Sync 1 DAGs
[2021-06-20 20:04:16,827] {logging_mixin.py:104} INFO - [2021-06-20 20:04:16,826] {dag.py:2305} INFO - Setting next_dagrun for example_task_group to 2021-06-18 00:00:00+00:00
[2021-06-20 20:04:16,881] {scheduler_job.py:190} INFO - Processing /home/airflow/.local/lib/python3.6/site-packages/airflow/example_dags/example_task_group.py took 0.361 seconds
[2021-06-20 20:04:47,378] {scheduler_job.py:182} INFO - Started process (PID=1007) to work on /home/airflow/.local/lib/python3.6/site-packages/airflow/example_dags/example_task_group.py
[2021-06-20 20:04:47,383] {scheduler_job.py:633} INFO - Processing file /home/airflow/.local/lib/python3.6/site-packages/airflow/example_dags/example_task_group.py for tasks to queue
[2021-06-20 20:04:47,388] {logging_mixin.py:104} INFO - [2021-06-20 20:04:47,387] {dagbag.py:487} INFO - Filling up the DagBag from /home/airflow/.local/lib/python3.6/site-packages/airflow/example_dags/example_task_group.py
[2021-06-20 20:04:47,484] {scheduler_job.py:643} INFO - DAG(s) dict_keys(['example_task_group']) retrieved from /home/airflow/.local/lib/python3.6/site-packages/airflow/example_dags/example_task_group.py
[2021-06-20 20:04:47,690] {logging_mixin.py:104} INFO - [2021-06-20 20:04:47,687] {dag.py:1832} INFO - Sync 1 DAGs
[2021-06-20 20:04:47,809] {logging_mixin.py:104} INFO - [2021-06-20 20:04:47,809] {dag.py:2305} INFO - Setting next_dagrun for example_task_group to 2021-06-18 00:00:00+00:00
[2021-06-20 20:04:47,866] {scheduler_job.py:190} INFO - Processing /home/airflow/.local/lib/python3.6/site-packages/airflow/example_dags/example_task_group.py took 0.503 seconds
