[2021-06-20 19:57:19,582] {scheduler_job.py:182} INFO - Started process (PID=141) to work on /home/airflow/.local/lib/python3.6/site-packages/airflow/example_dags/example_branch_python_dop_operator_3.py
[2021-06-20 19:57:19,584] {scheduler_job.py:633} INFO - Processing file /home/airflow/.local/lib/python3.6/site-packages/airflow/example_dags/example_branch_python_dop_operator_3.py for tasks to queue
[2021-06-20 19:57:19,585] {logging_mixin.py:104} INFO - [2021-06-20 19:57:19,585] {dagbag.py:487} INFO - Filling up the DagBag from /home/airflow/.local/lib/python3.6/site-packages/airflow/example_dags/example_branch_python_dop_operator_3.py
[2021-06-20 19:57:19,599] {scheduler_job.py:643} INFO - DAG(s) dict_keys(['example_branch_dop_operator_v3']) retrieved from /home/airflow/.local/lib/python3.6/site-packages/airflow/example_dags/example_branch_python_dop_operator_3.py
[2021-06-20 19:57:22,021] {logging_mixin.py:104} INFO - [2021-06-20 19:57:22,020] {dag.py:1832} INFO - Sync 1 DAGs
[2021-06-20 19:57:22,033] {logging_mixin.py:104} INFO - [2021-06-20 19:57:22,032] {dag.py:1851} INFO - Creating ORM DAG for example_branch_dop_operator_v3
[2021-06-20 19:57:22,054] {logging_mixin.py:104} INFO - [2021-06-20 19:57:22,054] {dag.py:2305} INFO - Setting next_dagrun for example_branch_dop_operator_v3 to 2021-06-18 00:00:00+00:00
[2021-06-20 19:57:22,095] {scheduler_job.py:190} INFO - Processing /home/airflow/.local/lib/python3.6/site-packages/airflow/example_dags/example_branch_python_dop_operator_3.py took 2.516 seconds
[2021-06-20 19:57:52,682] {scheduler_job.py:182} INFO - Started process (PID=222) to work on /home/airflow/.local/lib/python3.6/site-packages/airflow/example_dags/example_branch_python_dop_operator_3.py
[2021-06-20 19:57:52,688] {scheduler_job.py:633} INFO - Processing file /home/airflow/.local/lib/python3.6/site-packages/airflow/example_dags/example_branch_python_dop_operator_3.py for tasks to queue
[2021-06-20 19:57:52,692] {logging_mixin.py:104} INFO - [2021-06-20 19:57:52,691] {dagbag.py:487} INFO - Filling up the DagBag from /home/airflow/.local/lib/python3.6/site-packages/airflow/example_dags/example_branch_python_dop_operator_3.py
[2021-06-20 19:57:52,746] {scheduler_job.py:643} INFO - DAG(s) dict_keys(['example_branch_dop_operator_v3']) retrieved from /home/airflow/.local/lib/python3.6/site-packages/airflow/example_dags/example_branch_python_dop_operator_3.py
[2021-06-20 19:57:52,830] {logging_mixin.py:104} INFO - [2021-06-20 19:57:52,829] {dag.py:1832} INFO - Sync 1 DAGs
[2021-06-20 19:57:52,956] {logging_mixin.py:104} INFO - [2021-06-20 19:57:52,955] {dag.py:2305} INFO - Setting next_dagrun for example_branch_dop_operator_v3 to 2021-06-18 00:00:00+00:00
[2021-06-20 19:57:53,012] {scheduler_job.py:190} INFO - Processing /home/airflow/.local/lib/python3.6/site-packages/airflow/example_dags/example_branch_python_dop_operator_3.py took 0.346 seconds
[2021-06-20 19:58:23,835] {scheduler_job.py:182} INFO - Started process (PID=287) to work on /home/airflow/.local/lib/python3.6/site-packages/airflow/example_dags/example_branch_python_dop_operator_3.py
[2021-06-20 19:58:23,840] {scheduler_job.py:633} INFO - Processing file /home/airflow/.local/lib/python3.6/site-packages/airflow/example_dags/example_branch_python_dop_operator_3.py for tasks to queue
[2021-06-20 19:58:23,843] {logging_mixin.py:104} INFO - [2021-06-20 19:58:23,843] {dagbag.py:487} INFO - Filling up the DagBag from /home/airflow/.local/lib/python3.6/site-packages/airflow/example_dags/example_branch_python_dop_operator_3.py
[2021-06-20 19:58:23,918] {scheduler_job.py:643} INFO - DAG(s) dict_keys(['example_branch_dop_operator_v3']) retrieved from /home/airflow/.local/lib/python3.6/site-packages/airflow/example_dags/example_branch_python_dop_operator_3.py
[2021-06-20 19:58:24,013] {logging_mixin.py:104} INFO - [2021-06-20 19:58:24,013] {dag.py:1832} INFO - Sync 1 DAGs
[2021-06-20 19:58:24,139] {logging_mixin.py:104} INFO - [2021-06-20 19:58:24,138] {dag.py:2305} INFO - Setting next_dagrun for example_branch_dop_operator_v3 to 2021-06-18 00:00:00+00:00
[2021-06-20 19:58:24,176] {scheduler_job.py:190} INFO - Processing /home/airflow/.local/lib/python3.6/site-packages/airflow/example_dags/example_branch_python_dop_operator_3.py took 0.353 seconds
[2021-06-20 19:58:54,648] {scheduler_job.py:182} INFO - Started process (PID=336) to work on /home/airflow/.local/lib/python3.6/site-packages/airflow/example_dags/example_branch_python_dop_operator_3.py
[2021-06-20 19:58:54,655] {scheduler_job.py:633} INFO - Processing file /home/airflow/.local/lib/python3.6/site-packages/airflow/example_dags/example_branch_python_dop_operator_3.py for tasks to queue
[2021-06-20 19:58:54,658] {logging_mixin.py:104} INFO - [2021-06-20 19:58:54,658] {dagbag.py:487} INFO - Filling up the DagBag from /home/airflow/.local/lib/python3.6/site-packages/airflow/example_dags/example_branch_python_dop_operator_3.py
[2021-06-20 19:58:54,753] {scheduler_job.py:643} INFO - DAG(s) dict_keys(['example_branch_dop_operator_v3']) retrieved from /home/airflow/.local/lib/python3.6/site-packages/airflow/example_dags/example_branch_python_dop_operator_3.py
[2021-06-20 19:58:54,863] {logging_mixin.py:104} INFO - [2021-06-20 19:58:54,862] {dag.py:1832} INFO - Sync 1 DAGs
[2021-06-20 19:58:55,013] {logging_mixin.py:104} INFO - [2021-06-20 19:58:55,012] {dag.py:2305} INFO - Setting next_dagrun for example_branch_dop_operator_v3 to 2021-06-18 00:00:00+00:00
[2021-06-20 19:58:55,082] {scheduler_job.py:190} INFO - Processing /home/airflow/.local/lib/python3.6/site-packages/airflow/example_dags/example_branch_python_dop_operator_3.py took 0.446 seconds
[2021-06-20 19:59:25,208] {scheduler_job.py:182} INFO - Started process (PID=403) to work on /home/airflow/.local/lib/python3.6/site-packages/airflow/example_dags/example_branch_python_dop_operator_3.py
[2021-06-20 19:59:25,214] {scheduler_job.py:633} INFO - Processing file /home/airflow/.local/lib/python3.6/site-packages/airflow/example_dags/example_branch_python_dop_operator_3.py for tasks to queue
[2021-06-20 19:59:25,218] {logging_mixin.py:104} INFO - [2021-06-20 19:59:25,218] {dagbag.py:487} INFO - Filling up the DagBag from /home/airflow/.local/lib/python3.6/site-packages/airflow/example_dags/example_branch_python_dop_operator_3.py
[2021-06-20 19:59:25,296] {scheduler_job.py:643} INFO - DAG(s) dict_keys(['example_branch_dop_operator_v3']) retrieved from /home/airflow/.local/lib/python3.6/site-packages/airflow/example_dags/example_branch_python_dop_operator_3.py
[2021-06-20 19:59:25,396] {logging_mixin.py:104} INFO - [2021-06-20 19:59:25,395] {dag.py:1832} INFO - Sync 1 DAGs
[2021-06-20 19:59:25,534] {logging_mixin.py:104} INFO - [2021-06-20 19:59:25,534] {dag.py:2305} INFO - Setting next_dagrun for example_branch_dop_operator_v3 to 2021-06-18 00:00:00+00:00
[2021-06-20 19:59:25,601] {scheduler_job.py:190} INFO - Processing /home/airflow/.local/lib/python3.6/site-packages/airflow/example_dags/example_branch_python_dop_operator_3.py took 0.411 seconds
[2021-06-20 19:59:55,704] {scheduler_job.py:182} INFO - Started process (PID=462) to work on /home/airflow/.local/lib/python3.6/site-packages/airflow/example_dags/example_branch_python_dop_operator_3.py
[2021-06-20 19:59:55,709] {scheduler_job.py:633} INFO - Processing file /home/airflow/.local/lib/python3.6/site-packages/airflow/example_dags/example_branch_python_dop_operator_3.py for tasks to queue
[2021-06-20 19:59:55,712] {logging_mixin.py:104} INFO - [2021-06-20 19:59:55,711] {dagbag.py:487} INFO - Filling up the DagBag from /home/airflow/.local/lib/python3.6/site-packages/airflow/example_dags/example_branch_python_dop_operator_3.py
[2021-06-20 19:59:55,776] {scheduler_job.py:643} INFO - DAG(s) dict_keys(['example_branch_dop_operator_v3']) retrieved from /home/airflow/.local/lib/python3.6/site-packages/airflow/example_dags/example_branch_python_dop_operator_3.py
[2021-06-20 19:59:55,863] {logging_mixin.py:104} INFO - [2021-06-20 19:59:55,863] {dag.py:1832} INFO - Sync 1 DAGs
[2021-06-20 19:59:56,020] {logging_mixin.py:104} INFO - [2021-06-20 19:59:56,019] {dag.py:2305} INFO - Setting next_dagrun for example_branch_dop_operator_v3 to 2021-06-18 00:00:00+00:00
[2021-06-20 19:59:56,059] {scheduler_job.py:190} INFO - Processing /home/airflow/.local/lib/python3.6/site-packages/airflow/example_dags/example_branch_python_dop_operator_3.py took 0.371 seconds
[2021-06-20 20:00:26,486] {scheduler_job.py:182} INFO - Started process (PID=519) to work on /home/airflow/.local/lib/python3.6/site-packages/airflow/example_dags/example_branch_python_dop_operator_3.py
[2021-06-20 20:00:26,491] {scheduler_job.py:633} INFO - Processing file /home/airflow/.local/lib/python3.6/site-packages/airflow/example_dags/example_branch_python_dop_operator_3.py for tasks to queue
[2021-06-20 20:00:26,495] {logging_mixin.py:104} INFO - [2021-06-20 20:00:26,494] {dagbag.py:487} INFO - Filling up the DagBag from /home/airflow/.local/lib/python3.6/site-packages/airflow/example_dags/example_branch_python_dop_operator_3.py
[2021-06-20 20:00:26,555] {scheduler_job.py:643} INFO - DAG(s) dict_keys(['example_branch_dop_operator_v3']) retrieved from /home/airflow/.local/lib/python3.6/site-packages/airflow/example_dags/example_branch_python_dop_operator_3.py
[2021-06-20 20:00:26,635] {logging_mixin.py:104} INFO - [2021-06-20 20:00:26,635] {dag.py:1832} INFO - Sync 1 DAGs
[2021-06-20 20:00:26,745] {logging_mixin.py:104} INFO - [2021-06-20 20:00:26,744] {dag.py:2305} INFO - Setting next_dagrun for example_branch_dop_operator_v3 to 2021-06-18 00:00:00+00:00
[2021-06-20 20:00:26,779] {scheduler_job.py:190} INFO - Processing /home/airflow/.local/lib/python3.6/site-packages/airflow/example_dags/example_branch_python_dop_operator_3.py took 0.308 seconds
[2021-06-20 20:00:57,099] {scheduler_job.py:182} INFO - Started process (PID=579) to work on /home/airflow/.local/lib/python3.6/site-packages/airflow/example_dags/example_branch_python_dop_operator_3.py
[2021-06-20 20:00:57,110] {scheduler_job.py:633} INFO - Processing file /home/airflow/.local/lib/python3.6/site-packages/airflow/example_dags/example_branch_python_dop_operator_3.py for tasks to queue
[2021-06-20 20:00:57,114] {logging_mixin.py:104} INFO - [2021-06-20 20:00:57,114] {dagbag.py:487} INFO - Filling up the DagBag from /home/airflow/.local/lib/python3.6/site-packages/airflow/example_dags/example_branch_python_dop_operator_3.py
[2021-06-20 20:00:57,208] {scheduler_job.py:643} INFO - DAG(s) dict_keys(['example_branch_dop_operator_v3']) retrieved from /home/airflow/.local/lib/python3.6/site-packages/airflow/example_dags/example_branch_python_dop_operator_3.py
[2021-06-20 20:00:57,307] {logging_mixin.py:104} INFO - [2021-06-20 20:00:57,306] {dag.py:1832} INFO - Sync 1 DAGs
[2021-06-20 20:00:57,453] {logging_mixin.py:104} INFO - [2021-06-20 20:00:57,452] {dag.py:2305} INFO - Setting next_dagrun for example_branch_dop_operator_v3 to 2021-06-18 00:00:00+00:00
[2021-06-20 20:00:57,494] {scheduler_job.py:190} INFO - Processing /home/airflow/.local/lib/python3.6/site-packages/airflow/example_dags/example_branch_python_dop_operator_3.py took 0.424 seconds
[2021-06-20 20:01:27,738] {scheduler_job.py:182} INFO - Started process (PID=634) to work on /home/airflow/.local/lib/python3.6/site-packages/airflow/example_dags/example_branch_python_dop_operator_3.py
[2021-06-20 20:01:27,745] {scheduler_job.py:633} INFO - Processing file /home/airflow/.local/lib/python3.6/site-packages/airflow/example_dags/example_branch_python_dop_operator_3.py for tasks to queue
[2021-06-20 20:01:27,750] {logging_mixin.py:104} INFO - [2021-06-20 20:01:27,749] {dagbag.py:487} INFO - Filling up the DagBag from /home/airflow/.local/lib/python3.6/site-packages/airflow/example_dags/example_branch_python_dop_operator_3.py
[2021-06-20 20:01:27,853] {scheduler_job.py:643} INFO - DAG(s) dict_keys(['example_branch_dop_operator_v3']) retrieved from /home/airflow/.local/lib/python3.6/site-packages/airflow/example_dags/example_branch_python_dop_operator_3.py
[2021-06-20 20:01:27,981] {logging_mixin.py:104} INFO - [2021-06-20 20:01:27,981] {dag.py:1832} INFO - Sync 1 DAGs
[2021-06-20 20:01:28,167] {logging_mixin.py:104} INFO - [2021-06-20 20:01:28,166] {dag.py:2305} INFO - Setting next_dagrun for example_branch_dop_operator_v3 to 2021-06-18 00:00:00+00:00
[2021-06-20 20:01:28,226] {scheduler_job.py:190} INFO - Processing /home/airflow/.local/lib/python3.6/site-packages/airflow/example_dags/example_branch_python_dop_operator_3.py took 0.502 seconds
[2021-06-20 20:01:58,787] {scheduler_job.py:182} INFO - Started process (PID=692) to work on /home/airflow/.local/lib/python3.6/site-packages/airflow/example_dags/example_branch_python_dop_operator_3.py
[2021-06-20 20:01:58,793] {scheduler_job.py:633} INFO - Processing file /home/airflow/.local/lib/python3.6/site-packages/airflow/example_dags/example_branch_python_dop_operator_3.py for tasks to queue
[2021-06-20 20:01:58,797] {logging_mixin.py:104} INFO - [2021-06-20 20:01:58,797] {dagbag.py:487} INFO - Filling up the DagBag from /home/airflow/.local/lib/python3.6/site-packages/airflow/example_dags/example_branch_python_dop_operator_3.py
[2021-06-20 20:01:58,896] {scheduler_job.py:643} INFO - DAG(s) dict_keys(['example_branch_dop_operator_v3']) retrieved from /home/airflow/.local/lib/python3.6/site-packages/airflow/example_dags/example_branch_python_dop_operator_3.py
[2021-06-20 20:01:59,007] {logging_mixin.py:104} INFO - [2021-06-20 20:01:59,006] {dag.py:1832} INFO - Sync 1 DAGs
[2021-06-20 20:01:59,201] {logging_mixin.py:104} INFO - [2021-06-20 20:01:59,200] {dag.py:2305} INFO - Setting next_dagrun for example_branch_dop_operator_v3 to 2021-06-18 00:00:00+00:00
[2021-06-20 20:01:59,251] {scheduler_job.py:190} INFO - Processing /home/airflow/.local/lib/python3.6/site-packages/airflow/example_dags/example_branch_python_dop_operator_3.py took 0.481 seconds
[2021-06-20 20:02:29,839] {scheduler_job.py:182} INFO - Started process (PID=747) to work on /home/airflow/.local/lib/python3.6/site-packages/airflow/example_dags/example_branch_python_dop_operator_3.py
[2021-06-20 20:02:29,846] {scheduler_job.py:633} INFO - Processing file /home/airflow/.local/lib/python3.6/site-packages/airflow/example_dags/example_branch_python_dop_operator_3.py for tasks to queue
[2021-06-20 20:02:29,850] {logging_mixin.py:104} INFO - [2021-06-20 20:02:29,849] {dagbag.py:487} INFO - Filling up the DagBag from /home/airflow/.local/lib/python3.6/site-packages/airflow/example_dags/example_branch_python_dop_operator_3.py
[2021-06-20 20:02:29,931] {scheduler_job.py:643} INFO - DAG(s) dict_keys(['example_branch_dop_operator_v3']) retrieved from /home/airflow/.local/lib/python3.6/site-packages/airflow/example_dags/example_branch_python_dop_operator_3.py
[2021-06-20 20:02:30,035] {logging_mixin.py:104} INFO - [2021-06-20 20:02:30,035] {dag.py:1832} INFO - Sync 1 DAGs
[2021-06-20 20:02:30,225] {logging_mixin.py:104} INFO - [2021-06-20 20:02:30,224] {dag.py:2305} INFO - Setting next_dagrun for example_branch_dop_operator_v3 to 2021-06-18 00:00:00+00:00
[2021-06-20 20:02:30,285] {scheduler_job.py:190} INFO - Processing /home/airflow/.local/lib/python3.6/site-packages/airflow/example_dags/example_branch_python_dop_operator_3.py took 0.482 seconds
[2021-06-20 20:03:00,774] {scheduler_job.py:182} INFO - Started process (PID=806) to work on /home/airflow/.local/lib/python3.6/site-packages/airflow/example_dags/example_branch_python_dop_operator_3.py
[2021-06-20 20:03:00,780] {scheduler_job.py:633} INFO - Processing file /home/airflow/.local/lib/python3.6/site-packages/airflow/example_dags/example_branch_python_dop_operator_3.py for tasks to queue
[2021-06-20 20:03:00,785] {logging_mixin.py:104} INFO - [2021-06-20 20:03:00,784] {dagbag.py:487} INFO - Filling up the DagBag from /home/airflow/.local/lib/python3.6/site-packages/airflow/example_dags/example_branch_python_dop_operator_3.py
[2021-06-20 20:03:00,861] {scheduler_job.py:643} INFO - DAG(s) dict_keys(['example_branch_dop_operator_v3']) retrieved from /home/airflow/.local/lib/python3.6/site-packages/airflow/example_dags/example_branch_python_dop_operator_3.py
[2021-06-20 20:03:00,989] {logging_mixin.py:104} INFO - [2021-06-20 20:03:00,989] {dag.py:1832} INFO - Sync 1 DAGs
[2021-06-20 20:03:01,160] {logging_mixin.py:104} INFO - [2021-06-20 20:03:01,159] {dag.py:2305} INFO - Setting next_dagrun for example_branch_dop_operator_v3 to 2021-06-18 00:00:00+00:00
[2021-06-20 20:03:01,275] {scheduler_job.py:190} INFO - Processing /home/airflow/.local/lib/python3.6/site-packages/airflow/example_dags/example_branch_python_dop_operator_3.py took 0.520 seconds
[2021-06-20 20:03:31,744] {scheduler_job.py:182} INFO - Started process (PID=862) to work on /home/airflow/.local/lib/python3.6/site-packages/airflow/example_dags/example_branch_python_dop_operator_3.py
[2021-06-20 20:03:31,750] {scheduler_job.py:633} INFO - Processing file /home/airflow/.local/lib/python3.6/site-packages/airflow/example_dags/example_branch_python_dop_operator_3.py for tasks to queue
[2021-06-20 20:03:31,754] {logging_mixin.py:104} INFO - [2021-06-20 20:03:31,753] {dagbag.py:487} INFO - Filling up the DagBag from /home/airflow/.local/lib/python3.6/site-packages/airflow/example_dags/example_branch_python_dop_operator_3.py
[2021-06-20 20:03:31,831] {scheduler_job.py:643} INFO - DAG(s) dict_keys(['example_branch_dop_operator_v3']) retrieved from /home/airflow/.local/lib/python3.6/site-packages/airflow/example_dags/example_branch_python_dop_operator_3.py
[2021-06-20 20:03:31,980] {logging_mixin.py:104} INFO - [2021-06-20 20:03:31,980] {dag.py:1832} INFO - Sync 1 DAGs
[2021-06-20 20:03:32,181] {logging_mixin.py:104} INFO - [2021-06-20 20:03:32,180] {dag.py:2305} INFO - Setting next_dagrun for example_branch_dop_operator_v3 to 2021-06-18 00:00:00+00:00
[2021-06-20 20:03:32,275] {scheduler_job.py:190} INFO - Processing /home/airflow/.local/lib/python3.6/site-packages/airflow/example_dags/example_branch_python_dop_operator_3.py took 0.545 seconds
[2021-06-20 20:04:04,827] {scheduler_job.py:182} INFO - Started process (PID=922) to work on /home/airflow/.local/lib/python3.6/site-packages/airflow/example_dags/example_branch_python_dop_operator_3.py
[2021-06-20 20:04:04,837] {scheduler_job.py:633} INFO - Processing file /home/airflow/.local/lib/python3.6/site-packages/airflow/example_dags/example_branch_python_dop_operator_3.py for tasks to queue
[2021-06-20 20:04:04,842] {logging_mixin.py:104} INFO - [2021-06-20 20:04:04,841] {dagbag.py:487} INFO - Filling up the DagBag from /home/airflow/.local/lib/python3.6/site-packages/airflow/example_dags/example_branch_python_dop_operator_3.py
[2021-06-20 20:04:04,926] {scheduler_job.py:643} INFO - DAG(s) dict_keys(['example_branch_dop_operator_v3']) retrieved from /home/airflow/.local/lib/python3.6/site-packages/airflow/example_dags/example_branch_python_dop_operator_3.py
[2021-06-20 20:04:05,049] {logging_mixin.py:104} INFO - [2021-06-20 20:04:05,048] {dag.py:1832} INFO - Sync 1 DAGs
[2021-06-20 20:04:05,229] {logging_mixin.py:104} INFO - [2021-06-20 20:04:05,228] {dag.py:2305} INFO - Setting next_dagrun for example_branch_dop_operator_v3 to 2021-06-18 00:00:00+00:00
[2021-06-20 20:04:05,278] {scheduler_job.py:190} INFO - Processing /home/airflow/.local/lib/python3.6/site-packages/airflow/example_dags/example_branch_python_dop_operator_3.py took 0.472 seconds
[2021-06-20 20:04:35,381] {scheduler_job.py:182} INFO - Started process (PID=983) to work on /home/airflow/.local/lib/python3.6/site-packages/airflow/example_dags/example_branch_python_dop_operator_3.py
[2021-06-20 20:04:35,387] {scheduler_job.py:633} INFO - Processing file /home/airflow/.local/lib/python3.6/site-packages/airflow/example_dags/example_branch_python_dop_operator_3.py for tasks to queue
[2021-06-20 20:04:35,391] {logging_mixin.py:104} INFO - [2021-06-20 20:04:35,390] {dagbag.py:487} INFO - Filling up the DagBag from /home/airflow/.local/lib/python3.6/site-packages/airflow/example_dags/example_branch_python_dop_operator_3.py
[2021-06-20 20:04:35,464] {scheduler_job.py:643} INFO - DAG(s) dict_keys(['example_branch_dop_operator_v3']) retrieved from /home/airflow/.local/lib/python3.6/site-packages/airflow/example_dags/example_branch_python_dop_operator_3.py
[2021-06-20 20:04:35,560] {logging_mixin.py:104} INFO - [2021-06-20 20:04:35,560] {dag.py:1832} INFO - Sync 1 DAGs
[2021-06-20 20:04:35,703] {logging_mixin.py:104} INFO - [2021-06-20 20:04:35,703] {dag.py:2305} INFO - Setting next_dagrun for example_branch_dop_operator_v3 to 2021-06-18 00:00:00+00:00
[2021-06-20 20:04:35,746] {scheduler_job.py:190} INFO - Processing /home/airflow/.local/lib/python3.6/site-packages/airflow/example_dags/example_branch_python_dop_operator_3.py took 0.380 seconds
