[2021-06-20 19:56:45,978] {scheduler_job.py:182} INFO - Started process (PID=54) to work on /home/airflow/.local/lib/python3.6/site-packages/airflow/example_dags/example_xcom.py
[2021-06-20 19:56:45,980] {scheduler_job.py:633} INFO - Processing file /home/airflow/.local/lib/python3.6/site-packages/airflow/example_dags/example_xcom.py for tasks to queue
[2021-06-20 19:56:45,982] {logging_mixin.py:104} INFO - [2021-06-20 19:56:45,981] {dagbag.py:487} INFO - Filling up the DagBag from /home/airflow/.local/lib/python3.6/site-packages/airflow/example_dags/example_xcom.py
[2021-06-20 19:56:46,006] {scheduler_job.py:643} INFO - DAG(s) dict_keys(['example_xcom']) retrieved from /home/airflow/.local/lib/python3.6/site-packages/airflow/example_dags/example_xcom.py
[2021-06-20 19:56:49,193] {logging_mixin.py:104} INFO - [2021-06-20 19:56:49,191] {dag.py:1832} INFO - Sync 1 DAGs
[2021-06-20 19:56:49,205] {logging_mixin.py:104} INFO - [2021-06-20 19:56:49,204] {dag.py:1851} INFO - Creating ORM DAG for example_xcom
[2021-06-20 19:56:49,211] {logging_mixin.py:104} INFO - [2021-06-20 19:56:49,211] {dag.py:2305} INFO - Setting next_dagrun for example_xcom to 2021-06-18 00:00:00+00:00
[2021-06-20 19:56:49,223] {scheduler_job.py:190} INFO - Processing /home/airflow/.local/lib/python3.6/site-packages/airflow/example_dags/example_xcom.py took 3.249 seconds
[2021-06-20 19:57:29,557] {scheduler_job.py:182} INFO - Started process (PID=166) to work on /home/airflow/.local/lib/python3.6/site-packages/airflow/example_dags/example_xcom.py
[2021-06-20 19:57:29,559] {scheduler_job.py:633} INFO - Processing file /home/airflow/.local/lib/python3.6/site-packages/airflow/example_dags/example_xcom.py for tasks to queue
[2021-06-20 19:57:29,561] {logging_mixin.py:104} INFO - [2021-06-20 19:57:29,560] {dagbag.py:487} INFO - Filling up the DagBag from /home/airflow/.local/lib/python3.6/site-packages/airflow/example_dags/example_xcom.py
[2021-06-20 19:57:29,572] {scheduler_job.py:643} INFO - DAG(s) dict_keys(['example_xcom']) retrieved from /home/airflow/.local/lib/python3.6/site-packages/airflow/example_dags/example_xcom.py
[2021-06-20 19:57:29,596] {logging_mixin.py:104} INFO - [2021-06-20 19:57:29,596] {dag.py:1832} INFO - Sync 1 DAGs
[2021-06-20 19:57:29,612] {logging_mixin.py:104} INFO - [2021-06-20 19:57:29,611] {dag.py:2305} INFO - Setting next_dagrun for example_xcom to 2021-06-18 00:00:00+00:00
[2021-06-20 19:57:29,623] {scheduler_job.py:190} INFO - Processing /home/airflow/.local/lib/python3.6/site-packages/airflow/example_dags/example_xcom.py took 0.069 seconds
[2021-06-20 19:58:00,509] {scheduler_job.py:182} INFO - Started process (PID=239) to work on /home/airflow/.local/lib/python3.6/site-packages/airflow/example_dags/example_xcom.py
[2021-06-20 19:58:00,514] {scheduler_job.py:633} INFO - Processing file /home/airflow/.local/lib/python3.6/site-packages/airflow/example_dags/example_xcom.py for tasks to queue
[2021-06-20 19:58:00,517] {logging_mixin.py:104} INFO - [2021-06-20 19:58:00,517] {dagbag.py:487} INFO - Filling up the DagBag from /home/airflow/.local/lib/python3.6/site-packages/airflow/example_dags/example_xcom.py
[2021-06-20 19:58:00,563] {scheduler_job.py:643} INFO - DAG(s) dict_keys(['example_xcom']) retrieved from /home/airflow/.local/lib/python3.6/site-packages/airflow/example_dags/example_xcom.py
[2021-06-20 19:58:00,649] {logging_mixin.py:104} INFO - [2021-06-20 19:58:00,648] {dag.py:1832} INFO - Sync 1 DAGs
[2021-06-20 19:58:00,720] {logging_mixin.py:104} INFO - [2021-06-20 19:58:00,720] {dag.py:2305} INFO - Setting next_dagrun for example_xcom to 2021-06-18 00:00:00+00:00
[2021-06-20 19:58:00,752] {scheduler_job.py:190} INFO - Processing /home/airflow/.local/lib/python3.6/site-packages/airflow/example_dags/example_xcom.py took 0.258 seconds
[2021-06-20 19:58:31,677] {scheduler_job.py:182} INFO - Started process (PID=295) to work on /home/airflow/.local/lib/python3.6/site-packages/airflow/example_dags/example_xcom.py
[2021-06-20 19:58:31,685] {scheduler_job.py:633} INFO - Processing file /home/airflow/.local/lib/python3.6/site-packages/airflow/example_dags/example_xcom.py for tasks to queue
[2021-06-20 19:58:31,691] {logging_mixin.py:104} INFO - [2021-06-20 19:58:31,691] {dagbag.py:487} INFO - Filling up the DagBag from /home/airflow/.local/lib/python3.6/site-packages/airflow/example_dags/example_xcom.py
[2021-06-20 19:58:31,754] {scheduler_job.py:643} INFO - DAG(s) dict_keys(['example_xcom']) retrieved from /home/airflow/.local/lib/python3.6/site-packages/airflow/example_dags/example_xcom.py
[2021-06-20 19:58:31,846] {logging_mixin.py:104} INFO - [2021-06-20 19:58:31,846] {dag.py:1832} INFO - Sync 1 DAGs
[2021-06-20 19:58:31,921] {logging_mixin.py:104} INFO - [2021-06-20 19:58:31,920] {dag.py:2305} INFO - Setting next_dagrun for example_xcom to 2021-06-18 00:00:00+00:00
[2021-06-20 19:58:31,974] {scheduler_job.py:190} INFO - Processing /home/airflow/.local/lib/python3.6/site-packages/airflow/example_dags/example_xcom.py took 0.322 seconds
[2021-06-20 19:59:02,593] {scheduler_job.py:182} INFO - Started process (PID=362) to work on /home/airflow/.local/lib/python3.6/site-packages/airflow/example_dags/example_xcom.py
[2021-06-20 19:59:02,602] {scheduler_job.py:633} INFO - Processing file /home/airflow/.local/lib/python3.6/site-packages/airflow/example_dags/example_xcom.py for tasks to queue
[2021-06-20 19:59:02,606] {logging_mixin.py:104} INFO - [2021-06-20 19:59:02,606] {dagbag.py:487} INFO - Filling up the DagBag from /home/airflow/.local/lib/python3.6/site-packages/airflow/example_dags/example_xcom.py
[2021-06-20 19:59:02,674] {scheduler_job.py:643} INFO - DAG(s) dict_keys(['example_xcom']) retrieved from /home/airflow/.local/lib/python3.6/site-packages/airflow/example_dags/example_xcom.py
[2021-06-20 19:59:02,785] {logging_mixin.py:104} INFO - [2021-06-20 19:59:02,785] {dag.py:1832} INFO - Sync 1 DAGs
[2021-06-20 19:59:02,868] {logging_mixin.py:104} INFO - [2021-06-20 19:59:02,868] {dag.py:2305} INFO - Setting next_dagrun for example_xcom to 2021-06-18 00:00:00+00:00
[2021-06-20 19:59:02,937] {scheduler_job.py:190} INFO - Processing /home/airflow/.local/lib/python3.6/site-packages/airflow/example_dags/example_xcom.py took 0.361 seconds
[2021-06-20 19:59:33,532] {scheduler_job.py:182} INFO - Started process (PID=411) to work on /home/airflow/.local/lib/python3.6/site-packages/airflow/example_dags/example_xcom.py
[2021-06-20 19:59:33,537] {scheduler_job.py:633} INFO - Processing file /home/airflow/.local/lib/python3.6/site-packages/airflow/example_dags/example_xcom.py for tasks to queue
[2021-06-20 19:59:33,541] {logging_mixin.py:104} INFO - [2021-06-20 19:59:33,540] {dagbag.py:487} INFO - Filling up the DagBag from /home/airflow/.local/lib/python3.6/site-packages/airflow/example_dags/example_xcom.py
[2021-06-20 19:59:33,595] {scheduler_job.py:643} INFO - DAG(s) dict_keys(['example_xcom']) retrieved from /home/airflow/.local/lib/python3.6/site-packages/airflow/example_dags/example_xcom.py
[2021-06-20 19:59:33,687] {logging_mixin.py:104} INFO - [2021-06-20 19:59:33,687] {dag.py:1832} INFO - Sync 1 DAGs
[2021-06-20 19:59:33,749] {logging_mixin.py:104} INFO - [2021-06-20 19:59:33,749] {dag.py:2305} INFO - Setting next_dagrun for example_xcom to 2021-06-18 00:00:00+00:00
[2021-06-20 19:59:33,791] {scheduler_job.py:190} INFO - Processing /home/airflow/.local/lib/python3.6/site-packages/airflow/example_dags/example_xcom.py took 0.275 seconds
[2021-06-20 20:00:04,628] {scheduler_job.py:182} INFO - Started process (PID=478) to work on /home/airflow/.local/lib/python3.6/site-packages/airflow/example_dags/example_xcom.py
[2021-06-20 20:00:04,640] {scheduler_job.py:633} INFO - Processing file /home/airflow/.local/lib/python3.6/site-packages/airflow/example_dags/example_xcom.py for tasks to queue
[2021-06-20 20:00:04,644] {logging_mixin.py:104} INFO - [2021-06-20 20:00:04,643] {dagbag.py:487} INFO - Filling up the DagBag from /home/airflow/.local/lib/python3.6/site-packages/airflow/example_dags/example_xcom.py
[2021-06-20 20:00:04,697] {scheduler_job.py:643} INFO - DAG(s) dict_keys(['example_xcom']) retrieved from /home/airflow/.local/lib/python3.6/site-packages/airflow/example_dags/example_xcom.py
[2021-06-20 20:00:04,778] {logging_mixin.py:104} INFO - [2021-06-20 20:00:04,777] {dag.py:1832} INFO - Sync 1 DAGs
[2021-06-20 20:00:04,838] {logging_mixin.py:104} INFO - [2021-06-20 20:00:04,838] {dag.py:2305} INFO - Setting next_dagrun for example_xcom to 2021-06-18 00:00:00+00:00
[2021-06-20 20:00:04,873] {scheduler_job.py:190} INFO - Processing /home/airflow/.local/lib/python3.6/site-packages/airflow/example_dags/example_xcom.py took 0.260 seconds
[2021-06-20 20:00:35,283] {scheduler_job.py:182} INFO - Started process (PID=537) to work on /home/airflow/.local/lib/python3.6/site-packages/airflow/example_dags/example_xcom.py
[2021-06-20 20:00:35,295] {scheduler_job.py:633} INFO - Processing file /home/airflow/.local/lib/python3.6/site-packages/airflow/example_dags/example_xcom.py for tasks to queue
[2021-06-20 20:00:35,310] {logging_mixin.py:104} INFO - [2021-06-20 20:00:35,305] {dagbag.py:487} INFO - Filling up the DagBag from /home/airflow/.local/lib/python3.6/site-packages/airflow/example_dags/example_xcom.py
[2021-06-20 20:00:35,388] {scheduler_job.py:643} INFO - DAG(s) dict_keys(['example_xcom']) retrieved from /home/airflow/.local/lib/python3.6/site-packages/airflow/example_dags/example_xcom.py
[2021-06-20 20:00:35,514] {logging_mixin.py:104} INFO - [2021-06-20 20:00:35,513] {dag.py:1832} INFO - Sync 1 DAGs
[2021-06-20 20:00:35,613] {logging_mixin.py:104} INFO - [2021-06-20 20:00:35,611] {dag.py:2305} INFO - Setting next_dagrun for example_xcom to 2021-06-18 00:00:00+00:00
[2021-06-20 20:00:35,696] {scheduler_job.py:190} INFO - Processing /home/airflow/.local/lib/python3.6/site-packages/airflow/example_dags/example_xcom.py took 0.445 seconds
[2021-06-20 20:01:06,102] {scheduler_job.py:182} INFO - Started process (PID=594) to work on /home/airflow/.local/lib/python3.6/site-packages/airflow/example_dags/example_xcom.py
[2021-06-20 20:01:06,108] {scheduler_job.py:633} INFO - Processing file /home/airflow/.local/lib/python3.6/site-packages/airflow/example_dags/example_xcom.py for tasks to queue
[2021-06-20 20:01:06,111] {logging_mixin.py:104} INFO - [2021-06-20 20:01:06,110] {dagbag.py:487} INFO - Filling up the DagBag from /home/airflow/.local/lib/python3.6/site-packages/airflow/example_dags/example_xcom.py
[2021-06-20 20:01:06,172] {scheduler_job.py:643} INFO - DAG(s) dict_keys(['example_xcom']) retrieved from /home/airflow/.local/lib/python3.6/site-packages/airflow/example_dags/example_xcom.py
[2021-06-20 20:01:06,273] {logging_mixin.py:104} INFO - [2021-06-20 20:01:06,273] {dag.py:1832} INFO - Sync 1 DAGs
[2021-06-20 20:01:06,384] {logging_mixin.py:104} INFO - [2021-06-20 20:01:06,384] {dag.py:2305} INFO - Setting next_dagrun for example_xcom to 2021-06-18 00:00:00+00:00
[2021-06-20 20:01:06,442] {scheduler_job.py:190} INFO - Processing /home/airflow/.local/lib/python3.6/site-packages/airflow/example_dags/example_xcom.py took 0.355 seconds
[2021-06-20 20:01:38,016] {scheduler_job.py:182} INFO - Started process (PID=652) to work on /home/airflow/.local/lib/python3.6/site-packages/airflow/example_dags/example_xcom.py
[2021-06-20 20:01:38,026] {scheduler_job.py:633} INFO - Processing file /home/airflow/.local/lib/python3.6/site-packages/airflow/example_dags/example_xcom.py for tasks to queue
[2021-06-20 20:01:38,031] {logging_mixin.py:104} INFO - [2021-06-20 20:01:38,030] {dagbag.py:487} INFO - Filling up the DagBag from /home/airflow/.local/lib/python3.6/site-packages/airflow/example_dags/example_xcom.py
[2021-06-20 20:01:38,108] {scheduler_job.py:643} INFO - DAG(s) dict_keys(['example_xcom']) retrieved from /home/airflow/.local/lib/python3.6/site-packages/airflow/example_dags/example_xcom.py
[2021-06-20 20:01:38,282] {logging_mixin.py:104} INFO - [2021-06-20 20:01:38,281] {dag.py:1832} INFO - Sync 1 DAGs
[2021-06-20 20:01:38,392] {logging_mixin.py:104} INFO - [2021-06-20 20:01:38,392] {dag.py:2305} INFO - Setting next_dagrun for example_xcom to 2021-06-18 00:00:00+00:00
[2021-06-20 20:01:38,456] {scheduler_job.py:190} INFO - Processing /home/airflow/.local/lib/python3.6/site-packages/airflow/example_dags/example_xcom.py took 0.463 seconds
[2021-06-20 20:02:09,815] {scheduler_job.py:182} INFO - Started process (PID=708) to work on /home/airflow/.local/lib/python3.6/site-packages/airflow/example_dags/example_xcom.py
[2021-06-20 20:02:09,824] {scheduler_job.py:633} INFO - Processing file /home/airflow/.local/lib/python3.6/site-packages/airflow/example_dags/example_xcom.py for tasks to queue
[2021-06-20 20:02:09,829] {logging_mixin.py:104} INFO - [2021-06-20 20:02:09,828] {dagbag.py:487} INFO - Filling up the DagBag from /home/airflow/.local/lib/python3.6/site-packages/airflow/example_dags/example_xcom.py
[2021-06-20 20:02:09,990] {scheduler_job.py:643} INFO - DAG(s) dict_keys(['example_xcom']) retrieved from /home/airflow/.local/lib/python3.6/site-packages/airflow/example_dags/example_xcom.py
[2021-06-20 20:02:10,140] {logging_mixin.py:104} INFO - [2021-06-20 20:02:10,139] {dag.py:1832} INFO - Sync 1 DAGs
[2021-06-20 20:02:10,281] {logging_mixin.py:104} INFO - [2021-06-20 20:02:10,280] {dag.py:2305} INFO - Setting next_dagrun for example_xcom to 2021-06-18 00:00:00+00:00
[2021-06-20 20:02:10,326] {scheduler_job.py:190} INFO - Processing /home/airflow/.local/lib/python3.6/site-packages/airflow/example_dags/example_xcom.py took 0.557 seconds
[2021-06-20 20:02:41,142] {scheduler_job.py:182} INFO - Started process (PID=765) to work on /home/airflow/.local/lib/python3.6/site-packages/airflow/example_dags/example_xcom.py
[2021-06-20 20:02:41,159] {scheduler_job.py:633} INFO - Processing file /home/airflow/.local/lib/python3.6/site-packages/airflow/example_dags/example_xcom.py for tasks to queue
[2021-06-20 20:02:41,181] {logging_mixin.py:104} INFO - [2021-06-20 20:02:41,179] {dagbag.py:487} INFO - Filling up the DagBag from /home/airflow/.local/lib/python3.6/site-packages/airflow/example_dags/example_xcom.py
[2021-06-20 20:02:41,331] {scheduler_job.py:643} INFO - DAG(s) dict_keys(['example_xcom']) retrieved from /home/airflow/.local/lib/python3.6/site-packages/airflow/example_dags/example_xcom.py
[2021-06-20 20:02:41,571] {logging_mixin.py:104} INFO - [2021-06-20 20:02:41,570] {dag.py:1832} INFO - Sync 1 DAGs
[2021-06-20 20:02:41,767] {logging_mixin.py:104} INFO - [2021-06-20 20:02:41,767] {dag.py:2305} INFO - Setting next_dagrun for example_xcom to 2021-06-18 00:00:00+00:00
[2021-06-20 20:02:41,852] {scheduler_job.py:190} INFO - Processing /home/airflow/.local/lib/python3.6/site-packages/airflow/example_dags/example_xcom.py took 0.743 seconds
[2021-06-20 20:03:12,137] {scheduler_job.py:182} INFO - Started process (PID=821) to work on /home/airflow/.local/lib/python3.6/site-packages/airflow/example_dags/example_xcom.py
[2021-06-20 20:03:12,159] {scheduler_job.py:633} INFO - Processing file /home/airflow/.local/lib/python3.6/site-packages/airflow/example_dags/example_xcom.py for tasks to queue
[2021-06-20 20:03:12,179] {logging_mixin.py:104} INFO - [2021-06-20 20:03:12,178] {dagbag.py:487} INFO - Filling up the DagBag from /home/airflow/.local/lib/python3.6/site-packages/airflow/example_dags/example_xcom.py
[2021-06-20 20:03:12,340] {scheduler_job.py:643} INFO - DAG(s) dict_keys(['example_xcom']) retrieved from /home/airflow/.local/lib/python3.6/site-packages/airflow/example_dags/example_xcom.py
[2021-06-20 20:03:12,517] {logging_mixin.py:104} INFO - [2021-06-20 20:03:12,517] {dag.py:1832} INFO - Sync 1 DAGs
[2021-06-20 20:03:12,641] {logging_mixin.py:104} INFO - [2021-06-20 20:03:12,640] {dag.py:2305} INFO - Setting next_dagrun for example_xcom to 2021-06-18 00:00:00+00:00
[2021-06-20 20:03:12,729] {scheduler_job.py:190} INFO - Processing /home/airflow/.local/lib/python3.6/site-packages/airflow/example_dags/example_xcom.py took 0.615 seconds
[2021-06-20 20:03:43,063] {scheduler_job.py:182} INFO - Started process (PID=881) to work on /home/airflow/.local/lib/python3.6/site-packages/airflow/example_dags/example_xcom.py
[2021-06-20 20:03:43,070] {scheduler_job.py:633} INFO - Processing file /home/airflow/.local/lib/python3.6/site-packages/airflow/example_dags/example_xcom.py for tasks to queue
[2021-06-20 20:03:43,074] {logging_mixin.py:104} INFO - [2021-06-20 20:03:43,074] {dagbag.py:487} INFO - Filling up the DagBag from /home/airflow/.local/lib/python3.6/site-packages/airflow/example_dags/example_xcom.py
[2021-06-20 20:03:43,159] {scheduler_job.py:643} INFO - DAG(s) dict_keys(['example_xcom']) retrieved from /home/airflow/.local/lib/python3.6/site-packages/airflow/example_dags/example_xcom.py
[2021-06-20 20:03:43,305] {logging_mixin.py:104} INFO - [2021-06-20 20:03:43,304] {dag.py:1832} INFO - Sync 1 DAGs
[2021-06-20 20:03:43,422] {logging_mixin.py:104} INFO - [2021-06-20 20:03:43,419] {dag.py:2305} INFO - Setting next_dagrun for example_xcom to 2021-06-18 00:00:00+00:00
[2021-06-20 20:03:43,528] {scheduler_job.py:190} INFO - Processing /home/airflow/.local/lib/python3.6/site-packages/airflow/example_dags/example_xcom.py took 0.485 seconds
[2021-06-20 20:04:13,670] {scheduler_job.py:182} INFO - Started process (PID=937) to work on /home/airflow/.local/lib/python3.6/site-packages/airflow/example_dags/example_xcom.py
[2021-06-20 20:04:13,678] {scheduler_job.py:633} INFO - Processing file /home/airflow/.local/lib/python3.6/site-packages/airflow/example_dags/example_xcom.py for tasks to queue
[2021-06-20 20:04:13,685] {logging_mixin.py:104} INFO - [2021-06-20 20:04:13,684] {dagbag.py:487} INFO - Filling up the DagBag from /home/airflow/.local/lib/python3.6/site-packages/airflow/example_dags/example_xcom.py
[2021-06-20 20:04:13,821] {scheduler_job.py:643} INFO - DAG(s) dict_keys(['example_xcom']) retrieved from /home/airflow/.local/lib/python3.6/site-packages/airflow/example_dags/example_xcom.py
[2021-06-20 20:04:13,963] {logging_mixin.py:104} INFO - [2021-06-20 20:04:13,962] {dag.py:1832} INFO - Sync 1 DAGs
[2021-06-20 20:04:14,086] {logging_mixin.py:104} INFO - [2021-06-20 20:04:14,085] {dag.py:2305} INFO - Setting next_dagrun for example_xcom to 2021-06-18 00:00:00+00:00
[2021-06-20 20:04:14,132] {scheduler_job.py:190} INFO - Processing /home/airflow/.local/lib/python3.6/site-packages/airflow/example_dags/example_xcom.py took 0.488 seconds
[2021-06-20 20:04:44,378] {scheduler_job.py:182} INFO - Started process (PID=1002) to work on /home/airflow/.local/lib/python3.6/site-packages/airflow/example_dags/example_xcom.py
[2021-06-20 20:04:44,389] {scheduler_job.py:633} INFO - Processing file /home/airflow/.local/lib/python3.6/site-packages/airflow/example_dags/example_xcom.py for tasks to queue
[2021-06-20 20:04:44,395] {logging_mixin.py:104} INFO - [2021-06-20 20:04:44,394] {dagbag.py:487} INFO - Filling up the DagBag from /home/airflow/.local/lib/python3.6/site-packages/airflow/example_dags/example_xcom.py
[2021-06-20 20:04:44,457] {scheduler_job.py:643} INFO - DAG(s) dict_keys(['example_xcom']) retrieved from /home/airflow/.local/lib/python3.6/site-packages/airflow/example_dags/example_xcom.py
[2021-06-20 20:04:44,572] {logging_mixin.py:104} INFO - [2021-06-20 20:04:44,571] {dag.py:1832} INFO - Sync 1 DAGs
[2021-06-20 20:04:44,735] {logging_mixin.py:104} INFO - [2021-06-20 20:04:44,734] {dag.py:2305} INFO - Setting next_dagrun for example_xcom to 2021-06-18 00:00:00+00:00
[2021-06-20 20:04:44,780] {scheduler_job.py:190} INFO - Processing /home/airflow/.local/lib/python3.6/site-packages/airflow/example_dags/example_xcom.py took 0.427 seconds
