[2021-06-20 19:57:22,125] {scheduler_job.py:182} INFO - Started process (PID=152) to work on /home/airflow/.local/lib/python3.6/site-packages/airflow/example_dags/example_latest_only_with_trigger.py
[2021-06-20 19:57:22,126] {scheduler_job.py:633} INFO - Processing file /home/airflow/.local/lib/python3.6/site-packages/airflow/example_dags/example_latest_only_with_trigger.py for tasks to queue
[2021-06-20 19:57:22,128] {logging_mixin.py:104} INFO - [2021-06-20 19:57:22,128] {dagbag.py:487} INFO - Filling up the DagBag from /home/airflow/.local/lib/python3.6/site-packages/airflow/example_dags/example_latest_only_with_trigger.py
[2021-06-20 19:57:22,141] {scheduler_job.py:643} INFO - DAG(s) dict_keys(['latest_only_with_trigger']) retrieved from /home/airflow/.local/lib/python3.6/site-packages/airflow/example_dags/example_latest_only_with_trigger.py
[2021-06-20 19:57:24,789] {logging_mixin.py:104} INFO - [2021-06-20 19:57:24,788] {dag.py:1832} INFO - Sync 1 DAGs
[2021-06-20 19:57:24,800] {logging_mixin.py:104} INFO - [2021-06-20 19:57:24,798] {dag.py:1851} INFO - Creating ORM DAG for latest_only_with_trigger
[2021-06-20 19:57:24,804] {logging_mixin.py:104} INFO - [2021-06-20 19:57:24,804] {dag.py:2305} INFO - Setting next_dagrun for latest_only_with_trigger to 2021-06-18 00:00:00+00:00
[2021-06-20 19:57:24,815] {scheduler_job.py:190} INFO - Processing /home/airflow/.local/lib/python3.6/site-packages/airflow/example_dags/example_latest_only_with_trigger.py took 2.694 seconds
[2021-06-20 19:57:55,118] {scheduler_job.py:182} INFO - Started process (PID=224) to work on /home/airflow/.local/lib/python3.6/site-packages/airflow/example_dags/example_latest_only_with_trigger.py
[2021-06-20 19:57:55,124] {scheduler_job.py:633} INFO - Processing file /home/airflow/.local/lib/python3.6/site-packages/airflow/example_dags/example_latest_only_with_trigger.py for tasks to queue
[2021-06-20 19:57:55,128] {logging_mixin.py:104} INFO - [2021-06-20 19:57:55,128] {dagbag.py:487} INFO - Filling up the DagBag from /home/airflow/.local/lib/python3.6/site-packages/airflow/example_dags/example_latest_only_with_trigger.py
[2021-06-20 19:57:55,228] {scheduler_job.py:643} INFO - DAG(s) dict_keys(['latest_only_with_trigger']) retrieved from /home/airflow/.local/lib/python3.6/site-packages/airflow/example_dags/example_latest_only_with_trigger.py
[2021-06-20 19:57:55,340] {logging_mixin.py:104} INFO - [2021-06-20 19:57:55,339] {dag.py:1832} INFO - Sync 1 DAGs
[2021-06-20 19:57:55,426] {logging_mixin.py:104} INFO - [2021-06-20 19:57:55,425] {dag.py:2305} INFO - Setting next_dagrun for latest_only_with_trigger to 2021-06-18 00:00:00+00:00
[2021-06-20 19:57:55,467] {scheduler_job.py:190} INFO - Processing /home/airflow/.local/lib/python3.6/site-packages/airflow/example_dags/example_latest_only_with_trigger.py took 0.363 seconds
[2021-06-20 19:58:26,267] {scheduler_job.py:182} INFO - Started process (PID=290) to work on /home/airflow/.local/lib/python3.6/site-packages/airflow/example_dags/example_latest_only_with_trigger.py
[2021-06-20 19:58:26,276] {scheduler_job.py:633} INFO - Processing file /home/airflow/.local/lib/python3.6/site-packages/airflow/example_dags/example_latest_only_with_trigger.py for tasks to queue
[2021-06-20 19:58:26,289] {logging_mixin.py:104} INFO - [2021-06-20 19:58:26,288] {dagbag.py:487} INFO - Filling up the DagBag from /home/airflow/.local/lib/python3.6/site-packages/airflow/example_dags/example_latest_only_with_trigger.py
[2021-06-20 19:58:26,398] {scheduler_job.py:643} INFO - DAG(s) dict_keys(['latest_only_with_trigger']) retrieved from /home/airflow/.local/lib/python3.6/site-packages/airflow/example_dags/example_latest_only_with_trigger.py
[2021-06-20 19:58:26,494] {logging_mixin.py:104} INFO - [2021-06-20 19:58:26,494] {dag.py:1832} INFO - Sync 1 DAGs
[2021-06-20 19:58:26,586] {logging_mixin.py:104} INFO - [2021-06-20 19:58:26,584] {dag.py:2305} INFO - Setting next_dagrun for latest_only_with_trigger to 2021-06-18 00:00:00+00:00
[2021-06-20 19:58:26,636] {scheduler_job.py:190} INFO - Processing /home/airflow/.local/lib/python3.6/site-packages/airflow/example_dags/example_latest_only_with_trigger.py took 0.400 seconds
[2021-06-20 19:58:57,037] {scheduler_job.py:182} INFO - Started process (PID=349) to work on /home/airflow/.local/lib/python3.6/site-packages/airflow/example_dags/example_latest_only_with_trigger.py
[2021-06-20 19:58:57,047] {scheduler_job.py:633} INFO - Processing file /home/airflow/.local/lib/python3.6/site-packages/airflow/example_dags/example_latest_only_with_trigger.py for tasks to queue
[2021-06-20 19:58:57,051] {logging_mixin.py:104} INFO - [2021-06-20 19:58:57,050] {dagbag.py:487} INFO - Filling up the DagBag from /home/airflow/.local/lib/python3.6/site-packages/airflow/example_dags/example_latest_only_with_trigger.py
[2021-06-20 19:58:57,120] {scheduler_job.py:643} INFO - DAG(s) dict_keys(['latest_only_with_trigger']) retrieved from /home/airflow/.local/lib/python3.6/site-packages/airflow/example_dags/example_latest_only_with_trigger.py
[2021-06-20 19:58:57,240] {logging_mixin.py:104} INFO - [2021-06-20 19:58:57,239] {dag.py:1832} INFO - Sync 1 DAGs
[2021-06-20 19:58:57,331] {logging_mixin.py:104} INFO - [2021-06-20 19:58:57,331] {dag.py:2305} INFO - Setting next_dagrun for latest_only_with_trigger to 2021-06-18 00:00:00+00:00
[2021-06-20 19:58:57,388] {scheduler_job.py:190} INFO - Processing /home/airflow/.local/lib/python3.6/site-packages/airflow/example_dags/example_latest_only_with_trigger.py took 0.369 seconds
[2021-06-20 19:59:27,578] {scheduler_job.py:182} INFO - Started process (PID=406) to work on /home/airflow/.local/lib/python3.6/site-packages/airflow/example_dags/example_latest_only_with_trigger.py
[2021-06-20 19:59:27,584] {scheduler_job.py:633} INFO - Processing file /home/airflow/.local/lib/python3.6/site-packages/airflow/example_dags/example_latest_only_with_trigger.py for tasks to queue
[2021-06-20 19:59:27,587] {logging_mixin.py:104} INFO - [2021-06-20 19:59:27,587] {dagbag.py:487} INFO - Filling up the DagBag from /home/airflow/.local/lib/python3.6/site-packages/airflow/example_dags/example_latest_only_with_trigger.py
[2021-06-20 19:59:27,634] {scheduler_job.py:643} INFO - DAG(s) dict_keys(['latest_only_with_trigger']) retrieved from /home/airflow/.local/lib/python3.6/site-packages/airflow/example_dags/example_latest_only_with_trigger.py
[2021-06-20 19:59:27,726] {logging_mixin.py:104} INFO - [2021-06-20 19:59:27,725] {dag.py:1832} INFO - Sync 1 DAGs
[2021-06-20 19:59:27,796] {logging_mixin.py:104} INFO - [2021-06-20 19:59:27,795] {dag.py:2305} INFO - Setting next_dagrun for latest_only_with_trigger to 2021-06-18 00:00:00+00:00
[2021-06-20 19:59:27,834] {scheduler_job.py:190} INFO - Processing /home/airflow/.local/lib/python3.6/site-packages/airflow/example_dags/example_latest_only_with_trigger.py took 0.268 seconds
[2021-06-20 19:59:58,211] {scheduler_job.py:182} INFO - Started process (PID=465) to work on /home/airflow/.local/lib/python3.6/site-packages/airflow/example_dags/example_latest_only_with_trigger.py
[2021-06-20 19:59:58,218] {scheduler_job.py:633} INFO - Processing file /home/airflow/.local/lib/python3.6/site-packages/airflow/example_dags/example_latest_only_with_trigger.py for tasks to queue
[2021-06-20 19:59:58,221] {logging_mixin.py:104} INFO - [2021-06-20 19:59:58,221] {dagbag.py:487} INFO - Filling up the DagBag from /home/airflow/.local/lib/python3.6/site-packages/airflow/example_dags/example_latest_only_with_trigger.py
[2021-06-20 19:59:58,291] {scheduler_job.py:643} INFO - DAG(s) dict_keys(['latest_only_with_trigger']) retrieved from /home/airflow/.local/lib/python3.6/site-packages/airflow/example_dags/example_latest_only_with_trigger.py
[2021-06-20 19:59:58,395] {logging_mixin.py:104} INFO - [2021-06-20 19:59:58,394] {dag.py:1832} INFO - Sync 1 DAGs
[2021-06-20 19:59:58,475] {logging_mixin.py:104} INFO - [2021-06-20 19:59:58,475] {dag.py:2305} INFO - Setting next_dagrun for latest_only_with_trigger to 2021-06-18 00:00:00+00:00
[2021-06-20 19:59:58,520] {scheduler_job.py:190} INFO - Processing /home/airflow/.local/lib/python3.6/site-packages/airflow/example_dags/example_latest_only_with_trigger.py took 0.325 seconds
[2021-06-20 20:00:28,618] {scheduler_job.py:182} INFO - Started process (PID=521) to work on /home/airflow/.local/lib/python3.6/site-packages/airflow/example_dags/example_latest_only_with_trigger.py
[2021-06-20 20:00:28,623] {scheduler_job.py:633} INFO - Processing file /home/airflow/.local/lib/python3.6/site-packages/airflow/example_dags/example_latest_only_with_trigger.py for tasks to queue
[2021-06-20 20:00:28,626] {logging_mixin.py:104} INFO - [2021-06-20 20:00:28,625] {dagbag.py:487} INFO - Filling up the DagBag from /home/airflow/.local/lib/python3.6/site-packages/airflow/example_dags/example_latest_only_with_trigger.py
[2021-06-20 20:00:28,672] {scheduler_job.py:643} INFO - DAG(s) dict_keys(['latest_only_with_trigger']) retrieved from /home/airflow/.local/lib/python3.6/site-packages/airflow/example_dags/example_latest_only_with_trigger.py
[2021-06-20 20:00:28,758] {logging_mixin.py:104} INFO - [2021-06-20 20:00:28,757] {dag.py:1832} INFO - Sync 1 DAGs
[2021-06-20 20:00:28,821] {logging_mixin.py:104} INFO - [2021-06-20 20:00:28,821] {dag.py:2305} INFO - Setting next_dagrun for latest_only_with_trigger to 2021-06-18 00:00:00+00:00
[2021-06-20 20:00:28,858] {scheduler_job.py:190} INFO - Processing /home/airflow/.local/lib/python3.6/site-packages/airflow/example_dags/example_latest_only_with_trigger.py took 0.253 seconds
[2021-06-20 20:00:59,087] {scheduler_job.py:182} INFO - Started process (PID=581) to work on /home/airflow/.local/lib/python3.6/site-packages/airflow/example_dags/example_latest_only_with_trigger.py
[2021-06-20 20:00:59,092] {scheduler_job.py:633} INFO - Processing file /home/airflow/.local/lib/python3.6/site-packages/airflow/example_dags/example_latest_only_with_trigger.py for tasks to queue
[2021-06-20 20:00:59,096] {logging_mixin.py:104} INFO - [2021-06-20 20:00:59,095] {dagbag.py:487} INFO - Filling up the DagBag from /home/airflow/.local/lib/python3.6/site-packages/airflow/example_dags/example_latest_only_with_trigger.py
[2021-06-20 20:00:59,151] {scheduler_job.py:643} INFO - DAG(s) dict_keys(['latest_only_with_trigger']) retrieved from /home/airflow/.local/lib/python3.6/site-packages/airflow/example_dags/example_latest_only_with_trigger.py
[2021-06-20 20:00:59,244] {logging_mixin.py:104} INFO - [2021-06-20 20:00:59,244] {dag.py:1832} INFO - Sync 1 DAGs
[2021-06-20 20:00:59,318] {logging_mixin.py:104} INFO - [2021-06-20 20:00:59,317] {dag.py:2305} INFO - Setting next_dagrun for latest_only_with_trigger to 2021-06-18 00:00:00+00:00
[2021-06-20 20:00:59,360] {scheduler_job.py:190} INFO - Processing /home/airflow/.local/lib/python3.6/site-packages/airflow/example_dags/example_latest_only_with_trigger.py took 0.288 seconds
[2021-06-20 20:01:29,564] {scheduler_job.py:182} INFO - Started process (PID=636) to work on /home/airflow/.local/lib/python3.6/site-packages/airflow/example_dags/example_latest_only_with_trigger.py
[2021-06-20 20:01:29,574] {scheduler_job.py:633} INFO - Processing file /home/airflow/.local/lib/python3.6/site-packages/airflow/example_dags/example_latest_only_with_trigger.py for tasks to queue
[2021-06-20 20:01:29,580] {logging_mixin.py:104} INFO - [2021-06-20 20:01:29,579] {dagbag.py:487} INFO - Filling up the DagBag from /home/airflow/.local/lib/python3.6/site-packages/airflow/example_dags/example_latest_only_with_trigger.py
[2021-06-20 20:01:29,719] {scheduler_job.py:643} INFO - DAG(s) dict_keys(['latest_only_with_trigger']) retrieved from /home/airflow/.local/lib/python3.6/site-packages/airflow/example_dags/example_latest_only_with_trigger.py
[2021-06-20 20:01:29,857] {logging_mixin.py:104} INFO - [2021-06-20 20:01:29,857] {dag.py:1832} INFO - Sync 1 DAGs
[2021-06-20 20:01:29,951] {logging_mixin.py:104} INFO - [2021-06-20 20:01:29,950] {dag.py:2305} INFO - Setting next_dagrun for latest_only_with_trigger to 2021-06-18 00:00:00+00:00
[2021-06-20 20:01:29,995] {scheduler_job.py:190} INFO - Processing /home/airflow/.local/lib/python3.6/site-packages/airflow/example_dags/example_latest_only_with_trigger.py took 0.460 seconds
[2021-06-20 20:02:01,224] {scheduler_job.py:182} INFO - Started process (PID=695) to work on /home/airflow/.local/lib/python3.6/site-packages/airflow/example_dags/example_latest_only_with_trigger.py
[2021-06-20 20:02:01,231] {scheduler_job.py:633} INFO - Processing file /home/airflow/.local/lib/python3.6/site-packages/airflow/example_dags/example_latest_only_with_trigger.py for tasks to queue
[2021-06-20 20:02:01,235] {logging_mixin.py:104} INFO - [2021-06-20 20:02:01,234] {dagbag.py:487} INFO - Filling up the DagBag from /home/airflow/.local/lib/python3.6/site-packages/airflow/example_dags/example_latest_only_with_trigger.py
[2021-06-20 20:02:01,326] {scheduler_job.py:643} INFO - DAG(s) dict_keys(['latest_only_with_trigger']) retrieved from /home/airflow/.local/lib/python3.6/site-packages/airflow/example_dags/example_latest_only_with_trigger.py
[2021-06-20 20:02:01,547] {logging_mixin.py:104} INFO - [2021-06-20 20:02:01,546] {dag.py:1832} INFO - Sync 1 DAGs
[2021-06-20 20:02:01,790] {logging_mixin.py:104} INFO - [2021-06-20 20:02:01,789] {dag.py:2305} INFO - Setting next_dagrun for latest_only_with_trigger to 2021-06-18 00:00:00+00:00
[2021-06-20 20:02:01,849] {scheduler_job.py:190} INFO - Processing /home/airflow/.local/lib/python3.6/site-packages/airflow/example_dags/example_latest_only_with_trigger.py took 0.646 seconds
[2021-06-20 20:02:32,495] {scheduler_job.py:182} INFO - Started process (PID=749) to work on /home/airflow/.local/lib/python3.6/site-packages/airflow/example_dags/example_latest_only_with_trigger.py
[2021-06-20 20:02:32,502] {scheduler_job.py:633} INFO - Processing file /home/airflow/.local/lib/python3.6/site-packages/airflow/example_dags/example_latest_only_with_trigger.py for tasks to queue
[2021-06-20 20:02:32,507] {logging_mixin.py:104} INFO - [2021-06-20 20:02:32,506] {dagbag.py:487} INFO - Filling up the DagBag from /home/airflow/.local/lib/python3.6/site-packages/airflow/example_dags/example_latest_only_with_trigger.py
[2021-06-20 20:02:32,596] {scheduler_job.py:643} INFO - DAG(s) dict_keys(['latest_only_with_trigger']) retrieved from /home/airflow/.local/lib/python3.6/site-packages/airflow/example_dags/example_latest_only_with_trigger.py
[2021-06-20 20:02:32,803] {logging_mixin.py:104} INFO - [2021-06-20 20:02:32,802] {dag.py:1832} INFO - Sync 1 DAGs
[2021-06-20 20:02:32,952] {logging_mixin.py:104} INFO - [2021-06-20 20:02:32,951] {dag.py:2305} INFO - Setting next_dagrun for latest_only_with_trigger to 2021-06-18 00:00:00+00:00
[2021-06-20 20:02:33,011] {scheduler_job.py:190} INFO - Processing /home/airflow/.local/lib/python3.6/site-packages/airflow/example_dags/example_latest_only_with_trigger.py took 0.532 seconds
[2021-06-20 20:03:03,435] {scheduler_job.py:182} INFO - Started process (PID=808) to work on /home/airflow/.local/lib/python3.6/site-packages/airflow/example_dags/example_latest_only_with_trigger.py
[2021-06-20 20:03:03,452] {scheduler_job.py:633} INFO - Processing file /home/airflow/.local/lib/python3.6/site-packages/airflow/example_dags/example_latest_only_with_trigger.py for tasks to queue
[2021-06-20 20:03:03,463] {logging_mixin.py:104} INFO - [2021-06-20 20:03:03,462] {dagbag.py:487} INFO - Filling up the DagBag from /home/airflow/.local/lib/python3.6/site-packages/airflow/example_dags/example_latest_only_with_trigger.py
[2021-06-20 20:03:03,601] {scheduler_job.py:643} INFO - DAG(s) dict_keys(['latest_only_with_trigger']) retrieved from /home/airflow/.local/lib/python3.6/site-packages/airflow/example_dags/example_latest_only_with_trigger.py
[2021-06-20 20:03:03,706] {logging_mixin.py:104} INFO - [2021-06-20 20:03:03,705] {dag.py:1832} INFO - Sync 1 DAGs
[2021-06-20 20:03:03,854] {logging_mixin.py:104} INFO - [2021-06-20 20:03:03,844] {dag.py:2305} INFO - Setting next_dagrun for latest_only_with_trigger to 2021-06-18 00:00:00+00:00
[2021-06-20 20:03:04,007] {scheduler_job.py:190} INFO - Processing /home/airflow/.local/lib/python3.6/site-packages/airflow/example_dags/example_latest_only_with_trigger.py took 0.599 seconds
[2021-06-20 20:03:34,534] {scheduler_job.py:182} INFO - Started process (PID=871) to work on /home/airflow/.local/lib/python3.6/site-packages/airflow/example_dags/example_latest_only_with_trigger.py
[2021-06-20 20:03:34,545] {scheduler_job.py:633} INFO - Processing file /home/airflow/.local/lib/python3.6/site-packages/airflow/example_dags/example_latest_only_with_trigger.py for tasks to queue
[2021-06-20 20:03:34,558] {logging_mixin.py:104} INFO - [2021-06-20 20:03:34,558] {dagbag.py:487} INFO - Filling up the DagBag from /home/airflow/.local/lib/python3.6/site-packages/airflow/example_dags/example_latest_only_with_trigger.py
[2021-06-20 20:03:34,678] {scheduler_job.py:643} INFO - DAG(s) dict_keys(['latest_only_with_trigger']) retrieved from /home/airflow/.local/lib/python3.6/site-packages/airflow/example_dags/example_latest_only_with_trigger.py
[2021-06-20 20:03:34,812] {logging_mixin.py:104} INFO - [2021-06-20 20:03:34,811] {dag.py:1832} INFO - Sync 1 DAGs
[2021-06-20 20:03:34,912] {logging_mixin.py:104} INFO - [2021-06-20 20:03:34,912] {dag.py:2305} INFO - Setting next_dagrun for latest_only_with_trigger to 2021-06-18 00:00:00+00:00
[2021-06-20 20:03:34,972] {scheduler_job.py:190} INFO - Processing /home/airflow/.local/lib/python3.6/site-packages/airflow/example_dags/example_latest_only_with_trigger.py took 0.485 seconds
[2021-06-20 20:04:05,842] {scheduler_job.py:182} INFO - Started process (PID=924) to work on /home/airflow/.local/lib/python3.6/site-packages/airflow/example_dags/example_latest_only_with_trigger.py
[2021-06-20 20:04:05,849] {scheduler_job.py:633} INFO - Processing file /home/airflow/.local/lib/python3.6/site-packages/airflow/example_dags/example_latest_only_with_trigger.py for tasks to queue
[2021-06-20 20:04:05,853] {logging_mixin.py:104} INFO - [2021-06-20 20:04:05,852] {dagbag.py:487} INFO - Filling up the DagBag from /home/airflow/.local/lib/python3.6/site-packages/airflow/example_dags/example_latest_only_with_trigger.py
[2021-06-20 20:04:05,980] {scheduler_job.py:643} INFO - DAG(s) dict_keys(['latest_only_with_trigger']) retrieved from /home/airflow/.local/lib/python3.6/site-packages/airflow/example_dags/example_latest_only_with_trigger.py
[2021-06-20 20:04:06,193] {logging_mixin.py:104} INFO - [2021-06-20 20:04:06,190] {dag.py:1832} INFO - Sync 1 DAGs
[2021-06-20 20:04:06,350] {logging_mixin.py:104} INFO - [2021-06-20 20:04:06,349] {dag.py:2305} INFO - Setting next_dagrun for latest_only_with_trigger to 2021-06-18 00:00:00+00:00
[2021-06-20 20:04:06,433] {scheduler_job.py:190} INFO - Processing /home/airflow/.local/lib/python3.6/site-packages/airflow/example_dags/example_latest_only_with_trigger.py took 0.611 seconds
[2021-06-20 20:04:36,706] {scheduler_job.py:182} INFO - Started process (PID=988) to work on /home/airflow/.local/lib/python3.6/site-packages/airflow/example_dags/example_latest_only_with_trigger.py
[2021-06-20 20:04:36,727] {scheduler_job.py:633} INFO - Processing file /home/airflow/.local/lib/python3.6/site-packages/airflow/example_dags/example_latest_only_with_trigger.py for tasks to queue
[2021-06-20 20:04:36,736] {logging_mixin.py:104} INFO - [2021-06-20 20:04:36,735] {dagbag.py:487} INFO - Filling up the DagBag from /home/airflow/.local/lib/python3.6/site-packages/airflow/example_dags/example_latest_only_with_trigger.py
[2021-06-20 20:04:36,827] {scheduler_job.py:643} INFO - DAG(s) dict_keys(['latest_only_with_trigger']) retrieved from /home/airflow/.local/lib/python3.6/site-packages/airflow/example_dags/example_latest_only_with_trigger.py
[2021-06-20 20:04:36,973] {logging_mixin.py:104} INFO - [2021-06-20 20:04:36,973] {dag.py:1832} INFO - Sync 1 DAGs
[2021-06-20 20:04:37,104] {logging_mixin.py:104} INFO - [2021-06-20 20:04:37,103] {dag.py:2305} INFO - Setting next_dagrun for latest_only_with_trigger to 2021-06-18 00:00:00+00:00
[2021-06-20 20:04:37,156] {scheduler_job.py:190} INFO - Processing /home/airflow/.local/lib/python3.6/site-packages/airflow/example_dags/example_latest_only_with_trigger.py took 0.495 seconds
