[2021-06-20 19:57:24,518] {scheduler_job.py:182} INFO - Started process (PID=154) to work on /home/airflow/.local/lib/python3.6/site-packages/airflow/example_dags/example_trigger_target_dag.py
[2021-06-20 19:57:24,519] {scheduler_job.py:633} INFO - Processing file /home/airflow/.local/lib/python3.6/site-packages/airflow/example_dags/example_trigger_target_dag.py for tasks to queue
[2021-06-20 19:57:24,521] {logging_mixin.py:104} INFO - [2021-06-20 19:57:24,520] {dagbag.py:487} INFO - Filling up the DagBag from /home/airflow/.local/lib/python3.6/site-packages/airflow/example_dags/example_trigger_target_dag.py
[2021-06-20 19:57:24,535] {scheduler_job.py:643} INFO - DAG(s) dict_keys(['example_trigger_target_dag']) retrieved from /home/airflow/.local/lib/python3.6/site-packages/airflow/example_dags/example_trigger_target_dag.py
[2021-06-20 19:57:26,805] {logging_mixin.py:104} INFO - [2021-06-20 19:57:26,804] {dag.py:1832} INFO - Sync 1 DAGs
[2021-06-20 19:57:26,815] {logging_mixin.py:104} INFO - [2021-06-20 19:57:26,814] {dag.py:1851} INFO - Creating ORM DAG for example_trigger_target_dag
[2021-06-20 19:57:26,820] {logging_mixin.py:104} INFO - [2021-06-20 19:57:26,820] {dag.py:2305} INFO - Setting next_dagrun for example_trigger_target_dag to None
[2021-06-20 19:57:26,834] {scheduler_job.py:190} INFO - Processing /home/airflow/.local/lib/python3.6/site-packages/airflow/example_dags/example_trigger_target_dag.py took 2.319 seconds
[2021-06-20 19:57:57,583] {scheduler_job.py:182} INFO - Started process (PID=234) to work on /home/airflow/.local/lib/python3.6/site-packages/airflow/example_dags/example_trigger_target_dag.py
[2021-06-20 19:57:57,588] {scheduler_job.py:633} INFO - Processing file /home/airflow/.local/lib/python3.6/site-packages/airflow/example_dags/example_trigger_target_dag.py for tasks to queue
[2021-06-20 19:57:57,592] {logging_mixin.py:104} INFO - [2021-06-20 19:57:57,591] {dagbag.py:487} INFO - Filling up the DagBag from /home/airflow/.local/lib/python3.6/site-packages/airflow/example_dags/example_trigger_target_dag.py
[2021-06-20 19:57:57,650] {scheduler_job.py:643} INFO - DAG(s) dict_keys(['example_trigger_target_dag']) retrieved from /home/airflow/.local/lib/python3.6/site-packages/airflow/example_dags/example_trigger_target_dag.py
[2021-06-20 19:57:57,739] {logging_mixin.py:104} INFO - [2021-06-20 19:57:57,739] {dag.py:1832} INFO - Sync 1 DAGs
[2021-06-20 19:57:57,808] {logging_mixin.py:104} INFO - [2021-06-20 19:57:57,808] {dag.py:2305} INFO - Setting next_dagrun for example_trigger_target_dag to None
[2021-06-20 19:57:57,846] {scheduler_job.py:190} INFO - Processing /home/airflow/.local/lib/python3.6/site-packages/airflow/example_dags/example_trigger_target_dag.py took 0.280 seconds
[2021-06-20 19:58:28,804] {scheduler_job.py:182} INFO - Started process (PID=291) to work on /home/airflow/.local/lib/python3.6/site-packages/airflow/example_dags/example_trigger_target_dag.py
[2021-06-20 19:58:28,809] {scheduler_job.py:633} INFO - Processing file /home/airflow/.local/lib/python3.6/site-packages/airflow/example_dags/example_trigger_target_dag.py for tasks to queue
[2021-06-20 19:58:28,816] {logging_mixin.py:104} INFO - [2021-06-20 19:58:28,815] {dagbag.py:487} INFO - Filling up the DagBag from /home/airflow/.local/lib/python3.6/site-packages/airflow/example_dags/example_trigger_target_dag.py
[2021-06-20 19:58:28,886] {scheduler_job.py:643} INFO - DAG(s) dict_keys(['example_trigger_target_dag']) retrieved from /home/airflow/.local/lib/python3.6/site-packages/airflow/example_dags/example_trigger_target_dag.py
[2021-06-20 19:58:28,990] {logging_mixin.py:104} INFO - [2021-06-20 19:58:28,989] {dag.py:1832} INFO - Sync 1 DAGs
[2021-06-20 19:58:29,067] {logging_mixin.py:104} INFO - [2021-06-20 19:58:29,067] {dag.py:2305} INFO - Setting next_dagrun for example_trigger_target_dag to None
[2021-06-20 19:58:29,108] {scheduler_job.py:190} INFO - Processing /home/airflow/.local/lib/python3.6/site-packages/airflow/example_dags/example_trigger_target_dag.py took 0.315 seconds
[2021-06-20 19:58:59,602] {scheduler_job.py:182} INFO - Started process (PID=351) to work on /home/airflow/.local/lib/python3.6/site-packages/airflow/example_dags/example_trigger_target_dag.py
[2021-06-20 19:58:59,635] {scheduler_job.py:633} INFO - Processing file /home/airflow/.local/lib/python3.6/site-packages/airflow/example_dags/example_trigger_target_dag.py for tasks to queue
[2021-06-20 19:58:59,640] {logging_mixin.py:104} INFO - [2021-06-20 19:58:59,640] {dagbag.py:487} INFO - Filling up the DagBag from /home/airflow/.local/lib/python3.6/site-packages/airflow/example_dags/example_trigger_target_dag.py
[2021-06-20 19:58:59,772] {scheduler_job.py:643} INFO - DAG(s) dict_keys(['example_trigger_target_dag']) retrieved from /home/airflow/.local/lib/python3.6/site-packages/airflow/example_dags/example_trigger_target_dag.py
[2021-06-20 19:58:59,880] {logging_mixin.py:104} INFO - [2021-06-20 19:58:59,879] {dag.py:1832} INFO - Sync 1 DAGs
[2021-06-20 19:58:59,971] {logging_mixin.py:104} INFO - [2021-06-20 19:58:59,971] {dag.py:2305} INFO - Setting next_dagrun for example_trigger_target_dag to None
[2021-06-20 19:59:00,021] {scheduler_job.py:190} INFO - Processing /home/airflow/.local/lib/python3.6/site-packages/airflow/example_dags/example_trigger_target_dag.py took 0.470 seconds
[2021-06-20 19:59:30,175] {scheduler_job.py:182} INFO - Started process (PID=407) to work on /home/airflow/.local/lib/python3.6/site-packages/airflow/example_dags/example_trigger_target_dag.py
[2021-06-20 19:59:30,182] {scheduler_job.py:633} INFO - Processing file /home/airflow/.local/lib/python3.6/site-packages/airflow/example_dags/example_trigger_target_dag.py for tasks to queue
[2021-06-20 19:59:30,185] {logging_mixin.py:104} INFO - [2021-06-20 19:59:30,185] {dagbag.py:487} INFO - Filling up the DagBag from /home/airflow/.local/lib/python3.6/site-packages/airflow/example_dags/example_trigger_target_dag.py
[2021-06-20 19:59:30,281] {scheduler_job.py:643} INFO - DAG(s) dict_keys(['example_trigger_target_dag']) retrieved from /home/airflow/.local/lib/python3.6/site-packages/airflow/example_dags/example_trigger_target_dag.py
[2021-06-20 19:59:30,433] {logging_mixin.py:104} INFO - [2021-06-20 19:59:30,432] {dag.py:1832} INFO - Sync 1 DAGs
[2021-06-20 19:59:30,550] {logging_mixin.py:104} INFO - [2021-06-20 19:59:30,549] {dag.py:2305} INFO - Setting next_dagrun for example_trigger_target_dag to None
[2021-06-20 19:59:30,587] {scheduler_job.py:190} INFO - Processing /home/airflow/.local/lib/python3.6/site-packages/airflow/example_dags/example_trigger_target_dag.py took 0.427 seconds
[2021-06-20 20:00:01,145] {scheduler_job.py:182} INFO - Started process (PID=467) to work on /home/airflow/.local/lib/python3.6/site-packages/airflow/example_dags/example_trigger_target_dag.py
[2021-06-20 20:00:01,150] {scheduler_job.py:633} INFO - Processing file /home/airflow/.local/lib/python3.6/site-packages/airflow/example_dags/example_trigger_target_dag.py for tasks to queue
[2021-06-20 20:00:01,154] {logging_mixin.py:104} INFO - [2021-06-20 20:00:01,153] {dagbag.py:487} INFO - Filling up the DagBag from /home/airflow/.local/lib/python3.6/site-packages/airflow/example_dags/example_trigger_target_dag.py
[2021-06-20 20:00:01,209] {scheduler_job.py:643} INFO - DAG(s) dict_keys(['example_trigger_target_dag']) retrieved from /home/airflow/.local/lib/python3.6/site-packages/airflow/example_dags/example_trigger_target_dag.py
[2021-06-20 20:00:01,291] {logging_mixin.py:104} INFO - [2021-06-20 20:00:01,290] {dag.py:1832} INFO - Sync 1 DAGs
[2021-06-20 20:00:01,366] {logging_mixin.py:104} INFO - [2021-06-20 20:00:01,366] {dag.py:2305} INFO - Setting next_dagrun for example_trigger_target_dag to None
[2021-06-20 20:00:01,411] {scheduler_job.py:190} INFO - Processing /home/airflow/.local/lib/python3.6/site-packages/airflow/example_dags/example_trigger_target_dag.py took 0.282 seconds
[2021-06-20 20:00:31,927] {scheduler_job.py:182} INFO - Started process (PID=523) to work on /home/airflow/.local/lib/python3.6/site-packages/airflow/example_dags/example_trigger_target_dag.py
[2021-06-20 20:00:31,946] {scheduler_job.py:633} INFO - Processing file /home/airflow/.local/lib/python3.6/site-packages/airflow/example_dags/example_trigger_target_dag.py for tasks to queue
[2021-06-20 20:00:31,951] {logging_mixin.py:104} INFO - [2021-06-20 20:00:31,950] {dagbag.py:487} INFO - Filling up the DagBag from /home/airflow/.local/lib/python3.6/site-packages/airflow/example_dags/example_trigger_target_dag.py
[2021-06-20 20:00:32,014] {scheduler_job.py:643} INFO - DAG(s) dict_keys(['example_trigger_target_dag']) retrieved from /home/airflow/.local/lib/python3.6/site-packages/airflow/example_dags/example_trigger_target_dag.py
[2021-06-20 20:00:32,110] {logging_mixin.py:104} INFO - [2021-06-20 20:00:32,109] {dag.py:1832} INFO - Sync 1 DAGs
[2021-06-20 20:00:32,189] {logging_mixin.py:104} INFO - [2021-06-20 20:00:32,189] {dag.py:2305} INFO - Setting next_dagrun for example_trigger_target_dag to None
[2021-06-20 20:00:32,254] {scheduler_job.py:190} INFO - Processing /home/airflow/.local/lib/python3.6/site-packages/airflow/example_dags/example_trigger_target_dag.py took 0.348 seconds
[2021-06-20 20:01:02,512] {scheduler_job.py:182} INFO - Started process (PID=589) to work on /home/airflow/.local/lib/python3.6/site-packages/airflow/example_dags/example_trigger_target_dag.py
[2021-06-20 20:01:02,517] {scheduler_job.py:633} INFO - Processing file /home/airflow/.local/lib/python3.6/site-packages/airflow/example_dags/example_trigger_target_dag.py for tasks to queue
[2021-06-20 20:01:02,520] {logging_mixin.py:104} INFO - [2021-06-20 20:01:02,519] {dagbag.py:487} INFO - Filling up the DagBag from /home/airflow/.local/lib/python3.6/site-packages/airflow/example_dags/example_trigger_target_dag.py
[2021-06-20 20:01:02,604] {scheduler_job.py:643} INFO - DAG(s) dict_keys(['example_trigger_target_dag']) retrieved from /home/airflow/.local/lib/python3.6/site-packages/airflow/example_dags/example_trigger_target_dag.py
[2021-06-20 20:01:02,700] {logging_mixin.py:104} INFO - [2021-06-20 20:01:02,700] {dag.py:1832} INFO - Sync 1 DAGs
[2021-06-20 20:01:02,773] {logging_mixin.py:104} INFO - [2021-06-20 20:01:02,772] {dag.py:2305} INFO - Setting next_dagrun for example_trigger_target_dag to None
[2021-06-20 20:01:02,808] {scheduler_job.py:190} INFO - Processing /home/airflow/.local/lib/python3.6/site-packages/airflow/example_dags/example_trigger_target_dag.py took 0.310 seconds
[2021-06-20 20:01:33,120] {scheduler_job.py:182} INFO - Started process (PID=637) to work on /home/airflow/.local/lib/python3.6/site-packages/airflow/example_dags/example_trigger_target_dag.py
[2021-06-20 20:01:33,128] {scheduler_job.py:633} INFO - Processing file /home/airflow/.local/lib/python3.6/site-packages/airflow/example_dags/example_trigger_target_dag.py for tasks to queue
[2021-06-20 20:01:33,137] {logging_mixin.py:104} INFO - [2021-06-20 20:01:33,135] {dagbag.py:487} INFO - Filling up the DagBag from /home/airflow/.local/lib/python3.6/site-packages/airflow/example_dags/example_trigger_target_dag.py
[2021-06-20 20:01:33,261] {scheduler_job.py:643} INFO - DAG(s) dict_keys(['example_trigger_target_dag']) retrieved from /home/airflow/.local/lib/python3.6/site-packages/airflow/example_dags/example_trigger_target_dag.py
[2021-06-20 20:01:33,417] {logging_mixin.py:104} INFO - [2021-06-20 20:01:33,416] {dag.py:1832} INFO - Sync 1 DAGs
[2021-06-20 20:01:33,549] {logging_mixin.py:104} INFO - [2021-06-20 20:01:33,549] {dag.py:2305} INFO - Setting next_dagrun for example_trigger_target_dag to None
[2021-06-20 20:01:33,621] {scheduler_job.py:190} INFO - Processing /home/airflow/.local/lib/python3.6/site-packages/airflow/example_dags/example_trigger_target_dag.py took 0.529 seconds
[2021-06-20 20:02:04,586] {scheduler_job.py:182} INFO - Started process (PID=703) to work on /home/airflow/.local/lib/python3.6/site-packages/airflow/example_dags/example_trigger_target_dag.py
[2021-06-20 20:02:04,608] {scheduler_job.py:633} INFO - Processing file /home/airflow/.local/lib/python3.6/site-packages/airflow/example_dags/example_trigger_target_dag.py for tasks to queue
[2021-06-20 20:02:04,618] {logging_mixin.py:104} INFO - [2021-06-20 20:02:04,617] {dagbag.py:487} INFO - Filling up the DagBag from /home/airflow/.local/lib/python3.6/site-packages/airflow/example_dags/example_trigger_target_dag.py
[2021-06-20 20:02:04,815] {scheduler_job.py:643} INFO - DAG(s) dict_keys(['example_trigger_target_dag']) retrieved from /home/airflow/.local/lib/python3.6/site-packages/airflow/example_dags/example_trigger_target_dag.py
[2021-06-20 20:02:05,008] {logging_mixin.py:104} INFO - [2021-06-20 20:02:05,006] {dag.py:1832} INFO - Sync 1 DAGs
[2021-06-20 20:02:05,119] {logging_mixin.py:104} INFO - [2021-06-20 20:02:05,118] {dag.py:2305} INFO - Setting next_dagrun for example_trigger_target_dag to None
[2021-06-20 20:02:05,167] {scheduler_job.py:190} INFO - Processing /home/airflow/.local/lib/python3.6/site-packages/airflow/example_dags/example_trigger_target_dag.py took 0.614 seconds
[2021-06-20 20:02:35,981] {scheduler_job.py:182} INFO - Started process (PID=760) to work on /home/airflow/.local/lib/python3.6/site-packages/airflow/example_dags/example_trigger_target_dag.py
[2021-06-20 20:02:36,035] {scheduler_job.py:633} INFO - Processing file /home/airflow/.local/lib/python3.6/site-packages/airflow/example_dags/example_trigger_target_dag.py for tasks to queue
[2021-06-20 20:02:36,044] {logging_mixin.py:104} INFO - [2021-06-20 20:02:36,044] {dagbag.py:487} INFO - Filling up the DagBag from /home/airflow/.local/lib/python3.6/site-packages/airflow/example_dags/example_trigger_target_dag.py
[2021-06-20 20:02:36,395] {scheduler_job.py:643} INFO - DAG(s) dict_keys(['example_trigger_target_dag']) retrieved from /home/airflow/.local/lib/python3.6/site-packages/airflow/example_dags/example_trigger_target_dag.py
[2021-06-20 20:02:36,682] {logging_mixin.py:104} INFO - [2021-06-20 20:02:36,681] {dag.py:1832} INFO - Sync 1 DAGs
[2021-06-20 20:02:36,813] {logging_mixin.py:104} INFO - [2021-06-20 20:02:36,813] {dag.py:2305} INFO - Setting next_dagrun for example_trigger_target_dag to None
[2021-06-20 20:02:36,866] {scheduler_job.py:190} INFO - Processing /home/airflow/.local/lib/python3.6/site-packages/airflow/example_dags/example_trigger_target_dag.py took 0.974 seconds
[2021-06-20 20:03:07,319] {scheduler_job.py:182} INFO - Started process (PID=817) to work on /home/airflow/.local/lib/python3.6/site-packages/airflow/example_dags/example_trigger_target_dag.py
[2021-06-20 20:03:07,339] {scheduler_job.py:633} INFO - Processing file /home/airflow/.local/lib/python3.6/site-packages/airflow/example_dags/example_trigger_target_dag.py for tasks to queue
[2021-06-20 20:03:07,348] {logging_mixin.py:104} INFO - [2021-06-20 20:03:07,347] {dagbag.py:487} INFO - Filling up the DagBag from /home/airflow/.local/lib/python3.6/site-packages/airflow/example_dags/example_trigger_target_dag.py
[2021-06-20 20:03:07,507] {scheduler_job.py:643} INFO - DAG(s) dict_keys(['example_trigger_target_dag']) retrieved from /home/airflow/.local/lib/python3.6/site-packages/airflow/example_dags/example_trigger_target_dag.py
[2021-06-20 20:03:07,923] {logging_mixin.py:104} INFO - [2021-06-20 20:03:07,923] {dag.py:1832} INFO - Sync 1 DAGs
[2021-06-20 20:03:08,083] {logging_mixin.py:104} INFO - [2021-06-20 20:03:08,082] {dag.py:2305} INFO - Setting next_dagrun for example_trigger_target_dag to None
[2021-06-20 20:03:08,160] {scheduler_job.py:190} INFO - Processing /home/airflow/.local/lib/python3.6/site-packages/airflow/example_dags/example_trigger_target_dag.py took 0.894 seconds
[2021-06-20 20:03:39,149] {scheduler_job.py:182} INFO - Started process (PID=876) to work on /home/airflow/.local/lib/python3.6/site-packages/airflow/example_dags/example_trigger_target_dag.py
[2021-06-20 20:03:39,161] {scheduler_job.py:633} INFO - Processing file /home/airflow/.local/lib/python3.6/site-packages/airflow/example_dags/example_trigger_target_dag.py for tasks to queue
[2021-06-20 20:03:39,165] {logging_mixin.py:104} INFO - [2021-06-20 20:03:39,165] {dagbag.py:487} INFO - Filling up the DagBag from /home/airflow/.local/lib/python3.6/site-packages/airflow/example_dags/example_trigger_target_dag.py
[2021-06-20 20:03:39,283] {scheduler_job.py:643} INFO - DAG(s) dict_keys(['example_trigger_target_dag']) retrieved from /home/airflow/.local/lib/python3.6/site-packages/airflow/example_dags/example_trigger_target_dag.py
[2021-06-20 20:03:39,455] {logging_mixin.py:104} INFO - [2021-06-20 20:03:39,454] {dag.py:1832} INFO - Sync 1 DAGs
[2021-06-20 20:03:39,558] {logging_mixin.py:104} INFO - [2021-06-20 20:03:39,557] {dag.py:2305} INFO - Setting next_dagrun for example_trigger_target_dag to None
[2021-06-20 20:03:39,625] {scheduler_job.py:190} INFO - Processing /home/airflow/.local/lib/python3.6/site-packages/airflow/example_dags/example_trigger_target_dag.py took 0.503 seconds
[2021-06-20 20:04:10,384] {scheduler_job.py:182} INFO - Started process (PID=932) to work on /home/airflow/.local/lib/python3.6/site-packages/airflow/example_dags/example_trigger_target_dag.py
[2021-06-20 20:04:10,391] {scheduler_job.py:633} INFO - Processing file /home/airflow/.local/lib/python3.6/site-packages/airflow/example_dags/example_trigger_target_dag.py for tasks to queue
[2021-06-20 20:04:10,396] {logging_mixin.py:104} INFO - [2021-06-20 20:04:10,395] {dagbag.py:487} INFO - Filling up the DagBag from /home/airflow/.local/lib/python3.6/site-packages/airflow/example_dags/example_trigger_target_dag.py
[2021-06-20 20:04:10,466] {scheduler_job.py:643} INFO - DAG(s) dict_keys(['example_trigger_target_dag']) retrieved from /home/airflow/.local/lib/python3.6/site-packages/airflow/example_dags/example_trigger_target_dag.py
[2021-06-20 20:04:10,560] {logging_mixin.py:104} INFO - [2021-06-20 20:04:10,559] {dag.py:1832} INFO - Sync 1 DAGs
[2021-06-20 20:04:10,639] {logging_mixin.py:104} INFO - [2021-06-20 20:04:10,639] {dag.py:2305} INFO - Setting next_dagrun for example_trigger_target_dag to None
[2021-06-20 20:04:10,682] {scheduler_job.py:190} INFO - Processing /home/airflow/.local/lib/python3.6/site-packages/airflow/example_dags/example_trigger_target_dag.py took 0.316 seconds
[2021-06-20 20:04:41,308] {scheduler_job.py:182} INFO - Started process (PID=992) to work on /home/airflow/.local/lib/python3.6/site-packages/airflow/example_dags/example_trigger_target_dag.py
[2021-06-20 20:04:41,315] {scheduler_job.py:633} INFO - Processing file /home/airflow/.local/lib/python3.6/site-packages/airflow/example_dags/example_trigger_target_dag.py for tasks to queue
[2021-06-20 20:04:41,320] {logging_mixin.py:104} INFO - [2021-06-20 20:04:41,319] {dagbag.py:487} INFO - Filling up the DagBag from /home/airflow/.local/lib/python3.6/site-packages/airflow/example_dags/example_trigger_target_dag.py
[2021-06-20 20:04:41,400] {scheduler_job.py:643} INFO - DAG(s) dict_keys(['example_trigger_target_dag']) retrieved from /home/airflow/.local/lib/python3.6/site-packages/airflow/example_dags/example_trigger_target_dag.py
[2021-06-20 20:04:41,510] {logging_mixin.py:104} INFO - [2021-06-20 20:04:41,509] {dag.py:1832} INFO - Sync 1 DAGs
[2021-06-20 20:04:41,594] {logging_mixin.py:104} INFO - [2021-06-20 20:04:41,594] {dag.py:2305} INFO - Setting next_dagrun for example_trigger_target_dag to None
[2021-06-20 20:04:41,650] {scheduler_job.py:190} INFO - Processing /home/airflow/.local/lib/python3.6/site-packages/airflow/example_dags/example_trigger_target_dag.py took 0.361 seconds
