[2021-06-20 19:56:49,271] {scheduler_job.py:182} INFO - Started process (PID=59) to work on /home/airflow/.local/lib/python3.6/site-packages/airflow/example_dags/example_dag_decorator.py
[2021-06-20 19:56:49,272] {scheduler_job.py:633} INFO - Processing file /home/airflow/.local/lib/python3.6/site-packages/airflow/example_dags/example_dag_decorator.py for tasks to queue
[2021-06-20 19:56:49,273] {logging_mixin.py:104} INFO - [2021-06-20 19:56:49,273] {dagbag.py:487} INFO - Filling up the DagBag from /home/airflow/.local/lib/python3.6/site-packages/airflow/example_dags/example_dag_decorator.py
[2021-06-20 19:56:49,306] {scheduler_job.py:643} INFO - DAG(s) dict_keys(['example_dag_decorator']) retrieved from /home/airflow/.local/lib/python3.6/site-packages/airflow/example_dags/example_dag_decorator.py
[2021-06-20 19:56:52,418] {logging_mixin.py:104} INFO - [2021-06-20 19:56:52,408] {dag.py:1832} INFO - Sync 1 DAGs
[2021-06-20 19:56:52,447] {logging_mixin.py:104} INFO - [2021-06-20 19:56:52,443] {dag.py:1851} INFO - Creating ORM DAG for example_dag_decorator
[2021-06-20 19:56:52,455] {logging_mixin.py:104} INFO - [2021-06-20 19:56:52,455] {dag.py:2305} INFO - Setting next_dagrun for example_dag_decorator to None
[2021-06-20 19:56:52,477] {scheduler_job.py:190} INFO - Processing /home/airflow/.local/lib/python3.6/site-packages/airflow/example_dags/example_dag_decorator.py took 3.209 seconds
[2021-06-20 19:57:29,740] {scheduler_job.py:182} INFO - Started process (PID=169) to work on /home/airflow/.local/lib/python3.6/site-packages/airflow/example_dags/example_dag_decorator.py
[2021-06-20 19:57:29,742] {scheduler_job.py:633} INFO - Processing file /home/airflow/.local/lib/python3.6/site-packages/airflow/example_dags/example_dag_decorator.py for tasks to queue
[2021-06-20 19:57:29,743] {logging_mixin.py:104} INFO - [2021-06-20 19:57:29,743] {dagbag.py:487} INFO - Filling up the DagBag from /home/airflow/.local/lib/python3.6/site-packages/airflow/example_dags/example_dag_decorator.py
[2021-06-20 19:57:29,764] {scheduler_job.py:643} INFO - DAG(s) dict_keys(['example_dag_decorator']) retrieved from /home/airflow/.local/lib/python3.6/site-packages/airflow/example_dags/example_dag_decorator.py
[2021-06-20 19:57:30,037] {logging_mixin.py:104} INFO - [2021-06-20 19:57:30,037] {dag.py:1832} INFO - Sync 1 DAGs
[2021-06-20 19:57:30,047] {logging_mixin.py:104} INFO - [2021-06-20 19:57:30,047] {dag.py:2305} INFO - Setting next_dagrun for example_dag_decorator to None
[2021-06-20 19:57:30,057] {scheduler_job.py:190} INFO - Processing /home/airflow/.local/lib/python3.6/site-packages/airflow/example_dags/example_dag_decorator.py took 0.320 seconds
[2021-06-20 19:58:03,004] {scheduler_job.py:182} INFO - Started process (PID=253) to work on /home/airflow/.local/lib/python3.6/site-packages/airflow/example_dags/example_dag_decorator.py
[2021-06-20 19:58:03,010] {scheduler_job.py:633} INFO - Processing file /home/airflow/.local/lib/python3.6/site-packages/airflow/example_dags/example_dag_decorator.py for tasks to queue
[2021-06-20 19:58:03,014] {logging_mixin.py:104} INFO - [2021-06-20 19:58:03,013] {dagbag.py:487} INFO - Filling up the DagBag from /home/airflow/.local/lib/python3.6/site-packages/airflow/example_dags/example_dag_decorator.py
[2021-06-20 19:58:03,103] {scheduler_job.py:643} INFO - DAG(s) dict_keys(['example_dag_decorator']) retrieved from /home/airflow/.local/lib/python3.6/site-packages/airflow/example_dags/example_dag_decorator.py
[2021-06-20 19:58:04,394] {logging_mixin.py:104} INFO - [2021-06-20 19:58:04,393] {dag.py:1832} INFO - Sync 1 DAGs
[2021-06-20 19:58:04,441] {logging_mixin.py:104} INFO - [2021-06-20 19:58:04,441] {dag.py:2305} INFO - Setting next_dagrun for example_dag_decorator to None
[2021-06-20 19:58:04,499] {scheduler_job.py:190} INFO - Processing /home/airflow/.local/lib/python3.6/site-packages/airflow/example_dags/example_dag_decorator.py took 1.509 seconds
[2021-06-20 19:58:35,568] {scheduler_job.py:182} INFO - Started process (PID=310) to work on /home/airflow/.local/lib/python3.6/site-packages/airflow/example_dags/example_dag_decorator.py
[2021-06-20 19:58:35,576] {scheduler_job.py:633} INFO - Processing file /home/airflow/.local/lib/python3.6/site-packages/airflow/example_dags/example_dag_decorator.py for tasks to queue
[2021-06-20 19:58:35,580] {logging_mixin.py:104} INFO - [2021-06-20 19:58:35,579] {dagbag.py:487} INFO - Filling up the DagBag from /home/airflow/.local/lib/python3.6/site-packages/airflow/example_dags/example_dag_decorator.py
[2021-06-20 19:58:35,695] {scheduler_job.py:643} INFO - DAG(s) dict_keys(['example_dag_decorator']) retrieved from /home/airflow/.local/lib/python3.6/site-packages/airflow/example_dags/example_dag_decorator.py
[2021-06-20 19:58:37,426] {logging_mixin.py:104} INFO - [2021-06-20 19:58:37,426] {dag.py:1832} INFO - Sync 1 DAGs
[2021-06-20 19:58:37,480] {logging_mixin.py:104} INFO - [2021-06-20 19:58:37,480] {dag.py:2305} INFO - Setting next_dagrun for example_dag_decorator to None
[2021-06-20 19:58:37,519] {scheduler_job.py:190} INFO - Processing /home/airflow/.local/lib/python3.6/site-packages/airflow/example_dags/example_dag_decorator.py took 1.968 seconds
[2021-06-20 19:59:07,782] {scheduler_job.py:182} INFO - Started process (PID=370) to work on /home/airflow/.local/lib/python3.6/site-packages/airflow/example_dags/example_dag_decorator.py
[2021-06-20 19:59:07,792] {scheduler_job.py:633} INFO - Processing file /home/airflow/.local/lib/python3.6/site-packages/airflow/example_dags/example_dag_decorator.py for tasks to queue
[2021-06-20 19:59:07,797] {logging_mixin.py:104} INFO - [2021-06-20 19:59:07,796] {dagbag.py:487} INFO - Filling up the DagBag from /home/airflow/.local/lib/python3.6/site-packages/airflow/example_dags/example_dag_decorator.py
[2021-06-20 19:59:07,924] {scheduler_job.py:643} INFO - DAG(s) dict_keys(['example_dag_decorator']) retrieved from /home/airflow/.local/lib/python3.6/site-packages/airflow/example_dags/example_dag_decorator.py
[2021-06-20 19:59:09,550] {logging_mixin.py:104} INFO - [2021-06-20 19:59:09,550] {dag.py:1832} INFO - Sync 1 DAGs
[2021-06-20 19:59:09,614] {logging_mixin.py:104} INFO - [2021-06-20 19:59:09,614] {dag.py:2305} INFO - Setting next_dagrun for example_dag_decorator to None
[2021-06-20 19:59:09,660] {scheduler_job.py:190} INFO - Processing /home/airflow/.local/lib/python3.6/site-packages/airflow/example_dags/example_dag_decorator.py took 1.901 seconds
[2021-06-20 19:59:40,019] {scheduler_job.py:182} INFO - Started process (PID=430) to work on /home/airflow/.local/lib/python3.6/site-packages/airflow/example_dags/example_dag_decorator.py
[2021-06-20 19:59:40,027] {scheduler_job.py:633} INFO - Processing file /home/airflow/.local/lib/python3.6/site-packages/airflow/example_dags/example_dag_decorator.py for tasks to queue
[2021-06-20 19:59:40,032] {logging_mixin.py:104} INFO - [2021-06-20 19:59:40,031] {dagbag.py:487} INFO - Filling up the DagBag from /home/airflow/.local/lib/python3.6/site-packages/airflow/example_dags/example_dag_decorator.py
[2021-06-20 19:59:40,143] {scheduler_job.py:643} INFO - DAG(s) dict_keys(['example_dag_decorator']) retrieved from /home/airflow/.local/lib/python3.6/site-packages/airflow/example_dags/example_dag_decorator.py
[2021-06-20 19:59:42,257] {logging_mixin.py:104} INFO - [2021-06-20 19:59:42,257] {dag.py:1832} INFO - Sync 1 DAGs
[2021-06-20 19:59:42,307] {logging_mixin.py:104} INFO - [2021-06-20 19:59:42,307] {dag.py:2305} INFO - Setting next_dagrun for example_dag_decorator to None
[2021-06-20 19:59:42,354] {scheduler_job.py:190} INFO - Processing /home/airflow/.local/lib/python3.6/site-packages/airflow/example_dags/example_dag_decorator.py took 2.351 seconds
[2021-06-20 20:00:12,865] {scheduler_job.py:182} INFO - Started process (PID=489) to work on /home/airflow/.local/lib/python3.6/site-packages/airflow/example_dags/example_dag_decorator.py
[2021-06-20 20:00:12,871] {scheduler_job.py:633} INFO - Processing file /home/airflow/.local/lib/python3.6/site-packages/airflow/example_dags/example_dag_decorator.py for tasks to queue
[2021-06-20 20:00:12,875] {logging_mixin.py:104} INFO - [2021-06-20 20:00:12,874] {dagbag.py:487} INFO - Filling up the DagBag from /home/airflow/.local/lib/python3.6/site-packages/airflow/example_dags/example_dag_decorator.py
[2021-06-20 20:00:12,982] {scheduler_job.py:643} INFO - DAG(s) dict_keys(['example_dag_decorator']) retrieved from /home/airflow/.local/lib/python3.6/site-packages/airflow/example_dags/example_dag_decorator.py
[2021-06-20 20:00:14,915] {logging_mixin.py:104} INFO - [2021-06-20 20:00:14,915] {dag.py:1832} INFO - Sync 1 DAGs
[2021-06-20 20:00:14,976] {logging_mixin.py:104} INFO - [2021-06-20 20:00:14,976] {dag.py:2305} INFO - Setting next_dagrun for example_dag_decorator to None
[2021-06-20 20:00:15,068] {scheduler_job.py:190} INFO - Processing /home/airflow/.local/lib/python3.6/site-packages/airflow/example_dags/example_dag_decorator.py took 2.218 seconds
[2021-06-20 20:00:45,334] {scheduler_job.py:182} INFO - Started process (PID=559) to work on /home/airflow/.local/lib/python3.6/site-packages/airflow/example_dags/example_dag_decorator.py
[2021-06-20 20:00:45,339] {scheduler_job.py:633} INFO - Processing file /home/airflow/.local/lib/python3.6/site-packages/airflow/example_dags/example_dag_decorator.py for tasks to queue
[2021-06-20 20:00:45,342] {logging_mixin.py:104} INFO - [2021-06-20 20:00:45,342] {dagbag.py:487} INFO - Filling up the DagBag from /home/airflow/.local/lib/python3.6/site-packages/airflow/example_dags/example_dag_decorator.py
[2021-06-20 20:00:45,468] {scheduler_job.py:643} INFO - DAG(s) dict_keys(['example_dag_decorator']) retrieved from /home/airflow/.local/lib/python3.6/site-packages/airflow/example_dags/example_dag_decorator.py
[2021-06-20 20:00:45,579] {logging_mixin.py:104} INFO - [2021-06-20 20:00:45,578] {dag.py:1832} INFO - Sync 1 DAGs
[2021-06-20 20:00:45,668] {logging_mixin.py:104} INFO - [2021-06-20 20:00:45,668] {dag.py:2305} INFO - Setting next_dagrun for example_dag_decorator to None
[2021-06-20 20:00:45,718] {scheduler_job.py:190} INFO - Processing /home/airflow/.local/lib/python3.6/site-packages/airflow/example_dags/example_dag_decorator.py took 0.399 seconds
[2021-06-20 20:01:15,938] {scheduler_job.py:182} INFO - Started process (PID=614) to work on /home/airflow/.local/lib/python3.6/site-packages/airflow/example_dags/example_dag_decorator.py
[2021-06-20 20:01:15,945] {scheduler_job.py:633} INFO - Processing file /home/airflow/.local/lib/python3.6/site-packages/airflow/example_dags/example_dag_decorator.py for tasks to queue
[2021-06-20 20:01:15,954] {logging_mixin.py:104} INFO - [2021-06-20 20:01:15,951] {dagbag.py:487} INFO - Filling up the DagBag from /home/airflow/.local/lib/python3.6/site-packages/airflow/example_dags/example_dag_decorator.py
[2021-06-20 20:01:16,146] {scheduler_job.py:643} INFO - DAG(s) dict_keys(['example_dag_decorator']) retrieved from /home/airflow/.local/lib/python3.6/site-packages/airflow/example_dags/example_dag_decorator.py
[2021-06-20 20:01:18,051] {logging_mixin.py:104} INFO - [2021-06-20 20:01:18,051] {dag.py:1832} INFO - Sync 1 DAGs
[2021-06-20 20:01:18,145] {logging_mixin.py:104} INFO - [2021-06-20 20:01:18,144] {dag.py:2305} INFO - Setting next_dagrun for example_dag_decorator to None
[2021-06-20 20:01:18,207] {scheduler_job.py:190} INFO - Processing /home/airflow/.local/lib/python3.6/site-packages/airflow/example_dags/example_dag_decorator.py took 2.290 seconds
[2021-06-20 20:01:48,359] {scheduler_job.py:182} INFO - Started process (PID=672) to work on /home/airflow/.local/lib/python3.6/site-packages/airflow/example_dags/example_dag_decorator.py
[2021-06-20 20:01:48,367] {scheduler_job.py:633} INFO - Processing file /home/airflow/.local/lib/python3.6/site-packages/airflow/example_dags/example_dag_decorator.py for tasks to queue
[2021-06-20 20:01:48,371] {logging_mixin.py:104} INFO - [2021-06-20 20:01:48,370] {dagbag.py:487} INFO - Filling up the DagBag from /home/airflow/.local/lib/python3.6/site-packages/airflow/example_dags/example_dag_decorator.py
[2021-06-20 20:01:48,479] {scheduler_job.py:643} INFO - DAG(s) dict_keys(['example_dag_decorator']) retrieved from /home/airflow/.local/lib/python3.6/site-packages/airflow/example_dags/example_dag_decorator.py
[2021-06-20 20:01:50,049] {logging_mixin.py:104} INFO - [2021-06-20 20:01:50,049] {dag.py:1832} INFO - Sync 1 DAGs
[2021-06-20 20:01:50,120] {logging_mixin.py:104} INFO - [2021-06-20 20:01:50,120] {dag.py:2305} INFO - Setting next_dagrun for example_dag_decorator to None
[2021-06-20 20:01:50,171] {scheduler_job.py:190} INFO - Processing /home/airflow/.local/lib/python3.6/site-packages/airflow/example_dags/example_dag_decorator.py took 1.834 seconds
[2021-06-20 20:02:20,469] {scheduler_job.py:182} INFO - Started process (PID=732) to work on /home/airflow/.local/lib/python3.6/site-packages/airflow/example_dags/example_dag_decorator.py
[2021-06-20 20:02:20,477] {scheduler_job.py:633} INFO - Processing file /home/airflow/.local/lib/python3.6/site-packages/airflow/example_dags/example_dag_decorator.py for tasks to queue
[2021-06-20 20:02:20,485] {logging_mixin.py:104} INFO - [2021-06-20 20:02:20,484] {dagbag.py:487} INFO - Filling up the DagBag from /home/airflow/.local/lib/python3.6/site-packages/airflow/example_dags/example_dag_decorator.py
[2021-06-20 20:02:20,604] {scheduler_job.py:643} INFO - DAG(s) dict_keys(['example_dag_decorator']) retrieved from /home/airflow/.local/lib/python3.6/site-packages/airflow/example_dags/example_dag_decorator.py
[2021-06-20 20:02:22,557] {logging_mixin.py:104} INFO - [2021-06-20 20:02:22,557] {dag.py:1832} INFO - Sync 1 DAGs
[2021-06-20 20:02:22,628] {logging_mixin.py:104} INFO - [2021-06-20 20:02:22,627] {dag.py:2305} INFO - Setting next_dagrun for example_dag_decorator to None
[2021-06-20 20:02:22,674] {scheduler_job.py:190} INFO - Processing /home/airflow/.local/lib/python3.6/site-packages/airflow/example_dags/example_dag_decorator.py took 2.234 seconds
[2021-06-20 20:02:53,691] {scheduler_job.py:182} INFO - Started process (PID=795) to work on /home/airflow/.local/lib/python3.6/site-packages/airflow/example_dags/example_dag_decorator.py
[2021-06-20 20:02:53,697] {scheduler_job.py:633} INFO - Processing file /home/airflow/.local/lib/python3.6/site-packages/airflow/example_dags/example_dag_decorator.py for tasks to queue
[2021-06-20 20:02:53,701] {logging_mixin.py:104} INFO - [2021-06-20 20:02:53,700] {dagbag.py:487} INFO - Filling up the DagBag from /home/airflow/.local/lib/python3.6/site-packages/airflow/example_dags/example_dag_decorator.py
[2021-06-20 20:02:53,864] {scheduler_job.py:643} INFO - DAG(s) dict_keys(['example_dag_decorator']) retrieved from /home/airflow/.local/lib/python3.6/site-packages/airflow/example_dags/example_dag_decorator.py
[2021-06-20 20:02:56,143] {logging_mixin.py:104} INFO - [2021-06-20 20:02:56,142] {dag.py:1832} INFO - Sync 1 DAGs
[2021-06-20 20:02:56,294] {logging_mixin.py:104} INFO - [2021-06-20 20:02:56,290] {dag.py:2305} INFO - Setting next_dagrun for example_dag_decorator to None
[2021-06-20 20:02:56,415] {scheduler_job.py:190} INFO - Processing /home/airflow/.local/lib/python3.6/site-packages/airflow/example_dags/example_dag_decorator.py took 2.741 seconds
[2021-06-20 20:03:26,773] {scheduler_job.py:182} INFO - Started process (PID=855) to work on /home/airflow/.local/lib/python3.6/site-packages/airflow/example_dags/example_dag_decorator.py
[2021-06-20 20:03:26,786] {scheduler_job.py:633} INFO - Processing file /home/airflow/.local/lib/python3.6/site-packages/airflow/example_dags/example_dag_decorator.py for tasks to queue
[2021-06-20 20:03:26,796] {logging_mixin.py:104} INFO - [2021-06-20 20:03:26,795] {dagbag.py:487} INFO - Filling up the DagBag from /home/airflow/.local/lib/python3.6/site-packages/airflow/example_dags/example_dag_decorator.py
[2021-06-20 20:03:27,010] {scheduler_job.py:643} INFO - DAG(s) dict_keys(['example_dag_decorator']) retrieved from /home/airflow/.local/lib/python3.6/site-packages/airflow/example_dags/example_dag_decorator.py
[2021-06-20 20:03:29,220] {logging_mixin.py:104} INFO - [2021-06-20 20:03:29,219] {dag.py:1832} INFO - Sync 1 DAGs
[2021-06-20 20:03:29,356] {logging_mixin.py:104} INFO - [2021-06-20 20:03:29,356] {dag.py:2305} INFO - Setting next_dagrun for example_dag_decorator to None
[2021-06-20 20:03:29,421] {scheduler_job.py:190} INFO - Processing /home/airflow/.local/lib/python3.6/site-packages/airflow/example_dags/example_dag_decorator.py took 2.671 seconds
[2021-06-20 20:03:59,577] {scheduler_job.py:182} INFO - Started process (PID=916) to work on /home/airflow/.local/lib/python3.6/site-packages/airflow/example_dags/example_dag_decorator.py
[2021-06-20 20:03:59,586] {scheduler_job.py:633} INFO - Processing file /home/airflow/.local/lib/python3.6/site-packages/airflow/example_dags/example_dag_decorator.py for tasks to queue
[2021-06-20 20:03:59,590] {logging_mixin.py:104} INFO - [2021-06-20 20:03:59,590] {dagbag.py:487} INFO - Filling up the DagBag from /home/airflow/.local/lib/python3.6/site-packages/airflow/example_dags/example_dag_decorator.py
[2021-06-20 20:03:59,692] {scheduler_job.py:643} INFO - DAG(s) dict_keys(['example_dag_decorator']) retrieved from /home/airflow/.local/lib/python3.6/site-packages/airflow/example_dags/example_dag_decorator.py
[2021-06-20 20:04:02,682] {logging_mixin.py:104} INFO - [2021-06-20 20:04:02,681] {dag.py:1832} INFO - Sync 1 DAGs
[2021-06-20 20:04:02,826] {logging_mixin.py:104} INFO - [2021-06-20 20:04:02,825] {dag.py:2305} INFO - Setting next_dagrun for example_dag_decorator to None
[2021-06-20 20:04:02,909] {scheduler_job.py:190} INFO - Processing /home/airflow/.local/lib/python3.6/site-packages/airflow/example_dags/example_dag_decorator.py took 3.348 seconds
[2021-06-20 20:04:33,521] {scheduler_job.py:182} INFO - Started process (PID=972) to work on /home/airflow/.local/lib/python3.6/site-packages/airflow/example_dags/example_dag_decorator.py
[2021-06-20 20:04:33,528] {scheduler_job.py:633} INFO - Processing file /home/airflow/.local/lib/python3.6/site-packages/airflow/example_dags/example_dag_decorator.py for tasks to queue
[2021-06-20 20:04:33,534] {logging_mixin.py:104} INFO - [2021-06-20 20:04:33,531] {dagbag.py:487} INFO - Filling up the DagBag from /home/airflow/.local/lib/python3.6/site-packages/airflow/example_dags/example_dag_decorator.py
[2021-06-20 20:04:33,634] {scheduler_job.py:643} INFO - DAG(s) dict_keys(['example_dag_decorator']) retrieved from /home/airflow/.local/lib/python3.6/site-packages/airflow/example_dags/example_dag_decorator.py
[2021-06-20 20:04:35,559] {logging_mixin.py:104} INFO - [2021-06-20 20:04:35,558] {dag.py:1832} INFO - Sync 1 DAGs
[2021-06-20 20:04:35,613] {logging_mixin.py:104} INFO - [2021-06-20 20:04:35,613] {dag.py:2305} INFO - Setting next_dagrun for example_dag_decorator to None
[2021-06-20 20:04:35,660] {scheduler_job.py:190} INFO - Processing /home/airflow/.local/lib/python3.6/site-packages/airflow/example_dags/example_dag_decorator.py took 2.156 seconds
