[2021-06-20 19:56:34,194] {scheduler_job.py:182} INFO - Started process (PID=34) to work on /home/airflow/.local/lib/python3.6/site-packages/airflow/example_dags/example_short_circuit_operator.py
[2021-06-20 19:56:34,196] {scheduler_job.py:633} INFO - Processing file /home/airflow/.local/lib/python3.6/site-packages/airflow/example_dags/example_short_circuit_operator.py for tasks to queue
[2021-06-20 19:56:34,198] {logging_mixin.py:104} INFO - [2021-06-20 19:56:34,197] {dagbag.py:487} INFO - Filling up the DagBag from /home/airflow/.local/lib/python3.6/site-packages/airflow/example_dags/example_short_circuit_operator.py
[2021-06-20 19:56:34,240] {scheduler_job.py:643} INFO - DAG(s) dict_keys(['example_short_circuit_operator']) retrieved from /home/airflow/.local/lib/python3.6/site-packages/airflow/example_dags/example_short_circuit_operator.py
[2021-06-20 19:56:45,886] {logging_mixin.py:104} INFO - [2021-06-20 19:56:45,884] {dag.py:1832} INFO - Sync 1 DAGs
[2021-06-20 19:56:45,905] {logging_mixin.py:104} INFO - [2021-06-20 19:56:45,903] {dag.py:1851} INFO - Creating ORM DAG for example_short_circuit_operator
[2021-06-20 19:56:45,913] {logging_mixin.py:104} INFO - [2021-06-20 19:56:45,913] {dag.py:2305} INFO - Setting next_dagrun for example_short_circuit_operator to 2021-06-18 00:00:00+00:00
[2021-06-20 19:56:45,927] {scheduler_job.py:190} INFO - Processing /home/airflow/.local/lib/python3.6/site-packages/airflow/example_dags/example_short_circuit_operator.py took 11.738 seconds
[2021-06-20 19:57:29,465] {scheduler_job.py:182} INFO - Started process (PID=165) to work on /home/airflow/.local/lib/python3.6/site-packages/airflow/example_dags/example_short_circuit_operator.py
[2021-06-20 19:57:29,467] {scheduler_job.py:633} INFO - Processing file /home/airflow/.local/lib/python3.6/site-packages/airflow/example_dags/example_short_circuit_operator.py for tasks to queue
[2021-06-20 19:57:29,474] {logging_mixin.py:104} INFO - [2021-06-20 19:57:29,473] {dagbag.py:487} INFO - Filling up the DagBag from /home/airflow/.local/lib/python3.6/site-packages/airflow/example_dags/example_short_circuit_operator.py
[2021-06-20 19:57:29,490] {scheduler_job.py:643} INFO - DAG(s) dict_keys(['example_short_circuit_operator']) retrieved from /home/airflow/.local/lib/python3.6/site-packages/airflow/example_dags/example_short_circuit_operator.py
[2021-06-20 19:57:29,510] {logging_mixin.py:104} INFO - [2021-06-20 19:57:29,510] {dag.py:1832} INFO - Sync 1 DAGs
[2021-06-20 19:57:29,525] {logging_mixin.py:104} INFO - [2021-06-20 19:57:29,524] {dag.py:2305} INFO - Setting next_dagrun for example_short_circuit_operator to 2021-06-18 00:00:00+00:00
[2021-06-20 19:57:29,534] {scheduler_job.py:190} INFO - Processing /home/airflow/.local/lib/python3.6/site-packages/airflow/example_dags/example_short_circuit_operator.py took 0.071 seconds
[2021-06-20 19:58:00,021] {scheduler_job.py:182} INFO - Started process (PID=238) to work on /home/airflow/.local/lib/python3.6/site-packages/airflow/example_dags/example_short_circuit_operator.py
[2021-06-20 19:58:00,028] {scheduler_job.py:633} INFO - Processing file /home/airflow/.local/lib/python3.6/site-packages/airflow/example_dags/example_short_circuit_operator.py for tasks to queue
[2021-06-20 19:58:00,033] {logging_mixin.py:104} INFO - [2021-06-20 19:58:00,032] {dagbag.py:487} INFO - Filling up the DagBag from /home/airflow/.local/lib/python3.6/site-packages/airflow/example_dags/example_short_circuit_operator.py
[2021-06-20 19:58:00,100] {scheduler_job.py:643} INFO - DAG(s) dict_keys(['example_short_circuit_operator']) retrieved from /home/airflow/.local/lib/python3.6/site-packages/airflow/example_dags/example_short_circuit_operator.py
[2021-06-20 19:58:00,277] {logging_mixin.py:104} INFO - [2021-06-20 19:58:00,277] {dag.py:1832} INFO - Sync 1 DAGs
[2021-06-20 19:58:00,402] {logging_mixin.py:104} INFO - [2021-06-20 19:58:00,401] {dag.py:2305} INFO - Setting next_dagrun for example_short_circuit_operator to 2021-06-18 00:00:00+00:00
[2021-06-20 19:58:00,438] {scheduler_job.py:190} INFO - Processing /home/airflow/.local/lib/python3.6/site-packages/airflow/example_dags/example_short_circuit_operator.py took 0.453 seconds
[2021-06-20 19:58:31,213] {scheduler_job.py:182} INFO - Started process (PID=294) to work on /home/airflow/.local/lib/python3.6/site-packages/airflow/example_dags/example_short_circuit_operator.py
[2021-06-20 19:58:31,220] {scheduler_job.py:633} INFO - Processing file /home/airflow/.local/lib/python3.6/site-packages/airflow/example_dags/example_short_circuit_operator.py for tasks to queue
[2021-06-20 19:58:31,223] {logging_mixin.py:104} INFO - [2021-06-20 19:58:31,223] {dagbag.py:487} INFO - Filling up the DagBag from /home/airflow/.local/lib/python3.6/site-packages/airflow/example_dags/example_short_circuit_operator.py
[2021-06-20 19:58:31,294] {scheduler_job.py:643} INFO - DAG(s) dict_keys(['example_short_circuit_operator']) retrieved from /home/airflow/.local/lib/python3.6/site-packages/airflow/example_dags/example_short_circuit_operator.py
[2021-06-20 19:58:31,430] {logging_mixin.py:104} INFO - [2021-06-20 19:58:31,430] {dag.py:1832} INFO - Sync 1 DAGs
[2021-06-20 19:58:31,523] {logging_mixin.py:104} INFO - [2021-06-20 19:58:31,522] {dag.py:2305} INFO - Setting next_dagrun for example_short_circuit_operator to 2021-06-18 00:00:00+00:00
[2021-06-20 19:58:31,566] {scheduler_job.py:190} INFO - Processing /home/airflow/.local/lib/python3.6/site-packages/airflow/example_dags/example_short_circuit_operator.py took 0.367 seconds
[2021-06-20 19:59:02,138] {scheduler_job.py:182} INFO - Started process (PID=354) to work on /home/airflow/.local/lib/python3.6/site-packages/airflow/example_dags/example_short_circuit_operator.py
[2021-06-20 19:59:02,147] {scheduler_job.py:633} INFO - Processing file /home/airflow/.local/lib/python3.6/site-packages/airflow/example_dags/example_short_circuit_operator.py for tasks to queue
[2021-06-20 19:59:02,153] {logging_mixin.py:104} INFO - [2021-06-20 19:59:02,151] {dagbag.py:487} INFO - Filling up the DagBag from /home/airflow/.local/lib/python3.6/site-packages/airflow/example_dags/example_short_circuit_operator.py
[2021-06-20 19:59:02,256] {scheduler_job.py:643} INFO - DAG(s) dict_keys(['example_short_circuit_operator']) retrieved from /home/airflow/.local/lib/python3.6/site-packages/airflow/example_dags/example_short_circuit_operator.py
[2021-06-20 19:59:02,376] {logging_mixin.py:104} INFO - [2021-06-20 19:59:02,376] {dag.py:1832} INFO - Sync 1 DAGs
[2021-06-20 19:59:02,458] {logging_mixin.py:104} INFO - [2021-06-20 19:59:02,458] {dag.py:2305} INFO - Setting next_dagrun for example_short_circuit_operator to 2021-06-18 00:00:00+00:00
[2021-06-20 19:59:02,504] {scheduler_job.py:190} INFO - Processing /home/airflow/.local/lib/python3.6/site-packages/airflow/example_dags/example_short_circuit_operator.py took 0.379 seconds
[2021-06-20 19:59:33,192] {scheduler_job.py:182} INFO - Started process (PID=410) to work on /home/airflow/.local/lib/python3.6/site-packages/airflow/example_dags/example_short_circuit_operator.py
[2021-06-20 19:59:33,198] {scheduler_job.py:633} INFO - Processing file /home/airflow/.local/lib/python3.6/site-packages/airflow/example_dags/example_short_circuit_operator.py for tasks to queue
[2021-06-20 19:59:33,203] {logging_mixin.py:104} INFO - [2021-06-20 19:59:33,202] {dagbag.py:487} INFO - Filling up the DagBag from /home/airflow/.local/lib/python3.6/site-packages/airflow/example_dags/example_short_circuit_operator.py
[2021-06-20 19:59:33,259] {scheduler_job.py:643} INFO - DAG(s) dict_keys(['example_short_circuit_operator']) retrieved from /home/airflow/.local/lib/python3.6/site-packages/airflow/example_dags/example_short_circuit_operator.py
[2021-06-20 19:59:33,352] {logging_mixin.py:104} INFO - [2021-06-20 19:59:33,352] {dag.py:1832} INFO - Sync 1 DAGs
[2021-06-20 19:59:33,420] {logging_mixin.py:104} INFO - [2021-06-20 19:59:33,420] {dag.py:2305} INFO - Setting next_dagrun for example_short_circuit_operator to 2021-06-18 00:00:00+00:00
[2021-06-20 19:59:33,461] {scheduler_job.py:190} INFO - Processing /home/airflow/.local/lib/python3.6/site-packages/airflow/example_dags/example_short_circuit_operator.py took 0.288 seconds
[2021-06-20 20:00:04,171] {scheduler_job.py:182} INFO - Started process (PID=477) to work on /home/airflow/.local/lib/python3.6/site-packages/airflow/example_dags/example_short_circuit_operator.py
[2021-06-20 20:00:04,177] {scheduler_job.py:633} INFO - Processing file /home/airflow/.local/lib/python3.6/site-packages/airflow/example_dags/example_short_circuit_operator.py for tasks to queue
[2021-06-20 20:00:04,181] {logging_mixin.py:104} INFO - [2021-06-20 20:00:04,181] {dagbag.py:487} INFO - Filling up the DagBag from /home/airflow/.local/lib/python3.6/site-packages/airflow/example_dags/example_short_circuit_operator.py
[2021-06-20 20:00:04,282] {scheduler_job.py:643} INFO - DAG(s) dict_keys(['example_short_circuit_operator']) retrieved from /home/airflow/.local/lib/python3.6/site-packages/airflow/example_dags/example_short_circuit_operator.py
[2021-06-20 20:00:04,382] {logging_mixin.py:104} INFO - [2021-06-20 20:00:04,381] {dag.py:1832} INFO - Sync 1 DAGs
[2021-06-20 20:00:04,525] {logging_mixin.py:104} INFO - [2021-06-20 20:00:04,524] {dag.py:2305} INFO - Setting next_dagrun for example_short_circuit_operator to 2021-06-18 00:00:00+00:00
[2021-06-20 20:00:04,563] {scheduler_job.py:190} INFO - Processing /home/airflow/.local/lib/python3.6/site-packages/airflow/example_dags/example_short_circuit_operator.py took 0.409 seconds
[2021-06-20 20:00:34,844] {scheduler_job.py:182} INFO - Started process (PID=534) to work on /home/airflow/.local/lib/python3.6/site-packages/airflow/example_dags/example_short_circuit_operator.py
[2021-06-20 20:00:34,849] {scheduler_job.py:633} INFO - Processing file /home/airflow/.local/lib/python3.6/site-packages/airflow/example_dags/example_short_circuit_operator.py for tasks to queue
[2021-06-20 20:00:34,852] {logging_mixin.py:104} INFO - [2021-06-20 20:00:34,852] {dagbag.py:487} INFO - Filling up the DagBag from /home/airflow/.local/lib/python3.6/site-packages/airflow/example_dags/example_short_circuit_operator.py
[2021-06-20 20:00:34,922] {scheduler_job.py:643} INFO - DAG(s) dict_keys(['example_short_circuit_operator']) retrieved from /home/airflow/.local/lib/python3.6/site-packages/airflow/example_dags/example_short_circuit_operator.py
[2021-06-20 20:00:35,028] {logging_mixin.py:104} INFO - [2021-06-20 20:00:35,028] {dag.py:1832} INFO - Sync 1 DAGs
[2021-06-20 20:00:35,110] {logging_mixin.py:104} INFO - [2021-06-20 20:00:35,110] {dag.py:2305} INFO - Setting next_dagrun for example_short_circuit_operator to 2021-06-18 00:00:00+00:00
[2021-06-20 20:00:35,152] {scheduler_job.py:190} INFO - Processing /home/airflow/.local/lib/python3.6/site-packages/airflow/example_dags/example_short_circuit_operator.py took 0.326 seconds
[2021-06-20 20:01:05,577] {scheduler_job.py:182} INFO - Started process (PID=593) to work on /home/airflow/.local/lib/python3.6/site-packages/airflow/example_dags/example_short_circuit_operator.py
[2021-06-20 20:01:05,591] {scheduler_job.py:633} INFO - Processing file /home/airflow/.local/lib/python3.6/site-packages/airflow/example_dags/example_short_circuit_operator.py for tasks to queue
[2021-06-20 20:01:05,598] {logging_mixin.py:104} INFO - [2021-06-20 20:01:05,598] {dagbag.py:487} INFO - Filling up the DagBag from /home/airflow/.local/lib/python3.6/site-packages/airflow/example_dags/example_short_circuit_operator.py
[2021-06-20 20:01:05,712] {scheduler_job.py:643} INFO - DAG(s) dict_keys(['example_short_circuit_operator']) retrieved from /home/airflow/.local/lib/python3.6/site-packages/airflow/example_dags/example_short_circuit_operator.py
[2021-06-20 20:01:05,852] {logging_mixin.py:104} INFO - [2021-06-20 20:01:05,851] {dag.py:1832} INFO - Sync 1 DAGs
[2021-06-20 20:01:05,977] {logging_mixin.py:104} INFO - [2021-06-20 20:01:05,976] {dag.py:2305} INFO - Setting next_dagrun for example_short_circuit_operator to 2021-06-18 00:00:00+00:00
[2021-06-20 20:01:06,028] {scheduler_job.py:190} INFO - Processing /home/airflow/.local/lib/python3.6/site-packages/airflow/example_dags/example_short_circuit_operator.py took 0.507 seconds
[2021-06-20 20:01:36,174] {scheduler_job.py:182} INFO - Started process (PID=649) to work on /home/airflow/.local/lib/python3.6/site-packages/airflow/example_dags/example_short_circuit_operator.py
[2021-06-20 20:01:36,189] {scheduler_job.py:633} INFO - Processing file /home/airflow/.local/lib/python3.6/site-packages/airflow/example_dags/example_short_circuit_operator.py for tasks to queue
[2021-06-20 20:01:36,195] {logging_mixin.py:104} INFO - [2021-06-20 20:01:36,194] {dagbag.py:487} INFO - Filling up the DagBag from /home/airflow/.local/lib/python3.6/site-packages/airflow/example_dags/example_short_circuit_operator.py
[2021-06-20 20:01:36,392] {scheduler_job.py:643} INFO - DAG(s) dict_keys(['example_short_circuit_operator']) retrieved from /home/airflow/.local/lib/python3.6/site-packages/airflow/example_dags/example_short_circuit_operator.py
[2021-06-20 20:01:36,637] {logging_mixin.py:104} INFO - [2021-06-20 20:01:36,636] {dag.py:1832} INFO - Sync 1 DAGs
[2021-06-20 20:01:36,776] {logging_mixin.py:104} INFO - [2021-06-20 20:01:36,775] {dag.py:2305} INFO - Setting next_dagrun for example_short_circuit_operator to 2021-06-18 00:00:00+00:00
[2021-06-20 20:01:36,845] {scheduler_job.py:190} INFO - Processing /home/airflow/.local/lib/python3.6/site-packages/airflow/example_dags/example_short_circuit_operator.py took 0.695 seconds
[2021-06-20 20:02:07,474] {scheduler_job.py:182} INFO - Started process (PID=705) to work on /home/airflow/.local/lib/python3.6/site-packages/airflow/example_dags/example_short_circuit_operator.py
[2021-06-20 20:02:07,488] {scheduler_job.py:633} INFO - Processing file /home/airflow/.local/lib/python3.6/site-packages/airflow/example_dags/example_short_circuit_operator.py for tasks to queue
[2021-06-20 20:02:07,493] {logging_mixin.py:104} INFO - [2021-06-20 20:02:07,493] {dagbag.py:487} INFO - Filling up the DagBag from /home/airflow/.local/lib/python3.6/site-packages/airflow/example_dags/example_short_circuit_operator.py
[2021-06-20 20:02:07,604] {scheduler_job.py:643} INFO - DAG(s) dict_keys(['example_short_circuit_operator']) retrieved from /home/airflow/.local/lib/python3.6/site-packages/airflow/example_dags/example_short_circuit_operator.py
[2021-06-20 20:02:07,788] {logging_mixin.py:104} INFO - [2021-06-20 20:02:07,787] {dag.py:1832} INFO - Sync 1 DAGs
[2021-06-20 20:02:07,958] {logging_mixin.py:104} INFO - [2021-06-20 20:02:07,947] {dag.py:2305} INFO - Setting next_dagrun for example_short_circuit_operator to 2021-06-18 00:00:00+00:00
[2021-06-20 20:02:08,034] {scheduler_job.py:190} INFO - Processing /home/airflow/.local/lib/python3.6/site-packages/airflow/example_dags/example_short_circuit_operator.py took 0.593 seconds
[2021-06-20 20:02:38,569] {scheduler_job.py:182} INFO - Started process (PID=763) to work on /home/airflow/.local/lib/python3.6/site-packages/airflow/example_dags/example_short_circuit_operator.py
[2021-06-20 20:02:38,579] {scheduler_job.py:633} INFO - Processing file /home/airflow/.local/lib/python3.6/site-packages/airflow/example_dags/example_short_circuit_operator.py for tasks to queue
[2021-06-20 20:02:38,584] {logging_mixin.py:104} INFO - [2021-06-20 20:02:38,583] {dagbag.py:487} INFO - Filling up the DagBag from /home/airflow/.local/lib/python3.6/site-packages/airflow/example_dags/example_short_circuit_operator.py
[2021-06-20 20:02:38,679] {scheduler_job.py:643} INFO - DAG(s) dict_keys(['example_short_circuit_operator']) retrieved from /home/airflow/.local/lib/python3.6/site-packages/airflow/example_dags/example_short_circuit_operator.py
[2021-06-20 20:02:38,875] {logging_mixin.py:104} INFO - [2021-06-20 20:02:38,874] {dag.py:1832} INFO - Sync 1 DAGs
[2021-06-20 20:02:39,074] {logging_mixin.py:104} INFO - [2021-06-20 20:02:39,073] {dag.py:2305} INFO - Setting next_dagrun for example_short_circuit_operator to 2021-06-18 00:00:00+00:00
[2021-06-20 20:02:39,129] {scheduler_job.py:190} INFO - Processing /home/airflow/.local/lib/python3.6/site-packages/airflow/example_dags/example_short_circuit_operator.py took 0.620 seconds
[2021-06-20 20:03:09,312] {scheduler_job.py:182} INFO - Started process (PID=819) to work on /home/airflow/.local/lib/python3.6/site-packages/airflow/example_dags/example_short_circuit_operator.py
[2021-06-20 20:03:09,323] {scheduler_job.py:633} INFO - Processing file /home/airflow/.local/lib/python3.6/site-packages/airflow/example_dags/example_short_circuit_operator.py for tasks to queue
[2021-06-20 20:03:09,328] {logging_mixin.py:104} INFO - [2021-06-20 20:03:09,327] {dagbag.py:487} INFO - Filling up the DagBag from /home/airflow/.local/lib/python3.6/site-packages/airflow/example_dags/example_short_circuit_operator.py
[2021-06-20 20:03:09,406] {scheduler_job.py:643} INFO - DAG(s) dict_keys(['example_short_circuit_operator']) retrieved from /home/airflow/.local/lib/python3.6/site-packages/airflow/example_dags/example_short_circuit_operator.py
[2021-06-20 20:03:09,521] {logging_mixin.py:104} INFO - [2021-06-20 20:03:09,521] {dag.py:1832} INFO - Sync 1 DAGs
[2021-06-20 20:03:09,609] {logging_mixin.py:104} INFO - [2021-06-20 20:03:09,609] {dag.py:2305} INFO - Setting next_dagrun for example_short_circuit_operator to 2021-06-18 00:00:00+00:00
[2021-06-20 20:03:09,653] {scheduler_job.py:190} INFO - Processing /home/airflow/.local/lib/python3.6/site-packages/airflow/example_dags/example_short_circuit_operator.py took 0.357 seconds
[2021-06-20 20:03:39,807] {scheduler_job.py:182} INFO - Started process (PID=877) to work on /home/airflow/.local/lib/python3.6/site-packages/airflow/example_dags/example_short_circuit_operator.py
[2021-06-20 20:03:39,814] {scheduler_job.py:633} INFO - Processing file /home/airflow/.local/lib/python3.6/site-packages/airflow/example_dags/example_short_circuit_operator.py for tasks to queue
[2021-06-20 20:03:39,819] {logging_mixin.py:104} INFO - [2021-06-20 20:03:39,819] {dagbag.py:487} INFO - Filling up the DagBag from /home/airflow/.local/lib/python3.6/site-packages/airflow/example_dags/example_short_circuit_operator.py
[2021-06-20 20:03:39,936] {scheduler_job.py:643} INFO - DAG(s) dict_keys(['example_short_circuit_operator']) retrieved from /home/airflow/.local/lib/python3.6/site-packages/airflow/example_dags/example_short_circuit_operator.py
[2021-06-20 20:03:40,144] {logging_mixin.py:104} INFO - [2021-06-20 20:03:40,143] {dag.py:1832} INFO - Sync 1 DAGs
[2021-06-20 20:03:40,365] {logging_mixin.py:104} INFO - [2021-06-20 20:03:40,364] {dag.py:2305} INFO - Setting next_dagrun for example_short_circuit_operator to 2021-06-18 00:00:00+00:00
[2021-06-20 20:03:40,430] {scheduler_job.py:190} INFO - Processing /home/airflow/.local/lib/python3.6/site-packages/airflow/example_dags/example_short_circuit_operator.py took 0.642 seconds
[2021-06-20 20:04:10,610] {scheduler_job.py:182} INFO - Started process (PID=933) to work on /home/airflow/.local/lib/python3.6/site-packages/airflow/example_dags/example_short_circuit_operator.py
[2021-06-20 20:04:10,617] {scheduler_job.py:633} INFO - Processing file /home/airflow/.local/lib/python3.6/site-packages/airflow/example_dags/example_short_circuit_operator.py for tasks to queue
[2021-06-20 20:04:10,622] {logging_mixin.py:104} INFO - [2021-06-20 20:04:10,621] {dagbag.py:487} INFO - Filling up the DagBag from /home/airflow/.local/lib/python3.6/site-packages/airflow/example_dags/example_short_circuit_operator.py
[2021-06-20 20:04:10,683] {scheduler_job.py:643} INFO - DAG(s) dict_keys(['example_short_circuit_operator']) retrieved from /home/airflow/.local/lib/python3.6/site-packages/airflow/example_dags/example_short_circuit_operator.py
[2021-06-20 20:04:10,786] {logging_mixin.py:104} INFO - [2021-06-20 20:04:10,786] {dag.py:1832} INFO - Sync 1 DAGs
[2021-06-20 20:04:10,893] {logging_mixin.py:104} INFO - [2021-06-20 20:04:10,892] {dag.py:2305} INFO - Setting next_dagrun for example_short_circuit_operator to 2021-06-18 00:00:00+00:00
[2021-06-20 20:04:10,949] {scheduler_job.py:190} INFO - Processing /home/airflow/.local/lib/python3.6/site-packages/airflow/example_dags/example_short_circuit_operator.py took 0.352 seconds
[2021-06-20 20:04:41,307] {scheduler_job.py:182} INFO - Started process (PID=991) to work on /home/airflow/.local/lib/python3.6/site-packages/airflow/example_dags/example_short_circuit_operator.py
[2021-06-20 20:04:41,314] {scheduler_job.py:633} INFO - Processing file /home/airflow/.local/lib/python3.6/site-packages/airflow/example_dags/example_short_circuit_operator.py for tasks to queue
[2021-06-20 20:04:41,319] {logging_mixin.py:104} INFO - [2021-06-20 20:04:41,318] {dagbag.py:487} INFO - Filling up the DagBag from /home/airflow/.local/lib/python3.6/site-packages/airflow/example_dags/example_short_circuit_operator.py
[2021-06-20 20:04:41,394] {scheduler_job.py:643} INFO - DAG(s) dict_keys(['example_short_circuit_operator']) retrieved from /home/airflow/.local/lib/python3.6/site-packages/airflow/example_dags/example_short_circuit_operator.py
[2021-06-20 20:04:41,504] {logging_mixin.py:104} INFO - [2021-06-20 20:04:41,503] {dag.py:1832} INFO - Sync 1 DAGs
[2021-06-20 20:04:41,586] {logging_mixin.py:104} INFO - [2021-06-20 20:04:41,586] {dag.py:2305} INFO - Setting next_dagrun for example_short_circuit_operator to 2021-06-18 00:00:00+00:00
[2021-06-20 20:04:41,637] {scheduler_job.py:190} INFO - Processing /home/airflow/.local/lib/python3.6/site-packages/airflow/example_dags/example_short_circuit_operator.py took 0.349 seconds
