[2021-06-20 19:57:14,405] {scheduler_job.py:182} INFO - Started process (PID=121) to work on /home/airflow/.local/lib/python3.6/site-packages/airflow/example_dags/example_branch_operator.py
[2021-06-20 19:57:14,406] {scheduler_job.py:633} INFO - Processing file /home/airflow/.local/lib/python3.6/site-packages/airflow/example_dags/example_branch_operator.py for tasks to queue
[2021-06-20 19:57:14,407] {logging_mixin.py:104} INFO - [2021-06-20 19:57:14,407] {dagbag.py:487} INFO - Filling up the DagBag from /home/airflow/.local/lib/python3.6/site-packages/airflow/example_dags/example_branch_operator.py
[2021-06-20 19:57:14,426] {scheduler_job.py:643} INFO - DAG(s) dict_keys(['example_branch_operator']) retrieved from /home/airflow/.local/lib/python3.6/site-packages/airflow/example_dags/example_branch_operator.py
[2021-06-20 19:57:16,661] {logging_mixin.py:104} INFO - [2021-06-20 19:57:16,660] {dag.py:1832} INFO - Sync 1 DAGs
[2021-06-20 19:57:16,670] {logging_mixin.py:104} INFO - [2021-06-20 19:57:16,669] {dag.py:1851} INFO - Creating ORM DAG for example_branch_operator
[2021-06-20 19:57:16,678] {logging_mixin.py:104} INFO - [2021-06-20 19:57:16,678] {dag.py:2305} INFO - Setting next_dagrun for example_branch_operator to 2021-06-18 00:00:00+00:00
[2021-06-20 19:57:16,690] {scheduler_job.py:190} INFO - Processing /home/airflow/.local/lib/python3.6/site-packages/airflow/example_dags/example_branch_operator.py took 2.290 seconds
[2021-06-20 19:57:47,141] {scheduler_job.py:182} INFO - Started process (PID=217) to work on /home/airflow/.local/lib/python3.6/site-packages/airflow/example_dags/example_branch_operator.py
[2021-06-20 19:57:47,143] {scheduler_job.py:633} INFO - Processing file /home/airflow/.local/lib/python3.6/site-packages/airflow/example_dags/example_branch_operator.py for tasks to queue
[2021-06-20 19:57:47,144] {logging_mixin.py:104} INFO - [2021-06-20 19:57:47,144] {dagbag.py:487} INFO - Filling up the DagBag from /home/airflow/.local/lib/python3.6/site-packages/airflow/example_dags/example_branch_operator.py
[2021-06-20 19:57:47,165] {scheduler_job.py:643} INFO - DAG(s) dict_keys(['example_branch_operator']) retrieved from /home/airflow/.local/lib/python3.6/site-packages/airflow/example_dags/example_branch_operator.py
[2021-06-20 19:57:47,199] {logging_mixin.py:104} INFO - [2021-06-20 19:57:47,199] {dag.py:1832} INFO - Sync 1 DAGs
[2021-06-20 19:57:47,225] {logging_mixin.py:104} INFO - [2021-06-20 19:57:47,224] {dag.py:2305} INFO - Setting next_dagrun for example_branch_operator to 2021-06-18 00:00:00+00:00
[2021-06-20 19:57:47,241] {scheduler_job.py:190} INFO - Processing /home/airflow/.local/lib/python3.6/site-packages/airflow/example_dags/example_branch_operator.py took 0.104 seconds
[2021-06-20 19:58:17,901] {scheduler_job.py:182} INFO - Started process (PID=275) to work on /home/airflow/.local/lib/python3.6/site-packages/airflow/example_dags/example_branch_operator.py
[2021-06-20 19:58:17,907] {scheduler_job.py:633} INFO - Processing file /home/airflow/.local/lib/python3.6/site-packages/airflow/example_dags/example_branch_operator.py for tasks to queue
[2021-06-20 19:58:17,911] {logging_mixin.py:104} INFO - [2021-06-20 19:58:17,910] {dagbag.py:487} INFO - Filling up the DagBag from /home/airflow/.local/lib/python3.6/site-packages/airflow/example_dags/example_branch_operator.py
[2021-06-20 19:58:17,986] {scheduler_job.py:643} INFO - DAG(s) dict_keys(['example_branch_operator']) retrieved from /home/airflow/.local/lib/python3.6/site-packages/airflow/example_dags/example_branch_operator.py
[2021-06-20 19:58:18,128] {logging_mixin.py:104} INFO - [2021-06-20 19:58:18,127] {dag.py:1832} INFO - Sync 1 DAGs
[2021-06-20 19:58:18,228] {logging_mixin.py:104} INFO - [2021-06-20 19:58:18,227] {dag.py:2305} INFO - Setting next_dagrun for example_branch_operator to 2021-06-18 00:00:00+00:00
[2021-06-20 19:58:18,272] {scheduler_job.py:190} INFO - Processing /home/airflow/.local/lib/python3.6/site-packages/airflow/example_dags/example_branch_operator.py took 0.388 seconds
[2021-06-20 19:58:48,680] {scheduler_job.py:182} INFO - Started process (PID=332) to work on /home/airflow/.local/lib/python3.6/site-packages/airflow/example_dags/example_branch_operator.py
[2021-06-20 19:58:48,689] {scheduler_job.py:633} INFO - Processing file /home/airflow/.local/lib/python3.6/site-packages/airflow/example_dags/example_branch_operator.py for tasks to queue
[2021-06-20 19:58:48,695] {logging_mixin.py:104} INFO - [2021-06-20 19:58:48,694] {dagbag.py:487} INFO - Filling up the DagBag from /home/airflow/.local/lib/python3.6/site-packages/airflow/example_dags/example_branch_operator.py
[2021-06-20 19:58:48,809] {scheduler_job.py:643} INFO - DAG(s) dict_keys(['example_branch_operator']) retrieved from /home/airflow/.local/lib/python3.6/site-packages/airflow/example_dags/example_branch_operator.py
[2021-06-20 19:58:48,928] {logging_mixin.py:104} INFO - [2021-06-20 19:58:48,927] {dag.py:1832} INFO - Sync 1 DAGs
[2021-06-20 19:58:49,030] {logging_mixin.py:104} INFO - [2021-06-20 19:58:49,030] {dag.py:2305} INFO - Setting next_dagrun for example_branch_operator to 2021-06-18 00:00:00+00:00
[2021-06-20 19:58:49,117] {scheduler_job.py:190} INFO - Processing /home/airflow/.local/lib/python3.6/site-packages/airflow/example_dags/example_branch_operator.py took 0.453 seconds
[2021-06-20 19:59:19,998] {scheduler_job.py:182} INFO - Started process (PID=391) to work on /home/airflow/.local/lib/python3.6/site-packages/airflow/example_dags/example_branch_operator.py
[2021-06-20 19:59:20,004] {scheduler_job.py:633} INFO - Processing file /home/airflow/.local/lib/python3.6/site-packages/airflow/example_dags/example_branch_operator.py for tasks to queue
[2021-06-20 19:59:20,008] {logging_mixin.py:104} INFO - [2021-06-20 19:59:20,007] {dagbag.py:487} INFO - Filling up the DagBag from /home/airflow/.local/lib/python3.6/site-packages/airflow/example_dags/example_branch_operator.py
[2021-06-20 19:59:20,098] {scheduler_job.py:643} INFO - DAG(s) dict_keys(['example_branch_operator']) retrieved from /home/airflow/.local/lib/python3.6/site-packages/airflow/example_dags/example_branch_operator.py
[2021-06-20 19:59:20,192] {logging_mixin.py:104} INFO - [2021-06-20 19:59:20,191] {dag.py:1832} INFO - Sync 1 DAGs
[2021-06-20 19:59:20,354] {logging_mixin.py:104} INFO - [2021-06-20 19:59:20,353] {dag.py:2305} INFO - Setting next_dagrun for example_branch_operator to 2021-06-18 00:00:00+00:00
[2021-06-20 19:59:20,403] {scheduler_job.py:190} INFO - Processing /home/airflow/.local/lib/python3.6/site-packages/airflow/example_dags/example_branch_operator.py took 0.435 seconds
[2021-06-20 19:59:50,514] {scheduler_job.py:182} INFO - Started process (PID=447) to work on /home/airflow/.local/lib/python3.6/site-packages/airflow/example_dags/example_branch_operator.py
[2021-06-20 19:59:50,522] {scheduler_job.py:633} INFO - Processing file /home/airflow/.local/lib/python3.6/site-packages/airflow/example_dags/example_branch_operator.py for tasks to queue
[2021-06-20 19:59:50,526] {logging_mixin.py:104} INFO - [2021-06-20 19:59:50,525] {dagbag.py:487} INFO - Filling up the DagBag from /home/airflow/.local/lib/python3.6/site-packages/airflow/example_dags/example_branch_operator.py
[2021-06-20 19:59:50,600] {scheduler_job.py:643} INFO - DAG(s) dict_keys(['example_branch_operator']) retrieved from /home/airflow/.local/lib/python3.6/site-packages/airflow/example_dags/example_branch_operator.py
[2021-06-20 19:59:50,693] {logging_mixin.py:104} INFO - [2021-06-20 19:59:50,693] {dag.py:1832} INFO - Sync 1 DAGs
[2021-06-20 19:59:50,780] {logging_mixin.py:104} INFO - [2021-06-20 19:59:50,779] {dag.py:2305} INFO - Setting next_dagrun for example_branch_operator to 2021-06-18 00:00:00+00:00
[2021-06-20 19:59:50,819] {scheduler_job.py:190} INFO - Processing /home/airflow/.local/lib/python3.6/site-packages/airflow/example_dags/example_branch_operator.py took 0.322 seconds
[2021-06-20 20:00:21,022] {scheduler_job.py:182} INFO - Started process (PID=507) to work on /home/airflow/.local/lib/python3.6/site-packages/airflow/example_dags/example_branch_operator.py
[2021-06-20 20:00:21,028] {scheduler_job.py:633} INFO - Processing file /home/airflow/.local/lib/python3.6/site-packages/airflow/example_dags/example_branch_operator.py for tasks to queue
[2021-06-20 20:00:21,033] {logging_mixin.py:104} INFO - [2021-06-20 20:00:21,032] {dagbag.py:487} INFO - Filling up the DagBag from /home/airflow/.local/lib/python3.6/site-packages/airflow/example_dags/example_branch_operator.py
[2021-06-20 20:00:21,116] {scheduler_job.py:643} INFO - DAG(s) dict_keys(['example_branch_operator']) retrieved from /home/airflow/.local/lib/python3.6/site-packages/airflow/example_dags/example_branch_operator.py
[2021-06-20 20:00:21,227] {logging_mixin.py:104} INFO - [2021-06-20 20:00:21,227] {dag.py:1832} INFO - Sync 1 DAGs
[2021-06-20 20:00:21,327] {logging_mixin.py:104} INFO - [2021-06-20 20:00:21,327] {dag.py:2305} INFO - Setting next_dagrun for example_branch_operator to 2021-06-18 00:00:00+00:00
[2021-06-20 20:00:21,368] {scheduler_job.py:190} INFO - Processing /home/airflow/.local/lib/python3.6/site-packages/airflow/example_dags/example_branch_operator.py took 0.361 seconds
[2021-06-20 20:00:51,697] {scheduler_job.py:182} INFO - Started process (PID=563) to work on /home/airflow/.local/lib/python3.6/site-packages/airflow/example_dags/example_branch_operator.py
[2021-06-20 20:00:51,702] {scheduler_job.py:633} INFO - Processing file /home/airflow/.local/lib/python3.6/site-packages/airflow/example_dags/example_branch_operator.py for tasks to queue
[2021-06-20 20:00:51,706] {logging_mixin.py:104} INFO - [2021-06-20 20:00:51,706] {dagbag.py:487} INFO - Filling up the DagBag from /home/airflow/.local/lib/python3.6/site-packages/airflow/example_dags/example_branch_operator.py
[2021-06-20 20:00:51,835] {scheduler_job.py:643} INFO - DAG(s) dict_keys(['example_branch_operator']) retrieved from /home/airflow/.local/lib/python3.6/site-packages/airflow/example_dags/example_branch_operator.py
[2021-06-20 20:00:51,971] {logging_mixin.py:104} INFO - [2021-06-20 20:00:51,971] {dag.py:1832} INFO - Sync 1 DAGs
[2021-06-20 20:00:52,069] {logging_mixin.py:104} INFO - [2021-06-20 20:00:52,068] {dag.py:2305} INFO - Setting next_dagrun for example_branch_operator to 2021-06-18 00:00:00+00:00
[2021-06-20 20:00:52,115] {scheduler_job.py:190} INFO - Processing /home/airflow/.local/lib/python3.6/site-packages/airflow/example_dags/example_branch_operator.py took 0.435 seconds
[2021-06-20 20:01:22,618] {scheduler_job.py:182} INFO - Started process (PID=622) to work on /home/airflow/.local/lib/python3.6/site-packages/airflow/example_dags/example_branch_operator.py
[2021-06-20 20:01:22,623] {scheduler_job.py:633} INFO - Processing file /home/airflow/.local/lib/python3.6/site-packages/airflow/example_dags/example_branch_operator.py for tasks to queue
[2021-06-20 20:01:22,628] {logging_mixin.py:104} INFO - [2021-06-20 20:01:22,627] {dagbag.py:487} INFO - Filling up the DagBag from /home/airflow/.local/lib/python3.6/site-packages/airflow/example_dags/example_branch_operator.py
[2021-06-20 20:01:22,726] {scheduler_job.py:643} INFO - DAG(s) dict_keys(['example_branch_operator']) retrieved from /home/airflow/.local/lib/python3.6/site-packages/airflow/example_dags/example_branch_operator.py
[2021-06-20 20:01:22,863] {logging_mixin.py:104} INFO - [2021-06-20 20:01:22,863] {dag.py:1832} INFO - Sync 1 DAGs
[2021-06-20 20:01:23,004] {logging_mixin.py:104} INFO - [2021-06-20 20:01:23,004] {dag.py:2305} INFO - Setting next_dagrun for example_branch_operator to 2021-06-18 00:00:00+00:00
[2021-06-20 20:01:23,082] {scheduler_job.py:190} INFO - Processing /home/airflow/.local/lib/python3.6/site-packages/airflow/example_dags/example_branch_operator.py took 0.479 seconds
[2021-06-20 20:01:53,327] {scheduler_job.py:182} INFO - Started process (PID=677) to work on /home/airflow/.local/lib/python3.6/site-packages/airflow/example_dags/example_branch_operator.py
[2021-06-20 20:01:53,333] {scheduler_job.py:633} INFO - Processing file /home/airflow/.local/lib/python3.6/site-packages/airflow/example_dags/example_branch_operator.py for tasks to queue
[2021-06-20 20:01:53,337] {logging_mixin.py:104} INFO - [2021-06-20 20:01:53,337] {dagbag.py:487} INFO - Filling up the DagBag from /home/airflow/.local/lib/python3.6/site-packages/airflow/example_dags/example_branch_operator.py
[2021-06-20 20:01:53,446] {scheduler_job.py:643} INFO - DAG(s) dict_keys(['example_branch_operator']) retrieved from /home/airflow/.local/lib/python3.6/site-packages/airflow/example_dags/example_branch_operator.py
[2021-06-20 20:01:53,581] {logging_mixin.py:104} INFO - [2021-06-20 20:01:53,581] {dag.py:1832} INFO - Sync 1 DAGs
[2021-06-20 20:01:53,751] {logging_mixin.py:104} INFO - [2021-06-20 20:01:53,750] {dag.py:2305} INFO - Setting next_dagrun for example_branch_operator to 2021-06-18 00:00:00+00:00
[2021-06-20 20:01:53,801] {scheduler_job.py:190} INFO - Processing /home/airflow/.local/lib/python3.6/site-packages/airflow/example_dags/example_branch_operator.py took 0.498 seconds
[2021-06-20 20:02:24,614] {scheduler_job.py:182} INFO - Started process (PID=742) to work on /home/airflow/.local/lib/python3.6/site-packages/airflow/example_dags/example_branch_operator.py
[2021-06-20 20:02:24,620] {scheduler_job.py:633} INFO - Processing file /home/airflow/.local/lib/python3.6/site-packages/airflow/example_dags/example_branch_operator.py for tasks to queue
[2021-06-20 20:02:24,625] {logging_mixin.py:104} INFO - [2021-06-20 20:02:24,624] {dagbag.py:487} INFO - Filling up the DagBag from /home/airflow/.local/lib/python3.6/site-packages/airflow/example_dags/example_branch_operator.py
[2021-06-20 20:02:24,718] {scheduler_job.py:643} INFO - DAG(s) dict_keys(['example_branch_operator']) retrieved from /home/airflow/.local/lib/python3.6/site-packages/airflow/example_dags/example_branch_operator.py
[2021-06-20 20:02:24,915] {logging_mixin.py:104} INFO - [2021-06-20 20:02:24,915] {dag.py:1832} INFO - Sync 1 DAGs
[2021-06-20 20:02:25,044] {logging_mixin.py:104} INFO - [2021-06-20 20:02:25,043] {dag.py:2305} INFO - Setting next_dagrun for example_branch_operator to 2021-06-18 00:00:00+00:00
[2021-06-20 20:02:25,101] {scheduler_job.py:190} INFO - Processing /home/airflow/.local/lib/python3.6/site-packages/airflow/example_dags/example_branch_operator.py took 0.506 seconds
[2021-06-20 20:02:56,552] {scheduler_job.py:182} INFO - Started process (PID=800) to work on /home/airflow/.local/lib/python3.6/site-packages/airflow/example_dags/example_branch_operator.py
[2021-06-20 20:02:56,562] {scheduler_job.py:633} INFO - Processing file /home/airflow/.local/lib/python3.6/site-packages/airflow/example_dags/example_branch_operator.py for tasks to queue
[2021-06-20 20:02:56,566] {logging_mixin.py:104} INFO - [2021-06-20 20:02:56,565] {dagbag.py:487} INFO - Filling up the DagBag from /home/airflow/.local/lib/python3.6/site-packages/airflow/example_dags/example_branch_operator.py
[2021-06-20 20:02:56,663] {scheduler_job.py:643} INFO - DAG(s) dict_keys(['example_branch_operator']) retrieved from /home/airflow/.local/lib/python3.6/site-packages/airflow/example_dags/example_branch_operator.py
[2021-06-20 20:02:56,776] {logging_mixin.py:104} INFO - [2021-06-20 20:02:56,775] {dag.py:1832} INFO - Sync 1 DAGs
[2021-06-20 20:02:56,887] {logging_mixin.py:104} INFO - [2021-06-20 20:02:56,886] {dag.py:2305} INFO - Setting next_dagrun for example_branch_operator to 2021-06-18 00:00:00+00:00
[2021-06-20 20:02:56,947] {scheduler_job.py:190} INFO - Processing /home/airflow/.local/lib/python3.6/site-packages/airflow/example_dags/example_branch_operator.py took 0.413 seconds
[2021-06-20 20:03:27,404] {scheduler_job.py:182} INFO - Started process (PID=856) to work on /home/airflow/.local/lib/python3.6/site-packages/airflow/example_dags/example_branch_operator.py
[2021-06-20 20:03:27,414] {scheduler_job.py:633} INFO - Processing file /home/airflow/.local/lib/python3.6/site-packages/airflow/example_dags/example_branch_operator.py for tasks to queue
[2021-06-20 20:03:27,419] {logging_mixin.py:104} INFO - [2021-06-20 20:03:27,418] {dagbag.py:487} INFO - Filling up the DagBag from /home/airflow/.local/lib/python3.6/site-packages/airflow/example_dags/example_branch_operator.py
[2021-06-20 20:03:27,513] {scheduler_job.py:643} INFO - DAG(s) dict_keys(['example_branch_operator']) retrieved from /home/airflow/.local/lib/python3.6/site-packages/airflow/example_dags/example_branch_operator.py
[2021-06-20 20:03:27,647] {logging_mixin.py:104} INFO - [2021-06-20 20:03:27,647] {dag.py:1832} INFO - Sync 1 DAGs
[2021-06-20 20:03:27,768] {logging_mixin.py:104} INFO - [2021-06-20 20:03:27,768] {dag.py:2305} INFO - Setting next_dagrun for example_branch_operator to 2021-06-18 00:00:00+00:00
[2021-06-20 20:03:27,824] {scheduler_job.py:190} INFO - Processing /home/airflow/.local/lib/python3.6/site-packages/airflow/example_dags/example_branch_operator.py took 0.441 seconds
[2021-06-20 20:03:58,005] {scheduler_job.py:182} INFO - Started process (PID=914) to work on /home/airflow/.local/lib/python3.6/site-packages/airflow/example_dags/example_branch_operator.py
[2021-06-20 20:03:58,011] {scheduler_job.py:633} INFO - Processing file /home/airflow/.local/lib/python3.6/site-packages/airflow/example_dags/example_branch_operator.py for tasks to queue
[2021-06-20 20:03:58,016] {logging_mixin.py:104} INFO - [2021-06-20 20:03:58,016] {dagbag.py:487} INFO - Filling up the DagBag from /home/airflow/.local/lib/python3.6/site-packages/airflow/example_dags/example_branch_operator.py
[2021-06-20 20:03:58,125] {scheduler_job.py:643} INFO - DAG(s) dict_keys(['example_branch_operator']) retrieved from /home/airflow/.local/lib/python3.6/site-packages/airflow/example_dags/example_branch_operator.py
[2021-06-20 20:03:58,283] {logging_mixin.py:104} INFO - [2021-06-20 20:03:58,283] {dag.py:1832} INFO - Sync 1 DAGs
[2021-06-20 20:03:58,398] {logging_mixin.py:104} INFO - [2021-06-20 20:03:58,398] {dag.py:2305} INFO - Setting next_dagrun for example_branch_operator to 2021-06-18 00:00:00+00:00
[2021-06-20 20:03:58,446] {scheduler_job.py:190} INFO - Processing /home/airflow/.local/lib/python3.6/site-packages/airflow/example_dags/example_branch_operator.py took 0.463 seconds
[2021-06-20 20:04:29,559] {scheduler_job.py:182} INFO - Started process (PID=969) to work on /home/airflow/.local/lib/python3.6/site-packages/airflow/example_dags/example_branch_operator.py
[2021-06-20 20:04:29,565] {scheduler_job.py:633} INFO - Processing file /home/airflow/.local/lib/python3.6/site-packages/airflow/example_dags/example_branch_operator.py for tasks to queue
[2021-06-20 20:04:29,570] {logging_mixin.py:104} INFO - [2021-06-20 20:04:29,569] {dagbag.py:487} INFO - Filling up the DagBag from /home/airflow/.local/lib/python3.6/site-packages/airflow/example_dags/example_branch_operator.py
[2021-06-20 20:04:29,668] {scheduler_job.py:643} INFO - DAG(s) dict_keys(['example_branch_operator']) retrieved from /home/airflow/.local/lib/python3.6/site-packages/airflow/example_dags/example_branch_operator.py
[2021-06-20 20:04:29,774] {logging_mixin.py:104} INFO - [2021-06-20 20:04:29,774] {dag.py:1832} INFO - Sync 1 DAGs
[2021-06-20 20:04:29,853] {logging_mixin.py:104} INFO - [2021-06-20 20:04:29,853] {dag.py:2305} INFO - Setting next_dagrun for example_branch_operator to 2021-06-18 00:00:00+00:00
[2021-06-20 20:04:29,901] {scheduler_job.py:190} INFO - Processing /home/airflow/.local/lib/python3.6/site-packages/airflow/example_dags/example_branch_operator.py took 0.359 seconds
