[2021-06-20 19:57:24,842] {scheduler_job.py:182} INFO - Started process (PID=156) to work on /home/airflow/.local/lib/python3.6/site-packages/airflow/example_dags/example_subdag_operator.py
[2021-06-20 19:57:24,844] {scheduler_job.py:633} INFO - Processing file /home/airflow/.local/lib/python3.6/site-packages/airflow/example_dags/example_subdag_operator.py for tasks to queue
[2021-06-20 19:57:24,844] {logging_mixin.py:104} INFO - [2021-06-20 19:57:24,844] {dagbag.py:487} INFO - Filling up the DagBag from /home/airflow/.local/lib/python3.6/site-packages/airflow/example_dags/example_subdag_operator.py
[2021-06-20 19:57:24,873] {scheduler_job.py:643} INFO - DAG(s) dict_keys(['example_subdag_operator.section-1', 'example_subdag_operator.section-2', 'example_subdag_operator']) retrieved from /home/airflow/.local/lib/python3.6/site-packages/airflow/example_dags/example_subdag_operator.py
[2021-06-20 19:57:27,166] {logging_mixin.py:104} INFO - [2021-06-20 19:57:27,165] {dag.py:1832} INFO - Sync 3 DAGs
[2021-06-20 19:57:27,177] {logging_mixin.py:104} INFO - [2021-06-20 19:57:27,176] {dag.py:1851} INFO - Creating ORM DAG for example_subdag_operator.section-1
[2021-06-20 19:57:27,178] {logging_mixin.py:104} INFO - [2021-06-20 19:57:27,178] {dag.py:1851} INFO - Creating ORM DAG for example_subdag_operator
[2021-06-20 19:57:27,179] {logging_mixin.py:104} INFO - [2021-06-20 19:57:27,178] {dag.py:1851} INFO - Creating ORM DAG for example_subdag_operator.section-2
[2021-06-20 19:57:27,184] {logging_mixin.py:104} INFO - [2021-06-20 19:57:27,183] {dag.py:2305} INFO - Setting next_dagrun for example_subdag_operator to 2021-06-18 00:00:00+00:00
[2021-06-20 19:57:27,184] {logging_mixin.py:104} INFO - [2021-06-20 19:57:27,184] {dag.py:2305} INFO - Setting next_dagrun for example_subdag_operator.section-1 to None
[2021-06-20 19:57:27,185] {logging_mixin.py:104} INFO - [2021-06-20 19:57:27,185] {dag.py:2305} INFO - Setting next_dagrun for example_subdag_operator.section-2 to None
[2021-06-20 19:57:27,194] {logging_mixin.py:104} INFO - [2021-06-20 19:57:27,194] {dag.py:1832} INFO - Sync 2 DAGs
[2021-06-20 19:57:27,202] {logging_mixin.py:104} INFO - [2021-06-20 19:57:27,202] {dag.py:2305} INFO - Setting next_dagrun for example_subdag_operator.section-1 to None
[2021-06-20 19:57:27,203] {logging_mixin.py:104} INFO - [2021-06-20 19:57:27,202] {dag.py:2305} INFO - Setting next_dagrun for example_subdag_operator.section-2 to None
[2021-06-20 19:57:27,210] {scheduler_job.py:190} INFO - Processing /home/airflow/.local/lib/python3.6/site-packages/airflow/example_dags/example_subdag_operator.py took 2.371 seconds
[2021-06-20 19:57:57,583] {scheduler_job.py:182} INFO - Started process (PID=235) to work on /home/airflow/.local/lib/python3.6/site-packages/airflow/example_dags/example_subdag_operator.py
[2021-06-20 19:57:57,588] {scheduler_job.py:633} INFO - Processing file /home/airflow/.local/lib/python3.6/site-packages/airflow/example_dags/example_subdag_operator.py for tasks to queue
[2021-06-20 19:57:57,592] {logging_mixin.py:104} INFO - [2021-06-20 19:57:57,591] {dagbag.py:487} INFO - Filling up the DagBag from /home/airflow/.local/lib/python3.6/site-packages/airflow/example_dags/example_subdag_operator.py
[2021-06-20 19:57:57,728] {scheduler_job.py:643} INFO - DAG(s) dict_keys(['example_subdag_operator.section-1', 'example_subdag_operator.section-2', 'example_subdag_operator']) retrieved from /home/airflow/.local/lib/python3.6/site-packages/airflow/example_dags/example_subdag_operator.py
[2021-06-20 19:57:57,783] {logging_mixin.py:104} INFO - [2021-06-20 19:57:57,783] {dag.py:1832} INFO - Sync 3 DAGs
[2021-06-20 19:57:57,858] {logging_mixin.py:104} INFO - [2021-06-20 19:57:57,857] {dag.py:2305} INFO - Setting next_dagrun for example_subdag_operator to 2021-06-18 00:00:00+00:00
[2021-06-20 19:57:57,863] {logging_mixin.py:104} INFO - [2021-06-20 19:57:57,863] {dag.py:2305} INFO - Setting next_dagrun for example_subdag_operator.section-1 to None
[2021-06-20 19:57:57,865] {logging_mixin.py:104} INFO - [2021-06-20 19:57:57,865] {dag.py:2305} INFO - Setting next_dagrun for example_subdag_operator.section-2 to None
[2021-06-20 19:57:57,899] {logging_mixin.py:104} INFO - [2021-06-20 19:57:57,899] {dag.py:1832} INFO - Sync 2 DAGs
[2021-06-20 19:57:57,943] {logging_mixin.py:104} INFO - [2021-06-20 19:57:57,943] {dag.py:2305} INFO - Setting next_dagrun for example_subdag_operator.section-1 to None
[2021-06-20 19:57:57,945] {logging_mixin.py:104} INFO - [2021-06-20 19:57:57,945] {dag.py:2305} INFO - Setting next_dagrun for example_subdag_operator.section-2 to None
[2021-06-20 19:57:57,967] {scheduler_job.py:190} INFO - Processing /home/airflow/.local/lib/python3.6/site-packages/airflow/example_dags/example_subdag_operator.py took 0.401 seconds
[2021-06-20 19:58:28,804] {scheduler_job.py:182} INFO - Started process (PID=292) to work on /home/airflow/.local/lib/python3.6/site-packages/airflow/example_dags/example_subdag_operator.py
[2021-06-20 19:58:28,809] {scheduler_job.py:633} INFO - Processing file /home/airflow/.local/lib/python3.6/site-packages/airflow/example_dags/example_subdag_operator.py for tasks to queue
[2021-06-20 19:58:28,816] {logging_mixin.py:104} INFO - [2021-06-20 19:58:28,815] {dagbag.py:487} INFO - Filling up the DagBag from /home/airflow/.local/lib/python3.6/site-packages/airflow/example_dags/example_subdag_operator.py
[2021-06-20 19:58:28,956] {scheduler_job.py:643} INFO - DAG(s) dict_keys(['example_subdag_operator.section-1', 'example_subdag_operator.section-2', 'example_subdag_operator']) retrieved from /home/airflow/.local/lib/python3.6/site-packages/airflow/example_dags/example_subdag_operator.py
[2021-06-20 19:58:29,009] {logging_mixin.py:104} INFO - [2021-06-20 19:58:29,009] {dag.py:1832} INFO - Sync 3 DAGs
[2021-06-20 19:58:29,093] {logging_mixin.py:104} INFO - [2021-06-20 19:58:29,092] {dag.py:2305} INFO - Setting next_dagrun for example_subdag_operator to 2021-06-18 00:00:00+00:00
[2021-06-20 19:58:29,100] {logging_mixin.py:104} INFO - [2021-06-20 19:58:29,099] {dag.py:2305} INFO - Setting next_dagrun for example_subdag_operator.section-1 to None
[2021-06-20 19:58:29,102] {logging_mixin.py:104} INFO - [2021-06-20 19:58:29,101] {dag.py:2305} INFO - Setting next_dagrun for example_subdag_operator.section-2 to None
[2021-06-20 19:58:29,131] {logging_mixin.py:104} INFO - [2021-06-20 19:58:29,131] {dag.py:1832} INFO - Sync 2 DAGs
[2021-06-20 19:58:29,160] {logging_mixin.py:104} INFO - [2021-06-20 19:58:29,159] {dag.py:2305} INFO - Setting next_dagrun for example_subdag_operator.section-1 to None
[2021-06-20 19:58:29,162] {logging_mixin.py:104} INFO - [2021-06-20 19:58:29,162] {dag.py:2305} INFO - Setting next_dagrun for example_subdag_operator.section-2 to None
[2021-06-20 19:58:29,186] {scheduler_job.py:190} INFO - Processing /home/airflow/.local/lib/python3.6/site-packages/airflow/example_dags/example_subdag_operator.py took 0.393 seconds
[2021-06-20 19:58:59,597] {scheduler_job.py:182} INFO - Started process (PID=352) to work on /home/airflow/.local/lib/python3.6/site-packages/airflow/example_dags/example_subdag_operator.py
[2021-06-20 19:58:59,621] {scheduler_job.py:633} INFO - Processing file /home/airflow/.local/lib/python3.6/site-packages/airflow/example_dags/example_subdag_operator.py for tasks to queue
[2021-06-20 19:58:59,637] {logging_mixin.py:104} INFO - [2021-06-20 19:58:59,636] {dagbag.py:487} INFO - Filling up the DagBag from /home/airflow/.local/lib/python3.6/site-packages/airflow/example_dags/example_subdag_operator.py
[2021-06-20 19:58:59,841] {scheduler_job.py:643} INFO - DAG(s) dict_keys(['example_subdag_operator.section-1', 'example_subdag_operator.section-2', 'example_subdag_operator']) retrieved from /home/airflow/.local/lib/python3.6/site-packages/airflow/example_dags/example_subdag_operator.py
[2021-06-20 19:58:59,913] {logging_mixin.py:104} INFO - [2021-06-20 19:58:59,912] {dag.py:1832} INFO - Sync 3 DAGs
[2021-06-20 19:59:00,002] {logging_mixin.py:104} INFO - [2021-06-20 19:59:00,002] {dag.py:2305} INFO - Setting next_dagrun for example_subdag_operator to 2021-06-18 00:00:00+00:00
[2021-06-20 19:59:00,008] {logging_mixin.py:104} INFO - [2021-06-20 19:59:00,007] {dag.py:2305} INFO - Setting next_dagrun for example_subdag_operator.section-1 to None
[2021-06-20 19:59:00,011] {logging_mixin.py:104} INFO - [2021-06-20 19:59:00,011] {dag.py:2305} INFO - Setting next_dagrun for example_subdag_operator.section-2 to None
[2021-06-20 19:59:00,052] {logging_mixin.py:104} INFO - [2021-06-20 19:59:00,052] {dag.py:1832} INFO - Sync 2 DAGs
[2021-06-20 19:59:00,089] {logging_mixin.py:104} INFO - [2021-06-20 19:59:00,089] {dag.py:2305} INFO - Setting next_dagrun for example_subdag_operator.section-1 to None
[2021-06-20 19:59:00,091] {logging_mixin.py:104} INFO - [2021-06-20 19:59:00,091] {dag.py:2305} INFO - Setting next_dagrun for example_subdag_operator.section-2 to None
[2021-06-20 19:59:00,118] {scheduler_job.py:190} INFO - Processing /home/airflow/.local/lib/python3.6/site-packages/airflow/example_dags/example_subdag_operator.py took 0.570 seconds
[2021-06-20 19:59:30,711] {scheduler_job.py:182} INFO - Started process (PID=408) to work on /home/airflow/.local/lib/python3.6/site-packages/airflow/example_dags/example_subdag_operator.py
[2021-06-20 19:59:30,715] {scheduler_job.py:633} INFO - Processing file /home/airflow/.local/lib/python3.6/site-packages/airflow/example_dags/example_subdag_operator.py for tasks to queue
[2021-06-20 19:59:30,719] {logging_mixin.py:104} INFO - [2021-06-20 19:59:30,718] {dagbag.py:487} INFO - Filling up the DagBag from /home/airflow/.local/lib/python3.6/site-packages/airflow/example_dags/example_subdag_operator.py
[2021-06-20 19:59:30,853] {scheduler_job.py:643} INFO - DAG(s) dict_keys(['example_subdag_operator.section-1', 'example_subdag_operator.section-2', 'example_subdag_operator']) retrieved from /home/airflow/.local/lib/python3.6/site-packages/airflow/example_dags/example_subdag_operator.py
[2021-06-20 19:59:30,977] {logging_mixin.py:104} INFO - [2021-06-20 19:59:30,976] {dag.py:1832} INFO - Sync 3 DAGs
[2021-06-20 19:59:31,095] {logging_mixin.py:104} INFO - [2021-06-20 19:59:31,094] {dag.py:2305} INFO - Setting next_dagrun for example_subdag_operator to 2021-06-18 00:00:00+00:00
[2021-06-20 19:59:31,100] {logging_mixin.py:104} INFO - [2021-06-20 19:59:31,099] {dag.py:2305} INFO - Setting next_dagrun for example_subdag_operator.section-1 to None
[2021-06-20 19:59:31,102] {logging_mixin.py:104} INFO - [2021-06-20 19:59:31,101] {dag.py:2305} INFO - Setting next_dagrun for example_subdag_operator.section-2 to None
[2021-06-20 19:59:31,133] {logging_mixin.py:104} INFO - [2021-06-20 19:59:31,133] {dag.py:1832} INFO - Sync 2 DAGs
[2021-06-20 19:59:31,164] {logging_mixin.py:104} INFO - [2021-06-20 19:59:31,164] {dag.py:2305} INFO - Setting next_dagrun for example_subdag_operator.section-1 to None
[2021-06-20 19:59:31,167] {logging_mixin.py:104} INFO - [2021-06-20 19:59:31,167] {dag.py:2305} INFO - Setting next_dagrun for example_subdag_operator.section-2 to None
[2021-06-20 19:59:31,194] {scheduler_job.py:190} INFO - Processing /home/airflow/.local/lib/python3.6/site-packages/airflow/example_dags/example_subdag_operator.py took 0.498 seconds
[2021-06-20 20:00:01,537] {scheduler_job.py:182} INFO - Started process (PID=468) to work on /home/airflow/.local/lib/python3.6/site-packages/airflow/example_dags/example_subdag_operator.py
[2021-06-20 20:00:01,542] {scheduler_job.py:633} INFO - Processing file /home/airflow/.local/lib/python3.6/site-packages/airflow/example_dags/example_subdag_operator.py for tasks to queue
[2021-06-20 20:00:01,546] {logging_mixin.py:104} INFO - [2021-06-20 20:00:01,545] {dagbag.py:487} INFO - Filling up the DagBag from /home/airflow/.local/lib/python3.6/site-packages/airflow/example_dags/example_subdag_operator.py
[2021-06-20 20:00:01,782] {scheduler_job.py:643} INFO - DAG(s) dict_keys(['example_subdag_operator.section-1', 'example_subdag_operator.section-2', 'example_subdag_operator']) retrieved from /home/airflow/.local/lib/python3.6/site-packages/airflow/example_dags/example_subdag_operator.py
[2021-06-20 20:00:01,859] {logging_mixin.py:104} INFO - [2021-06-20 20:00:01,858] {dag.py:1832} INFO - Sync 3 DAGs
[2021-06-20 20:00:01,939] {logging_mixin.py:104} INFO - [2021-06-20 20:00:01,939] {dag.py:2305} INFO - Setting next_dagrun for example_subdag_operator to 2021-06-18 00:00:00+00:00
[2021-06-20 20:00:01,945] {logging_mixin.py:104} INFO - [2021-06-20 20:00:01,944] {dag.py:2305} INFO - Setting next_dagrun for example_subdag_operator.section-1 to None
[2021-06-20 20:00:01,947] {logging_mixin.py:104} INFO - [2021-06-20 20:00:01,947] {dag.py:2305} INFO - Setting next_dagrun for example_subdag_operator.section-2 to None
[2021-06-20 20:00:01,989] {logging_mixin.py:104} INFO - [2021-06-20 20:00:01,988] {dag.py:1832} INFO - Sync 2 DAGs
[2021-06-20 20:00:02,052] {logging_mixin.py:104} INFO - [2021-06-20 20:00:02,051] {dag.py:2305} INFO - Setting next_dagrun for example_subdag_operator.section-1 to None
[2021-06-20 20:00:02,055] {logging_mixin.py:104} INFO - [2021-06-20 20:00:02,055] {dag.py:2305} INFO - Setting next_dagrun for example_subdag_operator.section-2 to None
[2021-06-20 20:00:02,083] {scheduler_job.py:190} INFO - Processing /home/airflow/.local/lib/python3.6/site-packages/airflow/example_dags/example_subdag_operator.py took 0.566 seconds
[2021-06-20 20:00:32,347] {scheduler_job.py:182} INFO - Started process (PID=524) to work on /home/airflow/.local/lib/python3.6/site-packages/airflow/example_dags/example_subdag_operator.py
[2021-06-20 20:00:32,355] {scheduler_job.py:633} INFO - Processing file /home/airflow/.local/lib/python3.6/site-packages/airflow/example_dags/example_subdag_operator.py for tasks to queue
[2021-06-20 20:00:32,359] {logging_mixin.py:104} INFO - [2021-06-20 20:00:32,358] {dagbag.py:487} INFO - Filling up the DagBag from /home/airflow/.local/lib/python3.6/site-packages/airflow/example_dags/example_subdag_operator.py
[2021-06-20 20:00:32,499] {scheduler_job.py:643} INFO - DAG(s) dict_keys(['example_subdag_operator.section-1', 'example_subdag_operator.section-2', 'example_subdag_operator']) retrieved from /home/airflow/.local/lib/python3.6/site-packages/airflow/example_dags/example_subdag_operator.py
[2021-06-20 20:00:32,561] {logging_mixin.py:104} INFO - [2021-06-20 20:00:32,561] {dag.py:1832} INFO - Sync 3 DAGs
[2021-06-20 20:00:32,635] {logging_mixin.py:104} INFO - [2021-06-20 20:00:32,634] {dag.py:2305} INFO - Setting next_dagrun for example_subdag_operator to 2021-06-18 00:00:00+00:00
[2021-06-20 20:00:32,639] {logging_mixin.py:104} INFO - [2021-06-20 20:00:32,638] {dag.py:2305} INFO - Setting next_dagrun for example_subdag_operator.section-1 to None
[2021-06-20 20:00:32,641] {logging_mixin.py:104} INFO - [2021-06-20 20:00:32,640] {dag.py:2305} INFO - Setting next_dagrun for example_subdag_operator.section-2 to None
[2021-06-20 20:00:32,665] {logging_mixin.py:104} INFO - [2021-06-20 20:00:32,665] {dag.py:1832} INFO - Sync 2 DAGs
[2021-06-20 20:00:32,691] {logging_mixin.py:104} INFO - [2021-06-20 20:00:32,690] {dag.py:2305} INFO - Setting next_dagrun for example_subdag_operator.section-1 to None
[2021-06-20 20:00:32,692] {logging_mixin.py:104} INFO - [2021-06-20 20:00:32,692] {dag.py:2305} INFO - Setting next_dagrun for example_subdag_operator.section-2 to None
[2021-06-20 20:00:32,713] {scheduler_job.py:190} INFO - Processing /home/airflow/.local/lib/python3.6/site-packages/airflow/example_dags/example_subdag_operator.py took 0.384 seconds
[2021-06-20 20:01:02,972] {scheduler_job.py:182} INFO - Started process (PID=590) to work on /home/airflow/.local/lib/python3.6/site-packages/airflow/example_dags/example_subdag_operator.py
[2021-06-20 20:01:02,977] {scheduler_job.py:633} INFO - Processing file /home/airflow/.local/lib/python3.6/site-packages/airflow/example_dags/example_subdag_operator.py for tasks to queue
[2021-06-20 20:01:02,980] {logging_mixin.py:104} INFO - [2021-06-20 20:01:02,980] {dagbag.py:487} INFO - Filling up the DagBag from /home/airflow/.local/lib/python3.6/site-packages/airflow/example_dags/example_subdag_operator.py
[2021-06-20 20:01:03,160] {scheduler_job.py:643} INFO - DAG(s) dict_keys(['example_subdag_operator.section-1', 'example_subdag_operator.section-2', 'example_subdag_operator']) retrieved from /home/airflow/.local/lib/python3.6/site-packages/airflow/example_dags/example_subdag_operator.py
[2021-06-20 20:01:03,220] {logging_mixin.py:104} INFO - [2021-06-20 20:01:03,220] {dag.py:1832} INFO - Sync 3 DAGs
[2021-06-20 20:01:03,294] {logging_mixin.py:104} INFO - [2021-06-20 20:01:03,293] {dag.py:2305} INFO - Setting next_dagrun for example_subdag_operator to 2021-06-18 00:00:00+00:00
[2021-06-20 20:01:03,301] {logging_mixin.py:104} INFO - [2021-06-20 20:01:03,301] {dag.py:2305} INFO - Setting next_dagrun for example_subdag_operator.section-1 to None
[2021-06-20 20:01:03,304] {logging_mixin.py:104} INFO - [2021-06-20 20:01:03,303] {dag.py:2305} INFO - Setting next_dagrun for example_subdag_operator.section-2 to None
[2021-06-20 20:01:03,332] {logging_mixin.py:104} INFO - [2021-06-20 20:01:03,332] {dag.py:1832} INFO - Sync 2 DAGs
[2021-06-20 20:01:03,361] {logging_mixin.py:104} INFO - [2021-06-20 20:01:03,360] {dag.py:2305} INFO - Setting next_dagrun for example_subdag_operator.section-1 to None
[2021-06-20 20:01:03,363] {logging_mixin.py:104} INFO - [2021-06-20 20:01:03,362] {dag.py:2305} INFO - Setting next_dagrun for example_subdag_operator.section-2 to None
[2021-06-20 20:01:03,384] {scheduler_job.py:190} INFO - Processing /home/airflow/.local/lib/python3.6/site-packages/airflow/example_dags/example_subdag_operator.py took 0.426 seconds
[2021-06-20 20:01:33,747] {scheduler_job.py:182} INFO - Started process (PID=645) to work on /home/airflow/.local/lib/python3.6/site-packages/airflow/example_dags/example_subdag_operator.py
[2021-06-20 20:01:33,761] {scheduler_job.py:633} INFO - Processing file /home/airflow/.local/lib/python3.6/site-packages/airflow/example_dags/example_subdag_operator.py for tasks to queue
[2021-06-20 20:01:33,766] {logging_mixin.py:104} INFO - [2021-06-20 20:01:33,766] {dagbag.py:487} INFO - Filling up the DagBag from /home/airflow/.local/lib/python3.6/site-packages/airflow/example_dags/example_subdag_operator.py
[2021-06-20 20:01:33,997] {scheduler_job.py:643} INFO - DAG(s) dict_keys(['example_subdag_operator.section-1', 'example_subdag_operator.section-2', 'example_subdag_operator']) retrieved from /home/airflow/.local/lib/python3.6/site-packages/airflow/example_dags/example_subdag_operator.py
[2021-06-20 20:01:34,075] {logging_mixin.py:104} INFO - [2021-06-20 20:01:34,075] {dag.py:1832} INFO - Sync 3 DAGs
[2021-06-20 20:01:34,181] {logging_mixin.py:104} INFO - [2021-06-20 20:01:34,180] {dag.py:2305} INFO - Setting next_dagrun for example_subdag_operator to 2021-06-18 00:00:00+00:00
[2021-06-20 20:01:34,190] {logging_mixin.py:104} INFO - [2021-06-20 20:01:34,189] {dag.py:2305} INFO - Setting next_dagrun for example_subdag_operator.section-1 to None
[2021-06-20 20:01:34,193] {logging_mixin.py:104} INFO - [2021-06-20 20:01:34,192] {dag.py:2305} INFO - Setting next_dagrun for example_subdag_operator.section-2 to None
[2021-06-20 20:01:34,527] {logging_mixin.py:104} INFO - [2021-06-20 20:01:34,526] {dag.py:1832} INFO - Sync 2 DAGs
[2021-06-20 20:01:34,571] {logging_mixin.py:104} INFO - [2021-06-20 20:01:34,570] {dag.py:2305} INFO - Setting next_dagrun for example_subdag_operator.section-1 to None
[2021-06-20 20:01:34,574] {logging_mixin.py:104} INFO - [2021-06-20 20:01:34,573] {dag.py:2305} INFO - Setting next_dagrun for example_subdag_operator.section-2 to None
[2021-06-20 20:01:34,603] {scheduler_job.py:190} INFO - Processing /home/airflow/.local/lib/python3.6/site-packages/airflow/example_dags/example_subdag_operator.py took 0.875 seconds
[2021-06-20 20:02:04,770] {scheduler_job.py:182} INFO - Started process (PID=704) to work on /home/airflow/.local/lib/python3.6/site-packages/airflow/example_dags/example_subdag_operator.py
[2021-06-20 20:02:04,783] {scheduler_job.py:633} INFO - Processing file /home/airflow/.local/lib/python3.6/site-packages/airflow/example_dags/example_subdag_operator.py for tasks to queue
[2021-06-20 20:02:04,789] {logging_mixin.py:104} INFO - [2021-06-20 20:02:04,788] {dagbag.py:487} INFO - Filling up the DagBag from /home/airflow/.local/lib/python3.6/site-packages/airflow/example_dags/example_subdag_operator.py
[2021-06-20 20:02:05,050] {scheduler_job.py:643} INFO - DAG(s) dict_keys(['example_subdag_operator.section-1', 'example_subdag_operator.section-2', 'example_subdag_operator']) retrieved from /home/airflow/.local/lib/python3.6/site-packages/airflow/example_dags/example_subdag_operator.py
[2021-06-20 20:02:05,133] {logging_mixin.py:104} INFO - [2021-06-20 20:02:05,132] {dag.py:1832} INFO - Sync 3 DAGs
[2021-06-20 20:02:05,239] {logging_mixin.py:104} INFO - [2021-06-20 20:02:05,238] {dag.py:2305} INFO - Setting next_dagrun for example_subdag_operator to 2021-06-18 00:00:00+00:00
[2021-06-20 20:02:05,245] {logging_mixin.py:104} INFO - [2021-06-20 20:02:05,244] {dag.py:2305} INFO - Setting next_dagrun for example_subdag_operator.section-1 to None
[2021-06-20 20:02:05,248] {logging_mixin.py:104} INFO - [2021-06-20 20:02:05,248] {dag.py:2305} INFO - Setting next_dagrun for example_subdag_operator.section-2 to None
[2021-06-20 20:02:05,286] {logging_mixin.py:104} INFO - [2021-06-20 20:02:05,285] {dag.py:1832} INFO - Sync 2 DAGs
[2021-06-20 20:02:05,325] {logging_mixin.py:104} INFO - [2021-06-20 20:02:05,325] {dag.py:2305} INFO - Setting next_dagrun for example_subdag_operator.section-1 to None
[2021-06-20 20:02:05,328] {logging_mixin.py:104} INFO - [2021-06-20 20:02:05,327] {dag.py:2305} INFO - Setting next_dagrun for example_subdag_operator.section-2 to None
[2021-06-20 20:02:05,362] {scheduler_job.py:190} INFO - Processing /home/airflow/.local/lib/python3.6/site-packages/airflow/example_dags/example_subdag_operator.py took 0.628 seconds
[2021-06-20 20:02:36,538] {scheduler_job.py:182} INFO - Started process (PID=761) to work on /home/airflow/.local/lib/python3.6/site-packages/airflow/example_dags/example_subdag_operator.py
[2021-06-20 20:02:36,551] {scheduler_job.py:633} INFO - Processing file /home/airflow/.local/lib/python3.6/site-packages/airflow/example_dags/example_subdag_operator.py for tasks to queue
[2021-06-20 20:02:36,558] {logging_mixin.py:104} INFO - [2021-06-20 20:02:36,558] {dagbag.py:487} INFO - Filling up the DagBag from /home/airflow/.local/lib/python3.6/site-packages/airflow/example_dags/example_subdag_operator.py
[2021-06-20 20:02:36,850] {scheduler_job.py:643} INFO - DAG(s) dict_keys(['example_subdag_operator.section-1', 'example_subdag_operator.section-2', 'example_subdag_operator']) retrieved from /home/airflow/.local/lib/python3.6/site-packages/airflow/example_dags/example_subdag_operator.py
[2021-06-20 20:02:36,931] {logging_mixin.py:104} INFO - [2021-06-20 20:02:36,931] {dag.py:1832} INFO - Sync 3 DAGs
[2021-06-20 20:02:37,078] {logging_mixin.py:104} INFO - [2021-06-20 20:02:37,078] {dag.py:2305} INFO - Setting next_dagrun for example_subdag_operator to 2021-06-18 00:00:00+00:00
[2021-06-20 20:02:37,083] {logging_mixin.py:104} INFO - [2021-06-20 20:02:37,083] {dag.py:2305} INFO - Setting next_dagrun for example_subdag_operator.section-1 to None
[2021-06-20 20:02:37,086] {logging_mixin.py:104} INFO - [2021-06-20 20:02:37,086] {dag.py:2305} INFO - Setting next_dagrun for example_subdag_operator.section-2 to None
[2021-06-20 20:02:37,129] {logging_mixin.py:104} INFO - [2021-06-20 20:02:37,129] {dag.py:1832} INFO - Sync 2 DAGs
[2021-06-20 20:02:37,175] {logging_mixin.py:104} INFO - [2021-06-20 20:02:37,175] {dag.py:2305} INFO - Setting next_dagrun for example_subdag_operator.section-1 to None
[2021-06-20 20:02:37,178] {logging_mixin.py:104} INFO - [2021-06-20 20:02:37,178] {dag.py:2305} INFO - Setting next_dagrun for example_subdag_operator.section-2 to None
[2021-06-20 20:02:37,244] {scheduler_job.py:190} INFO - Processing /home/airflow/.local/lib/python3.6/site-packages/airflow/example_dags/example_subdag_operator.py took 0.764 seconds
[2021-06-20 20:03:08,381] {scheduler_job.py:182} INFO - Started process (PID=818) to work on /home/airflow/.local/lib/python3.6/site-packages/airflow/example_dags/example_subdag_operator.py
[2021-06-20 20:03:08,400] {scheduler_job.py:633} INFO - Processing file /home/airflow/.local/lib/python3.6/site-packages/airflow/example_dags/example_subdag_operator.py for tasks to queue
[2021-06-20 20:03:08,414] {logging_mixin.py:104} INFO - [2021-06-20 20:03:08,413] {dagbag.py:487} INFO - Filling up the DagBag from /home/airflow/.local/lib/python3.6/site-packages/airflow/example_dags/example_subdag_operator.py
[2021-06-20 20:03:08,646] {scheduler_job.py:643} INFO - DAG(s) dict_keys(['example_subdag_operator.section-1', 'example_subdag_operator.section-2', 'example_subdag_operator']) retrieved from /home/airflow/.local/lib/python3.6/site-packages/airflow/example_dags/example_subdag_operator.py
[2021-06-20 20:03:08,733] {logging_mixin.py:104} INFO - [2021-06-20 20:03:08,733] {dag.py:1832} INFO - Sync 3 DAGs
[2021-06-20 20:03:08,881] {logging_mixin.py:104} INFO - [2021-06-20 20:03:08,881] {dag.py:2305} INFO - Setting next_dagrun for example_subdag_operator to 2021-06-18 00:00:00+00:00
[2021-06-20 20:03:08,888] {logging_mixin.py:104} INFO - [2021-06-20 20:03:08,887] {dag.py:2305} INFO - Setting next_dagrun for example_subdag_operator.section-1 to None
[2021-06-20 20:03:08,891] {logging_mixin.py:104} INFO - [2021-06-20 20:03:08,890] {dag.py:2305} INFO - Setting next_dagrun for example_subdag_operator.section-2 to None
[2021-06-20 20:03:08,949] {logging_mixin.py:104} INFO - [2021-06-20 20:03:08,949] {dag.py:1832} INFO - Sync 2 DAGs
[2021-06-20 20:03:09,000] {logging_mixin.py:104} INFO - [2021-06-20 20:03:09,000] {dag.py:2305} INFO - Setting next_dagrun for example_subdag_operator.section-1 to None
[2021-06-20 20:03:09,003] {logging_mixin.py:104} INFO - [2021-06-20 20:03:09,003] {dag.py:2305} INFO - Setting next_dagrun for example_subdag_operator.section-2 to None
[2021-06-20 20:03:09,035] {scheduler_job.py:190} INFO - Processing /home/airflow/.local/lib/python3.6/site-packages/airflow/example_dags/example_subdag_operator.py took 0.697 seconds
[2021-06-20 20:03:39,807] {scheduler_job.py:182} INFO - Started process (PID=878) to work on /home/airflow/.local/lib/python3.6/site-packages/airflow/example_dags/example_subdag_operator.py
[2021-06-20 20:03:39,814] {scheduler_job.py:633} INFO - Processing file /home/airflow/.local/lib/python3.6/site-packages/airflow/example_dags/example_subdag_operator.py for tasks to queue
[2021-06-20 20:03:39,819] {logging_mixin.py:104} INFO - [2021-06-20 20:03:39,818] {dagbag.py:487} INFO - Filling up the DagBag from /home/airflow/.local/lib/python3.6/site-packages/airflow/example_dags/example_subdag_operator.py
[2021-06-20 20:03:40,088] {scheduler_job.py:643} INFO - DAG(s) dict_keys(['example_subdag_operator.section-1', 'example_subdag_operator.section-2', 'example_subdag_operator']) retrieved from /home/airflow/.local/lib/python3.6/site-packages/airflow/example_dags/example_subdag_operator.py
[2021-06-20 20:03:40,235] {logging_mixin.py:104} INFO - [2021-06-20 20:03:40,234] {dag.py:1832} INFO - Sync 3 DAGs
[2021-06-20 20:03:40,405] {logging_mixin.py:104} INFO - [2021-06-20 20:03:40,404] {dag.py:2305} INFO - Setting next_dagrun for example_subdag_operator to 2021-06-18 00:00:00+00:00
[2021-06-20 20:03:40,413] {logging_mixin.py:104} INFO - [2021-06-20 20:03:40,413] {dag.py:2305} INFO - Setting next_dagrun for example_subdag_operator.section-1 to None
[2021-06-20 20:03:40,417] {logging_mixin.py:104} INFO - [2021-06-20 20:03:40,417] {dag.py:2305} INFO - Setting next_dagrun for example_subdag_operator.section-2 to None
[2021-06-20 20:03:40,481] {logging_mixin.py:104} INFO - [2021-06-20 20:03:40,480] {dag.py:1832} INFO - Sync 2 DAGs
[2021-06-20 20:03:40,527] {logging_mixin.py:104} INFO - [2021-06-20 20:03:40,527] {dag.py:2305} INFO - Setting next_dagrun for example_subdag_operator.section-1 to None
[2021-06-20 20:03:40,530] {logging_mixin.py:104} INFO - [2021-06-20 20:03:40,529] {dag.py:2305} INFO - Setting next_dagrun for example_subdag_operator.section-2 to None
[2021-06-20 20:03:40,595] {scheduler_job.py:190} INFO - Processing /home/airflow/.local/lib/python3.6/site-packages/airflow/example_dags/example_subdag_operator.py took 0.807 seconds
[2021-06-20 20:04:10,764] {scheduler_job.py:182} INFO - Started process (PID=934) to work on /home/airflow/.local/lib/python3.6/site-packages/airflow/example_dags/example_subdag_operator.py
[2021-06-20 20:04:10,771] {scheduler_job.py:633} INFO - Processing file /home/airflow/.local/lib/python3.6/site-packages/airflow/example_dags/example_subdag_operator.py for tasks to queue
[2021-06-20 20:04:10,775] {logging_mixin.py:104} INFO - [2021-06-20 20:04:10,774] {dagbag.py:487} INFO - Filling up the DagBag from /home/airflow/.local/lib/python3.6/site-packages/airflow/example_dags/example_subdag_operator.py
[2021-06-20 20:04:10,960] {scheduler_job.py:643} INFO - DAG(s) dict_keys(['example_subdag_operator.section-1', 'example_subdag_operator.section-2', 'example_subdag_operator']) retrieved from /home/airflow/.local/lib/python3.6/site-packages/airflow/example_dags/example_subdag_operator.py
[2021-06-20 20:04:11,030] {logging_mixin.py:104} INFO - [2021-06-20 20:04:11,030] {dag.py:1832} INFO - Sync 3 DAGs
[2021-06-20 20:04:11,108] {logging_mixin.py:104} INFO - [2021-06-20 20:04:11,107] {dag.py:2305} INFO - Setting next_dagrun for example_subdag_operator to 2021-06-18 00:00:00+00:00
[2021-06-20 20:04:11,112] {logging_mixin.py:104} INFO - [2021-06-20 20:04:11,112] {dag.py:2305} INFO - Setting next_dagrun for example_subdag_operator.section-1 to None
[2021-06-20 20:04:11,114] {logging_mixin.py:104} INFO - [2021-06-20 20:04:11,114] {dag.py:2305} INFO - Setting next_dagrun for example_subdag_operator.section-2 to None
[2021-06-20 20:04:11,145] {logging_mixin.py:104} INFO - [2021-06-20 20:04:11,144] {dag.py:1832} INFO - Sync 2 DAGs
[2021-06-20 20:04:11,195] {logging_mixin.py:104} INFO - [2021-06-20 20:04:11,195] {dag.py:2305} INFO - Setting next_dagrun for example_subdag_operator.section-1 to None
[2021-06-20 20:04:11,198] {logging_mixin.py:104} INFO - [2021-06-20 20:04:11,197] {dag.py:2305} INFO - Setting next_dagrun for example_subdag_operator.section-2 to None
[2021-06-20 20:04:11,226] {scheduler_job.py:190} INFO - Processing /home/airflow/.local/lib/python3.6/site-packages/airflow/example_dags/example_subdag_operator.py took 0.478 seconds
[2021-06-20 20:04:41,749] {scheduler_job.py:182} INFO - Started process (PID=993) to work on /home/airflow/.local/lib/python3.6/site-packages/airflow/example_dags/example_subdag_operator.py
[2021-06-20 20:04:41,755] {scheduler_job.py:633} INFO - Processing file /home/airflow/.local/lib/python3.6/site-packages/airflow/example_dags/example_subdag_operator.py for tasks to queue
[2021-06-20 20:04:41,759] {logging_mixin.py:104} INFO - [2021-06-20 20:04:41,758] {dagbag.py:487} INFO - Filling up the DagBag from /home/airflow/.local/lib/python3.6/site-packages/airflow/example_dags/example_subdag_operator.py
[2021-06-20 20:04:41,900] {scheduler_job.py:643} INFO - DAG(s) dict_keys(['example_subdag_operator.section-1', 'example_subdag_operator.section-2', 'example_subdag_operator']) retrieved from /home/airflow/.local/lib/python3.6/site-packages/airflow/example_dags/example_subdag_operator.py
[2021-06-20 20:04:41,967] {logging_mixin.py:104} INFO - [2021-06-20 20:04:41,967] {dag.py:1832} INFO - Sync 3 DAGs
[2021-06-20 20:04:42,108] {logging_mixin.py:104} INFO - [2021-06-20 20:04:42,107] {dag.py:2305} INFO - Setting next_dagrun for example_subdag_operator to 2021-06-18 00:00:00+00:00
[2021-06-20 20:04:42,115] {logging_mixin.py:104} INFO - [2021-06-20 20:04:42,114] {dag.py:2305} INFO - Setting next_dagrun for example_subdag_operator.section-1 to None
[2021-06-20 20:04:42,118] {logging_mixin.py:104} INFO - [2021-06-20 20:04:42,117] {dag.py:2305} INFO - Setting next_dagrun for example_subdag_operator.section-2 to None
[2021-06-20 20:04:42,157] {logging_mixin.py:104} INFO - [2021-06-20 20:04:42,156] {dag.py:1832} INFO - Sync 2 DAGs
[2021-06-20 20:04:42,202] {logging_mixin.py:104} INFO - [2021-06-20 20:04:42,201] {dag.py:2305} INFO - Setting next_dagrun for example_subdag_operator.section-1 to None
[2021-06-20 20:04:42,205] {logging_mixin.py:104} INFO - [2021-06-20 20:04:42,205] {dag.py:2305} INFO - Setting next_dagrun for example_subdag_operator.section-2 to None
[2021-06-20 20:04:42,238] {scheduler_job.py:190} INFO - Processing /home/airflow/.local/lib/python3.6/site-packages/airflow/example_dags/example_subdag_operator.py took 0.505 seconds
