[2021-06-20 19:57:11,642] {scheduler_job.py:182} INFO - Started process (PID=118) to work on /home/airflow/.local/lib/python3.6/site-packages/airflow/example_dags/example_python_operator.py
[2021-06-20 19:57:11,643] {scheduler_job.py:633} INFO - Processing file /home/airflow/.local/lib/python3.6/site-packages/airflow/example_dags/example_python_operator.py for tasks to queue
[2021-06-20 19:57:11,644] {logging_mixin.py:104} INFO - [2021-06-20 19:57:11,644] {dagbag.py:487} INFO - Filling up the DagBag from /home/airflow/.local/lib/python3.6/site-packages/airflow/example_dags/example_python_operator.py
[2021-06-20 19:57:11,658] {scheduler_job.py:643} INFO - DAG(s) dict_keys(['example_python_operator']) retrieved from /home/airflow/.local/lib/python3.6/site-packages/airflow/example_dags/example_python_operator.py
[2021-06-20 19:57:14,340] {logging_mixin.py:104} INFO - [2021-06-20 19:57:14,338] {dag.py:1832} INFO - Sync 1 DAGs
[2021-06-20 19:57:14,353] {logging_mixin.py:104} INFO - [2021-06-20 19:57:14,351] {dag.py:1851} INFO - Creating ORM DAG for example_python_operator
[2021-06-20 19:57:14,359] {logging_mixin.py:104} INFO - [2021-06-20 19:57:14,359] {dag.py:2305} INFO - Setting next_dagrun for example_python_operator to None
[2021-06-20 19:57:14,371] {scheduler_job.py:190} INFO - Processing /home/airflow/.local/lib/python3.6/site-packages/airflow/example_dags/example_python_operator.py took 2.732 seconds
[2021-06-20 19:57:44,930] {scheduler_job.py:182} INFO - Started process (PID=215) to work on /home/airflow/.local/lib/python3.6/site-packages/airflow/example_dags/example_python_operator.py
[2021-06-20 19:57:44,934] {scheduler_job.py:633} INFO - Processing file /home/airflow/.local/lib/python3.6/site-packages/airflow/example_dags/example_python_operator.py for tasks to queue
[2021-06-20 19:57:44,937] {logging_mixin.py:104} INFO - [2021-06-20 19:57:44,936] {dagbag.py:487} INFO - Filling up the DagBag from /home/airflow/.local/lib/python3.6/site-packages/airflow/example_dags/example_python_operator.py
[2021-06-20 19:57:44,977] {scheduler_job.py:643} INFO - DAG(s) dict_keys(['example_python_operator']) retrieved from /home/airflow/.local/lib/python3.6/site-packages/airflow/example_dags/example_python_operator.py
[2021-06-20 19:57:45,028] {logging_mixin.py:104} INFO - [2021-06-20 19:57:45,028] {dag.py:1832} INFO - Sync 1 DAGs
[2021-06-20 19:57:45,072] {logging_mixin.py:104} INFO - [2021-06-20 19:57:45,071] {dag.py:2305} INFO - Setting next_dagrun for example_python_operator to None
[2021-06-20 19:57:45,092] {scheduler_job.py:190} INFO - Processing /home/airflow/.local/lib/python3.6/site-packages/airflow/example_dags/example_python_operator.py took 0.174 seconds
[2021-06-20 19:58:15,582] {scheduler_job.py:182} INFO - Started process (PID=271) to work on /home/airflow/.local/lib/python3.6/site-packages/airflow/example_dags/example_python_operator.py
[2021-06-20 19:58:15,589] {scheduler_job.py:633} INFO - Processing file /home/airflow/.local/lib/python3.6/site-packages/airflow/example_dags/example_python_operator.py for tasks to queue
[2021-06-20 19:58:15,595] {logging_mixin.py:104} INFO - [2021-06-20 19:58:15,594] {dagbag.py:487} INFO - Filling up the DagBag from /home/airflow/.local/lib/python3.6/site-packages/airflow/example_dags/example_python_operator.py
[2021-06-20 19:58:15,684] {scheduler_job.py:643} INFO - DAG(s) dict_keys(['example_python_operator']) retrieved from /home/airflow/.local/lib/python3.6/site-packages/airflow/example_dags/example_python_operator.py
[2021-06-20 19:58:15,824] {logging_mixin.py:104} INFO - [2021-06-20 19:58:15,824] {dag.py:1832} INFO - Sync 1 DAGs
[2021-06-20 19:58:15,934] {logging_mixin.py:104} INFO - [2021-06-20 19:58:15,933] {dag.py:2305} INFO - Setting next_dagrun for example_python_operator to None
[2021-06-20 19:58:15,988] {scheduler_job.py:190} INFO - Processing /home/airflow/.local/lib/python3.6/site-packages/airflow/example_dags/example_python_operator.py took 0.435 seconds
[2021-06-20 19:58:46,249] {scheduler_job.py:182} INFO - Started process (PID=330) to work on /home/airflow/.local/lib/python3.6/site-packages/airflow/example_dags/example_python_operator.py
[2021-06-20 19:58:46,256] {scheduler_job.py:633} INFO - Processing file /home/airflow/.local/lib/python3.6/site-packages/airflow/example_dags/example_python_operator.py for tasks to queue
[2021-06-20 19:58:46,261] {logging_mixin.py:104} INFO - [2021-06-20 19:58:46,260] {dagbag.py:487} INFO - Filling up the DagBag from /home/airflow/.local/lib/python3.6/site-packages/airflow/example_dags/example_python_operator.py
[2021-06-20 19:58:46,331] {scheduler_job.py:643} INFO - DAG(s) dict_keys(['example_python_operator']) retrieved from /home/airflow/.local/lib/python3.6/site-packages/airflow/example_dags/example_python_operator.py
[2021-06-20 19:58:46,418] {logging_mixin.py:104} INFO - [2021-06-20 19:58:46,417] {dag.py:1832} INFO - Sync 1 DAGs
[2021-06-20 19:58:46,486] {logging_mixin.py:104} INFO - [2021-06-20 19:58:46,486] {dag.py:2305} INFO - Setting next_dagrun for example_python_operator to None
[2021-06-20 19:58:46,551] {scheduler_job.py:190} INFO - Processing /home/airflow/.local/lib/python3.6/site-packages/airflow/example_dags/example_python_operator.py took 0.315 seconds
[2021-06-20 19:59:16,804] {scheduler_job.py:182} INFO - Started process (PID=389) to work on /home/airflow/.local/lib/python3.6/site-packages/airflow/example_dags/example_python_operator.py
[2021-06-20 19:59:16,810] {scheduler_job.py:633} INFO - Processing file /home/airflow/.local/lib/python3.6/site-packages/airflow/example_dags/example_python_operator.py for tasks to queue
[2021-06-20 19:59:16,813] {logging_mixin.py:104} INFO - [2021-06-20 19:59:16,812] {dagbag.py:487} INFO - Filling up the DagBag from /home/airflow/.local/lib/python3.6/site-packages/airflow/example_dags/example_python_operator.py
[2021-06-20 19:59:16,871] {scheduler_job.py:643} INFO - DAG(s) dict_keys(['example_python_operator']) retrieved from /home/airflow/.local/lib/python3.6/site-packages/airflow/example_dags/example_python_operator.py
[2021-06-20 19:59:16,966] {logging_mixin.py:104} INFO - [2021-06-20 19:59:16,966] {dag.py:1832} INFO - Sync 1 DAGs
[2021-06-20 19:59:17,042] {logging_mixin.py:104} INFO - [2021-06-20 19:59:17,042] {dag.py:2305} INFO - Setting next_dagrun for example_python_operator to None
[2021-06-20 19:59:17,078] {scheduler_job.py:190} INFO - Processing /home/airflow/.local/lib/python3.6/site-packages/airflow/example_dags/example_python_operator.py took 0.286 seconds
[2021-06-20 19:59:47,181] {scheduler_job.py:182} INFO - Started process (PID=446) to work on /home/airflow/.local/lib/python3.6/site-packages/airflow/example_dags/example_python_operator.py
[2021-06-20 19:59:47,186] {scheduler_job.py:633} INFO - Processing file /home/airflow/.local/lib/python3.6/site-packages/airflow/example_dags/example_python_operator.py for tasks to queue
[2021-06-20 19:59:47,189] {logging_mixin.py:104} INFO - [2021-06-20 19:59:47,189] {dagbag.py:487} INFO - Filling up the DagBag from /home/airflow/.local/lib/python3.6/site-packages/airflow/example_dags/example_python_operator.py
[2021-06-20 19:59:47,244] {scheduler_job.py:643} INFO - DAG(s) dict_keys(['example_python_operator']) retrieved from /home/airflow/.local/lib/python3.6/site-packages/airflow/example_dags/example_python_operator.py
[2021-06-20 19:59:47,332] {logging_mixin.py:104} INFO - [2021-06-20 19:59:47,331] {dag.py:1832} INFO - Sync 1 DAGs
[2021-06-20 19:59:47,418] {logging_mixin.py:104} INFO - [2021-06-20 19:59:47,418] {dag.py:2305} INFO - Setting next_dagrun for example_python_operator to None
[2021-06-20 19:59:47,456] {scheduler_job.py:190} INFO - Processing /home/airflow/.local/lib/python3.6/site-packages/airflow/example_dags/example_python_operator.py took 0.289 seconds
[2021-06-20 20:00:18,207] {scheduler_job.py:182} INFO - Started process (PID=505) to work on /home/airflow/.local/lib/python3.6/site-packages/airflow/example_dags/example_python_operator.py
[2021-06-20 20:00:18,212] {scheduler_job.py:633} INFO - Processing file /home/airflow/.local/lib/python3.6/site-packages/airflow/example_dags/example_python_operator.py for tasks to queue
[2021-06-20 20:00:18,216] {logging_mixin.py:104} INFO - [2021-06-20 20:00:18,215] {dagbag.py:487} INFO - Filling up the DagBag from /home/airflow/.local/lib/python3.6/site-packages/airflow/example_dags/example_python_operator.py
[2021-06-20 20:00:18,275] {scheduler_job.py:643} INFO - DAG(s) dict_keys(['example_python_operator']) retrieved from /home/airflow/.local/lib/python3.6/site-packages/airflow/example_dags/example_python_operator.py
[2021-06-20 20:00:18,375] {logging_mixin.py:104} INFO - [2021-06-20 20:00:18,375] {dag.py:1832} INFO - Sync 1 DAGs
[2021-06-20 20:00:18,450] {logging_mixin.py:104} INFO - [2021-06-20 20:00:18,450] {dag.py:2305} INFO - Setting next_dagrun for example_python_operator to None
[2021-06-20 20:00:18,489] {scheduler_job.py:190} INFO - Processing /home/airflow/.local/lib/python3.6/site-packages/airflow/example_dags/example_python_operator.py took 0.296 seconds
[2021-06-20 20:00:48,847] {scheduler_job.py:182} INFO - Started process (PID=561) to work on /home/airflow/.local/lib/python3.6/site-packages/airflow/example_dags/example_python_operator.py
[2021-06-20 20:00:48,852] {scheduler_job.py:633} INFO - Processing file /home/airflow/.local/lib/python3.6/site-packages/airflow/example_dags/example_python_operator.py for tasks to queue
[2021-06-20 20:00:48,855] {logging_mixin.py:104} INFO - [2021-06-20 20:00:48,854] {dagbag.py:487} INFO - Filling up the DagBag from /home/airflow/.local/lib/python3.6/site-packages/airflow/example_dags/example_python_operator.py
[2021-06-20 20:00:48,924] {scheduler_job.py:643} INFO - DAG(s) dict_keys(['example_python_operator']) retrieved from /home/airflow/.local/lib/python3.6/site-packages/airflow/example_dags/example_python_operator.py
[2021-06-20 20:00:49,028] {logging_mixin.py:104} INFO - [2021-06-20 20:00:49,027] {dag.py:1832} INFO - Sync 1 DAGs
[2021-06-20 20:00:49,101] {logging_mixin.py:104} INFO - [2021-06-20 20:00:49,101] {dag.py:2305} INFO - Setting next_dagrun for example_python_operator to None
[2021-06-20 20:00:49,157] {scheduler_job.py:190} INFO - Processing /home/airflow/.local/lib/python3.6/site-packages/airflow/example_dags/example_python_operator.py took 0.323 seconds
[2021-06-20 20:01:19,321] {scheduler_job.py:182} INFO - Started process (PID=620) to work on /home/airflow/.local/lib/python3.6/site-packages/airflow/example_dags/example_python_operator.py
[2021-06-20 20:01:19,328] {scheduler_job.py:633} INFO - Processing file /home/airflow/.local/lib/python3.6/site-packages/airflow/example_dags/example_python_operator.py for tasks to queue
[2021-06-20 20:01:19,333] {logging_mixin.py:104} INFO - [2021-06-20 20:01:19,332] {dagbag.py:487} INFO - Filling up the DagBag from /home/airflow/.local/lib/python3.6/site-packages/airflow/example_dags/example_python_operator.py
[2021-06-20 20:01:19,404] {scheduler_job.py:643} INFO - DAG(s) dict_keys(['example_python_operator']) retrieved from /home/airflow/.local/lib/python3.6/site-packages/airflow/example_dags/example_python_operator.py
[2021-06-20 20:01:19,521] {logging_mixin.py:104} INFO - [2021-06-20 20:01:19,521] {dag.py:1832} INFO - Sync 1 DAGs
[2021-06-20 20:01:19,593] {logging_mixin.py:104} INFO - [2021-06-20 20:01:19,592] {dag.py:2305} INFO - Setting next_dagrun for example_python_operator to None
[2021-06-20 20:01:19,630] {scheduler_job.py:190} INFO - Processing /home/airflow/.local/lib/python3.6/site-packages/airflow/example_dags/example_python_operator.py took 0.328 seconds
[2021-06-20 20:01:49,788] {scheduler_job.py:182} INFO - Started process (PID=674) to work on /home/airflow/.local/lib/python3.6/site-packages/airflow/example_dags/example_python_operator.py
[2021-06-20 20:01:49,794] {scheduler_job.py:633} INFO - Processing file /home/airflow/.local/lib/python3.6/site-packages/airflow/example_dags/example_python_operator.py for tasks to queue
[2021-06-20 20:01:49,797] {logging_mixin.py:104} INFO - [2021-06-20 20:01:49,796] {dagbag.py:487} INFO - Filling up the DagBag from /home/airflow/.local/lib/python3.6/site-packages/airflow/example_dags/example_python_operator.py
[2021-06-20 20:01:49,871] {scheduler_job.py:643} INFO - DAG(s) dict_keys(['example_python_operator']) retrieved from /home/airflow/.local/lib/python3.6/site-packages/airflow/example_dags/example_python_operator.py
[2021-06-20 20:01:49,965] {logging_mixin.py:104} INFO - [2021-06-20 20:01:49,965] {dag.py:1832} INFO - Sync 1 DAGs
[2021-06-20 20:01:50,030] {logging_mixin.py:104} INFO - [2021-06-20 20:01:50,029] {dag.py:2305} INFO - Setting next_dagrun for example_python_operator to None
[2021-06-20 20:01:50,072] {scheduler_job.py:190} INFO - Processing /home/airflow/.local/lib/python3.6/site-packages/airflow/example_dags/example_python_operator.py took 0.298 seconds
[2021-06-20 20:02:20,576] {scheduler_job.py:182} INFO - Started process (PID=733) to work on /home/airflow/.local/lib/python3.6/site-packages/airflow/example_dags/example_python_operator.py
[2021-06-20 20:02:20,581] {scheduler_job.py:633} INFO - Processing file /home/airflow/.local/lib/python3.6/site-packages/airflow/example_dags/example_python_operator.py for tasks to queue
[2021-06-20 20:02:20,584] {logging_mixin.py:104} INFO - [2021-06-20 20:02:20,584] {dagbag.py:487} INFO - Filling up the DagBag from /home/airflow/.local/lib/python3.6/site-packages/airflow/example_dags/example_python_operator.py
[2021-06-20 20:02:20,654] {scheduler_job.py:643} INFO - DAG(s) dict_keys(['example_python_operator']) retrieved from /home/airflow/.local/lib/python3.6/site-packages/airflow/example_dags/example_python_operator.py
[2021-06-20 20:02:20,757] {logging_mixin.py:104} INFO - [2021-06-20 20:02:20,756] {dag.py:1832} INFO - Sync 1 DAGs
[2021-06-20 20:02:20,898] {logging_mixin.py:104} INFO - [2021-06-20 20:02:20,898] {dag.py:2305} INFO - Setting next_dagrun for example_python_operator to None
[2021-06-20 20:02:20,963] {scheduler_job.py:190} INFO - Processing /home/airflow/.local/lib/python3.6/site-packages/airflow/example_dags/example_python_operator.py took 0.403 seconds
[2021-06-20 20:02:51,604] {scheduler_job.py:182} INFO - Started process (PID=787) to work on /home/airflow/.local/lib/python3.6/site-packages/airflow/example_dags/example_python_operator.py
[2021-06-20 20:02:51,611] {scheduler_job.py:633} INFO - Processing file /home/airflow/.local/lib/python3.6/site-packages/airflow/example_dags/example_python_operator.py for tasks to queue
[2021-06-20 20:02:51,615] {logging_mixin.py:104} INFO - [2021-06-20 20:02:51,614] {dagbag.py:487} INFO - Filling up the DagBag from /home/airflow/.local/lib/python3.6/site-packages/airflow/example_dags/example_python_operator.py
[2021-06-20 20:02:51,699] {scheduler_job.py:643} INFO - DAG(s) dict_keys(['example_python_operator']) retrieved from /home/airflow/.local/lib/python3.6/site-packages/airflow/example_dags/example_python_operator.py
[2021-06-20 20:02:51,816] {logging_mixin.py:104} INFO - [2021-06-20 20:02:51,816] {dag.py:1832} INFO - Sync 1 DAGs
[2021-06-20 20:02:51,900] {logging_mixin.py:104} INFO - [2021-06-20 20:02:51,900] {dag.py:2305} INFO - Setting next_dagrun for example_python_operator to None
[2021-06-20 20:02:51,957] {scheduler_job.py:190} INFO - Processing /home/airflow/.local/lib/python3.6/site-packages/airflow/example_dags/example_python_operator.py took 0.374 seconds
[2021-06-20 20:03:22,566] {scheduler_job.py:182} INFO - Started process (PID=846) to work on /home/airflow/.local/lib/python3.6/site-packages/airflow/example_dags/example_python_operator.py
[2021-06-20 20:03:22,578] {scheduler_job.py:633} INFO - Processing file /home/airflow/.local/lib/python3.6/site-packages/airflow/example_dags/example_python_operator.py for tasks to queue
[2021-06-20 20:03:22,583] {logging_mixin.py:104} INFO - [2021-06-20 20:03:22,582] {dagbag.py:487} INFO - Filling up the DagBag from /home/airflow/.local/lib/python3.6/site-packages/airflow/example_dags/example_python_operator.py
[2021-06-20 20:03:22,704] {scheduler_job.py:643} INFO - DAG(s) dict_keys(['example_python_operator']) retrieved from /home/airflow/.local/lib/python3.6/site-packages/airflow/example_dags/example_python_operator.py
[2021-06-20 20:03:22,900] {logging_mixin.py:104} INFO - [2021-06-20 20:03:22,899] {dag.py:1832} INFO - Sync 1 DAGs
[2021-06-20 20:03:23,074] {logging_mixin.py:104} INFO - [2021-06-20 20:03:23,073] {dag.py:2305} INFO - Setting next_dagrun for example_python_operator to None
[2021-06-20 20:03:23,173] {scheduler_job.py:190} INFO - Processing /home/airflow/.local/lib/python3.6/site-packages/airflow/example_dags/example_python_operator.py took 0.625 seconds
[2021-06-20 20:03:53,533] {scheduler_job.py:182} INFO - Started process (PID=902) to work on /home/airflow/.local/lib/python3.6/site-packages/airflow/example_dags/example_python_operator.py
[2021-06-20 20:03:53,538] {scheduler_job.py:633} INFO - Processing file /home/airflow/.local/lib/python3.6/site-packages/airflow/example_dags/example_python_operator.py for tasks to queue
[2021-06-20 20:03:53,542] {logging_mixin.py:104} INFO - [2021-06-20 20:03:53,541] {dagbag.py:487} INFO - Filling up the DagBag from /home/airflow/.local/lib/python3.6/site-packages/airflow/example_dags/example_python_operator.py
[2021-06-20 20:03:53,607] {scheduler_job.py:643} INFO - DAG(s) dict_keys(['example_python_operator']) retrieved from /home/airflow/.local/lib/python3.6/site-packages/airflow/example_dags/example_python_operator.py
[2021-06-20 20:03:53,709] {logging_mixin.py:104} INFO - [2021-06-20 20:03:53,709] {dag.py:1832} INFO - Sync 1 DAGs
[2021-06-20 20:03:53,804] {logging_mixin.py:104} INFO - [2021-06-20 20:03:53,804] {dag.py:2305} INFO - Setting next_dagrun for example_python_operator to None
[2021-06-20 20:03:53,854] {scheduler_job.py:190} INFO - Processing /home/airflow/.local/lib/python3.6/site-packages/airflow/example_dags/example_python_operator.py took 0.340 seconds
[2021-06-20 20:04:23,982] {scheduler_job.py:182} INFO - Started process (PID=968) to work on /home/airflow/.local/lib/python3.6/site-packages/airflow/example_dags/example_python_operator.py
[2021-06-20 20:04:23,987] {scheduler_job.py:633} INFO - Processing file /home/airflow/.local/lib/python3.6/site-packages/airflow/example_dags/example_python_operator.py for tasks to queue
[2021-06-20 20:04:23,995] {logging_mixin.py:104} INFO - [2021-06-20 20:04:23,994] {dagbag.py:487} INFO - Filling up the DagBag from /home/airflow/.local/lib/python3.6/site-packages/airflow/example_dags/example_python_operator.py
[2021-06-20 20:04:24,069] {scheduler_job.py:643} INFO - DAG(s) dict_keys(['example_python_operator']) retrieved from /home/airflow/.local/lib/python3.6/site-packages/airflow/example_dags/example_python_operator.py
[2021-06-20 20:04:24,175] {logging_mixin.py:104} INFO - [2021-06-20 20:04:24,174] {dag.py:1832} INFO - Sync 1 DAGs
[2021-06-20 20:04:24,344] {logging_mixin.py:104} INFO - [2021-06-20 20:04:24,342] {dag.py:2305} INFO - Setting next_dagrun for example_python_operator to None
[2021-06-20 20:04:24,397] {scheduler_job.py:190} INFO - Processing /home/airflow/.local/lib/python3.6/site-packages/airflow/example_dags/example_python_operator.py took 0.435 seconds
