[2021-06-20 19:57:16,718] {scheduler_job.py:182} INFO - Started process (PID=126) to work on /home/airflow/.local/lib/python3.6/site-packages/airflow/example_dags/example_bash_operator.py
[2021-06-20 19:57:16,720] {scheduler_job.py:633} INFO - Processing file /home/airflow/.local/lib/python3.6/site-packages/airflow/example_dags/example_bash_operator.py for tasks to queue
[2021-06-20 19:57:16,721] {logging_mixin.py:104} INFO - [2021-06-20 19:57:16,721] {dagbag.py:487} INFO - Filling up the DagBag from /home/airflow/.local/lib/python3.6/site-packages/airflow/example_dags/example_bash_operator.py
[2021-06-20 19:57:16,749] {scheduler_job.py:643} INFO - DAG(s) dict_keys(['example_bash_operator']) retrieved from /home/airflow/.local/lib/python3.6/site-packages/airflow/example_dags/example_bash_operator.py
[2021-06-20 19:57:19,208] {logging_mixin.py:104} INFO - [2021-06-20 19:57:19,206] {dag.py:1832} INFO - Sync 1 DAGs
[2021-06-20 19:57:19,222] {logging_mixin.py:104} INFO - [2021-06-20 19:57:19,220] {dag.py:1851} INFO - Creating ORM DAG for example_bash_operator
[2021-06-20 19:57:19,231] {logging_mixin.py:104} INFO - [2021-06-20 19:57:19,231] {dag.py:2305} INFO - Setting next_dagrun for example_bash_operator to 2021-06-18 00:00:00+00:00
[2021-06-20 19:57:19,246] {scheduler_job.py:190} INFO - Processing /home/airflow/.local/lib/python3.6/site-packages/airflow/example_dags/example_bash_operator.py took 2.531 seconds
[2021-06-20 19:57:50,216] {scheduler_job.py:182} INFO - Started process (PID=219) to work on /home/airflow/.local/lib/python3.6/site-packages/airflow/example_dags/example_bash_operator.py
[2021-06-20 19:57:50,221] {scheduler_job.py:633} INFO - Processing file /home/airflow/.local/lib/python3.6/site-packages/airflow/example_dags/example_bash_operator.py for tasks to queue
[2021-06-20 19:57:50,225] {logging_mixin.py:104} INFO - [2021-06-20 19:57:50,224] {dagbag.py:487} INFO - Filling up the DagBag from /home/airflow/.local/lib/python3.6/site-packages/airflow/example_dags/example_bash_operator.py
[2021-06-20 19:57:50,323] {scheduler_job.py:643} INFO - DAG(s) dict_keys(['example_bash_operator']) retrieved from /home/airflow/.local/lib/python3.6/site-packages/airflow/example_dags/example_bash_operator.py
[2021-06-20 19:57:50,430] {logging_mixin.py:104} INFO - [2021-06-20 19:57:50,429] {dag.py:1832} INFO - Sync 1 DAGs
[2021-06-20 19:57:50,545] {logging_mixin.py:104} INFO - [2021-06-20 19:57:50,545] {dag.py:2305} INFO - Setting next_dagrun for example_bash_operator to 2021-06-18 00:00:00+00:00
[2021-06-20 19:57:50,588] {scheduler_job.py:190} INFO - Processing /home/airflow/.local/lib/python3.6/site-packages/airflow/example_dags/example_bash_operator.py took 0.388 seconds
[2021-06-20 19:58:21,391] {scheduler_job.py:182} INFO - Started process (PID=278) to work on /home/airflow/.local/lib/python3.6/site-packages/airflow/example_dags/example_bash_operator.py
[2021-06-20 19:58:21,398] {scheduler_job.py:633} INFO - Processing file /home/airflow/.local/lib/python3.6/site-packages/airflow/example_dags/example_bash_operator.py for tasks to queue
[2021-06-20 19:58:21,401] {logging_mixin.py:104} INFO - [2021-06-20 19:58:21,401] {dagbag.py:487} INFO - Filling up the DagBag from /home/airflow/.local/lib/python3.6/site-packages/airflow/example_dags/example_bash_operator.py
[2021-06-20 19:58:21,478] {scheduler_job.py:643} INFO - DAG(s) dict_keys(['example_bash_operator']) retrieved from /home/airflow/.local/lib/python3.6/site-packages/airflow/example_dags/example_bash_operator.py
[2021-06-20 19:58:21,601] {logging_mixin.py:104} INFO - [2021-06-20 19:58:21,600] {dag.py:1832} INFO - Sync 1 DAGs
[2021-06-20 19:58:21,683] {logging_mixin.py:104} INFO - [2021-06-20 19:58:21,683] {dag.py:2305} INFO - Setting next_dagrun for example_bash_operator to 2021-06-18 00:00:00+00:00
[2021-06-20 19:58:21,723] {scheduler_job.py:190} INFO - Processing /home/airflow/.local/lib/python3.6/site-packages/airflow/example_dags/example_bash_operator.py took 0.349 seconds
[2021-06-20 19:58:52,247] {scheduler_job.py:182} INFO - Started process (PID=334) to work on /home/airflow/.local/lib/python3.6/site-packages/airflow/example_dags/example_bash_operator.py
[2021-06-20 19:58:52,256] {scheduler_job.py:633} INFO - Processing file /home/airflow/.local/lib/python3.6/site-packages/airflow/example_dags/example_bash_operator.py for tasks to queue
[2021-06-20 19:58:52,260] {logging_mixin.py:104} INFO - [2021-06-20 19:58:52,259] {dagbag.py:487} INFO - Filling up the DagBag from /home/airflow/.local/lib/python3.6/site-packages/airflow/example_dags/example_bash_operator.py
[2021-06-20 19:58:52,340] {scheduler_job.py:643} INFO - DAG(s) dict_keys(['example_bash_operator']) retrieved from /home/airflow/.local/lib/python3.6/site-packages/airflow/example_dags/example_bash_operator.py
[2021-06-20 19:58:52,432] {logging_mixin.py:104} INFO - [2021-06-20 19:58:52,431] {dag.py:1832} INFO - Sync 1 DAGs
[2021-06-20 19:58:52,508] {logging_mixin.py:104} INFO - [2021-06-20 19:58:52,507] {dag.py:2305} INFO - Setting next_dagrun for example_bash_operator to 2021-06-18 00:00:00+00:00
[2021-06-20 19:58:52,542] {scheduler_job.py:190} INFO - Processing /home/airflow/.local/lib/python3.6/site-packages/airflow/example_dags/example_bash_operator.py took 0.319 seconds
[2021-06-20 19:59:22,812] {scheduler_job.py:182} INFO - Started process (PID=401) to work on /home/airflow/.local/lib/python3.6/site-packages/airflow/example_dags/example_bash_operator.py
[2021-06-20 19:59:22,817] {scheduler_job.py:633} INFO - Processing file /home/airflow/.local/lib/python3.6/site-packages/airflow/example_dags/example_bash_operator.py for tasks to queue
[2021-06-20 19:59:22,821] {logging_mixin.py:104} INFO - [2021-06-20 19:59:22,820] {dagbag.py:487} INFO - Filling up the DagBag from /home/airflow/.local/lib/python3.6/site-packages/airflow/example_dags/example_bash_operator.py
[2021-06-20 19:59:22,886] {scheduler_job.py:643} INFO - DAG(s) dict_keys(['example_bash_operator']) retrieved from /home/airflow/.local/lib/python3.6/site-packages/airflow/example_dags/example_bash_operator.py
[2021-06-20 19:59:22,975] {logging_mixin.py:104} INFO - [2021-06-20 19:59:22,975] {dag.py:1832} INFO - Sync 1 DAGs
[2021-06-20 19:59:23,068] {logging_mixin.py:104} INFO - [2021-06-20 19:59:23,068] {dag.py:2305} INFO - Setting next_dagrun for example_bash_operator to 2021-06-18 00:00:00+00:00
[2021-06-20 19:59:23,108] {scheduler_job.py:190} INFO - Processing /home/airflow/.local/lib/python3.6/site-packages/airflow/example_dags/example_bash_operator.py took 0.309 seconds
[2021-06-20 19:59:53,526] {scheduler_job.py:182} INFO - Started process (PID=450) to work on /home/airflow/.local/lib/python3.6/site-packages/airflow/example_dags/example_bash_operator.py
[2021-06-20 19:59:53,533] {scheduler_job.py:633} INFO - Processing file /home/airflow/.local/lib/python3.6/site-packages/airflow/example_dags/example_bash_operator.py for tasks to queue
[2021-06-20 19:59:53,537] {logging_mixin.py:104} INFO - [2021-06-20 19:59:53,536] {dagbag.py:487} INFO - Filling up the DagBag from /home/airflow/.local/lib/python3.6/site-packages/airflow/example_dags/example_bash_operator.py
[2021-06-20 19:59:53,618] {scheduler_job.py:643} INFO - DAG(s) dict_keys(['example_bash_operator']) retrieved from /home/airflow/.local/lib/python3.6/site-packages/airflow/example_dags/example_bash_operator.py
[2021-06-20 19:59:53,715] {logging_mixin.py:104} INFO - [2021-06-20 19:59:53,715] {dag.py:1832} INFO - Sync 1 DAGs
[2021-06-20 19:59:53,795] {logging_mixin.py:104} INFO - [2021-06-20 19:59:53,794] {dag.py:2305} INFO - Setting next_dagrun for example_bash_operator to 2021-06-18 00:00:00+00:00
[2021-06-20 19:59:53,836] {scheduler_job.py:190} INFO - Processing /home/airflow/.local/lib/python3.6/site-packages/airflow/example_dags/example_bash_operator.py took 0.324 seconds
[2021-06-20 20:00:24,078] {scheduler_job.py:182} INFO - Started process (PID=516) to work on /home/airflow/.local/lib/python3.6/site-packages/airflow/example_dags/example_bash_operator.py
[2021-06-20 20:00:24,083] {scheduler_job.py:633} INFO - Processing file /home/airflow/.local/lib/python3.6/site-packages/airflow/example_dags/example_bash_operator.py for tasks to queue
[2021-06-20 20:00:24,087] {logging_mixin.py:104} INFO - [2021-06-20 20:00:24,087] {dagbag.py:487} INFO - Filling up the DagBag from /home/airflow/.local/lib/python3.6/site-packages/airflow/example_dags/example_bash_operator.py
[2021-06-20 20:00:24,151] {scheduler_job.py:643} INFO - DAG(s) dict_keys(['example_bash_operator']) retrieved from /home/airflow/.local/lib/python3.6/site-packages/airflow/example_dags/example_bash_operator.py
[2021-06-20 20:00:24,251] {logging_mixin.py:104} INFO - [2021-06-20 20:00:24,251] {dag.py:1832} INFO - Sync 1 DAGs
[2021-06-20 20:00:24,362] {logging_mixin.py:104} INFO - [2021-06-20 20:00:24,361] {dag.py:2305} INFO - Setting next_dagrun for example_bash_operator to 2021-06-18 00:00:00+00:00
[2021-06-20 20:00:24,398] {scheduler_job.py:190} INFO - Processing /home/airflow/.local/lib/python3.6/site-packages/airflow/example_dags/example_bash_operator.py took 0.333 seconds
[2021-06-20 20:00:54,781] {scheduler_job.py:182} INFO - Started process (PID=573) to work on /home/airflow/.local/lib/python3.6/site-packages/airflow/example_dags/example_bash_operator.py
[2021-06-20 20:00:54,786] {scheduler_job.py:633} INFO - Processing file /home/airflow/.local/lib/python3.6/site-packages/airflow/example_dags/example_bash_operator.py for tasks to queue
[2021-06-20 20:00:54,789] {logging_mixin.py:104} INFO - [2021-06-20 20:00:54,789] {dagbag.py:487} INFO - Filling up the DagBag from /home/airflow/.local/lib/python3.6/site-packages/airflow/example_dags/example_bash_operator.py
[2021-06-20 20:00:54,913] {scheduler_job.py:643} INFO - DAG(s) dict_keys(['example_bash_operator']) retrieved from /home/airflow/.local/lib/python3.6/site-packages/airflow/example_dags/example_bash_operator.py
[2021-06-20 20:00:55,050] {logging_mixin.py:104} INFO - [2021-06-20 20:00:55,050] {dag.py:1832} INFO - Sync 1 DAGs
[2021-06-20 20:00:55,147] {logging_mixin.py:104} INFO - [2021-06-20 20:00:55,146] {dag.py:2305} INFO - Setting next_dagrun for example_bash_operator to 2021-06-18 00:00:00+00:00
[2021-06-20 20:00:55,192] {scheduler_job.py:190} INFO - Processing /home/airflow/.local/lib/python3.6/site-packages/airflow/example_dags/example_bash_operator.py took 0.423 seconds
[2021-06-20 20:01:25,473] {scheduler_job.py:182} INFO - Started process (PID=631) to work on /home/airflow/.local/lib/python3.6/site-packages/airflow/example_dags/example_bash_operator.py
[2021-06-20 20:01:25,480] {scheduler_job.py:633} INFO - Processing file /home/airflow/.local/lib/python3.6/site-packages/airflow/example_dags/example_bash_operator.py for tasks to queue
[2021-06-20 20:01:25,485] {logging_mixin.py:104} INFO - [2021-06-20 20:01:25,484] {dagbag.py:487} INFO - Filling up the DagBag from /home/airflow/.local/lib/python3.6/site-packages/airflow/example_dags/example_bash_operator.py
[2021-06-20 20:01:25,584] {scheduler_job.py:643} INFO - DAG(s) dict_keys(['example_bash_operator']) retrieved from /home/airflow/.local/lib/python3.6/site-packages/airflow/example_dags/example_bash_operator.py
[2021-06-20 20:01:25,768] {logging_mixin.py:104} INFO - [2021-06-20 20:01:25,767] {dag.py:1832} INFO - Sync 1 DAGs
[2021-06-20 20:01:25,963] {logging_mixin.py:104} INFO - [2021-06-20 20:01:25,963] {dag.py:2305} INFO - Setting next_dagrun for example_bash_operator to 2021-06-18 00:00:00+00:00
[2021-06-20 20:01:26,018] {scheduler_job.py:190} INFO - Processing /home/airflow/.local/lib/python3.6/site-packages/airflow/example_dags/example_bash_operator.py took 0.566 seconds
[2021-06-20 20:01:56,244] {scheduler_job.py:182} INFO - Started process (PID=689) to work on /home/airflow/.local/lib/python3.6/site-packages/airflow/example_dags/example_bash_operator.py
[2021-06-20 20:01:56,253] {scheduler_job.py:633} INFO - Processing file /home/airflow/.local/lib/python3.6/site-packages/airflow/example_dags/example_bash_operator.py for tasks to queue
[2021-06-20 20:01:56,258] {logging_mixin.py:104} INFO - [2021-06-20 20:01:56,257] {dagbag.py:487} INFO - Filling up the DagBag from /home/airflow/.local/lib/python3.6/site-packages/airflow/example_dags/example_bash_operator.py
[2021-06-20 20:01:56,372] {scheduler_job.py:643} INFO - DAG(s) dict_keys(['example_bash_operator']) retrieved from /home/airflow/.local/lib/python3.6/site-packages/airflow/example_dags/example_bash_operator.py
[2021-06-20 20:01:56,523] {logging_mixin.py:104} INFO - [2021-06-20 20:01:56,523] {dag.py:1832} INFO - Sync 1 DAGs
[2021-06-20 20:01:56,692] {logging_mixin.py:104} INFO - [2021-06-20 20:01:56,691] {dag.py:2305} INFO - Setting next_dagrun for example_bash_operator to 2021-06-18 00:00:00+00:00
[2021-06-20 20:01:56,782] {scheduler_job.py:190} INFO - Processing /home/airflow/.local/lib/python3.6/site-packages/airflow/example_dags/example_bash_operator.py took 0.562 seconds
[2021-06-20 20:02:27,303] {scheduler_job.py:182} INFO - Started process (PID=745) to work on /home/airflow/.local/lib/python3.6/site-packages/airflow/example_dags/example_bash_operator.py
[2021-06-20 20:02:27,310] {scheduler_job.py:633} INFO - Processing file /home/airflow/.local/lib/python3.6/site-packages/airflow/example_dags/example_bash_operator.py for tasks to queue
[2021-06-20 20:02:27,317] {logging_mixin.py:104} INFO - [2021-06-20 20:02:27,316] {dagbag.py:487} INFO - Filling up the DagBag from /home/airflow/.local/lib/python3.6/site-packages/airflow/example_dags/example_bash_operator.py
[2021-06-20 20:02:27,447] {scheduler_job.py:643} INFO - DAG(s) dict_keys(['example_bash_operator']) retrieved from /home/airflow/.local/lib/python3.6/site-packages/airflow/example_dags/example_bash_operator.py
[2021-06-20 20:02:27,548] {logging_mixin.py:104} INFO - [2021-06-20 20:02:27,548] {dag.py:1832} INFO - Sync 1 DAGs
[2021-06-20 20:02:27,651] {logging_mixin.py:104} INFO - [2021-06-20 20:02:27,650] {dag.py:2305} INFO - Setting next_dagrun for example_bash_operator to 2021-06-18 00:00:00+00:00
[2021-06-20 20:02:27,692] {scheduler_job.py:190} INFO - Processing /home/airflow/.local/lib/python3.6/site-packages/airflow/example_dags/example_bash_operator.py took 0.410 seconds
[2021-06-20 20:02:58,599] {scheduler_job.py:182} INFO - Started process (PID=804) to work on /home/airflow/.local/lib/python3.6/site-packages/airflow/example_dags/example_bash_operator.py
[2021-06-20 20:02:58,611] {scheduler_job.py:633} INFO - Processing file /home/airflow/.local/lib/python3.6/site-packages/airflow/example_dags/example_bash_operator.py for tasks to queue
[2021-06-20 20:02:58,618] {logging_mixin.py:104} INFO - [2021-06-20 20:02:58,617] {dagbag.py:487} INFO - Filling up the DagBag from /home/airflow/.local/lib/python3.6/site-packages/airflow/example_dags/example_bash_operator.py
[2021-06-20 20:02:58,744] {scheduler_job.py:643} INFO - DAG(s) dict_keys(['example_bash_operator']) retrieved from /home/airflow/.local/lib/python3.6/site-packages/airflow/example_dags/example_bash_operator.py
[2021-06-20 20:02:58,986] {logging_mixin.py:104} INFO - [2021-06-20 20:02:58,985] {dag.py:1832} INFO - Sync 1 DAGs
[2021-06-20 20:02:59,116] {logging_mixin.py:104} INFO - [2021-06-20 20:02:59,115] {dag.py:2305} INFO - Setting next_dagrun for example_bash_operator to 2021-06-18 00:00:00+00:00
[2021-06-20 20:02:59,166] {scheduler_job.py:190} INFO - Processing /home/airflow/.local/lib/python3.6/site-packages/airflow/example_dags/example_bash_operator.py took 0.589 seconds
[2021-06-20 20:03:30,125] {scheduler_job.py:182} INFO - Started process (PID=859) to work on /home/airflow/.local/lib/python3.6/site-packages/airflow/example_dags/example_bash_operator.py
[2021-06-20 20:03:30,132] {scheduler_job.py:633} INFO - Processing file /home/airflow/.local/lib/python3.6/site-packages/airflow/example_dags/example_bash_operator.py for tasks to queue
[2021-06-20 20:03:30,145] {logging_mixin.py:104} INFO - [2021-06-20 20:03:30,144] {dagbag.py:487} INFO - Filling up the DagBag from /home/airflow/.local/lib/python3.6/site-packages/airflow/example_dags/example_bash_operator.py
[2021-06-20 20:03:30,256] {scheduler_job.py:643} INFO - DAG(s) dict_keys(['example_bash_operator']) retrieved from /home/airflow/.local/lib/python3.6/site-packages/airflow/example_dags/example_bash_operator.py
[2021-06-20 20:03:30,418] {logging_mixin.py:104} INFO - [2021-06-20 20:03:30,418] {dag.py:1832} INFO - Sync 1 DAGs
[2021-06-20 20:03:30,547] {logging_mixin.py:104} INFO - [2021-06-20 20:03:30,546] {dag.py:2305} INFO - Setting next_dagrun for example_bash_operator to 2021-06-18 00:00:00+00:00
[2021-06-20 20:03:30,617] {scheduler_job.py:190} INFO - Processing /home/airflow/.local/lib/python3.6/site-packages/airflow/example_dags/example_bash_operator.py took 0.525 seconds
[2021-06-20 20:04:03,024] {scheduler_job.py:182} INFO - Started process (PID=919) to work on /home/airflow/.local/lib/python3.6/site-packages/airflow/example_dags/example_bash_operator.py
[2021-06-20 20:04:03,037] {scheduler_job.py:633} INFO - Processing file /home/airflow/.local/lib/python3.6/site-packages/airflow/example_dags/example_bash_operator.py for tasks to queue
[2021-06-20 20:04:03,041] {logging_mixin.py:104} INFO - [2021-06-20 20:04:03,040] {dagbag.py:487} INFO - Filling up the DagBag from /home/airflow/.local/lib/python3.6/site-packages/airflow/example_dags/example_bash_operator.py
[2021-06-20 20:04:03,137] {scheduler_job.py:643} INFO - DAG(s) dict_keys(['example_bash_operator']) retrieved from /home/airflow/.local/lib/python3.6/site-packages/airflow/example_dags/example_bash_operator.py
[2021-06-20 20:04:03,284] {logging_mixin.py:104} INFO - [2021-06-20 20:04:03,284] {dag.py:1832} INFO - Sync 1 DAGs
[2021-06-20 20:04:03,464] {logging_mixin.py:104} INFO - [2021-06-20 20:04:03,463] {dag.py:2305} INFO - Setting next_dagrun for example_bash_operator to 2021-06-18 00:00:00+00:00
[2021-06-20 20:04:03,535] {scheduler_job.py:190} INFO - Processing /home/airflow/.local/lib/python3.6/site-packages/airflow/example_dags/example_bash_operator.py took 0.534 seconds
[2021-06-20 20:04:33,939] {scheduler_job.py:182} INFO - Started process (PID=973) to work on /home/airflow/.local/lib/python3.6/site-packages/airflow/example_dags/example_bash_operator.py
[2021-06-20 20:04:33,947] {scheduler_job.py:633} INFO - Processing file /home/airflow/.local/lib/python3.6/site-packages/airflow/example_dags/example_bash_operator.py for tasks to queue
[2021-06-20 20:04:33,952] {logging_mixin.py:104} INFO - [2021-06-20 20:04:33,951] {dagbag.py:487} INFO - Filling up the DagBag from /home/airflow/.local/lib/python3.6/site-packages/airflow/example_dags/example_bash_operator.py
[2021-06-20 20:04:34,041] {scheduler_job.py:643} INFO - DAG(s) dict_keys(['example_bash_operator']) retrieved from /home/airflow/.local/lib/python3.6/site-packages/airflow/example_dags/example_bash_operator.py
[2021-06-20 20:04:34,199] {logging_mixin.py:104} INFO - [2021-06-20 20:04:34,199] {dag.py:1832} INFO - Sync 1 DAGs
[2021-06-20 20:04:34,355] {logging_mixin.py:104} INFO - [2021-06-20 20:04:34,355] {dag.py:2305} INFO - Setting next_dagrun for example_bash_operator to 2021-06-18 00:00:00+00:00
[2021-06-20 20:04:34,433] {scheduler_job.py:190} INFO - Processing /home/airflow/.local/lib/python3.6/site-packages/airflow/example_dags/example_bash_operator.py took 0.517 seconds
