[2021-06-20 19:57:27,237] {scheduler_job.py:182} INFO - Started process (PID=160) to work on /home/airflow/.local/lib/python3.6/site-packages/airflow/example_dags/example_xcomargs.py
[2021-06-20 19:57:27,238] {scheduler_job.py:633} INFO - Processing file /home/airflow/.local/lib/python3.6/site-packages/airflow/example_dags/example_xcomargs.py for tasks to queue
[2021-06-20 19:57:27,239] {logging_mixin.py:104} INFO - [2021-06-20 19:57:27,239] {dagbag.py:487} INFO - Filling up the DagBag from /home/airflow/.local/lib/python3.6/site-packages/airflow/example_dags/example_xcomargs.py
[2021-06-20 19:57:27,258] {scheduler_job.py:643} INFO - DAG(s) dict_keys(['example_xcom_args', 'example_xcom_args_with_operators']) retrieved from /home/airflow/.local/lib/python3.6/site-packages/airflow/example_dags/example_xcomargs.py
[2021-06-20 19:57:29,603] {logging_mixin.py:104} INFO - [2021-06-20 19:57:29,601] {dag.py:1832} INFO - Sync 2 DAGs
[2021-06-20 19:57:29,613] {logging_mixin.py:104} INFO - [2021-06-20 19:57:29,612] {dag.py:1851} INFO - Creating ORM DAG for example_xcom_args_with_operators
[2021-06-20 19:57:29,614] {logging_mixin.py:104} INFO - [2021-06-20 19:57:29,614] {dag.py:1851} INFO - Creating ORM DAG for example_xcom_args
[2021-06-20 19:57:29,619] {logging_mixin.py:104} INFO - [2021-06-20 19:57:29,619] {dag.py:2305} INFO - Setting next_dagrun for example_xcom_args to None
[2021-06-20 19:57:29,620] {logging_mixin.py:104} INFO - [2021-06-20 19:57:29,620] {dag.py:2305} INFO - Setting next_dagrun for example_xcom_args_with_operators to None
[2021-06-20 19:57:29,633] {scheduler_job.py:190} INFO - Processing /home/airflow/.local/lib/python3.6/site-packages/airflow/example_dags/example_xcomargs.py took 2.400 seconds
[2021-06-20 19:58:01,314] {scheduler_job.py:182} INFO - Started process (PID=244) to work on /home/airflow/.local/lib/python3.6/site-packages/airflow/example_dags/example_xcomargs.py
[2021-06-20 19:58:01,319] {scheduler_job.py:633} INFO - Processing file /home/airflow/.local/lib/python3.6/site-packages/airflow/example_dags/example_xcomargs.py for tasks to queue
[2021-06-20 19:58:01,322] {logging_mixin.py:104} INFO - [2021-06-20 19:58:01,322] {dagbag.py:487} INFO - Filling up the DagBag from /home/airflow/.local/lib/python3.6/site-packages/airflow/example_dags/example_xcomargs.py
[2021-06-20 19:58:01,429] {scheduler_job.py:643} INFO - DAG(s) dict_keys(['example_xcom_args', 'example_xcom_args_with_operators']) retrieved from /home/airflow/.local/lib/python3.6/site-packages/airflow/example_dags/example_xcomargs.py
[2021-06-20 19:58:02,819] {logging_mixin.py:104} INFO - [2021-06-20 19:58:02,819] {dag.py:1832} INFO - Sync 2 DAGs
[2021-06-20 19:58:02,874] {logging_mixin.py:104} INFO - [2021-06-20 19:58:02,874] {dag.py:2305} INFO - Setting next_dagrun for example_xcom_args to None
[2021-06-20 19:58:02,878] {logging_mixin.py:104} INFO - [2021-06-20 19:58:02,878] {dag.py:2305} INFO - Setting next_dagrun for example_xcom_args_with_operators to None
[2021-06-20 19:58:02,928] {scheduler_job.py:190} INFO - Processing /home/airflow/.local/lib/python3.6/site-packages/airflow/example_dags/example_xcomargs.py took 1.633 seconds
[2021-06-20 19:58:33,445] {scheduler_job.py:182} INFO - Started process (PID=300) to work on /home/airflow/.local/lib/python3.6/site-packages/airflow/example_dags/example_xcomargs.py
[2021-06-20 19:58:33,452] {scheduler_job.py:633} INFO - Processing file /home/airflow/.local/lib/python3.6/site-packages/airflow/example_dags/example_xcomargs.py for tasks to queue
[2021-06-20 19:58:33,457] {logging_mixin.py:104} INFO - [2021-06-20 19:58:33,456] {dagbag.py:487} INFO - Filling up the DagBag from /home/airflow/.local/lib/python3.6/site-packages/airflow/example_dags/example_xcomargs.py
[2021-06-20 19:58:33,577] {scheduler_job.py:643} INFO - DAG(s) dict_keys(['example_xcom_args', 'example_xcom_args_with_operators']) retrieved from /home/airflow/.local/lib/python3.6/site-packages/airflow/example_dags/example_xcomargs.py
[2021-06-20 19:58:35,290] {logging_mixin.py:104} INFO - [2021-06-20 19:58:35,289] {dag.py:1832} INFO - Sync 2 DAGs
[2021-06-20 19:58:35,411] {logging_mixin.py:104} INFO - [2021-06-20 19:58:35,411] {dag.py:2305} INFO - Setting next_dagrun for example_xcom_args to None
[2021-06-20 19:58:35,416] {logging_mixin.py:104} INFO - [2021-06-20 19:58:35,415] {dag.py:2305} INFO - Setting next_dagrun for example_xcom_args_with_operators to None
[2021-06-20 19:58:35,468] {scheduler_job.py:190} INFO - Processing /home/airflow/.local/lib/python3.6/site-packages/airflow/example_dags/example_xcomargs.py took 2.039 seconds
[2021-06-20 19:59:05,659] {scheduler_job.py:182} INFO - Started process (PID=367) to work on /home/airflow/.local/lib/python3.6/site-packages/airflow/example_dags/example_xcomargs.py
[2021-06-20 19:59:05,670] {scheduler_job.py:633} INFO - Processing file /home/airflow/.local/lib/python3.6/site-packages/airflow/example_dags/example_xcomargs.py for tasks to queue
[2021-06-20 19:59:05,674] {logging_mixin.py:104} INFO - [2021-06-20 19:59:05,674] {dagbag.py:487} INFO - Filling up the DagBag from /home/airflow/.local/lib/python3.6/site-packages/airflow/example_dags/example_xcomargs.py
[2021-06-20 19:59:05,779] {scheduler_job.py:643} INFO - DAG(s) dict_keys(['example_xcom_args', 'example_xcom_args_with_operators']) retrieved from /home/airflow/.local/lib/python3.6/site-packages/airflow/example_dags/example_xcomargs.py
[2021-06-20 19:59:07,368] {logging_mixin.py:104} INFO - [2021-06-20 19:59:07,368] {dag.py:1832} INFO - Sync 2 DAGs
[2021-06-20 19:59:07,444] {logging_mixin.py:104} INFO - [2021-06-20 19:59:07,443] {dag.py:2305} INFO - Setting next_dagrun for example_xcom_args to None
[2021-06-20 19:59:07,449] {logging_mixin.py:104} INFO - [2021-06-20 19:59:07,448] {dag.py:2305} INFO - Setting next_dagrun for example_xcom_args_with_operators to None
[2021-06-20 19:59:07,494] {scheduler_job.py:190} INFO - Processing /home/airflow/.local/lib/python3.6/site-packages/airflow/example_dags/example_xcomargs.py took 1.851 seconds
[2021-06-20 19:59:38,646] {scheduler_job.py:182} INFO - Started process (PID=428) to work on /home/airflow/.local/lib/python3.6/site-packages/airflow/example_dags/example_xcomargs.py
[2021-06-20 19:59:38,651] {scheduler_job.py:633} INFO - Processing file /home/airflow/.local/lib/python3.6/site-packages/airflow/example_dags/example_xcomargs.py for tasks to queue
[2021-06-20 19:59:38,654] {logging_mixin.py:104} INFO - [2021-06-20 19:59:38,654] {dagbag.py:487} INFO - Filling up the DagBag from /home/airflow/.local/lib/python3.6/site-packages/airflow/example_dags/example_xcomargs.py
[2021-06-20 19:59:38,746] {scheduler_job.py:643} INFO - DAG(s) dict_keys(['example_xcom_args', 'example_xcom_args_with_operators']) retrieved from /home/airflow/.local/lib/python3.6/site-packages/airflow/example_dags/example_xcomargs.py
[2021-06-20 19:59:40,143] {logging_mixin.py:104} INFO - [2021-06-20 19:59:40,142] {dag.py:1832} INFO - Sync 2 DAGs
[2021-06-20 19:59:40,227] {logging_mixin.py:104} INFO - [2021-06-20 19:59:40,226] {dag.py:2305} INFO - Setting next_dagrun for example_xcom_args to None
[2021-06-20 19:59:40,233] {logging_mixin.py:104} INFO - [2021-06-20 19:59:40,233] {dag.py:2305} INFO - Setting next_dagrun for example_xcom_args_with_operators to None
[2021-06-20 19:59:40,350] {scheduler_job.py:190} INFO - Processing /home/airflow/.local/lib/python3.6/site-packages/airflow/example_dags/example_xcomargs.py took 1.720 seconds
[2021-06-20 20:00:10,722] {scheduler_job.py:182} INFO - Started process (PID=485) to work on /home/airflow/.local/lib/python3.6/site-packages/airflow/example_dags/example_xcomargs.py
[2021-06-20 20:00:10,734] {scheduler_job.py:633} INFO - Processing file /home/airflow/.local/lib/python3.6/site-packages/airflow/example_dags/example_xcomargs.py for tasks to queue
[2021-06-20 20:00:10,739] {logging_mixin.py:104} INFO - [2021-06-20 20:00:10,738] {dagbag.py:487} INFO - Filling up the DagBag from /home/airflow/.local/lib/python3.6/site-packages/airflow/example_dags/example_xcomargs.py
[2021-06-20 20:00:10,878] {scheduler_job.py:643} INFO - DAG(s) dict_keys(['example_xcom_args', 'example_xcom_args_with_operators']) retrieved from /home/airflow/.local/lib/python3.6/site-packages/airflow/example_dags/example_xcomargs.py
[2021-06-20 20:00:12,600] {logging_mixin.py:104} INFO - [2021-06-20 20:00:12,599] {dag.py:1832} INFO - Sync 2 DAGs
[2021-06-20 20:00:12,650] {logging_mixin.py:104} INFO - [2021-06-20 20:00:12,649] {dag.py:2305} INFO - Setting next_dagrun for example_xcom_args to None
[2021-06-20 20:00:12,654] {logging_mixin.py:104} INFO - [2021-06-20 20:00:12,654] {dag.py:2305} INFO - Setting next_dagrun for example_xcom_args_with_operators to None
[2021-06-20 20:00:12,700] {scheduler_job.py:190} INFO - Processing /home/airflow/.local/lib/python3.6/site-packages/airflow/example_dags/example_xcomargs.py took 1.994 seconds
[2021-06-20 20:00:43,392] {scheduler_job.py:182} INFO - Started process (PID=555) to work on /home/airflow/.local/lib/python3.6/site-packages/airflow/example_dags/example_xcomargs.py
[2021-06-20 20:00:43,398] {scheduler_job.py:633} INFO - Processing file /home/airflow/.local/lib/python3.6/site-packages/airflow/example_dags/example_xcomargs.py for tasks to queue
[2021-06-20 20:00:43,401] {logging_mixin.py:104} INFO - [2021-06-20 20:00:43,401] {dagbag.py:487} INFO - Filling up the DagBag from /home/airflow/.local/lib/python3.6/site-packages/airflow/example_dags/example_xcomargs.py
[2021-06-20 20:00:43,614] {scheduler_job.py:643} INFO - DAG(s) dict_keys(['example_xcom_args', 'example_xcom_args_with_operators']) retrieved from /home/airflow/.local/lib/python3.6/site-packages/airflow/example_dags/example_xcomargs.py
[2021-06-20 20:00:45,068] {logging_mixin.py:104} INFO - [2021-06-20 20:00:45,068] {dag.py:1832} INFO - Sync 2 DAGs
[2021-06-20 20:00:45,127] {logging_mixin.py:104} INFO - [2021-06-20 20:00:45,126] {dag.py:2305} INFO - Setting next_dagrun for example_xcom_args to None
[2021-06-20 20:00:45,130] {logging_mixin.py:104} INFO - [2021-06-20 20:00:45,130] {dag.py:2305} INFO - Setting next_dagrun for example_xcom_args_with_operators to None
[2021-06-20 20:00:45,180] {scheduler_job.py:190} INFO - Processing /home/airflow/.local/lib/python3.6/site-packages/airflow/example_dags/example_xcomargs.py took 1.806 seconds
[2021-06-20 20:01:17,352] {scheduler_job.py:182} INFO - Started process (PID=617) to work on /home/airflow/.local/lib/python3.6/site-packages/airflow/example_dags/example_xcomargs.py
[2021-06-20 20:01:17,359] {scheduler_job.py:633} INFO - Processing file /home/airflow/.local/lib/python3.6/site-packages/airflow/example_dags/example_xcomargs.py for tasks to queue
[2021-06-20 20:01:17,364] {logging_mixin.py:104} INFO - [2021-06-20 20:01:17,363] {dagbag.py:487} INFO - Filling up the DagBag from /home/airflow/.local/lib/python3.6/site-packages/airflow/example_dags/example_xcomargs.py
[2021-06-20 20:01:17,494] {scheduler_job.py:643} INFO - DAG(s) dict_keys(['example_xcom_args', 'example_xcom_args_with_operators']) retrieved from /home/airflow/.local/lib/python3.6/site-packages/airflow/example_dags/example_xcomargs.py
[2021-06-20 20:01:19,360] {logging_mixin.py:104} INFO - [2021-06-20 20:01:19,359] {dag.py:1832} INFO - Sync 2 DAGs
[2021-06-20 20:01:19,427] {logging_mixin.py:104} INFO - [2021-06-20 20:01:19,426] {dag.py:2305} INFO - Setting next_dagrun for example_xcom_args to None
[2021-06-20 20:01:19,432] {logging_mixin.py:104} INFO - [2021-06-20 20:01:19,432] {dag.py:2305} INFO - Setting next_dagrun for example_xcom_args_with_operators to None
[2021-06-20 20:01:19,486] {scheduler_job.py:190} INFO - Processing /home/airflow/.local/lib/python3.6/site-packages/airflow/example_dags/example_xcomargs.py took 2.160 seconds
[2021-06-20 20:01:50,147] {scheduler_job.py:182} INFO - Started process (PID=675) to work on /home/airflow/.local/lib/python3.6/site-packages/airflow/example_dags/example_xcomargs.py
[2021-06-20 20:01:50,154] {scheduler_job.py:633} INFO - Processing file /home/airflow/.local/lib/python3.6/site-packages/airflow/example_dags/example_xcomargs.py for tasks to queue
[2021-06-20 20:01:50,157] {logging_mixin.py:104} INFO - [2021-06-20 20:01:50,157] {dagbag.py:487} INFO - Filling up the DagBag from /home/airflow/.local/lib/python3.6/site-packages/airflow/example_dags/example_xcomargs.py
[2021-06-20 20:01:50,258] {scheduler_job.py:643} INFO - DAG(s) dict_keys(['example_xcom_args', 'example_xcom_args_with_operators']) retrieved from /home/airflow/.local/lib/python3.6/site-packages/airflow/example_dags/example_xcomargs.py
[2021-06-20 20:01:52,315] {logging_mixin.py:104} INFO - [2021-06-20 20:01:52,314] {dag.py:1832} INFO - Sync 2 DAGs
[2021-06-20 20:01:52,379] {logging_mixin.py:104} INFO - [2021-06-20 20:01:52,379] {dag.py:2305} INFO - Setting next_dagrun for example_xcom_args to None
[2021-06-20 20:01:52,383] {logging_mixin.py:104} INFO - [2021-06-20 20:01:52,382] {dag.py:2305} INFO - Setting next_dagrun for example_xcom_args_with_operators to None
[2021-06-20 20:01:52,425] {scheduler_job.py:190} INFO - Processing /home/airflow/.local/lib/python3.6/site-packages/airflow/example_dags/example_xcomargs.py took 2.292 seconds
[2021-06-20 20:02:22,592] {scheduler_job.py:182} INFO - Started process (PID=734) to work on /home/airflow/.local/lib/python3.6/site-packages/airflow/example_dags/example_xcomargs.py
[2021-06-20 20:02:22,599] {scheduler_job.py:633} INFO - Processing file /home/airflow/.local/lib/python3.6/site-packages/airflow/example_dags/example_xcomargs.py for tasks to queue
[2021-06-20 20:02:22,602] {logging_mixin.py:104} INFO - [2021-06-20 20:02:22,601] {dagbag.py:487} INFO - Filling up the DagBag from /home/airflow/.local/lib/python3.6/site-packages/airflow/example_dags/example_xcomargs.py
[2021-06-20 20:02:22,708] {scheduler_job.py:643} INFO - DAG(s) dict_keys(['example_xcom_args', 'example_xcom_args_with_operators']) retrieved from /home/airflow/.local/lib/python3.6/site-packages/airflow/example_dags/example_xcomargs.py
[2021-06-20 20:02:24,496] {logging_mixin.py:104} INFO - [2021-06-20 20:02:24,496] {dag.py:1832} INFO - Sync 2 DAGs
[2021-06-20 20:02:24,568] {logging_mixin.py:104} INFO - [2021-06-20 20:02:24,568] {dag.py:2305} INFO - Setting next_dagrun for example_xcom_args to None
[2021-06-20 20:02:24,573] {logging_mixin.py:104} INFO - [2021-06-20 20:02:24,573] {dag.py:2305} INFO - Setting next_dagrun for example_xcom_args_with_operators to None
[2021-06-20 20:02:24,621] {scheduler_job.py:190} INFO - Processing /home/airflow/.local/lib/python3.6/site-packages/airflow/example_dags/example_xcomargs.py took 2.048 seconds
[2021-06-20 20:02:54,788] {scheduler_job.py:182} INFO - Started process (PID=797) to work on /home/airflow/.local/lib/python3.6/site-packages/airflow/example_dags/example_xcomargs.py
[2021-06-20 20:02:54,796] {scheduler_job.py:633} INFO - Processing file /home/airflow/.local/lib/python3.6/site-packages/airflow/example_dags/example_xcomargs.py for tasks to queue
[2021-06-20 20:02:54,800] {logging_mixin.py:104} INFO - [2021-06-20 20:02:54,799] {dagbag.py:487} INFO - Filling up the DagBag from /home/airflow/.local/lib/python3.6/site-packages/airflow/example_dags/example_xcomargs.py
[2021-06-20 20:02:54,965] {scheduler_job.py:643} INFO - DAG(s) dict_keys(['example_xcom_args', 'example_xcom_args_with_operators']) retrieved from /home/airflow/.local/lib/python3.6/site-packages/airflow/example_dags/example_xcomargs.py
[2021-06-20 20:02:57,235] {logging_mixin.py:104} INFO - [2021-06-20 20:02:57,234] {dag.py:1832} INFO - Sync 2 DAGs
[2021-06-20 20:02:57,335] {logging_mixin.py:104} INFO - [2021-06-20 20:02:57,335] {dag.py:2305} INFO - Setting next_dagrun for example_xcom_args to None
[2021-06-20 20:02:57,340] {logging_mixin.py:104} INFO - [2021-06-20 20:02:57,340] {dag.py:2305} INFO - Setting next_dagrun for example_xcom_args_with_operators to None
[2021-06-20 20:02:57,416] {scheduler_job.py:190} INFO - Processing /home/airflow/.local/lib/python3.6/site-packages/airflow/example_dags/example_xcomargs.py took 2.648 seconds
[2021-06-20 20:03:27,918] {scheduler_job.py:182} INFO - Started process (PID=857) to work on /home/airflow/.local/lib/python3.6/site-packages/airflow/example_dags/example_xcomargs.py
[2021-06-20 20:03:27,929] {scheduler_job.py:633} INFO - Processing file /home/airflow/.local/lib/python3.6/site-packages/airflow/example_dags/example_xcomargs.py for tasks to queue
[2021-06-20 20:03:27,934] {logging_mixin.py:104} INFO - [2021-06-20 20:03:27,934] {dagbag.py:487} INFO - Filling up the DagBag from /home/airflow/.local/lib/python3.6/site-packages/airflow/example_dags/example_xcomargs.py
[2021-06-20 20:03:28,077] {scheduler_job.py:643} INFO - DAG(s) dict_keys(['example_xcom_args', 'example_xcom_args_with_operators']) retrieved from /home/airflow/.local/lib/python3.6/site-packages/airflow/example_dags/example_xcomargs.py
[2021-06-20 20:03:30,348] {logging_mixin.py:104} INFO - [2021-06-20 20:03:30,347] {dag.py:1832} INFO - Sync 2 DAGs
[2021-06-20 20:03:30,457] {logging_mixin.py:104} INFO - [2021-06-20 20:03:30,457] {dag.py:2305} INFO - Setting next_dagrun for example_xcom_args to None
[2021-06-20 20:03:30,462] {logging_mixin.py:104} INFO - [2021-06-20 20:03:30,462] {dag.py:2305} INFO - Setting next_dagrun for example_xcom_args_with_operators to None
[2021-06-20 20:03:30,526] {scheduler_job.py:190} INFO - Processing /home/airflow/.local/lib/python3.6/site-packages/airflow/example_dags/example_xcomargs.py took 2.627 seconds
[2021-06-20 20:04:01,472] {scheduler_job.py:182} INFO - Started process (PID=918) to work on /home/airflow/.local/lib/python3.6/site-packages/airflow/example_dags/example_xcomargs.py
[2021-06-20 20:04:01,490] {scheduler_job.py:633} INFO - Processing file /home/airflow/.local/lib/python3.6/site-packages/airflow/example_dags/example_xcomargs.py for tasks to queue
[2021-06-20 20:04:01,497] {logging_mixin.py:104} INFO - [2021-06-20 20:04:01,494] {dagbag.py:487} INFO - Filling up the DagBag from /home/airflow/.local/lib/python3.6/site-packages/airflow/example_dags/example_xcomargs.py
[2021-06-20 20:04:01,772] {scheduler_job.py:643} INFO - DAG(s) dict_keys(['example_xcom_args', 'example_xcom_args_with_operators']) retrieved from /home/airflow/.local/lib/python3.6/site-packages/airflow/example_dags/example_xcomargs.py
[2021-06-20 20:04:04,499] {logging_mixin.py:104} INFO - [2021-06-20 20:04:04,499] {dag.py:1832} INFO - Sync 2 DAGs
[2021-06-20 20:04:04,631] {logging_mixin.py:104} INFO - [2021-06-20 20:04:04,630] {dag.py:2305} INFO - Setting next_dagrun for example_xcom_args to None
[2021-06-20 20:04:04,636] {logging_mixin.py:104} INFO - [2021-06-20 20:04:04,636] {dag.py:2305} INFO - Setting next_dagrun for example_xcom_args_with_operators to None
[2021-06-20 20:04:04,709] {scheduler_job.py:190} INFO - Processing /home/airflow/.local/lib/python3.6/site-packages/airflow/example_dags/example_xcomargs.py took 3.271 seconds
[2021-06-20 20:04:35,742] {scheduler_job.py:182} INFO - Started process (PID=986) to work on /home/airflow/.local/lib/python3.6/site-packages/airflow/example_dags/example_xcomargs.py
[2021-06-20 20:04:35,749] {scheduler_job.py:633} INFO - Processing file /home/airflow/.local/lib/python3.6/site-packages/airflow/example_dags/example_xcomargs.py for tasks to queue
[2021-06-20 20:04:35,756] {logging_mixin.py:104} INFO - [2021-06-20 20:04:35,755] {dagbag.py:487} INFO - Filling up the DagBag from /home/airflow/.local/lib/python3.6/site-packages/airflow/example_dags/example_xcomargs.py
[2021-06-20 20:04:35,918] {scheduler_job.py:643} INFO - DAG(s) dict_keys(['example_xcom_args', 'example_xcom_args_with_operators']) retrieved from /home/airflow/.local/lib/python3.6/site-packages/airflow/example_dags/example_xcomargs.py
[2021-06-20 20:04:38,354] {logging_mixin.py:104} INFO - [2021-06-20 20:04:38,353] {dag.py:1832} INFO - Sync 2 DAGs
[2021-06-20 20:04:38,437] {logging_mixin.py:104} INFO - [2021-06-20 20:04:38,436] {dag.py:2305} INFO - Setting next_dagrun for example_xcom_args to None
[2021-06-20 20:04:38,442] {logging_mixin.py:104} INFO - [2021-06-20 20:04:38,441] {dag.py:2305} INFO - Setting next_dagrun for example_xcom_args_with_operators to None
[2021-06-20 20:04:38,516] {scheduler_job.py:190} INFO - Processing /home/airflow/.local/lib/python3.6/site-packages/airflow/example_dags/example_xcomargs.py took 2.790 seconds
