[2021-06-20 19:57:26,864] {scheduler_job.py:182} INFO - Started process (PID=158) to work on /home/airflow/.local/lib/python3.6/site-packages/airflow/example_dags/example_external_task_marker_dag.py
[2021-06-20 19:57:26,865] {scheduler_job.py:633} INFO - Processing file /home/airflow/.local/lib/python3.6/site-packages/airflow/example_dags/example_external_task_marker_dag.py for tasks to queue
[2021-06-20 19:57:26,866] {logging_mixin.py:104} INFO - [2021-06-20 19:57:26,866] {dagbag.py:487} INFO - Filling up the DagBag from /home/airflow/.local/lib/python3.6/site-packages/airflow/example_dags/example_external_task_marker_dag.py
[2021-06-20 19:57:26,888] {scheduler_job.py:643} INFO - DAG(s) dict_keys(['example_external_task_marker_parent', 'example_external_task_marker_child']) retrieved from /home/airflow/.local/lib/python3.6/site-packages/airflow/example_dags/example_external_task_marker_dag.py
[2021-06-20 19:57:29,261] {logging_mixin.py:104} INFO - [2021-06-20 19:57:29,260] {dag.py:1832} INFO - Sync 2 DAGs
[2021-06-20 19:57:29,273] {logging_mixin.py:104} INFO - [2021-06-20 19:57:29,272] {dag.py:1851} INFO - Creating ORM DAG for example_external_task_marker_child
[2021-06-20 19:57:29,274] {logging_mixin.py:104} INFO - [2021-06-20 19:57:29,274] {dag.py:1851} INFO - Creating ORM DAG for example_external_task_marker_parent
[2021-06-20 19:57:29,279] {logging_mixin.py:104} INFO - [2021-06-20 19:57:29,279] {dag.py:2305} INFO - Setting next_dagrun for example_external_task_marker_child to None
[2021-06-20 19:57:29,279] {logging_mixin.py:104} INFO - [2021-06-20 19:57:29,279] {dag.py:2305} INFO - Setting next_dagrun for example_external_task_marker_parent to None
[2021-06-20 19:57:29,292] {scheduler_job.py:190} INFO - Processing /home/airflow/.local/lib/python3.6/site-packages/airflow/example_dags/example_external_task_marker_dag.py took 2.431 seconds
[2021-06-20 19:58:01,234] {scheduler_job.py:182} INFO - Started process (PID=243) to work on /home/airflow/.local/lib/python3.6/site-packages/airflow/example_dags/example_external_task_marker_dag.py
[2021-06-20 19:58:01,239] {scheduler_job.py:633} INFO - Processing file /home/airflow/.local/lib/python3.6/site-packages/airflow/example_dags/example_external_task_marker_dag.py for tasks to queue
[2021-06-20 19:58:01,244] {logging_mixin.py:104} INFO - [2021-06-20 19:58:01,243] {dagbag.py:487} INFO - Filling up the DagBag from /home/airflow/.local/lib/python3.6/site-packages/airflow/example_dags/example_external_task_marker_dag.py
[2021-06-20 19:58:01,317] {scheduler_job.py:643} INFO - DAG(s) dict_keys(['example_external_task_marker_parent', 'example_external_task_marker_child']) retrieved from /home/airflow/.local/lib/python3.6/site-packages/airflow/example_dags/example_external_task_marker_dag.py
[2021-06-20 19:58:02,720] {logging_mixin.py:104} INFO - [2021-06-20 19:58:02,720] {dag.py:1832} INFO - Sync 2 DAGs
[2021-06-20 19:58:02,775] {logging_mixin.py:104} INFO - [2021-06-20 19:58:02,775] {dag.py:2305} INFO - Setting next_dagrun for example_external_task_marker_child to None
[2021-06-20 19:58:02,778] {logging_mixin.py:104} INFO - [2021-06-20 19:58:02,778] {dag.py:2305} INFO - Setting next_dagrun for example_external_task_marker_parent to None
[2021-06-20 19:58:02,825] {scheduler_job.py:190} INFO - Processing /home/airflow/.local/lib/python3.6/site-packages/airflow/example_dags/example_external_task_marker_dag.py took 1.607 seconds
[2021-06-20 19:58:33,447] {scheduler_job.py:182} INFO - Started process (PID=299) to work on /home/airflow/.local/lib/python3.6/site-packages/airflow/example_dags/example_external_task_marker_dag.py
[2021-06-20 19:58:33,454] {scheduler_job.py:633} INFO - Processing file /home/airflow/.local/lib/python3.6/site-packages/airflow/example_dags/example_external_task_marker_dag.py for tasks to queue
[2021-06-20 19:58:33,458] {logging_mixin.py:104} INFO - [2021-06-20 19:58:33,458] {dagbag.py:487} INFO - Filling up the DagBag from /home/airflow/.local/lib/python3.6/site-packages/airflow/example_dags/example_external_task_marker_dag.py
[2021-06-20 19:58:33,531] {scheduler_job.py:643} INFO - DAG(s) dict_keys(['example_external_task_marker_parent', 'example_external_task_marker_child']) retrieved from /home/airflow/.local/lib/python3.6/site-packages/airflow/example_dags/example_external_task_marker_dag.py
[2021-06-20 19:58:35,202] {logging_mixin.py:104} INFO - [2021-06-20 19:58:35,201] {dag.py:1832} INFO - Sync 2 DAGs
[2021-06-20 19:58:35,278] {logging_mixin.py:104} INFO - [2021-06-20 19:58:35,277] {dag.py:2305} INFO - Setting next_dagrun for example_external_task_marker_child to None
[2021-06-20 19:58:35,290] {logging_mixin.py:104} INFO - [2021-06-20 19:58:35,290] {dag.py:2305} INFO - Setting next_dagrun for example_external_task_marker_parent to None
[2021-06-20 19:58:35,370] {scheduler_job.py:190} INFO - Processing /home/airflow/.local/lib/python3.6/site-packages/airflow/example_dags/example_external_task_marker_dag.py took 1.939 seconds
[2021-06-20 19:59:05,609] {scheduler_job.py:182} INFO - Started process (PID=366) to work on /home/airflow/.local/lib/python3.6/site-packages/airflow/example_dags/example_external_task_marker_dag.py
[2021-06-20 19:59:05,616] {scheduler_job.py:633} INFO - Processing file /home/airflow/.local/lib/python3.6/site-packages/airflow/example_dags/example_external_task_marker_dag.py for tasks to queue
[2021-06-20 19:59:05,619] {logging_mixin.py:104} INFO - [2021-06-20 19:59:05,618] {dagbag.py:487} INFO - Filling up the DagBag from /home/airflow/.local/lib/python3.6/site-packages/airflow/example_dags/example_external_task_marker_dag.py
[2021-06-20 19:59:05,680] {scheduler_job.py:643} INFO - DAG(s) dict_keys(['example_external_task_marker_parent', 'example_external_task_marker_child']) retrieved from /home/airflow/.local/lib/python3.6/site-packages/airflow/example_dags/example_external_task_marker_dag.py
[2021-06-20 19:59:07,249] {logging_mixin.py:104} INFO - [2021-06-20 19:59:07,248] {dag.py:1832} INFO - Sync 2 DAGs
[2021-06-20 19:59:07,333] {logging_mixin.py:104} INFO - [2021-06-20 19:59:07,333] {dag.py:2305} INFO - Setting next_dagrun for example_external_task_marker_child to None
[2021-06-20 19:59:07,338] {logging_mixin.py:104} INFO - [2021-06-20 19:59:07,338] {dag.py:2305} INFO - Setting next_dagrun for example_external_task_marker_parent to None
[2021-06-20 19:59:07,389] {scheduler_job.py:190} INFO - Processing /home/airflow/.local/lib/python3.6/site-packages/airflow/example_dags/example_external_task_marker_dag.py took 1.800 seconds
[2021-06-20 19:59:38,253] {scheduler_job.py:182} INFO - Started process (PID=427) to work on /home/airflow/.local/lib/python3.6/site-packages/airflow/example_dags/example_external_task_marker_dag.py
[2021-06-20 19:59:38,258] {scheduler_job.py:633} INFO - Processing file /home/airflow/.local/lib/python3.6/site-packages/airflow/example_dags/example_external_task_marker_dag.py for tasks to queue
[2021-06-20 19:59:38,262] {logging_mixin.py:104} INFO - [2021-06-20 19:59:38,262] {dagbag.py:487} INFO - Filling up the DagBag from /home/airflow/.local/lib/python3.6/site-packages/airflow/example_dags/example_external_task_marker_dag.py
[2021-06-20 19:59:38,317] {scheduler_job.py:643} INFO - DAG(s) dict_keys(['example_external_task_marker_parent', 'example_external_task_marker_child']) retrieved from /home/airflow/.local/lib/python3.6/site-packages/airflow/example_dags/example_external_task_marker_dag.py
[2021-06-20 19:59:39,625] {logging_mixin.py:104} INFO - [2021-06-20 19:59:39,625] {dag.py:1832} INFO - Sync 2 DAGs
[2021-06-20 19:59:39,687] {logging_mixin.py:104} INFO - [2021-06-20 19:59:39,687] {dag.py:2305} INFO - Setting next_dagrun for example_external_task_marker_child to None
[2021-06-20 19:59:39,691] {logging_mixin.py:104} INFO - [2021-06-20 19:59:39,690] {dag.py:2305} INFO - Setting next_dagrun for example_external_task_marker_parent to None
[2021-06-20 19:59:39,734] {scheduler_job.py:190} INFO - Processing /home/airflow/.local/lib/python3.6/site-packages/airflow/example_dags/example_external_task_marker_dag.py took 1.494 seconds
[2021-06-20 20:00:10,144] {scheduler_job.py:182} INFO - Started process (PID=483) to work on /home/airflow/.local/lib/python3.6/site-packages/airflow/example_dags/example_external_task_marker_dag.py
[2021-06-20 20:00:10,155] {scheduler_job.py:633} INFO - Processing file /home/airflow/.local/lib/python3.6/site-packages/airflow/example_dags/example_external_task_marker_dag.py for tasks to queue
[2021-06-20 20:00:10,159] {logging_mixin.py:104} INFO - [2021-06-20 20:00:10,159] {dagbag.py:487} INFO - Filling up the DagBag from /home/airflow/.local/lib/python3.6/site-packages/airflow/example_dags/example_external_task_marker_dag.py
[2021-06-20 20:00:10,268] {scheduler_job.py:643} INFO - DAG(s) dict_keys(['example_external_task_marker_parent', 'example_external_task_marker_child']) retrieved from /home/airflow/.local/lib/python3.6/site-packages/airflow/example_dags/example_external_task_marker_dag.py
[2021-06-20 20:00:10,406] {logging_mixin.py:104} INFO - [2021-06-20 20:00:10,406] {dag.py:1832} INFO - Sync 2 DAGs
[2021-06-20 20:00:10,484] {logging_mixin.py:104} INFO - [2021-06-20 20:00:10,483] {dag.py:2305} INFO - Setting next_dagrun for example_external_task_marker_child to None
[2021-06-20 20:00:10,488] {logging_mixin.py:104} INFO - [2021-06-20 20:00:10,488] {dag.py:2305} INFO - Setting next_dagrun for example_external_task_marker_parent to None
[2021-06-20 20:00:10,557] {scheduler_job.py:190} INFO - Processing /home/airflow/.local/lib/python3.6/site-packages/airflow/example_dags/example_external_task_marker_dag.py took 0.439 seconds
[2021-06-20 20:00:40,684] {scheduler_job.py:182} INFO - Started process (PID=544) to work on /home/airflow/.local/lib/python3.6/site-packages/airflow/example_dags/example_external_task_marker_dag.py
[2021-06-20 20:00:40,689] {scheduler_job.py:633} INFO - Processing file /home/airflow/.local/lib/python3.6/site-packages/airflow/example_dags/example_external_task_marker_dag.py for tasks to queue
[2021-06-20 20:00:40,691] {logging_mixin.py:104} INFO - [2021-06-20 20:00:40,691] {dagbag.py:487} INFO - Filling up the DagBag from /home/airflow/.local/lib/python3.6/site-packages/airflow/example_dags/example_external_task_marker_dag.py
[2021-06-20 20:00:40,793] {scheduler_job.py:643} INFO - DAG(s) dict_keys(['example_external_task_marker_parent', 'example_external_task_marker_child']) retrieved from /home/airflow/.local/lib/python3.6/site-packages/airflow/example_dags/example_external_task_marker_dag.py
[2021-06-20 20:00:42,313] {logging_mixin.py:104} INFO - [2021-06-20 20:00:42,312] {dag.py:1832} INFO - Sync 2 DAGs
[2021-06-20 20:00:42,368] {logging_mixin.py:104} INFO - [2021-06-20 20:00:42,368] {dag.py:2305} INFO - Setting next_dagrun for example_external_task_marker_child to None
[2021-06-20 20:00:42,372] {logging_mixin.py:104} INFO - [2021-06-20 20:00:42,372] {dag.py:2305} INFO - Setting next_dagrun for example_external_task_marker_parent to None
[2021-06-20 20:00:42,411] {scheduler_job.py:190} INFO - Processing /home/airflow/.local/lib/python3.6/site-packages/airflow/example_dags/example_external_task_marker_dag.py took 1.744 seconds
[2021-06-20 20:01:12,797] {scheduler_job.py:182} INFO - Started process (PID=600) to work on /home/airflow/.local/lib/python3.6/site-packages/airflow/example_dags/example_external_task_marker_dag.py
[2021-06-20 20:01:12,805] {scheduler_job.py:633} INFO - Processing file /home/airflow/.local/lib/python3.6/site-packages/airflow/example_dags/example_external_task_marker_dag.py for tasks to queue
[2021-06-20 20:01:12,811] {logging_mixin.py:104} INFO - [2021-06-20 20:01:12,810] {dagbag.py:487} INFO - Filling up the DagBag from /home/airflow/.local/lib/python3.6/site-packages/airflow/example_dags/example_external_task_marker_dag.py
[2021-06-20 20:01:12,900] {scheduler_job.py:643} INFO - DAG(s) dict_keys(['example_external_task_marker_parent', 'example_external_task_marker_child']) retrieved from /home/airflow/.local/lib/python3.6/site-packages/airflow/example_dags/example_external_task_marker_dag.py
[2021-06-20 20:01:15,574] {logging_mixin.py:104} INFO - [2021-06-20 20:01:15,573] {dag.py:1832} INFO - Sync 2 DAGs
[2021-06-20 20:01:15,703] {logging_mixin.py:104} INFO - [2021-06-20 20:01:15,702] {dag.py:2305} INFO - Setting next_dagrun for example_external_task_marker_child to None
[2021-06-20 20:01:15,709] {logging_mixin.py:104} INFO - [2021-06-20 20:01:15,708] {dag.py:2305} INFO - Setting next_dagrun for example_external_task_marker_parent to None
[2021-06-20 20:01:15,800] {scheduler_job.py:190} INFO - Processing /home/airflow/.local/lib/python3.6/site-packages/airflow/example_dags/example_external_task_marker_dag.py took 3.035 seconds
[2021-06-20 20:01:45,999] {scheduler_job.py:182} INFO - Started process (PID=668) to work on /home/airflow/.local/lib/python3.6/site-packages/airflow/example_dags/example_external_task_marker_dag.py
[2021-06-20 20:01:46,016] {scheduler_job.py:633} INFO - Processing file /home/airflow/.local/lib/python3.6/site-packages/airflow/example_dags/example_external_task_marker_dag.py for tasks to queue
[2021-06-20 20:01:46,031] {logging_mixin.py:104} INFO - [2021-06-20 20:01:46,030] {dagbag.py:487} INFO - Filling up the DagBag from /home/airflow/.local/lib/python3.6/site-packages/airflow/example_dags/example_external_task_marker_dag.py
[2021-06-20 20:01:46,161] {scheduler_job.py:643} INFO - DAG(s) dict_keys(['example_external_task_marker_parent', 'example_external_task_marker_child']) retrieved from /home/airflow/.local/lib/python3.6/site-packages/airflow/example_dags/example_external_task_marker_dag.py
[2021-06-20 20:01:48,562] {logging_mixin.py:104} INFO - [2021-06-20 20:01:48,561] {dag.py:1832} INFO - Sync 2 DAGs
[2021-06-20 20:01:48,622] {logging_mixin.py:104} INFO - [2021-06-20 20:01:48,621] {dag.py:2305} INFO - Setting next_dagrun for example_external_task_marker_child to None
[2021-06-20 20:01:48,625] {logging_mixin.py:104} INFO - [2021-06-20 20:01:48,625] {dag.py:2305} INFO - Setting next_dagrun for example_external_task_marker_parent to None
[2021-06-20 20:01:48,680] {scheduler_job.py:190} INFO - Processing /home/airflow/.local/lib/python3.6/site-packages/airflow/example_dags/example_external_task_marker_dag.py took 2.719 seconds
[2021-06-20 20:02:19,228] {scheduler_job.py:182} INFO - Started process (PID=730) to work on /home/airflow/.local/lib/python3.6/site-packages/airflow/example_dags/example_external_task_marker_dag.py
[2021-06-20 20:02:19,234] {scheduler_job.py:633} INFO - Processing file /home/airflow/.local/lib/python3.6/site-packages/airflow/example_dags/example_external_task_marker_dag.py for tasks to queue
[2021-06-20 20:02:19,238] {logging_mixin.py:104} INFO - [2021-06-20 20:02:19,238] {dagbag.py:487} INFO - Filling up the DagBag from /home/airflow/.local/lib/python3.6/site-packages/airflow/example_dags/example_external_task_marker_dag.py
[2021-06-20 20:02:19,325] {scheduler_job.py:643} INFO - DAG(s) dict_keys(['example_external_task_marker_parent', 'example_external_task_marker_child']) retrieved from /home/airflow/.local/lib/python3.6/site-packages/airflow/example_dags/example_external_task_marker_dag.py
[2021-06-20 20:02:19,489] {logging_mixin.py:104} INFO - [2021-06-20 20:02:19,489] {dag.py:1832} INFO - Sync 2 DAGs
[2021-06-20 20:02:19,610] {logging_mixin.py:104} INFO - [2021-06-20 20:02:19,606] {dag.py:2305} INFO - Setting next_dagrun for example_external_task_marker_child to None
[2021-06-20 20:02:19,622] {logging_mixin.py:104} INFO - [2021-06-20 20:02:19,619] {dag.py:2305} INFO - Setting next_dagrun for example_external_task_marker_parent to None
[2021-06-20 20:02:19,726] {scheduler_job.py:190} INFO - Processing /home/airflow/.local/lib/python3.6/site-packages/airflow/example_dags/example_external_task_marker_dag.py took 0.509 seconds
[2021-06-20 20:02:50,004] {scheduler_job.py:182} INFO - Started process (PID=785) to work on /home/airflow/.local/lib/python3.6/site-packages/airflow/example_dags/example_external_task_marker_dag.py
[2021-06-20 20:02:50,013] {scheduler_job.py:633} INFO - Processing file /home/airflow/.local/lib/python3.6/site-packages/airflow/example_dags/example_external_task_marker_dag.py for tasks to queue
[2021-06-20 20:02:50,022] {logging_mixin.py:104} INFO - [2021-06-20 20:02:50,021] {dagbag.py:487} INFO - Filling up the DagBag from /home/airflow/.local/lib/python3.6/site-packages/airflow/example_dags/example_external_task_marker_dag.py
[2021-06-20 20:02:50,102] {scheduler_job.py:643} INFO - DAG(s) dict_keys(['example_external_task_marker_parent', 'example_external_task_marker_child']) retrieved from /home/airflow/.local/lib/python3.6/site-packages/airflow/example_dags/example_external_task_marker_dag.py
[2021-06-20 20:02:52,411] {logging_mixin.py:104} INFO - [2021-06-20 20:02:52,410] {dag.py:1832} INFO - Sync 2 DAGs
[2021-06-20 20:02:52,536] {logging_mixin.py:104} INFO - [2021-06-20 20:02:52,535] {dag.py:2305} INFO - Setting next_dagrun for example_external_task_marker_child to None
[2021-06-20 20:02:52,542] {logging_mixin.py:104} INFO - [2021-06-20 20:02:52,541] {dag.py:2305} INFO - Setting next_dagrun for example_external_task_marker_parent to None
[2021-06-20 20:02:52,648] {scheduler_job.py:190} INFO - Processing /home/airflow/.local/lib/python3.6/site-packages/airflow/example_dags/example_external_task_marker_dag.py took 2.665 seconds
[2021-06-20 20:03:23,376] {scheduler_job.py:182} INFO - Started process (PID=847) to work on /home/airflow/.local/lib/python3.6/site-packages/airflow/example_dags/example_external_task_marker_dag.py
[2021-06-20 20:03:23,389] {scheduler_job.py:633} INFO - Processing file /home/airflow/.local/lib/python3.6/site-packages/airflow/example_dags/example_external_task_marker_dag.py for tasks to queue
[2021-06-20 20:03:23,400] {logging_mixin.py:104} INFO - [2021-06-20 20:03:23,395] {dagbag.py:487} INFO - Filling up the DagBag from /home/airflow/.local/lib/python3.6/site-packages/airflow/example_dags/example_external_task_marker_dag.py
[2021-06-20 20:03:23,504] {scheduler_job.py:643} INFO - DAG(s) dict_keys(['example_external_task_marker_parent', 'example_external_task_marker_child']) retrieved from /home/airflow/.local/lib/python3.6/site-packages/airflow/example_dags/example_external_task_marker_dag.py
[2021-06-20 20:03:26,092] {logging_mixin.py:104} INFO - [2021-06-20 20:03:26,089] {dag.py:1832} INFO - Sync 2 DAGs
[2021-06-20 20:03:26,343] {logging_mixin.py:104} INFO - [2021-06-20 20:03:26,343] {dag.py:2305} INFO - Setting next_dagrun for example_external_task_marker_child to None
[2021-06-20 20:03:26,358] {logging_mixin.py:104} INFO - [2021-06-20 20:03:26,350] {dag.py:2305} INFO - Setting next_dagrun for example_external_task_marker_parent to None
[2021-06-20 20:03:26,523] {scheduler_job.py:190} INFO - Processing /home/airflow/.local/lib/python3.6/site-packages/airflow/example_dags/example_external_task_marker_dag.py took 3.166 seconds
[2021-06-20 20:03:57,061] {scheduler_job.py:182} INFO - Started process (PID=913) to work on /home/airflow/.local/lib/python3.6/site-packages/airflow/example_dags/example_external_task_marker_dag.py
[2021-06-20 20:03:57,069] {scheduler_job.py:633} INFO - Processing file /home/airflow/.local/lib/python3.6/site-packages/airflow/example_dags/example_external_task_marker_dag.py for tasks to queue
[2021-06-20 20:03:57,076] {logging_mixin.py:104} INFO - [2021-06-20 20:03:57,075] {dagbag.py:487} INFO - Filling up the DagBag from /home/airflow/.local/lib/python3.6/site-packages/airflow/example_dags/example_external_task_marker_dag.py
[2021-06-20 20:03:57,170] {scheduler_job.py:643} INFO - DAG(s) dict_keys(['example_external_task_marker_parent', 'example_external_task_marker_child']) retrieved from /home/airflow/.local/lib/python3.6/site-packages/airflow/example_dags/example_external_task_marker_dag.py
[2021-06-20 20:03:59,407] {logging_mixin.py:104} INFO - [2021-06-20 20:03:59,406] {dag.py:1832} INFO - Sync 2 DAGs
[2021-06-20 20:03:59,487] {logging_mixin.py:104} INFO - [2021-06-20 20:03:59,487] {dag.py:2305} INFO - Setting next_dagrun for example_external_task_marker_child to None
[2021-06-20 20:03:59,494] {logging_mixin.py:104} INFO - [2021-06-20 20:03:59,494] {dag.py:2305} INFO - Setting next_dagrun for example_external_task_marker_parent to None
[2021-06-20 20:03:59,555] {scheduler_job.py:190} INFO - Processing /home/airflow/.local/lib/python3.6/site-packages/airflow/example_dags/example_external_task_marker_dag.py took 2.517 seconds
[2021-06-20 20:04:30,016] {scheduler_job.py:182} INFO - Started process (PID=970) to work on /home/airflow/.local/lib/python3.6/site-packages/airflow/example_dags/example_external_task_marker_dag.py
[2021-06-20 20:04:30,034] {scheduler_job.py:633} INFO - Processing file /home/airflow/.local/lib/python3.6/site-packages/airflow/example_dags/example_external_task_marker_dag.py for tasks to queue
[2021-06-20 20:04:30,039] {logging_mixin.py:104} INFO - [2021-06-20 20:04:30,038] {dagbag.py:487} INFO - Filling up the DagBag from /home/airflow/.local/lib/python3.6/site-packages/airflow/example_dags/example_external_task_marker_dag.py
[2021-06-20 20:04:30,091] {scheduler_job.py:643} INFO - DAG(s) dict_keys(['example_external_task_marker_parent', 'example_external_task_marker_child']) retrieved from /home/airflow/.local/lib/python3.6/site-packages/airflow/example_dags/example_external_task_marker_dag.py
[2021-06-20 20:04:30,206] {logging_mixin.py:104} INFO - [2021-06-20 20:04:30,206] {dag.py:1832} INFO - Sync 2 DAGs
[2021-06-20 20:04:30,281] {logging_mixin.py:104} INFO - [2021-06-20 20:04:30,280] {dag.py:2305} INFO - Setting next_dagrun for example_external_task_marker_child to None
[2021-06-20 20:04:30,285] {logging_mixin.py:104} INFO - [2021-06-20 20:04:30,285] {dag.py:2305} INFO - Setting next_dagrun for example_external_task_marker_parent to None
[2021-06-20 20:04:30,322] {scheduler_job.py:190} INFO - Processing /home/airflow/.local/lib/python3.6/site-packages/airflow/example_dags/example_external_task_marker_dag.py took 0.322 seconds
