[2021-06-20 19:57:17,070] {scheduler_job.py:182} INFO - Started process (PID=127) to work on /home/airflow/.local/lib/python3.6/site-packages/airflow/example_dags/example_branch_datetime_operator.py
[2021-06-20 19:57:17,072] {scheduler_job.py:633} INFO - Processing file /home/airflow/.local/lib/python3.6/site-packages/airflow/example_dags/example_branch_datetime_operator.py for tasks to queue
[2021-06-20 19:57:17,072] {logging_mixin.py:104} INFO - [2021-06-20 19:57:17,072] {dagbag.py:487} INFO - Filling up the DagBag from /home/airflow/.local/lib/python3.6/site-packages/airflow/example_dags/example_branch_datetime_operator.py
[2021-06-20 19:57:17,089] {scheduler_job.py:643} INFO - DAG(s) dict_keys(['example_branch_datetime_operator_2']) retrieved from /home/airflow/.local/lib/python3.6/site-packages/airflow/example_dags/example_branch_datetime_operator.py
[2021-06-20 19:57:19,516] {logging_mixin.py:104} INFO - [2021-06-20 19:57:19,515] {dag.py:1832} INFO - Sync 1 DAGs
[2021-06-20 19:57:19,528] {logging_mixin.py:104} INFO - [2021-06-20 19:57:19,526] {dag.py:1851} INFO - Creating ORM DAG for example_branch_datetime_operator_2
[2021-06-20 19:57:19,537] {logging_mixin.py:104} INFO - [2021-06-20 19:57:19,537] {dag.py:2305} INFO - Setting next_dagrun for example_branch_datetime_operator_2 to 2021-06-18 00:00:00+00:00
[2021-06-20 19:57:19,549] {scheduler_job.py:190} INFO - Processing /home/airflow/.local/lib/python3.6/site-packages/airflow/example_dags/example_branch_datetime_operator.py took 2.483 seconds
[2021-06-20 19:57:50,216] {scheduler_job.py:182} INFO - Started process (PID=220) to work on /home/airflow/.local/lib/python3.6/site-packages/airflow/example_dags/example_branch_datetime_operator.py
[2021-06-20 19:57:50,221] {scheduler_job.py:633} INFO - Processing file /home/airflow/.local/lib/python3.6/site-packages/airflow/example_dags/example_branch_datetime_operator.py for tasks to queue
[2021-06-20 19:57:50,225] {logging_mixin.py:104} INFO - [2021-06-20 19:57:50,224] {dagbag.py:487} INFO - Filling up the DagBag from /home/airflow/.local/lib/python3.6/site-packages/airflow/example_dags/example_branch_datetime_operator.py
[2021-06-20 19:57:50,304] {scheduler_job.py:643} INFO - DAG(s) dict_keys(['example_branch_datetime_operator_2']) retrieved from /home/airflow/.local/lib/python3.6/site-packages/airflow/example_dags/example_branch_datetime_operator.py
[2021-06-20 19:57:50,412] {logging_mixin.py:104} INFO - [2021-06-20 19:57:50,411] {dag.py:1832} INFO - Sync 1 DAGs
[2021-06-20 19:57:50,530] {logging_mixin.py:104} INFO - [2021-06-20 19:57:50,530] {dag.py:2305} INFO - Setting next_dagrun for example_branch_datetime_operator_2 to 2021-06-18 00:00:00+00:00
[2021-06-20 19:57:50,571] {scheduler_job.py:190} INFO - Processing /home/airflow/.local/lib/python3.6/site-packages/airflow/example_dags/example_branch_datetime_operator.py took 0.370 seconds
[2021-06-20 19:58:21,393] {scheduler_job.py:182} INFO - Started process (PID=279) to work on /home/airflow/.local/lib/python3.6/site-packages/airflow/example_dags/example_branch_datetime_operator.py
[2021-06-20 19:58:21,399] {scheduler_job.py:633} INFO - Processing file /home/airflow/.local/lib/python3.6/site-packages/airflow/example_dags/example_branch_datetime_operator.py for tasks to queue
[2021-06-20 19:58:21,403] {logging_mixin.py:104} INFO - [2021-06-20 19:58:21,402] {dagbag.py:487} INFO - Filling up the DagBag from /home/airflow/.local/lib/python3.6/site-packages/airflow/example_dags/example_branch_datetime_operator.py
[2021-06-20 19:58:21,464] {scheduler_job.py:643} INFO - DAG(s) dict_keys(['example_branch_datetime_operator_2']) retrieved from /home/airflow/.local/lib/python3.6/site-packages/airflow/example_dags/example_branch_datetime_operator.py
[2021-06-20 19:58:21,577] {logging_mixin.py:104} INFO - [2021-06-20 19:58:21,576] {dag.py:1832} INFO - Sync 1 DAGs
[2021-06-20 19:58:21,676] {logging_mixin.py:104} INFO - [2021-06-20 19:58:21,675] {dag.py:2305} INFO - Setting next_dagrun for example_branch_datetime_operator_2 to 2021-06-18 00:00:00+00:00
[2021-06-20 19:58:21,715] {scheduler_job.py:190} INFO - Processing /home/airflow/.local/lib/python3.6/site-packages/airflow/example_dags/example_branch_datetime_operator.py took 0.337 seconds
[2021-06-20 19:58:52,253] {scheduler_job.py:182} INFO - Started process (PID=335) to work on /home/airflow/.local/lib/python3.6/site-packages/airflow/example_dags/example_branch_datetime_operator.py
[2021-06-20 19:58:52,263] {scheduler_job.py:633} INFO - Processing file /home/airflow/.local/lib/python3.6/site-packages/airflow/example_dags/example_branch_datetime_operator.py for tasks to queue
[2021-06-20 19:58:52,268] {logging_mixin.py:104} INFO - [2021-06-20 19:58:52,267] {dagbag.py:487} INFO - Filling up the DagBag from /home/airflow/.local/lib/python3.6/site-packages/airflow/example_dags/example_branch_datetime_operator.py
[2021-06-20 19:58:52,341] {scheduler_job.py:643} INFO - DAG(s) dict_keys(['example_branch_datetime_operator_2']) retrieved from /home/airflow/.local/lib/python3.6/site-packages/airflow/example_dags/example_branch_datetime_operator.py
[2021-06-20 19:58:52,418] {logging_mixin.py:104} INFO - [2021-06-20 19:58:52,418] {dag.py:1832} INFO - Sync 1 DAGs
[2021-06-20 19:58:52,500] {logging_mixin.py:104} INFO - [2021-06-20 19:58:52,500] {dag.py:2305} INFO - Setting next_dagrun for example_branch_datetime_operator_2 to 2021-06-18 00:00:00+00:00
[2021-06-20 19:58:52,534] {scheduler_job.py:190} INFO - Processing /home/airflow/.local/lib/python3.6/site-packages/airflow/example_dags/example_branch_datetime_operator.py took 0.303 seconds
[2021-06-20 19:59:22,812] {scheduler_job.py:182} INFO - Started process (PID=402) to work on /home/airflow/.local/lib/python3.6/site-packages/airflow/example_dags/example_branch_datetime_operator.py
[2021-06-20 19:59:22,817] {scheduler_job.py:633} INFO - Processing file /home/airflow/.local/lib/python3.6/site-packages/airflow/example_dags/example_branch_datetime_operator.py for tasks to queue
[2021-06-20 19:59:22,820] {logging_mixin.py:104} INFO - [2021-06-20 19:59:22,820] {dagbag.py:487} INFO - Filling up the DagBag from /home/airflow/.local/lib/python3.6/site-packages/airflow/example_dags/example_branch_datetime_operator.py
[2021-06-20 19:59:22,876] {scheduler_job.py:643} INFO - DAG(s) dict_keys(['example_branch_datetime_operator_2']) retrieved from /home/airflow/.local/lib/python3.6/site-packages/airflow/example_dags/example_branch_datetime_operator.py
[2021-06-20 19:59:22,974] {logging_mixin.py:104} INFO - [2021-06-20 19:59:22,974] {dag.py:1832} INFO - Sync 1 DAGs
[2021-06-20 19:59:23,055] {logging_mixin.py:104} INFO - [2021-06-20 19:59:23,054] {dag.py:2305} INFO - Setting next_dagrun for example_branch_datetime_operator_2 to 2021-06-18 00:00:00+00:00
[2021-06-20 19:59:23,092] {scheduler_job.py:190} INFO - Processing /home/airflow/.local/lib/python3.6/site-packages/airflow/example_dags/example_branch_datetime_operator.py took 0.293 seconds
[2021-06-20 19:59:53,908] {scheduler_job.py:182} INFO - Started process (PID=451) to work on /home/airflow/.local/lib/python3.6/site-packages/airflow/example_dags/example_branch_datetime_operator.py
[2021-06-20 19:59:53,914] {scheduler_job.py:633} INFO - Processing file /home/airflow/.local/lib/python3.6/site-packages/airflow/example_dags/example_branch_datetime_operator.py for tasks to queue
[2021-06-20 19:59:53,917] {logging_mixin.py:104} INFO - [2021-06-20 19:59:53,916] {dagbag.py:487} INFO - Filling up the DagBag from /home/airflow/.local/lib/python3.6/site-packages/airflow/example_dags/example_branch_datetime_operator.py
[2021-06-20 19:59:53,980] {scheduler_job.py:643} INFO - DAG(s) dict_keys(['example_branch_datetime_operator_2']) retrieved from /home/airflow/.local/lib/python3.6/site-packages/airflow/example_dags/example_branch_datetime_operator.py
[2021-06-20 19:59:54,074] {logging_mixin.py:104} INFO - [2021-06-20 19:59:54,074] {dag.py:1832} INFO - Sync 1 DAGs
[2021-06-20 19:59:54,169] {logging_mixin.py:104} INFO - [2021-06-20 19:59:54,168] {dag.py:2305} INFO - Setting next_dagrun for example_branch_datetime_operator_2 to 2021-06-18 00:00:00+00:00
[2021-06-20 19:59:54,207] {scheduler_job.py:190} INFO - Processing /home/airflow/.local/lib/python3.6/site-packages/airflow/example_dags/example_branch_datetime_operator.py took 0.314 seconds
[2021-06-20 20:00:24,487] {scheduler_job.py:182} INFO - Started process (PID=517) to work on /home/airflow/.local/lib/python3.6/site-packages/airflow/example_dags/example_branch_datetime_operator.py
[2021-06-20 20:00:24,491] {scheduler_job.py:633} INFO - Processing file /home/airflow/.local/lib/python3.6/site-packages/airflow/example_dags/example_branch_datetime_operator.py for tasks to queue
[2021-06-20 20:00:24,494] {logging_mixin.py:104} INFO - [2021-06-20 20:00:24,494] {dagbag.py:487} INFO - Filling up the DagBag from /home/airflow/.local/lib/python3.6/site-packages/airflow/example_dags/example_branch_datetime_operator.py
[2021-06-20 20:00:24,541] {scheduler_job.py:643} INFO - DAG(s) dict_keys(['example_branch_datetime_operator_2']) retrieved from /home/airflow/.local/lib/python3.6/site-packages/airflow/example_dags/example_branch_datetime_operator.py
[2021-06-20 20:00:24,690] {logging_mixin.py:104} INFO - [2021-06-20 20:00:24,689] {dag.py:1832} INFO - Sync 1 DAGs
[2021-06-20 20:00:24,759] {logging_mixin.py:104} INFO - [2021-06-20 20:00:24,758] {dag.py:2305} INFO - Setting next_dagrun for example_branch_datetime_operator_2 to 2021-06-18 00:00:00+00:00
[2021-06-20 20:00:24,795] {scheduler_job.py:190} INFO - Processing /home/airflow/.local/lib/python3.6/site-packages/airflow/example_dags/example_branch_datetime_operator.py took 0.321 seconds
[2021-06-20 20:00:55,211] {scheduler_job.py:182} INFO - Started process (PID=576) to work on /home/airflow/.local/lib/python3.6/site-packages/airflow/example_dags/example_branch_datetime_operator.py
[2021-06-20 20:00:55,217] {scheduler_job.py:633} INFO - Processing file /home/airflow/.local/lib/python3.6/site-packages/airflow/example_dags/example_branch_datetime_operator.py for tasks to queue
[2021-06-20 20:00:55,221] {logging_mixin.py:104} INFO - [2021-06-20 20:00:55,220] {dagbag.py:487} INFO - Filling up the DagBag from /home/airflow/.local/lib/python3.6/site-packages/airflow/example_dags/example_branch_datetime_operator.py
[2021-06-20 20:00:55,298] {scheduler_job.py:643} INFO - DAG(s) dict_keys(['example_branch_datetime_operator_2']) retrieved from /home/airflow/.local/lib/python3.6/site-packages/airflow/example_dags/example_branch_datetime_operator.py
[2021-06-20 20:00:55,411] {logging_mixin.py:104} INFO - [2021-06-20 20:00:55,411] {dag.py:1832} INFO - Sync 1 DAGs
[2021-06-20 20:00:55,508] {logging_mixin.py:104} INFO - [2021-06-20 20:00:55,507] {dag.py:2305} INFO - Setting next_dagrun for example_branch_datetime_operator_2 to 2021-06-18 00:00:00+00:00
[2021-06-20 20:00:55,550] {scheduler_job.py:190} INFO - Processing /home/airflow/.local/lib/python3.6/site-packages/airflow/example_dags/example_branch_datetime_operator.py took 0.356 seconds
[2021-06-20 20:01:26,146] {scheduler_job.py:182} INFO - Started process (PID=632) to work on /home/airflow/.local/lib/python3.6/site-packages/airflow/example_dags/example_branch_datetime_operator.py
[2021-06-20 20:01:26,154] {scheduler_job.py:633} INFO - Processing file /home/airflow/.local/lib/python3.6/site-packages/airflow/example_dags/example_branch_datetime_operator.py for tasks to queue
[2021-06-20 20:01:26,167] {logging_mixin.py:104} INFO - [2021-06-20 20:01:26,165] {dagbag.py:487} INFO - Filling up the DagBag from /home/airflow/.local/lib/python3.6/site-packages/airflow/example_dags/example_branch_datetime_operator.py
[2021-06-20 20:01:26,285] {scheduler_job.py:643} INFO - DAG(s) dict_keys(['example_branch_datetime_operator_2']) retrieved from /home/airflow/.local/lib/python3.6/site-packages/airflow/example_dags/example_branch_datetime_operator.py
[2021-06-20 20:01:26,427] {logging_mixin.py:104} INFO - [2021-06-20 20:01:26,426] {dag.py:1832} INFO - Sync 1 DAGs
[2021-06-20 20:01:26,559] {logging_mixin.py:104} INFO - [2021-06-20 20:01:26,558] {dag.py:2305} INFO - Setting next_dagrun for example_branch_datetime_operator_2 to 2021-06-18 00:00:00+00:00
[2021-06-20 20:01:26,630] {scheduler_job.py:190} INFO - Processing /home/airflow/.local/lib/python3.6/site-packages/airflow/example_dags/example_branch_datetime_operator.py took 0.502 seconds
[2021-06-20 20:01:57,028] {scheduler_job.py:182} INFO - Started process (PID=691) to work on /home/airflow/.local/lib/python3.6/site-packages/airflow/example_dags/example_branch_datetime_operator.py
[2021-06-20 20:01:57,035] {scheduler_job.py:633} INFO - Processing file /home/airflow/.local/lib/python3.6/site-packages/airflow/example_dags/example_branch_datetime_operator.py for tasks to queue
[2021-06-20 20:01:57,048] {logging_mixin.py:104} INFO - [2021-06-20 20:01:57,047] {dagbag.py:487} INFO - Filling up the DagBag from /home/airflow/.local/lib/python3.6/site-packages/airflow/example_dags/example_branch_datetime_operator.py
[2021-06-20 20:01:57,201] {scheduler_job.py:643} INFO - DAG(s) dict_keys(['example_branch_datetime_operator_2']) retrieved from /home/airflow/.local/lib/python3.6/site-packages/airflow/example_dags/example_branch_datetime_operator.py
[2021-06-20 20:01:57,387] {logging_mixin.py:104} INFO - [2021-06-20 20:01:57,387] {dag.py:1832} INFO - Sync 1 DAGs
[2021-06-20 20:01:57,553] {logging_mixin.py:104} INFO - [2021-06-20 20:01:57,552] {dag.py:2305} INFO - Setting next_dagrun for example_branch_datetime_operator_2 to 2021-06-18 00:00:00+00:00
[2021-06-20 20:01:57,604] {scheduler_job.py:190} INFO - Processing /home/airflow/.local/lib/python3.6/site-packages/airflow/example_dags/example_branch_datetime_operator.py took 0.593 seconds
[2021-06-20 20:02:27,801] {scheduler_job.py:182} INFO - Started process (PID=746) to work on /home/airflow/.local/lib/python3.6/site-packages/airflow/example_dags/example_branch_datetime_operator.py
[2021-06-20 20:02:27,807] {scheduler_job.py:633} INFO - Processing file /home/airflow/.local/lib/python3.6/site-packages/airflow/example_dags/example_branch_datetime_operator.py for tasks to queue
[2021-06-20 20:02:27,810] {logging_mixin.py:104} INFO - [2021-06-20 20:02:27,809] {dagbag.py:487} INFO - Filling up the DagBag from /home/airflow/.local/lib/python3.6/site-packages/airflow/example_dags/example_branch_datetime_operator.py
[2021-06-20 20:02:27,886] {scheduler_job.py:643} INFO - DAG(s) dict_keys(['example_branch_datetime_operator_2']) retrieved from /home/airflow/.local/lib/python3.6/site-packages/airflow/example_dags/example_branch_datetime_operator.py
[2021-06-20 20:02:28,024] {logging_mixin.py:104} INFO - [2021-06-20 20:02:28,023] {dag.py:1832} INFO - Sync 1 DAGs
[2021-06-20 20:02:28,144] {logging_mixin.py:104} INFO - [2021-06-20 20:02:28,143] {dag.py:2305} INFO - Setting next_dagrun for example_branch_datetime_operator_2 to 2021-06-18 00:00:00+00:00
[2021-06-20 20:02:28,184] {scheduler_job.py:190} INFO - Processing /home/airflow/.local/lib/python3.6/site-packages/airflow/example_dags/example_branch_datetime_operator.py took 0.399 seconds
[2021-06-20 20:02:59,256] {scheduler_job.py:182} INFO - Started process (PID=805) to work on /home/airflow/.local/lib/python3.6/site-packages/airflow/example_dags/example_branch_datetime_operator.py
[2021-06-20 20:02:59,261] {scheduler_job.py:633} INFO - Processing file /home/airflow/.local/lib/python3.6/site-packages/airflow/example_dags/example_branch_datetime_operator.py for tasks to queue
[2021-06-20 20:02:59,266] {logging_mixin.py:104} INFO - [2021-06-20 20:02:59,265] {dagbag.py:487} INFO - Filling up the DagBag from /home/airflow/.local/lib/python3.6/site-packages/airflow/example_dags/example_branch_datetime_operator.py
[2021-06-20 20:02:59,338] {scheduler_job.py:643} INFO - DAG(s) dict_keys(['example_branch_datetime_operator_2']) retrieved from /home/airflow/.local/lib/python3.6/site-packages/airflow/example_dags/example_branch_datetime_operator.py
[2021-06-20 20:02:59,644] {logging_mixin.py:104} INFO - [2021-06-20 20:02:59,641] {dag.py:1832} INFO - Sync 1 DAGs
[2021-06-20 20:03:00,057] {logging_mixin.py:104} INFO - [2021-06-20 20:03:00,057] {dag.py:2305} INFO - Setting next_dagrun for example_branch_datetime_operator_2 to 2021-06-18 00:00:00+00:00
[2021-06-20 20:03:00,163] {scheduler_job.py:190} INFO - Processing /home/airflow/.local/lib/python3.6/site-packages/airflow/example_dags/example_branch_datetime_operator.py took 0.924 seconds
[2021-06-20 20:03:30,648] {scheduler_job.py:182} INFO - Started process (PID=860) to work on /home/airflow/.local/lib/python3.6/site-packages/airflow/example_dags/example_branch_datetime_operator.py
[2021-06-20 20:03:30,655] {scheduler_job.py:633} INFO - Processing file /home/airflow/.local/lib/python3.6/site-packages/airflow/example_dags/example_branch_datetime_operator.py for tasks to queue
[2021-06-20 20:03:30,661] {logging_mixin.py:104} INFO - [2021-06-20 20:03:30,661] {dagbag.py:487} INFO - Filling up the DagBag from /home/airflow/.local/lib/python3.6/site-packages/airflow/example_dags/example_branch_datetime_operator.py
[2021-06-20 20:03:30,743] {scheduler_job.py:643} INFO - DAG(s) dict_keys(['example_branch_datetime_operator_2']) retrieved from /home/airflow/.local/lib/python3.6/site-packages/airflow/example_dags/example_branch_datetime_operator.py
[2021-06-20 20:03:30,859] {logging_mixin.py:104} INFO - [2021-06-20 20:03:30,858] {dag.py:1832} INFO - Sync 1 DAGs
[2021-06-20 20:03:30,989] {logging_mixin.py:104} INFO - [2021-06-20 20:03:30,989] {dag.py:2305} INFO - Setting next_dagrun for example_branch_datetime_operator_2 to 2021-06-18 00:00:00+00:00
[2021-06-20 20:03:31,032] {scheduler_job.py:190} INFO - Processing /home/airflow/.local/lib/python3.6/site-packages/airflow/example_dags/example_branch_datetime_operator.py took 0.408 seconds
[2021-06-20 20:04:03,621] {scheduler_job.py:182} INFO - Started process (PID=920) to work on /home/airflow/.local/lib/python3.6/site-packages/airflow/example_dags/example_branch_datetime_operator.py
[2021-06-20 20:04:03,627] {scheduler_job.py:633} INFO - Processing file /home/airflow/.local/lib/python3.6/site-packages/airflow/example_dags/example_branch_datetime_operator.py for tasks to queue
[2021-06-20 20:04:03,631] {logging_mixin.py:104} INFO - [2021-06-20 20:04:03,630] {dagbag.py:487} INFO - Filling up the DagBag from /home/airflow/.local/lib/python3.6/site-packages/airflow/example_dags/example_branch_datetime_operator.py
[2021-06-20 20:04:03,707] {scheduler_job.py:643} INFO - DAG(s) dict_keys(['example_branch_datetime_operator_2']) retrieved from /home/airflow/.local/lib/python3.6/site-packages/airflow/example_dags/example_branch_datetime_operator.py
[2021-06-20 20:04:03,835] {logging_mixin.py:104} INFO - [2021-06-20 20:04:03,834] {dag.py:1832} INFO - Sync 1 DAGs
[2021-06-20 20:04:04,028] {logging_mixin.py:104} INFO - [2021-06-20 20:04:04,028] {dag.py:2305} INFO - Setting next_dagrun for example_branch_datetime_operator_2 to 2021-06-18 00:00:00+00:00
[2021-06-20 20:04:04,101] {scheduler_job.py:190} INFO - Processing /home/airflow/.local/lib/python3.6/site-packages/airflow/example_dags/example_branch_datetime_operator.py took 0.498 seconds
[2021-06-20 20:04:34,954] {scheduler_job.py:182} INFO - Started process (PID=982) to work on /home/airflow/.local/lib/python3.6/site-packages/airflow/example_dags/example_branch_datetime_operator.py
[2021-06-20 20:04:34,960] {scheduler_job.py:633} INFO - Processing file /home/airflow/.local/lib/python3.6/site-packages/airflow/example_dags/example_branch_datetime_operator.py for tasks to queue
[2021-06-20 20:04:34,965] {logging_mixin.py:104} INFO - [2021-06-20 20:04:34,964] {dagbag.py:487} INFO - Filling up the DagBag from /home/airflow/.local/lib/python3.6/site-packages/airflow/example_dags/example_branch_datetime_operator.py
[2021-06-20 20:04:35,043] {scheduler_job.py:643} INFO - DAG(s) dict_keys(['example_branch_datetime_operator_2']) retrieved from /home/airflow/.local/lib/python3.6/site-packages/airflow/example_dags/example_branch_datetime_operator.py
[2021-06-20 20:04:35,155] {logging_mixin.py:104} INFO - [2021-06-20 20:04:35,154] {dag.py:1832} INFO - Sync 1 DAGs
[2021-06-20 20:04:35,257] {logging_mixin.py:104} INFO - [2021-06-20 20:04:35,256] {dag.py:2305} INFO - Setting next_dagrun for example_branch_datetime_operator_2 to 2021-06-18 00:00:00+00:00
[2021-06-20 20:04:35,303] {scheduler_job.py:190} INFO - Processing /home/airflow/.local/lib/python3.6/site-packages/airflow/example_dags/example_branch_datetime_operator.py took 0.372 seconds
