[2021-06-20 19:56:57,460] {scheduler_job.py:182} INFO - Started process (PID=84) to work on /home/airflow/.local/lib/python3.6/site-packages/airflow/example_dags/example_kubernetes_executor_config.py
[2021-06-20 19:56:57,462] {scheduler_job.py:633} INFO - Processing file /home/airflow/.local/lib/python3.6/site-packages/airflow/example_dags/example_kubernetes_executor_config.py for tasks to queue
[2021-06-20 19:56:57,464] {logging_mixin.py:104} INFO - [2021-06-20 19:56:57,464] {dagbag.py:487} INFO - Filling up the DagBag from /home/airflow/.local/lib/python3.6/site-packages/airflow/example_dags/example_kubernetes_executor_config.py
[2021-06-20 19:56:57,489] {scheduler_job.py:643} INFO - DAG(s) dict_keys(['example_kubernetes_executor_config']) retrieved from /home/airflow/.local/lib/python3.6/site-packages/airflow/example_dags/example_kubernetes_executor_config.py
[2021-06-20 19:57:02,391] {logging_mixin.py:104} INFO - [2021-06-20 19:57:02,389] {dag.py:1832} INFO - Sync 1 DAGs
[2021-06-20 19:57:02,419] {logging_mixin.py:104} INFO - [2021-06-20 19:57:02,416] {dag.py:1851} INFO - Creating ORM DAG for example_kubernetes_executor_config
[2021-06-20 19:57:02,429] {logging_mixin.py:104} INFO - [2021-06-20 19:57:02,429] {dag.py:2305} INFO - Setting next_dagrun for example_kubernetes_executor_config to None
[2021-06-20 19:57:02,446] {scheduler_job.py:190} INFO - Processing /home/airflow/.local/lib/python3.6/site-packages/airflow/example_dags/example_kubernetes_executor_config.py took 4.994 seconds
[2021-06-20 19:57:32,960] {scheduler_job.py:182} INFO - Started process (PID=189) to work on /home/airflow/.local/lib/python3.6/site-packages/airflow/example_dags/example_kubernetes_executor_config.py
[2021-06-20 19:57:32,961] {scheduler_job.py:633} INFO - Processing file /home/airflow/.local/lib/python3.6/site-packages/airflow/example_dags/example_kubernetes_executor_config.py for tasks to queue
[2021-06-20 19:57:32,962] {logging_mixin.py:104} INFO - [2021-06-20 19:57:32,962] {dagbag.py:487} INFO - Filling up the DagBag from /home/airflow/.local/lib/python3.6/site-packages/airflow/example_dags/example_kubernetes_executor_config.py
[2021-06-20 19:57:32,974] {scheduler_job.py:643} INFO - DAG(s) dict_keys(['example_kubernetes_executor_config']) retrieved from /home/airflow/.local/lib/python3.6/site-packages/airflow/example_dags/example_kubernetes_executor_config.py
[2021-06-20 19:57:32,999] {logging_mixin.py:104} INFO - [2021-06-20 19:57:32,999] {dag.py:1832} INFO - Sync 1 DAGs
[2021-06-20 19:57:33,013] {logging_mixin.py:104} INFO - [2021-06-20 19:57:33,013] {dag.py:2305} INFO - Setting next_dagrun for example_kubernetes_executor_config to None
[2021-06-20 19:57:33,028] {scheduler_job.py:190} INFO - Processing /home/airflow/.local/lib/python3.6/site-packages/airflow/example_dags/example_kubernetes_executor_config.py took 0.071 seconds
[2021-06-20 19:58:03,482] {scheduler_job.py:182} INFO - Started process (PID=255) to work on /home/airflow/.local/lib/python3.6/site-packages/airflow/example_dags/example_kubernetes_executor_config.py
[2021-06-20 19:58:03,490] {scheduler_job.py:633} INFO - Processing file /home/airflow/.local/lib/python3.6/site-packages/airflow/example_dags/example_kubernetes_executor_config.py for tasks to queue
[2021-06-20 19:58:03,494] {logging_mixin.py:104} INFO - [2021-06-20 19:58:03,493] {dagbag.py:487} INFO - Filling up the DagBag from /home/airflow/.local/lib/python3.6/site-packages/airflow/example_dags/example_kubernetes_executor_config.py
[2021-06-20 19:58:03,569] {scheduler_job.py:643} INFO - DAG(s) dict_keys(['example_kubernetes_executor_config']) retrieved from /home/airflow/.local/lib/python3.6/site-packages/airflow/example_dags/example_kubernetes_executor_config.py
[2021-06-20 19:58:03,666] {logging_mixin.py:104} INFO - [2021-06-20 19:58:03,666] {dag.py:1832} INFO - Sync 1 DAGs
[2021-06-20 19:58:03,738] {logging_mixin.py:104} INFO - [2021-06-20 19:58:03,737] {dag.py:2305} INFO - Setting next_dagrun for example_kubernetes_executor_config to None
[2021-06-20 19:58:03,789] {scheduler_job.py:190} INFO - Processing /home/airflow/.local/lib/python3.6/site-packages/airflow/example_dags/example_kubernetes_executor_config.py took 0.320 seconds
[2021-06-20 19:58:36,238] {scheduler_job.py:182} INFO - Started process (PID=314) to work on /home/airflow/.local/lib/python3.6/site-packages/airflow/example_dags/example_kubernetes_executor_config.py
[2021-06-20 19:58:36,253] {scheduler_job.py:633} INFO - Processing file /home/airflow/.local/lib/python3.6/site-packages/airflow/example_dags/example_kubernetes_executor_config.py for tasks to queue
[2021-06-20 19:58:36,262] {logging_mixin.py:104} INFO - [2021-06-20 19:58:36,262] {dagbag.py:487} INFO - Filling up the DagBag from /home/airflow/.local/lib/python3.6/site-packages/airflow/example_dags/example_kubernetes_executor_config.py
[2021-06-20 19:58:36,363] {scheduler_job.py:643} INFO - DAG(s) dict_keys(['example_kubernetes_executor_config']) retrieved from /home/airflow/.local/lib/python3.6/site-packages/airflow/example_dags/example_kubernetes_executor_config.py
[2021-06-20 19:58:36,481] {logging_mixin.py:104} INFO - [2021-06-20 19:58:36,481] {dag.py:1832} INFO - Sync 1 DAGs
[2021-06-20 19:58:36,571] {logging_mixin.py:104} INFO - [2021-06-20 19:58:36,570] {dag.py:2305} INFO - Setting next_dagrun for example_kubernetes_executor_config to None
[2021-06-20 19:58:36,617] {scheduler_job.py:190} INFO - Processing /home/airflow/.local/lib/python3.6/site-packages/airflow/example_dags/example_kubernetes_executor_config.py took 0.417 seconds
[2021-06-20 19:59:08,006] {scheduler_job.py:182} INFO - Started process (PID=371) to work on /home/airflow/.local/lib/python3.6/site-packages/airflow/example_dags/example_kubernetes_executor_config.py
[2021-06-20 19:59:08,015] {scheduler_job.py:633} INFO - Processing file /home/airflow/.local/lib/python3.6/site-packages/airflow/example_dags/example_kubernetes_executor_config.py for tasks to queue
[2021-06-20 19:59:08,018] {logging_mixin.py:104} INFO - [2021-06-20 19:59:08,018] {dagbag.py:487} INFO - Filling up the DagBag from /home/airflow/.local/lib/python3.6/site-packages/airflow/example_dags/example_kubernetes_executor_config.py
[2021-06-20 19:59:08,092] {scheduler_job.py:643} INFO - DAG(s) dict_keys(['example_kubernetes_executor_config']) retrieved from /home/airflow/.local/lib/python3.6/site-packages/airflow/example_dags/example_kubernetes_executor_config.py
[2021-06-20 19:59:08,217] {logging_mixin.py:104} INFO - [2021-06-20 19:59:08,216] {dag.py:1832} INFO - Sync 1 DAGs
[2021-06-20 19:59:08,315] {logging_mixin.py:104} INFO - [2021-06-20 19:59:08,315] {dag.py:2305} INFO - Setting next_dagrun for example_kubernetes_executor_config to None
[2021-06-20 19:59:08,355] {scheduler_job.py:190} INFO - Processing /home/airflow/.local/lib/python3.6/site-packages/airflow/example_dags/example_kubernetes_executor_config.py took 0.365 seconds
[2021-06-20 19:59:40,494] {scheduler_job.py:182} INFO - Started process (PID=431) to work on /home/airflow/.local/lib/python3.6/site-packages/airflow/example_dags/example_kubernetes_executor_config.py
[2021-06-20 19:59:40,500] {scheduler_job.py:633} INFO - Processing file /home/airflow/.local/lib/python3.6/site-packages/airflow/example_dags/example_kubernetes_executor_config.py for tasks to queue
[2021-06-20 19:59:40,505] {logging_mixin.py:104} INFO - [2021-06-20 19:59:40,505] {dagbag.py:487} INFO - Filling up the DagBag from /home/airflow/.local/lib/python3.6/site-packages/airflow/example_dags/example_kubernetes_executor_config.py
[2021-06-20 19:59:40,623] {scheduler_job.py:643} INFO - DAG(s) dict_keys(['example_kubernetes_executor_config']) retrieved from /home/airflow/.local/lib/python3.6/site-packages/airflow/example_dags/example_kubernetes_executor_config.py
[2021-06-20 19:59:40,752] {logging_mixin.py:104} INFO - [2021-06-20 19:59:40,751] {dag.py:1832} INFO - Sync 1 DAGs
[2021-06-20 19:59:40,927] {logging_mixin.py:104} INFO - [2021-06-20 19:59:40,926] {dag.py:2305} INFO - Setting next_dagrun for example_kubernetes_executor_config to None
[2021-06-20 19:59:40,994] {scheduler_job.py:190} INFO - Processing /home/airflow/.local/lib/python3.6/site-packages/airflow/example_dags/example_kubernetes_executor_config.py took 0.518 seconds
[2021-06-20 20:00:11,415] {scheduler_job.py:182} INFO - Started process (PID=486) to work on /home/airflow/.local/lib/python3.6/site-packages/airflow/example_dags/example_kubernetes_executor_config.py
[2021-06-20 20:00:11,420] {scheduler_job.py:633} INFO - Processing file /home/airflow/.local/lib/python3.6/site-packages/airflow/example_dags/example_kubernetes_executor_config.py for tasks to queue
[2021-06-20 20:00:11,424] {logging_mixin.py:104} INFO - [2021-06-20 20:00:11,424] {dagbag.py:487} INFO - Filling up the DagBag from /home/airflow/.local/lib/python3.6/site-packages/airflow/example_dags/example_kubernetes_executor_config.py
[2021-06-20 20:00:11,503] {scheduler_job.py:643} INFO - DAG(s) dict_keys(['example_kubernetes_executor_config']) retrieved from /home/airflow/.local/lib/python3.6/site-packages/airflow/example_dags/example_kubernetes_executor_config.py
[2021-06-20 20:00:11,627] {logging_mixin.py:104} INFO - [2021-06-20 20:00:11,626] {dag.py:1832} INFO - Sync 1 DAGs
[2021-06-20 20:00:11,697] {logging_mixin.py:104} INFO - [2021-06-20 20:00:11,696] {dag.py:2305} INFO - Setting next_dagrun for example_kubernetes_executor_config to None
[2021-06-20 20:00:11,781] {scheduler_job.py:190} INFO - Processing /home/airflow/.local/lib/python3.6/site-packages/airflow/example_dags/example_kubernetes_executor_config.py took 0.383 seconds
[2021-06-20 20:00:42,571] {scheduler_job.py:182} INFO - Started process (PID=552) to work on /home/airflow/.local/lib/python3.6/site-packages/airflow/example_dags/example_kubernetes_executor_config.py
[2021-06-20 20:00:42,576] {scheduler_job.py:633} INFO - Processing file /home/airflow/.local/lib/python3.6/site-packages/airflow/example_dags/example_kubernetes_executor_config.py for tasks to queue
[2021-06-20 20:00:42,579] {logging_mixin.py:104} INFO - [2021-06-20 20:00:42,579] {dagbag.py:487} INFO - Filling up the DagBag from /home/airflow/.local/lib/python3.6/site-packages/airflow/example_dags/example_kubernetes_executor_config.py
[2021-06-20 20:00:42,639] {scheduler_job.py:643} INFO - DAG(s) dict_keys(['example_kubernetes_executor_config']) retrieved from /home/airflow/.local/lib/python3.6/site-packages/airflow/example_dags/example_kubernetes_executor_config.py
[2021-06-20 20:00:42,735] {logging_mixin.py:104} INFO - [2021-06-20 20:00:42,734] {dag.py:1832} INFO - Sync 1 DAGs
[2021-06-20 20:00:42,803] {logging_mixin.py:104} INFO - [2021-06-20 20:00:42,802] {dag.py:2305} INFO - Setting next_dagrun for example_kubernetes_executor_config to None
[2021-06-20 20:00:42,836] {scheduler_job.py:190} INFO - Processing /home/airflow/.local/lib/python3.6/site-packages/airflow/example_dags/example_kubernetes_executor_config.py took 0.276 seconds
[2021-06-20 20:01:13,487] {scheduler_job.py:182} INFO - Started process (PID=602) to work on /home/airflow/.local/lib/python3.6/site-packages/airflow/example_dags/example_kubernetes_executor_config.py
[2021-06-20 20:01:13,495] {scheduler_job.py:633} INFO - Processing file /home/airflow/.local/lib/python3.6/site-packages/airflow/example_dags/example_kubernetes_executor_config.py for tasks to queue
[2021-06-20 20:01:13,500] {logging_mixin.py:104} INFO - [2021-06-20 20:01:13,499] {dagbag.py:487} INFO - Filling up the DagBag from /home/airflow/.local/lib/python3.6/site-packages/airflow/example_dags/example_kubernetes_executor_config.py
[2021-06-20 20:01:13,617] {scheduler_job.py:643} INFO - DAG(s) dict_keys(['example_kubernetes_executor_config']) retrieved from /home/airflow/.local/lib/python3.6/site-packages/airflow/example_dags/example_kubernetes_executor_config.py
[2021-06-20 20:01:13,869] {logging_mixin.py:104} INFO - [2021-06-20 20:01:13,868] {dag.py:1832} INFO - Sync 1 DAGs
[2021-06-20 20:01:14,011] {logging_mixin.py:104} INFO - [2021-06-20 20:01:14,010] {dag.py:2305} INFO - Setting next_dagrun for example_kubernetes_executor_config to None
[2021-06-20 20:01:14,069] {scheduler_job.py:190} INFO - Processing /home/airflow/.local/lib/python3.6/site-packages/airflow/example_dags/example_kubernetes_executor_config.py took 0.610 seconds
[2021-06-20 20:01:44,495] {scheduler_job.py:182} INFO - Started process (PID=665) to work on /home/airflow/.local/lib/python3.6/site-packages/airflow/example_dags/example_kubernetes_executor_config.py
[2021-06-20 20:01:44,502] {scheduler_job.py:633} INFO - Processing file /home/airflow/.local/lib/python3.6/site-packages/airflow/example_dags/example_kubernetes_executor_config.py for tasks to queue
[2021-06-20 20:01:44,506] {logging_mixin.py:104} INFO - [2021-06-20 20:01:44,506] {dagbag.py:487} INFO - Filling up the DagBag from /home/airflow/.local/lib/python3.6/site-packages/airflow/example_dags/example_kubernetes_executor_config.py
[2021-06-20 20:01:44,592] {scheduler_job.py:643} INFO - DAG(s) dict_keys(['example_kubernetes_executor_config']) retrieved from /home/airflow/.local/lib/python3.6/site-packages/airflow/example_dags/example_kubernetes_executor_config.py
[2021-06-20 20:01:44,699] {logging_mixin.py:104} INFO - [2021-06-20 20:01:44,699] {dag.py:1832} INFO - Sync 1 DAGs
[2021-06-20 20:01:44,771] {logging_mixin.py:104} INFO - [2021-06-20 20:01:44,770] {dag.py:2305} INFO - Setting next_dagrun for example_kubernetes_executor_config to None
[2021-06-20 20:01:44,817] {scheduler_job.py:190} INFO - Processing /home/airflow/.local/lib/python3.6/site-packages/airflow/example_dags/example_kubernetes_executor_config.py took 0.341 seconds
[2021-06-20 20:02:15,111] {scheduler_job.py:182} INFO - Started process (PID=723) to work on /home/airflow/.local/lib/python3.6/site-packages/airflow/example_dags/example_kubernetes_executor_config.py
[2021-06-20 20:02:15,121] {scheduler_job.py:633} INFO - Processing file /home/airflow/.local/lib/python3.6/site-packages/airflow/example_dags/example_kubernetes_executor_config.py for tasks to queue
[2021-06-20 20:02:15,127] {logging_mixin.py:104} INFO - [2021-06-20 20:02:15,126] {dagbag.py:487} INFO - Filling up the DagBag from /home/airflow/.local/lib/python3.6/site-packages/airflow/example_dags/example_kubernetes_executor_config.py
[2021-06-20 20:02:15,235] {scheduler_job.py:643} INFO - DAG(s) dict_keys(['example_kubernetes_executor_config']) retrieved from /home/airflow/.local/lib/python3.6/site-packages/airflow/example_dags/example_kubernetes_executor_config.py
[2021-06-20 20:02:15,415] {logging_mixin.py:104} INFO - [2021-06-20 20:02:15,413] {dag.py:1832} INFO - Sync 1 DAGs
[2021-06-20 20:02:15,608] {logging_mixin.py:104} INFO - [2021-06-20 20:02:15,607] {dag.py:2305} INFO - Setting next_dagrun for example_kubernetes_executor_config to None
[2021-06-20 20:02:15,675] {scheduler_job.py:190} INFO - Processing /home/airflow/.local/lib/python3.6/site-packages/airflow/example_dags/example_kubernetes_executor_config.py took 0.586 seconds
[2021-06-20 20:02:45,919] {scheduler_job.py:182} INFO - Started process (PID=779) to work on /home/airflow/.local/lib/python3.6/site-packages/airflow/example_dags/example_kubernetes_executor_config.py
[2021-06-20 20:02:45,926] {scheduler_job.py:633} INFO - Processing file /home/airflow/.local/lib/python3.6/site-packages/airflow/example_dags/example_kubernetes_executor_config.py for tasks to queue
[2021-06-20 20:02:45,931] {logging_mixin.py:104} INFO - [2021-06-20 20:02:45,930] {dagbag.py:487} INFO - Filling up the DagBag from /home/airflow/.local/lib/python3.6/site-packages/airflow/example_dags/example_kubernetes_executor_config.py
[2021-06-20 20:02:46,061] {scheduler_job.py:643} INFO - DAG(s) dict_keys(['example_kubernetes_executor_config']) retrieved from /home/airflow/.local/lib/python3.6/site-packages/airflow/example_dags/example_kubernetes_executor_config.py
[2021-06-20 20:02:46,191] {logging_mixin.py:104} INFO - [2021-06-20 20:02:46,191] {dag.py:1832} INFO - Sync 1 DAGs
[2021-06-20 20:02:46,293] {logging_mixin.py:104} INFO - [2021-06-20 20:02:46,292] {dag.py:2305} INFO - Setting next_dagrun for example_kubernetes_executor_config to None
[2021-06-20 20:02:46,345] {scheduler_job.py:190} INFO - Processing /home/airflow/.local/lib/python3.6/site-packages/airflow/example_dags/example_kubernetes_executor_config.py took 0.446 seconds
[2021-06-20 20:03:16,879] {scheduler_job.py:182} INFO - Started process (PID=838) to work on /home/airflow/.local/lib/python3.6/site-packages/airflow/example_dags/example_kubernetes_executor_config.py
[2021-06-20 20:03:16,897] {scheduler_job.py:633} INFO - Processing file /home/airflow/.local/lib/python3.6/site-packages/airflow/example_dags/example_kubernetes_executor_config.py for tasks to queue
[2021-06-20 20:03:16,909] {logging_mixin.py:104} INFO - [2021-06-20 20:03:16,908] {dagbag.py:487} INFO - Filling up the DagBag from /home/airflow/.local/lib/python3.6/site-packages/airflow/example_dags/example_kubernetes_executor_config.py
[2021-06-20 20:03:17,019] {scheduler_job.py:643} INFO - DAG(s) dict_keys(['example_kubernetes_executor_config']) retrieved from /home/airflow/.local/lib/python3.6/site-packages/airflow/example_dags/example_kubernetes_executor_config.py
[2021-06-20 20:03:17,188] {logging_mixin.py:104} INFO - [2021-06-20 20:03:17,187] {dag.py:1832} INFO - Sync 1 DAGs
[2021-06-20 20:03:17,286] {logging_mixin.py:104} INFO - [2021-06-20 20:03:17,285] {dag.py:2305} INFO - Setting next_dagrun for example_kubernetes_executor_config to None
[2021-06-20 20:03:17,342] {scheduler_job.py:190} INFO - Processing /home/airflow/.local/lib/python3.6/site-packages/airflow/example_dags/example_kubernetes_executor_config.py took 0.486 seconds
[2021-06-20 20:03:47,665] {scheduler_job.py:182} INFO - Started process (PID=894) to work on /home/airflow/.local/lib/python3.6/site-packages/airflow/example_dags/example_kubernetes_executor_config.py
[2021-06-20 20:03:47,674] {scheduler_job.py:633} INFO - Processing file /home/airflow/.local/lib/python3.6/site-packages/airflow/example_dags/example_kubernetes_executor_config.py for tasks to queue
[2021-06-20 20:03:47,678] {logging_mixin.py:104} INFO - [2021-06-20 20:03:47,678] {dagbag.py:487} INFO - Filling up the DagBag from /home/airflow/.local/lib/python3.6/site-packages/airflow/example_dags/example_kubernetes_executor_config.py
[2021-06-20 20:03:47,764] {scheduler_job.py:643} INFO - DAG(s) dict_keys(['example_kubernetes_executor_config']) retrieved from /home/airflow/.local/lib/python3.6/site-packages/airflow/example_dags/example_kubernetes_executor_config.py
[2021-06-20 20:03:47,890] {logging_mixin.py:104} INFO - [2021-06-20 20:03:47,889] {dag.py:1832} INFO - Sync 1 DAGs
[2021-06-20 20:03:48,036] {logging_mixin.py:104} INFO - [2021-06-20 20:03:48,035] {dag.py:2305} INFO - Setting next_dagrun for example_kubernetes_executor_config to None
[2021-06-20 20:03:48,095] {scheduler_job.py:190} INFO - Processing /home/airflow/.local/lib/python3.6/site-packages/airflow/example_dags/example_kubernetes_executor_config.py took 0.451 seconds
[2021-06-20 20:04:18,484] {scheduler_job.py:182} INFO - Started process (PID=953) to work on /home/airflow/.local/lib/python3.6/site-packages/airflow/example_dags/example_kubernetes_executor_config.py
[2021-06-20 20:04:18,492] {scheduler_job.py:633} INFO - Processing file /home/airflow/.local/lib/python3.6/site-packages/airflow/example_dags/example_kubernetes_executor_config.py for tasks to queue
[2021-06-20 20:04:18,497] {logging_mixin.py:104} INFO - [2021-06-20 20:04:18,497] {dagbag.py:487} INFO - Filling up the DagBag from /home/airflow/.local/lib/python3.6/site-packages/airflow/example_dags/example_kubernetes_executor_config.py
[2021-06-20 20:04:18,590] {scheduler_job.py:643} INFO - DAG(s) dict_keys(['example_kubernetes_executor_config']) retrieved from /home/airflow/.local/lib/python3.6/site-packages/airflow/example_dags/example_kubernetes_executor_config.py
[2021-06-20 20:04:18,785] {logging_mixin.py:104} INFO - [2021-06-20 20:04:18,783] {dag.py:1832} INFO - Sync 1 DAGs
[2021-06-20 20:04:18,934] {logging_mixin.py:104} INFO - [2021-06-20 20:04:18,934] {dag.py:2305} INFO - Setting next_dagrun for example_kubernetes_executor_config to None
[2021-06-20 20:04:18,999] {scheduler_job.py:190} INFO - Processing /home/airflow/.local/lib/python3.6/site-packages/airflow/example_dags/example_kubernetes_executor_config.py took 0.542 seconds
[2021-06-20 20:04:50,190] {scheduler_job.py:182} INFO - Started process (PID=1009) to work on /home/airflow/.local/lib/python3.6/site-packages/airflow/example_dags/example_kubernetes_executor_config.py
[2021-06-20 20:04:50,198] {scheduler_job.py:633} INFO - Processing file /home/airflow/.local/lib/python3.6/site-packages/airflow/example_dags/example_kubernetes_executor_config.py for tasks to queue
[2021-06-20 20:04:50,206] {logging_mixin.py:104} INFO - [2021-06-20 20:04:50,204] {dagbag.py:487} INFO - Filling up the DagBag from /home/airflow/.local/lib/python3.6/site-packages/airflow/example_dags/example_kubernetes_executor_config.py
[2021-06-20 20:04:50,381] {scheduler_job.py:643} INFO - DAG(s) dict_keys(['example_kubernetes_executor_config']) retrieved from /home/airflow/.local/lib/python3.6/site-packages/airflow/example_dags/example_kubernetes_executor_config.py
[2021-06-20 20:04:50,631] {logging_mixin.py:104} INFO - [2021-06-20 20:04:50,630] {dag.py:1832} INFO - Sync 1 DAGs
[2021-06-20 20:04:50,813] {logging_mixin.py:104} INFO - [2021-06-20 20:04:50,812] {dag.py:2305} INFO - Setting next_dagrun for example_kubernetes_executor_config to None
[2021-06-20 20:04:53,512] {logging_mixin.py:104} INFO - [2021-06-20 20:04:53,512] {process_utils.py:207} INFO - Waiting up to 5 seconds for processes to exit...
