[2021-06-20 19:57:02,531] {scheduler_job.py:182} INFO - Started process (PID=88) to work on /home/airflow/.local/lib/python3.6/site-packages/airflow/example_dags/example_skip_dag.py
[2021-06-20 19:57:02,534] {scheduler_job.py:633} INFO - Processing file /home/airflow/.local/lib/python3.6/site-packages/airflow/example_dags/example_skip_dag.py for tasks to queue
[2021-06-20 19:57:02,536] {logging_mixin.py:104} INFO - [2021-06-20 19:57:02,535] {dagbag.py:487} INFO - Filling up the DagBag from /home/airflow/.local/lib/python3.6/site-packages/airflow/example_dags/example_skip_dag.py
[2021-06-20 19:57:02,557] {scheduler_job.py:643} INFO - DAG(s) dict_keys(['example_skip_dag']) retrieved from /home/airflow/.local/lib/python3.6/site-packages/airflow/example_dags/example_skip_dag.py
[2021-06-20 19:57:06,024] {logging_mixin.py:104} INFO - [2021-06-20 19:57:06,022] {dag.py:1832} INFO - Sync 1 DAGs
[2021-06-20 19:57:06,043] {logging_mixin.py:104} INFO - [2021-06-20 19:57:06,040] {dag.py:1851} INFO - Creating ORM DAG for example_skip_dag
[2021-06-20 19:57:06,050] {logging_mixin.py:104} INFO - [2021-06-20 19:57:06,050] {dag.py:2305} INFO - Setting next_dagrun for example_skip_dag to 2021-06-18 00:00:00+00:00
[2021-06-20 19:57:06,066] {scheduler_job.py:190} INFO - Processing /home/airflow/.local/lib/python3.6/site-packages/airflow/example_dags/example_skip_dag.py took 3.540 seconds
[2021-06-20 19:57:36,998] {scheduler_job.py:182} INFO - Started process (PID=191) to work on /home/airflow/.local/lib/python3.6/site-packages/airflow/example_dags/example_skip_dag.py
[2021-06-20 19:57:37,000] {scheduler_job.py:633} INFO - Processing file /home/airflow/.local/lib/python3.6/site-packages/airflow/example_dags/example_skip_dag.py for tasks to queue
[2021-06-20 19:57:37,001] {logging_mixin.py:104} INFO - [2021-06-20 19:57:37,001] {dagbag.py:487} INFO - Filling up the DagBag from /home/airflow/.local/lib/python3.6/site-packages/airflow/example_dags/example_skip_dag.py
[2021-06-20 19:57:37,023] {scheduler_job.py:643} INFO - DAG(s) dict_keys(['example_skip_dag']) retrieved from /home/airflow/.local/lib/python3.6/site-packages/airflow/example_dags/example_skip_dag.py
[2021-06-20 19:57:37,059] {logging_mixin.py:104} INFO - [2021-06-20 19:57:37,059] {dag.py:1832} INFO - Sync 1 DAGs
[2021-06-20 19:57:37,086] {logging_mixin.py:104} INFO - [2021-06-20 19:57:37,086] {dag.py:2305} INFO - Setting next_dagrun for example_skip_dag to 2021-06-18 00:00:00+00:00
[2021-06-20 19:57:37,101] {scheduler_job.py:190} INFO - Processing /home/airflow/.local/lib/python3.6/site-packages/airflow/example_dags/example_skip_dag.py took 0.109 seconds
[2021-06-20 19:58:07,256] {scheduler_job.py:182} INFO - Started process (PID=257) to work on /home/airflow/.local/lib/python3.6/site-packages/airflow/example_dags/example_skip_dag.py
[2021-06-20 19:58:07,262] {scheduler_job.py:633} INFO - Processing file /home/airflow/.local/lib/python3.6/site-packages/airflow/example_dags/example_skip_dag.py for tasks to queue
[2021-06-20 19:58:07,266] {logging_mixin.py:104} INFO - [2021-06-20 19:58:07,266] {dagbag.py:487} INFO - Filling up the DagBag from /home/airflow/.local/lib/python3.6/site-packages/airflow/example_dags/example_skip_dag.py
[2021-06-20 19:58:07,331] {scheduler_job.py:643} INFO - DAG(s) dict_keys(['example_skip_dag']) retrieved from /home/airflow/.local/lib/python3.6/site-packages/airflow/example_dags/example_skip_dag.py
[2021-06-20 19:58:07,427] {logging_mixin.py:104} INFO - [2021-06-20 19:58:07,426] {dag.py:1832} INFO - Sync 1 DAGs
[2021-06-20 19:58:07,508] {logging_mixin.py:104} INFO - [2021-06-20 19:58:07,507] {dag.py:2305} INFO - Setting next_dagrun for example_skip_dag to 2021-06-18 00:00:00+00:00
[2021-06-20 19:58:07,545] {scheduler_job.py:190} INFO - Processing /home/airflow/.local/lib/python3.6/site-packages/airflow/example_dags/example_skip_dag.py took 0.304 seconds
[2021-06-20 19:58:38,225] {scheduler_job.py:182} INFO - Started process (PID=317) to work on /home/airflow/.local/lib/python3.6/site-packages/airflow/example_dags/example_skip_dag.py
[2021-06-20 19:58:38,236] {scheduler_job.py:633} INFO - Processing file /home/airflow/.local/lib/python3.6/site-packages/airflow/example_dags/example_skip_dag.py for tasks to queue
[2021-06-20 19:58:38,240] {logging_mixin.py:104} INFO - [2021-06-20 19:58:38,240] {dagbag.py:487} INFO - Filling up the DagBag from /home/airflow/.local/lib/python3.6/site-packages/airflow/example_dags/example_skip_dag.py
[2021-06-20 19:58:38,335] {scheduler_job.py:643} INFO - DAG(s) dict_keys(['example_skip_dag']) retrieved from /home/airflow/.local/lib/python3.6/site-packages/airflow/example_dags/example_skip_dag.py
[2021-06-20 19:58:38,455] {logging_mixin.py:104} INFO - [2021-06-20 19:58:38,455] {dag.py:1832} INFO - Sync 1 DAGs
[2021-06-20 19:58:38,544] {logging_mixin.py:104} INFO - [2021-06-20 19:58:38,543] {dag.py:2305} INFO - Setting next_dagrun for example_skip_dag to 2021-06-18 00:00:00+00:00
[2021-06-20 19:58:38,629] {scheduler_job.py:190} INFO - Processing /home/airflow/.local/lib/python3.6/site-packages/airflow/example_dags/example_skip_dag.py took 0.420 seconds
[2021-06-20 19:59:08,805] {scheduler_job.py:182} INFO - Started process (PID=373) to work on /home/airflow/.local/lib/python3.6/site-packages/airflow/example_dags/example_skip_dag.py
[2021-06-20 19:59:08,812] {scheduler_job.py:633} INFO - Processing file /home/airflow/.local/lib/python3.6/site-packages/airflow/example_dags/example_skip_dag.py for tasks to queue
[2021-06-20 19:59:08,815] {logging_mixin.py:104} INFO - [2021-06-20 19:59:08,815] {dagbag.py:487} INFO - Filling up the DagBag from /home/airflow/.local/lib/python3.6/site-packages/airflow/example_dags/example_skip_dag.py
[2021-06-20 19:59:08,869] {scheduler_job.py:643} INFO - DAG(s) dict_keys(['example_skip_dag']) retrieved from /home/airflow/.local/lib/python3.6/site-packages/airflow/example_dags/example_skip_dag.py
[2021-06-20 19:59:08,994] {logging_mixin.py:104} INFO - [2021-06-20 19:59:08,993] {dag.py:1832} INFO - Sync 1 DAGs
[2021-06-20 19:59:09,140] {logging_mixin.py:104} INFO - [2021-06-20 19:59:09,139] {dag.py:2305} INFO - Setting next_dagrun for example_skip_dag to 2021-06-18 00:00:00+00:00
[2021-06-20 19:59:09,192] {scheduler_job.py:190} INFO - Processing /home/airflow/.local/lib/python3.6/site-packages/airflow/example_dags/example_skip_dag.py took 0.399 seconds
[2021-06-20 19:59:41,702] {scheduler_job.py:182} INFO - Started process (PID=433) to work on /home/airflow/.local/lib/python3.6/site-packages/airflow/example_dags/example_skip_dag.py
[2021-06-20 19:59:41,718] {scheduler_job.py:633} INFO - Processing file /home/airflow/.local/lib/python3.6/site-packages/airflow/example_dags/example_skip_dag.py for tasks to queue
[2021-06-20 19:59:41,722] {logging_mixin.py:104} INFO - [2021-06-20 19:59:41,721] {dagbag.py:487} INFO - Filling up the DagBag from /home/airflow/.local/lib/python3.6/site-packages/airflow/example_dags/example_skip_dag.py
[2021-06-20 19:59:41,782] {scheduler_job.py:643} INFO - DAG(s) dict_keys(['example_skip_dag']) retrieved from /home/airflow/.local/lib/python3.6/site-packages/airflow/example_dags/example_skip_dag.py
[2021-06-20 19:59:41,898] {logging_mixin.py:104} INFO - [2021-06-20 19:59:41,898] {dag.py:1832} INFO - Sync 1 DAGs
[2021-06-20 19:59:41,987] {logging_mixin.py:104} INFO - [2021-06-20 19:59:41,986] {dag.py:2305} INFO - Setting next_dagrun for example_skip_dag to 2021-06-18 00:00:00+00:00
[2021-06-20 19:59:42,027] {scheduler_job.py:190} INFO - Processing /home/airflow/.local/lib/python3.6/site-packages/airflow/example_dags/example_skip_dag.py took 0.351 seconds
[2021-06-20 20:00:12,431] {scheduler_job.py:182} INFO - Started process (PID=488) to work on /home/airflow/.local/lib/python3.6/site-packages/airflow/example_dags/example_skip_dag.py
[2021-06-20 20:00:12,437] {scheduler_job.py:633} INFO - Processing file /home/airflow/.local/lib/python3.6/site-packages/airflow/example_dags/example_skip_dag.py for tasks to queue
[2021-06-20 20:00:12,440] {logging_mixin.py:104} INFO - [2021-06-20 20:00:12,439] {dagbag.py:487} INFO - Filling up the DagBag from /home/airflow/.local/lib/python3.6/site-packages/airflow/example_dags/example_skip_dag.py
[2021-06-20 20:00:12,505] {scheduler_job.py:643} INFO - DAG(s) dict_keys(['example_skip_dag']) retrieved from /home/airflow/.local/lib/python3.6/site-packages/airflow/example_dags/example_skip_dag.py
[2021-06-20 20:00:12,616] {logging_mixin.py:104} INFO - [2021-06-20 20:00:12,616] {dag.py:1832} INFO - Sync 1 DAGs
[2021-06-20 20:00:12,681] {logging_mixin.py:104} INFO - [2021-06-20 20:00:12,681] {dag.py:2305} INFO - Setting next_dagrun for example_skip_dag to 2021-06-18 00:00:00+00:00
[2021-06-20 20:00:12,748] {scheduler_job.py:190} INFO - Processing /home/airflow/.local/lib/python3.6/site-packages/airflow/example_dags/example_skip_dag.py took 0.331 seconds
[2021-06-20 20:00:42,937] {scheduler_job.py:182} INFO - Started process (PID=554) to work on /home/airflow/.local/lib/python3.6/site-packages/airflow/example_dags/example_skip_dag.py
[2021-06-20 20:00:42,943] {scheduler_job.py:633} INFO - Processing file /home/airflow/.local/lib/python3.6/site-packages/airflow/example_dags/example_skip_dag.py for tasks to queue
[2021-06-20 20:00:42,948] {logging_mixin.py:104} INFO - [2021-06-20 20:00:42,947] {dagbag.py:487} INFO - Filling up the DagBag from /home/airflow/.local/lib/python3.6/site-packages/airflow/example_dags/example_skip_dag.py
[2021-06-20 20:00:43,007] {scheduler_job.py:643} INFO - DAG(s) dict_keys(['example_skip_dag']) retrieved from /home/airflow/.local/lib/python3.6/site-packages/airflow/example_dags/example_skip_dag.py
[2021-06-20 20:00:43,125] {logging_mixin.py:104} INFO - [2021-06-20 20:00:43,124] {dag.py:1832} INFO - Sync 1 DAGs
[2021-06-20 20:00:43,228] {logging_mixin.py:104} INFO - [2021-06-20 20:00:43,227] {dag.py:2305} INFO - Setting next_dagrun for example_skip_dag to 2021-06-18 00:00:00+00:00
[2021-06-20 20:00:43,277] {scheduler_job.py:190} INFO - Processing /home/airflow/.local/lib/python3.6/site-packages/airflow/example_dags/example_skip_dag.py took 0.353 seconds
[2021-06-20 20:01:14,763] {scheduler_job.py:182} INFO - Started process (PID=610) to work on /home/airflow/.local/lib/python3.6/site-packages/airflow/example_dags/example_skip_dag.py
[2021-06-20 20:01:14,779] {scheduler_job.py:633} INFO - Processing file /home/airflow/.local/lib/python3.6/site-packages/airflow/example_dags/example_skip_dag.py for tasks to queue
[2021-06-20 20:01:14,786] {logging_mixin.py:104} INFO - [2021-06-20 20:01:14,785] {dagbag.py:487} INFO - Filling up the DagBag from /home/airflow/.local/lib/python3.6/site-packages/airflow/example_dags/example_skip_dag.py
[2021-06-20 20:01:14,869] {scheduler_job.py:643} INFO - DAG(s) dict_keys(['example_skip_dag']) retrieved from /home/airflow/.local/lib/python3.6/site-packages/airflow/example_dags/example_skip_dag.py
[2021-06-20 20:01:15,037] {logging_mixin.py:104} INFO - [2021-06-20 20:01:15,037] {dag.py:1832} INFO - Sync 1 DAGs
[2021-06-20 20:01:15,198] {logging_mixin.py:104} INFO - [2021-06-20 20:01:15,197] {dag.py:2305} INFO - Setting next_dagrun for example_skip_dag to 2021-06-18 00:00:00+00:00
[2021-06-20 20:01:15,292] {scheduler_job.py:190} INFO - Processing /home/airflow/.local/lib/python3.6/site-packages/airflow/example_dags/example_skip_dag.py took 0.552 seconds
[2021-06-20 20:01:45,570] {scheduler_job.py:182} INFO - Started process (PID=667) to work on /home/airflow/.local/lib/python3.6/site-packages/airflow/example_dags/example_skip_dag.py
[2021-06-20 20:01:45,579] {scheduler_job.py:633} INFO - Processing file /home/airflow/.local/lib/python3.6/site-packages/airflow/example_dags/example_skip_dag.py for tasks to queue
[2021-06-20 20:01:45,587] {logging_mixin.py:104} INFO - [2021-06-20 20:01:45,586] {dagbag.py:487} INFO - Filling up the DagBag from /home/airflow/.local/lib/python3.6/site-packages/airflow/example_dags/example_skip_dag.py
[2021-06-20 20:01:45,701] {scheduler_job.py:643} INFO - DAG(s) dict_keys(['example_skip_dag']) retrieved from /home/airflow/.local/lib/python3.6/site-packages/airflow/example_dags/example_skip_dag.py
[2021-06-20 20:01:45,886] {logging_mixin.py:104} INFO - [2021-06-20 20:01:45,886] {dag.py:1832} INFO - Sync 1 DAGs
[2021-06-20 20:01:46,082] {logging_mixin.py:104} INFO - [2021-06-20 20:01:46,081] {dag.py:2305} INFO - Setting next_dagrun for example_skip_dag to 2021-06-18 00:00:00+00:00
[2021-06-20 20:01:46,174] {scheduler_job.py:190} INFO - Processing /home/airflow/.local/lib/python3.6/site-packages/airflow/example_dags/example_skip_dag.py took 0.632 seconds
[2021-06-20 20:02:16,867] {scheduler_job.py:182} INFO - Started process (PID=725) to work on /home/airflow/.local/lib/python3.6/site-packages/airflow/example_dags/example_skip_dag.py
[2021-06-20 20:02:16,877] {scheduler_job.py:633} INFO - Processing file /home/airflow/.local/lib/python3.6/site-packages/airflow/example_dags/example_skip_dag.py for tasks to queue
[2021-06-20 20:02:16,889] {logging_mixin.py:104} INFO - [2021-06-20 20:02:16,887] {dagbag.py:487} INFO - Filling up the DagBag from /home/airflow/.local/lib/python3.6/site-packages/airflow/example_dags/example_skip_dag.py
[2021-06-20 20:02:16,988] {scheduler_job.py:643} INFO - DAG(s) dict_keys(['example_skip_dag']) retrieved from /home/airflow/.local/lib/python3.6/site-packages/airflow/example_dags/example_skip_dag.py
[2021-06-20 20:02:17,152] {logging_mixin.py:104} INFO - [2021-06-20 20:02:17,151] {dag.py:1832} INFO - Sync 1 DAGs
[2021-06-20 20:02:17,288] {logging_mixin.py:104} INFO - [2021-06-20 20:02:17,287] {dag.py:2305} INFO - Setting next_dagrun for example_skip_dag to 2021-06-18 00:00:00+00:00
[2021-06-20 20:02:17,356] {scheduler_job.py:190} INFO - Processing /home/airflow/.local/lib/python3.6/site-packages/airflow/example_dags/example_skip_dag.py took 0.514 seconds
[2021-06-20 20:02:47,695] {scheduler_job.py:182} INFO - Started process (PID=781) to work on /home/airflow/.local/lib/python3.6/site-packages/airflow/example_dags/example_skip_dag.py
[2021-06-20 20:02:47,722] {scheduler_job.py:633} INFO - Processing file /home/airflow/.local/lib/python3.6/site-packages/airflow/example_dags/example_skip_dag.py for tasks to queue
[2021-06-20 20:02:47,728] {logging_mixin.py:104} INFO - [2021-06-20 20:02:47,727] {dagbag.py:487} INFO - Filling up the DagBag from /home/airflow/.local/lib/python3.6/site-packages/airflow/example_dags/example_skip_dag.py
[2021-06-20 20:02:47,846] {scheduler_job.py:643} INFO - DAG(s) dict_keys(['example_skip_dag']) retrieved from /home/airflow/.local/lib/python3.6/site-packages/airflow/example_dags/example_skip_dag.py
[2021-06-20 20:02:48,174] {logging_mixin.py:104} INFO - [2021-06-20 20:02:48,174] {dag.py:1832} INFO - Sync 1 DAGs
[2021-06-20 20:02:48,322] {logging_mixin.py:104} INFO - [2021-06-20 20:02:48,321] {dag.py:2305} INFO - Setting next_dagrun for example_skip_dag to 2021-06-18 00:00:00+00:00
[2021-06-20 20:02:48,398] {scheduler_job.py:190} INFO - Processing /home/airflow/.local/lib/python3.6/site-packages/airflow/example_dags/example_skip_dag.py took 0.733 seconds
[2021-06-20 20:03:19,036] {scheduler_job.py:182} INFO - Started process (PID=841) to work on /home/airflow/.local/lib/python3.6/site-packages/airflow/example_dags/example_skip_dag.py
[2021-06-20 20:03:19,045] {scheduler_job.py:633} INFO - Processing file /home/airflow/.local/lib/python3.6/site-packages/airflow/example_dags/example_skip_dag.py for tasks to queue
[2021-06-20 20:03:19,049] {logging_mixin.py:104} INFO - [2021-06-20 20:03:19,048] {dagbag.py:487} INFO - Filling up the DagBag from /home/airflow/.local/lib/python3.6/site-packages/airflow/example_dags/example_skip_dag.py
[2021-06-20 20:03:19,109] {scheduler_job.py:643} INFO - DAG(s) dict_keys(['example_skip_dag']) retrieved from /home/airflow/.local/lib/python3.6/site-packages/airflow/example_dags/example_skip_dag.py
[2021-06-20 20:03:19,225] {logging_mixin.py:104} INFO - [2021-06-20 20:03:19,225] {dag.py:1832} INFO - Sync 1 DAGs
[2021-06-20 20:03:19,326] {logging_mixin.py:104} INFO - [2021-06-20 20:03:19,325] {dag.py:2305} INFO - Setting next_dagrun for example_skip_dag to 2021-06-18 00:00:00+00:00
[2021-06-20 20:03:19,370] {scheduler_job.py:190} INFO - Processing /home/airflow/.local/lib/python3.6/site-packages/airflow/example_dags/example_skip_dag.py took 0.351 seconds
[2021-06-20 20:03:49,806] {scheduler_job.py:182} INFO - Started process (PID=897) to work on /home/airflow/.local/lib/python3.6/site-packages/airflow/example_dags/example_skip_dag.py
[2021-06-20 20:03:49,815] {scheduler_job.py:633} INFO - Processing file /home/airflow/.local/lib/python3.6/site-packages/airflow/example_dags/example_skip_dag.py for tasks to queue
[2021-06-20 20:03:49,822] {logging_mixin.py:104} INFO - [2021-06-20 20:03:49,821] {dagbag.py:487} INFO - Filling up the DagBag from /home/airflow/.local/lib/python3.6/site-packages/airflow/example_dags/example_skip_dag.py
[2021-06-20 20:03:49,888] {scheduler_job.py:643} INFO - DAG(s) dict_keys(['example_skip_dag']) retrieved from /home/airflow/.local/lib/python3.6/site-packages/airflow/example_dags/example_skip_dag.py
[2021-06-20 20:03:49,987] {logging_mixin.py:104} INFO - [2021-06-20 20:03:49,987] {dag.py:1832} INFO - Sync 1 DAGs
[2021-06-20 20:03:50,074] {logging_mixin.py:104} INFO - [2021-06-20 20:03:50,073] {dag.py:2305} INFO - Setting next_dagrun for example_skip_dag to 2021-06-18 00:00:00+00:00
[2021-06-20 20:03:50,109] {scheduler_job.py:190} INFO - Processing /home/airflow/.local/lib/python3.6/site-packages/airflow/example_dags/example_skip_dag.py took 0.350 seconds
[2021-06-20 20:04:20,535] {scheduler_job.py:182} INFO - Started process (PID=955) to work on /home/airflow/.local/lib/python3.6/site-packages/airflow/example_dags/example_skip_dag.py
[2021-06-20 20:04:20,540] {scheduler_job.py:633} INFO - Processing file /home/airflow/.local/lib/python3.6/site-packages/airflow/example_dags/example_skip_dag.py for tasks to queue
[2021-06-20 20:04:20,544] {logging_mixin.py:104} INFO - [2021-06-20 20:04:20,543] {dagbag.py:487} INFO - Filling up the DagBag from /home/airflow/.local/lib/python3.6/site-packages/airflow/example_dags/example_skip_dag.py
[2021-06-20 20:04:20,602] {scheduler_job.py:643} INFO - DAG(s) dict_keys(['example_skip_dag']) retrieved from /home/airflow/.local/lib/python3.6/site-packages/airflow/example_dags/example_skip_dag.py
[2021-06-20 20:04:20,695] {logging_mixin.py:104} INFO - [2021-06-20 20:04:20,694] {dag.py:1832} INFO - Sync 1 DAGs
[2021-06-20 20:04:20,767] {logging_mixin.py:104} INFO - [2021-06-20 20:04:20,767] {dag.py:2305} INFO - Setting next_dagrun for example_skip_dag to 2021-06-18 00:00:00+00:00
[2021-06-20 20:04:20,803] {scheduler_job.py:190} INFO - Processing /home/airflow/.local/lib/python3.6/site-packages/airflow/example_dags/example_skip_dag.py took 0.282 seconds
