[2021-06-20 19:57:19,275] {scheduler_job.py:182} INFO - Started process (PID=140) to work on /home/airflow/.local/lib/python3.6/site-packages/airflow/example_dags/example_task_group_decorator.py
[2021-06-20 19:57:19,276] {scheduler_job.py:633} INFO - Processing file /home/airflow/.local/lib/python3.6/site-packages/airflow/example_dags/example_task_group_decorator.py for tasks to queue
[2021-06-20 19:57:19,278] {logging_mixin.py:104} INFO - [2021-06-20 19:57:19,277] {dagbag.py:487} INFO - Filling up the DagBag from /home/airflow/.local/lib/python3.6/site-packages/airflow/example_dags/example_task_group_decorator.py
[2021-06-20 19:57:19,311] {scheduler_job.py:643} INFO - DAG(s) dict_keys(['example_task_group_decorator']) retrieved from /home/airflow/.local/lib/python3.6/site-packages/airflow/example_dags/example_task_group_decorator.py
[2021-06-20 19:57:21,722] {logging_mixin.py:104} INFO - [2021-06-20 19:57:21,721] {dag.py:1832} INFO - Sync 1 DAGs
[2021-06-20 19:57:21,734] {logging_mixin.py:104} INFO - [2021-06-20 19:57:21,733] {dag.py:1851} INFO - Creating ORM DAG for example_task_group_decorator
[2021-06-20 19:57:21,740] {logging_mixin.py:104} INFO - [2021-06-20 19:57:21,740] {dag.py:2305} INFO - Setting next_dagrun for example_task_group_decorator to 2021-06-18 00:00:00+00:00
[2021-06-20 19:57:21,753] {scheduler_job.py:190} INFO - Processing /home/airflow/.local/lib/python3.6/site-packages/airflow/example_dags/example_task_group_decorator.py took 2.482 seconds
[2021-06-20 19:57:52,684] {scheduler_job.py:182} INFO - Started process (PID=221) to work on /home/airflow/.local/lib/python3.6/site-packages/airflow/example_dags/example_task_group_decorator.py
[2021-06-20 19:57:52,689] {scheduler_job.py:633} INFO - Processing file /home/airflow/.local/lib/python3.6/site-packages/airflow/example_dags/example_task_group_decorator.py for tasks to queue
[2021-06-20 19:57:52,693] {logging_mixin.py:104} INFO - [2021-06-20 19:57:52,692] {dagbag.py:487} INFO - Filling up the DagBag from /home/airflow/.local/lib/python3.6/site-packages/airflow/example_dags/example_task_group_decorator.py
[2021-06-20 19:57:52,792] {scheduler_job.py:643} INFO - DAG(s) dict_keys(['example_task_group_decorator']) retrieved from /home/airflow/.local/lib/python3.6/site-packages/airflow/example_dags/example_task_group_decorator.py
[2021-06-20 19:57:54,268] {logging_mixin.py:104} INFO - [2021-06-20 19:57:54,267] {dag.py:1832} INFO - Sync 1 DAGs
[2021-06-20 19:57:54,343] {logging_mixin.py:104} INFO - [2021-06-20 19:57:54,342] {dag.py:2305} INFO - Setting next_dagrun for example_task_group_decorator to 2021-06-18 00:00:00+00:00
[2021-06-20 19:57:54,415] {scheduler_job.py:190} INFO - Processing /home/airflow/.local/lib/python3.6/site-packages/airflow/example_dags/example_task_group_decorator.py took 1.749 seconds
[2021-06-20 19:58:24,852] {scheduler_job.py:182} INFO - Started process (PID=288) to work on /home/airflow/.local/lib/python3.6/site-packages/airflow/example_dags/example_task_group_decorator.py
[2021-06-20 19:58:24,856] {scheduler_job.py:633} INFO - Processing file /home/airflow/.local/lib/python3.6/site-packages/airflow/example_dags/example_task_group_decorator.py for tasks to queue
[2021-06-20 19:58:24,859] {logging_mixin.py:104} INFO - [2021-06-20 19:58:24,859] {dagbag.py:487} INFO - Filling up the DagBag from /home/airflow/.local/lib/python3.6/site-packages/airflow/example_dags/example_task_group_decorator.py
[2021-06-20 19:58:24,986] {scheduler_job.py:643} INFO - DAG(s) dict_keys(['example_task_group_decorator']) retrieved from /home/airflow/.local/lib/python3.6/site-packages/airflow/example_dags/example_task_group_decorator.py
[2021-06-20 19:58:26,549] {logging_mixin.py:104} INFO - [2021-06-20 19:58:26,549] {dag.py:1832} INFO - Sync 1 DAGs
[2021-06-20 19:58:26,621] {logging_mixin.py:104} INFO - [2021-06-20 19:58:26,620] {dag.py:2305} INFO - Setting next_dagrun for example_task_group_decorator to 2021-06-18 00:00:00+00:00
[2021-06-20 19:58:26,681] {scheduler_job.py:190} INFO - Processing /home/airflow/.local/lib/python3.6/site-packages/airflow/example_dags/example_task_group_decorator.py took 1.841 seconds
[2021-06-20 19:58:57,037] {scheduler_job.py:182} INFO - Started process (PID=348) to work on /home/airflow/.local/lib/python3.6/site-packages/airflow/example_dags/example_task_group_decorator.py
[2021-06-20 19:58:57,048] {scheduler_job.py:633} INFO - Processing file /home/airflow/.local/lib/python3.6/site-packages/airflow/example_dags/example_task_group_decorator.py for tasks to queue
[2021-06-20 19:58:57,053] {logging_mixin.py:104} INFO - [2021-06-20 19:58:57,052] {dagbag.py:487} INFO - Filling up the DagBag from /home/airflow/.local/lib/python3.6/site-packages/airflow/example_dags/example_task_group_decorator.py
[2021-06-20 19:58:57,215] {scheduler_job.py:643} INFO - DAG(s) dict_keys(['example_task_group_decorator']) retrieved from /home/airflow/.local/lib/python3.6/site-packages/airflow/example_dags/example_task_group_decorator.py
[2021-06-20 19:58:57,337] {logging_mixin.py:104} INFO - [2021-06-20 19:58:57,337] {dag.py:1832} INFO - Sync 1 DAGs
[2021-06-20 19:58:57,421] {logging_mixin.py:104} INFO - [2021-06-20 19:58:57,420] {dag.py:2305} INFO - Setting next_dagrun for example_task_group_decorator to 2021-06-18 00:00:00+00:00
[2021-06-20 19:58:57,459] {scheduler_job.py:190} INFO - Processing /home/airflow/.local/lib/python3.6/site-packages/airflow/example_dags/example_task_group_decorator.py took 0.441 seconds
[2021-06-20 19:59:27,577] {scheduler_job.py:182} INFO - Started process (PID=405) to work on /home/airflow/.local/lib/python3.6/site-packages/airflow/example_dags/example_task_group_decorator.py
[2021-06-20 19:59:27,582] {scheduler_job.py:633} INFO - Processing file /home/airflow/.local/lib/python3.6/site-packages/airflow/example_dags/example_task_group_decorator.py for tasks to queue
[2021-06-20 19:59:27,585] {logging_mixin.py:104} INFO - [2021-06-20 19:59:27,585] {dagbag.py:487} INFO - Filling up the DagBag from /home/airflow/.local/lib/python3.6/site-packages/airflow/example_dags/example_task_group_decorator.py
[2021-06-20 19:59:27,699] {scheduler_job.py:643} INFO - DAG(s) dict_keys(['example_task_group_decorator']) retrieved from /home/airflow/.local/lib/python3.6/site-packages/airflow/example_dags/example_task_group_decorator.py
[2021-06-20 19:59:28,927] {logging_mixin.py:104} INFO - [2021-06-20 19:59:28,926] {dag.py:1832} INFO - Sync 1 DAGs
[2021-06-20 19:59:28,988] {logging_mixin.py:104} INFO - [2021-06-20 19:59:28,987] {dag.py:2305} INFO - Setting next_dagrun for example_task_group_decorator to 2021-06-18 00:00:00+00:00
[2021-06-20 19:59:29,029] {scheduler_job.py:190} INFO - Processing /home/airflow/.local/lib/python3.6/site-packages/airflow/example_dags/example_task_group_decorator.py took 1.464 seconds
[2021-06-20 19:59:59,226] {scheduler_job.py:182} INFO - Started process (PID=466) to work on /home/airflow/.local/lib/python3.6/site-packages/airflow/example_dags/example_task_group_decorator.py
[2021-06-20 19:59:59,231] {scheduler_job.py:633} INFO - Processing file /home/airflow/.local/lib/python3.6/site-packages/airflow/example_dags/example_task_group_decorator.py for tasks to queue
[2021-06-20 19:59:59,234] {logging_mixin.py:104} INFO - [2021-06-20 19:59:59,234] {dagbag.py:487} INFO - Filling up the DagBag from /home/airflow/.local/lib/python3.6/site-packages/airflow/example_dags/example_task_group_decorator.py
[2021-06-20 19:59:59,358] {scheduler_job.py:643} INFO - DAG(s) dict_keys(['example_task_group_decorator']) retrieved from /home/airflow/.local/lib/python3.6/site-packages/airflow/example_dags/example_task_group_decorator.py
[2021-06-20 20:00:00,906] {logging_mixin.py:104} INFO - [2021-06-20 20:00:00,905] {dag.py:1832} INFO - Sync 1 DAGs
[2021-06-20 20:00:00,977] {logging_mixin.py:104} INFO - [2021-06-20 20:00:00,976] {dag.py:2305} INFO - Setting next_dagrun for example_task_group_decorator to 2021-06-18 00:00:00+00:00
[2021-06-20 20:00:01,027] {scheduler_job.py:190} INFO - Processing /home/airflow/.local/lib/python3.6/site-packages/airflow/example_dags/example_task_group_decorator.py took 1.817 seconds
[2021-06-20 20:00:31,922] {scheduler_job.py:182} INFO - Started process (PID=522) to work on /home/airflow/.local/lib/python3.6/site-packages/airflow/example_dags/example_task_group_decorator.py
[2021-06-20 20:00:31,928] {scheduler_job.py:633} INFO - Processing file /home/airflow/.local/lib/python3.6/site-packages/airflow/example_dags/example_task_group_decorator.py for tasks to queue
[2021-06-20 20:00:31,944] {logging_mixin.py:104} INFO - [2021-06-20 20:00:31,944] {dagbag.py:487} INFO - Filling up the DagBag from /home/airflow/.local/lib/python3.6/site-packages/airflow/example_dags/example_task_group_decorator.py
[2021-06-20 20:00:32,075] {scheduler_job.py:643} INFO - DAG(s) dict_keys(['example_task_group_decorator']) retrieved from /home/airflow/.local/lib/python3.6/site-packages/airflow/example_dags/example_task_group_decorator.py
[2021-06-20 20:00:33,572] {logging_mixin.py:104} INFO - [2021-06-20 20:00:33,572] {dag.py:1832} INFO - Sync 1 DAGs
[2021-06-20 20:00:33,642] {logging_mixin.py:104} INFO - [2021-06-20 20:00:33,642] {dag.py:2305} INFO - Setting next_dagrun for example_task_group_decorator to 2021-06-18 00:00:00+00:00
[2021-06-20 20:00:33,715] {scheduler_job.py:190} INFO - Processing /home/airflow/.local/lib/python3.6/site-packages/airflow/example_dags/example_task_group_decorator.py took 1.810 seconds
[2021-06-20 20:01:03,984] {scheduler_job.py:182} INFO - Started process (PID=591) to work on /home/airflow/.local/lib/python3.6/site-packages/airflow/example_dags/example_task_group_decorator.py
[2021-06-20 20:01:04,000] {scheduler_job.py:633} INFO - Processing file /home/airflow/.local/lib/python3.6/site-packages/airflow/example_dags/example_task_group_decorator.py for tasks to queue
[2021-06-20 20:01:04,005] {logging_mixin.py:104} INFO - [2021-06-20 20:01:04,004] {dagbag.py:487} INFO - Filling up the DagBag from /home/airflow/.local/lib/python3.6/site-packages/airflow/example_dags/example_task_group_decorator.py
[2021-06-20 20:01:04,137] {scheduler_job.py:643} INFO - DAG(s) dict_keys(['example_task_group_decorator']) retrieved from /home/airflow/.local/lib/python3.6/site-packages/airflow/example_dags/example_task_group_decorator.py
[2021-06-20 20:01:04,312] {logging_mixin.py:104} INFO - [2021-06-20 20:01:04,311] {dag.py:1832} INFO - Sync 1 DAGs
[2021-06-20 20:01:04,424] {logging_mixin.py:104} INFO - [2021-06-20 20:01:04,424] {dag.py:2305} INFO - Setting next_dagrun for example_task_group_decorator to 2021-06-18 00:00:00+00:00
[2021-06-20 20:01:04,463] {scheduler_job.py:190} INFO - Processing /home/airflow/.local/lib/python3.6/site-packages/airflow/example_dags/example_task_group_decorator.py took 0.500 seconds
[2021-06-20 20:01:35,101] {scheduler_job.py:182} INFO - Started process (PID=648) to work on /home/airflow/.local/lib/python3.6/site-packages/airflow/example_dags/example_task_group_decorator.py
[2021-06-20 20:01:35,117] {scheduler_job.py:633} INFO - Processing file /home/airflow/.local/lib/python3.6/site-packages/airflow/example_dags/example_task_group_decorator.py for tasks to queue
[2021-06-20 20:01:35,123] {logging_mixin.py:104} INFO - [2021-06-20 20:01:35,122] {dagbag.py:487} INFO - Filling up the DagBag from /home/airflow/.local/lib/python3.6/site-packages/airflow/example_dags/example_task_group_decorator.py
[2021-06-20 20:01:35,303] {scheduler_job.py:643} INFO - DAG(s) dict_keys(['example_task_group_decorator']) retrieved from /home/airflow/.local/lib/python3.6/site-packages/airflow/example_dags/example_task_group_decorator.py
[2021-06-20 20:01:37,646] {logging_mixin.py:104} INFO - [2021-06-20 20:01:37,645] {dag.py:1832} INFO - Sync 1 DAGs
[2021-06-20 20:01:37,761] {logging_mixin.py:104} INFO - [2021-06-20 20:01:37,760] {dag.py:2305} INFO - Setting next_dagrun for example_task_group_decorator to 2021-06-18 00:00:00+00:00
[2021-06-20 20:01:37,834] {scheduler_job.py:190} INFO - Processing /home/airflow/.local/lib/python3.6/site-packages/airflow/example_dags/example_task_group_decorator.py took 2.779 seconds
[2021-06-20 20:02:08,294] {scheduler_job.py:182} INFO - Started process (PID=707) to work on /home/airflow/.local/lib/python3.6/site-packages/airflow/example_dags/example_task_group_decorator.py
[2021-06-20 20:02:08,314] {scheduler_job.py:633} INFO - Processing file /home/airflow/.local/lib/python3.6/site-packages/airflow/example_dags/example_task_group_decorator.py for tasks to queue
[2021-06-20 20:02:08,328] {logging_mixin.py:104} INFO - [2021-06-20 20:02:08,327] {dagbag.py:487} INFO - Filling up the DagBag from /home/airflow/.local/lib/python3.6/site-packages/airflow/example_dags/example_task_group_decorator.py
[2021-06-20 20:02:08,672] {scheduler_job.py:643} INFO - DAG(s) dict_keys(['example_task_group_decorator']) retrieved from /home/airflow/.local/lib/python3.6/site-packages/airflow/example_dags/example_task_group_decorator.py
[2021-06-20 20:02:11,207] {logging_mixin.py:104} INFO - [2021-06-20 20:02:11,206] {dag.py:1832} INFO - Sync 1 DAGs
[2021-06-20 20:02:11,297] {logging_mixin.py:104} INFO - [2021-06-20 20:02:11,297] {dag.py:2305} INFO - Setting next_dagrun for example_task_group_decorator to 2021-06-18 00:00:00+00:00
[2021-06-20 20:02:11,433] {scheduler_job.py:190} INFO - Processing /home/airflow/.local/lib/python3.6/site-packages/airflow/example_dags/example_task_group_decorator.py took 3.191 seconds
[2021-06-20 20:02:42,126] {scheduler_job.py:182} INFO - Started process (PID=768) to work on /home/airflow/.local/lib/python3.6/site-packages/airflow/example_dags/example_task_group_decorator.py
[2021-06-20 20:02:42,133] {scheduler_job.py:633} INFO - Processing file /home/airflow/.local/lib/python3.6/site-packages/airflow/example_dags/example_task_group_decorator.py for tasks to queue
[2021-06-20 20:02:42,138] {logging_mixin.py:104} INFO - [2021-06-20 20:02:42,137] {dagbag.py:487} INFO - Filling up the DagBag from /home/airflow/.local/lib/python3.6/site-packages/airflow/example_dags/example_task_group_decorator.py
[2021-06-20 20:02:42,475] {scheduler_job.py:643} INFO - DAG(s) dict_keys(['example_task_group_decorator']) retrieved from /home/airflow/.local/lib/python3.6/site-packages/airflow/example_dags/example_task_group_decorator.py
[2021-06-20 20:02:45,055] {logging_mixin.py:104} INFO - [2021-06-20 20:02:45,055] {dag.py:1832} INFO - Sync 1 DAGs
[2021-06-20 20:02:45,164] {logging_mixin.py:104} INFO - [2021-06-20 20:02:45,163] {dag.py:2305} INFO - Setting next_dagrun for example_task_group_decorator to 2021-06-18 00:00:00+00:00
[2021-06-20 20:02:45,219] {scheduler_job.py:190} INFO - Processing /home/airflow/.local/lib/python3.6/site-packages/airflow/example_dags/example_task_group_decorator.py took 3.116 seconds
[2021-06-20 20:03:15,925] {scheduler_job.py:182} INFO - Started process (PID=837) to work on /home/airflow/.local/lib/python3.6/site-packages/airflow/example_dags/example_task_group_decorator.py
[2021-06-20 20:03:15,930] {scheduler_job.py:633} INFO - Processing file /home/airflow/.local/lib/python3.6/site-packages/airflow/example_dags/example_task_group_decorator.py for tasks to queue
[2021-06-20 20:03:15,939] {logging_mixin.py:104} INFO - [2021-06-20 20:03:15,938] {dagbag.py:487} INFO - Filling up the DagBag from /home/airflow/.local/lib/python3.6/site-packages/airflow/example_dags/example_task_group_decorator.py
[2021-06-20 20:03:16,094] {scheduler_job.py:643} INFO - DAG(s) dict_keys(['example_task_group_decorator']) retrieved from /home/airflow/.local/lib/python3.6/site-packages/airflow/example_dags/example_task_group_decorator.py
[2021-06-20 20:03:18,005] {logging_mixin.py:104} INFO - [2021-06-20 20:03:18,004] {dag.py:1832} INFO - Sync 1 DAGs
[2021-06-20 20:03:18,073] {logging_mixin.py:104} INFO - [2021-06-20 20:03:18,073] {dag.py:2305} INFO - Setting next_dagrun for example_task_group_decorator to 2021-06-18 00:00:00+00:00
[2021-06-20 20:03:18,135] {scheduler_job.py:190} INFO - Processing /home/airflow/.local/lib/python3.6/site-packages/airflow/example_dags/example_task_group_decorator.py took 2.232 seconds
[2021-06-20 20:03:48,810] {scheduler_job.py:182} INFO - Started process (PID=896) to work on /home/airflow/.local/lib/python3.6/site-packages/airflow/example_dags/example_task_group_decorator.py
[2021-06-20 20:03:48,818] {scheduler_job.py:633} INFO - Processing file /home/airflow/.local/lib/python3.6/site-packages/airflow/example_dags/example_task_group_decorator.py for tasks to queue
[2021-06-20 20:03:48,825] {logging_mixin.py:104} INFO - [2021-06-20 20:03:48,824] {dagbag.py:487} INFO - Filling up the DagBag from /home/airflow/.local/lib/python3.6/site-packages/airflow/example_dags/example_task_group_decorator.py
[2021-06-20 20:03:49,062] {scheduler_job.py:643} INFO - DAG(s) dict_keys(['example_task_group_decorator']) retrieved from /home/airflow/.local/lib/python3.6/site-packages/airflow/example_dags/example_task_group_decorator.py
[2021-06-20 20:03:51,271] {logging_mixin.py:104} INFO - [2021-06-20 20:03:51,270] {dag.py:1832} INFO - Sync 1 DAGs
[2021-06-20 20:03:51,356] {logging_mixin.py:104} INFO - [2021-06-20 20:03:51,355] {dag.py:2305} INFO - Setting next_dagrun for example_task_group_decorator to 2021-06-18 00:00:00+00:00
[2021-06-20 20:03:51,408] {scheduler_job.py:190} INFO - Processing /home/airflow/.local/lib/python3.6/site-packages/airflow/example_dags/example_task_group_decorator.py took 2.625 seconds
[2021-06-20 20:04:21,797] {scheduler_job.py:182} INFO - Started process (PID=958) to work on /home/airflow/.local/lib/python3.6/site-packages/airflow/example_dags/example_task_group_decorator.py
[2021-06-20 20:04:21,804] {scheduler_job.py:633} INFO - Processing file /home/airflow/.local/lib/python3.6/site-packages/airflow/example_dags/example_task_group_decorator.py for tasks to queue
[2021-06-20 20:04:21,808] {logging_mixin.py:104} INFO - [2021-06-20 20:04:21,807] {dagbag.py:487} INFO - Filling up the DagBag from /home/airflow/.local/lib/python3.6/site-packages/airflow/example_dags/example_task_group_decorator.py
[2021-06-20 20:04:21,970] {scheduler_job.py:643} INFO - DAG(s) dict_keys(['example_task_group_decorator']) retrieved from /home/airflow/.local/lib/python3.6/site-packages/airflow/example_dags/example_task_group_decorator.py
[2021-06-20 20:04:23,754] {logging_mixin.py:104} INFO - [2021-06-20 20:04:23,753] {dag.py:1832} INFO - Sync 1 DAGs
[2021-06-20 20:04:23,810] {logging_mixin.py:104} INFO - [2021-06-20 20:04:23,809] {dag.py:2305} INFO - Setting next_dagrun for example_task_group_decorator to 2021-06-18 00:00:00+00:00
[2021-06-20 20:04:23,860] {scheduler_job.py:190} INFO - Processing /home/airflow/.local/lib/python3.6/site-packages/airflow/example_dags/example_task_group_decorator.py took 2.089 seconds
