[2021-06-20 19:57:21,782] {scheduler_job.py:182} INFO - Started process (PID=151) to work on /home/airflow/.local/lib/python3.6/site-packages/airflow/example_dags/example_trigger_controller_dag.py
[2021-06-20 19:57:21,783] {scheduler_job.py:633} INFO - Processing file /home/airflow/.local/lib/python3.6/site-packages/airflow/example_dags/example_trigger_controller_dag.py for tasks to queue
[2021-06-20 19:57:21,784] {logging_mixin.py:104} INFO - [2021-06-20 19:57:21,784] {dagbag.py:487} INFO - Filling up the DagBag from /home/airflow/.local/lib/python3.6/site-packages/airflow/example_dags/example_trigger_controller_dag.py
[2021-06-20 19:57:21,797] {scheduler_job.py:643} INFO - DAG(s) dict_keys(['example_trigger_controller_dag']) retrieved from /home/airflow/.local/lib/python3.6/site-packages/airflow/example_dags/example_trigger_controller_dag.py
[2021-06-20 19:57:24,460] {logging_mixin.py:104} INFO - [2021-06-20 19:57:24,459] {dag.py:1832} INFO - Sync 1 DAGs
[2021-06-20 19:57:24,472] {logging_mixin.py:104} INFO - [2021-06-20 19:57:24,470] {dag.py:1851} INFO - Creating ORM DAG for example_trigger_controller_dag
[2021-06-20 19:57:24,478] {logging_mixin.py:104} INFO - [2021-06-20 19:57:24,478] {dag.py:2305} INFO - Setting next_dagrun for example_trigger_controller_dag to 2021-06-18 00:00:00+00:00
[2021-06-20 19:57:24,491] {scheduler_job.py:190} INFO - Processing /home/airflow/.local/lib/python3.6/site-packages/airflow/example_dags/example_trigger_controller_dag.py took 2.712 seconds
[2021-06-20 19:57:55,118] {scheduler_job.py:182} INFO - Started process (PID=223) to work on /home/airflow/.local/lib/python3.6/site-packages/airflow/example_dags/example_trigger_controller_dag.py
[2021-06-20 19:57:55,124] {scheduler_job.py:633} INFO - Processing file /home/airflow/.local/lib/python3.6/site-packages/airflow/example_dags/example_trigger_controller_dag.py for tasks to queue
[2021-06-20 19:57:55,128] {logging_mixin.py:104} INFO - [2021-06-20 19:57:55,128] {dagbag.py:487} INFO - Filling up the DagBag from /home/airflow/.local/lib/python3.6/site-packages/airflow/example_dags/example_trigger_controller_dag.py
[2021-06-20 19:57:55,216] {scheduler_job.py:643} INFO - DAG(s) dict_keys(['example_trigger_controller_dag']) retrieved from /home/airflow/.local/lib/python3.6/site-packages/airflow/example_dags/example_trigger_controller_dag.py
[2021-06-20 19:57:55,323] {logging_mixin.py:104} INFO - [2021-06-20 19:57:55,323] {dag.py:1832} INFO - Sync 1 DAGs
[2021-06-20 19:57:55,398] {logging_mixin.py:104} INFO - [2021-06-20 19:57:55,398] {dag.py:2305} INFO - Setting next_dagrun for example_trigger_controller_dag to 2021-06-18 00:00:00+00:00
[2021-06-20 19:57:55,442] {scheduler_job.py:190} INFO - Processing /home/airflow/.local/lib/python3.6/site-packages/airflow/example_dags/example_trigger_controller_dag.py took 0.339 seconds
[2021-06-20 19:58:25,834] {scheduler_job.py:182} INFO - Started process (PID=289) to work on /home/airflow/.local/lib/python3.6/site-packages/airflow/example_dags/example_trigger_controller_dag.py
[2021-06-20 19:58:25,839] {scheduler_job.py:633} INFO - Processing file /home/airflow/.local/lib/python3.6/site-packages/airflow/example_dags/example_trigger_controller_dag.py for tasks to queue
[2021-06-20 19:58:25,844] {logging_mixin.py:104} INFO - [2021-06-20 19:58:25,843] {dagbag.py:487} INFO - Filling up the DagBag from /home/airflow/.local/lib/python3.6/site-packages/airflow/example_dags/example_trigger_controller_dag.py
[2021-06-20 19:58:25,901] {scheduler_job.py:643} INFO - DAG(s) dict_keys(['example_trigger_controller_dag']) retrieved from /home/airflow/.local/lib/python3.6/site-packages/airflow/example_dags/example_trigger_controller_dag.py
[2021-06-20 19:58:26,024] {logging_mixin.py:104} INFO - [2021-06-20 19:58:26,024] {dag.py:1832} INFO - Sync 1 DAGs
[2021-06-20 19:58:26,109] {logging_mixin.py:104} INFO - [2021-06-20 19:58:26,109] {dag.py:2305} INFO - Setting next_dagrun for example_trigger_controller_dag to 2021-06-18 00:00:00+00:00
[2021-06-20 19:58:26,170] {scheduler_job.py:190} INFO - Processing /home/airflow/.local/lib/python3.6/site-packages/airflow/example_dags/example_trigger_controller_dag.py took 0.350 seconds
[2021-06-20 19:58:56,670] {scheduler_job.py:182} INFO - Started process (PID=347) to work on /home/airflow/.local/lib/python3.6/site-packages/airflow/example_dags/example_trigger_controller_dag.py
[2021-06-20 19:58:56,679] {scheduler_job.py:633} INFO - Processing file /home/airflow/.local/lib/python3.6/site-packages/airflow/example_dags/example_trigger_controller_dag.py for tasks to queue
[2021-06-20 19:58:56,683] {logging_mixin.py:104} INFO - [2021-06-20 19:58:56,682] {dagbag.py:487} INFO - Filling up the DagBag from /home/airflow/.local/lib/python3.6/site-packages/airflow/example_dags/example_trigger_controller_dag.py
[2021-06-20 19:58:56,727] {scheduler_job.py:643} INFO - DAG(s) dict_keys(['example_trigger_controller_dag']) retrieved from /home/airflow/.local/lib/python3.6/site-packages/airflow/example_dags/example_trigger_controller_dag.py
[2021-06-20 19:58:56,806] {logging_mixin.py:104} INFO - [2021-06-20 19:58:56,805] {dag.py:1832} INFO - Sync 1 DAGs
[2021-06-20 19:58:56,869] {logging_mixin.py:104} INFO - [2021-06-20 19:58:56,869] {dag.py:2305} INFO - Setting next_dagrun for example_trigger_controller_dag to 2021-06-18 00:00:00+00:00
[2021-06-20 19:58:56,916] {scheduler_job.py:190} INFO - Processing /home/airflow/.local/lib/python3.6/site-packages/airflow/example_dags/example_trigger_controller_dag.py took 0.258 seconds
[2021-06-20 19:59:27,243] {scheduler_job.py:182} INFO - Started process (PID=404) to work on /home/airflow/.local/lib/python3.6/site-packages/airflow/example_dags/example_trigger_controller_dag.py
[2021-06-20 19:59:27,249] {scheduler_job.py:633} INFO - Processing file /home/airflow/.local/lib/python3.6/site-packages/airflow/example_dags/example_trigger_controller_dag.py for tasks to queue
[2021-06-20 19:59:27,252] {logging_mixin.py:104} INFO - [2021-06-20 19:59:27,252] {dagbag.py:487} INFO - Filling up the DagBag from /home/airflow/.local/lib/python3.6/site-packages/airflow/example_dags/example_trigger_controller_dag.py
[2021-06-20 19:59:27,299] {scheduler_job.py:643} INFO - DAG(s) dict_keys(['example_trigger_controller_dag']) retrieved from /home/airflow/.local/lib/python3.6/site-packages/airflow/example_dags/example_trigger_controller_dag.py
[2021-06-20 19:59:27,381] {logging_mixin.py:104} INFO - [2021-06-20 19:59:27,381] {dag.py:1832} INFO - Sync 1 DAGs
[2021-06-20 19:59:27,447] {logging_mixin.py:104} INFO - [2021-06-20 19:59:27,446] {dag.py:2305} INFO - Setting next_dagrun for example_trigger_controller_dag to 2021-06-18 00:00:00+00:00
[2021-06-20 19:59:27,481] {scheduler_job.py:190} INFO - Processing /home/airflow/.local/lib/python3.6/site-packages/airflow/example_dags/example_trigger_controller_dag.py took 0.251 seconds
[2021-06-20 19:59:57,728] {scheduler_job.py:182} INFO - Started process (PID=464) to work on /home/airflow/.local/lib/python3.6/site-packages/airflow/example_dags/example_trigger_controller_dag.py
[2021-06-20 19:59:57,735] {scheduler_job.py:633} INFO - Processing file /home/airflow/.local/lib/python3.6/site-packages/airflow/example_dags/example_trigger_controller_dag.py for tasks to queue
[2021-06-20 19:59:57,738] {logging_mixin.py:104} INFO - [2021-06-20 19:59:57,738] {dagbag.py:487} INFO - Filling up the DagBag from /home/airflow/.local/lib/python3.6/site-packages/airflow/example_dags/example_trigger_controller_dag.py
[2021-06-20 19:59:57,797] {scheduler_job.py:643} INFO - DAG(s) dict_keys(['example_trigger_controller_dag']) retrieved from /home/airflow/.local/lib/python3.6/site-packages/airflow/example_dags/example_trigger_controller_dag.py
[2021-06-20 19:59:57,915] {logging_mixin.py:104} INFO - [2021-06-20 19:59:57,914] {dag.py:1832} INFO - Sync 1 DAGs
[2021-06-20 19:59:57,994] {logging_mixin.py:104} INFO - [2021-06-20 19:59:57,994] {dag.py:2305} INFO - Setting next_dagrun for example_trigger_controller_dag to 2021-06-18 00:00:00+00:00
[2021-06-20 19:59:58,045] {scheduler_job.py:190} INFO - Processing /home/airflow/.local/lib/python3.6/site-packages/airflow/example_dags/example_trigger_controller_dag.py took 0.334 seconds
[2021-06-20 20:00:28,617] {scheduler_job.py:182} INFO - Started process (PID=520) to work on /home/airflow/.local/lib/python3.6/site-packages/airflow/example_dags/example_trigger_controller_dag.py
[2021-06-20 20:00:28,622] {scheduler_job.py:633} INFO - Processing file /home/airflow/.local/lib/python3.6/site-packages/airflow/example_dags/example_trigger_controller_dag.py for tasks to queue
[2021-06-20 20:00:28,625] {logging_mixin.py:104} INFO - [2021-06-20 20:00:28,625] {dagbag.py:487} INFO - Filling up the DagBag from /home/airflow/.local/lib/python3.6/site-packages/airflow/example_dags/example_trigger_controller_dag.py
[2021-06-20 20:00:28,666] {scheduler_job.py:643} INFO - DAG(s) dict_keys(['example_trigger_controller_dag']) retrieved from /home/airflow/.local/lib/python3.6/site-packages/airflow/example_dags/example_trigger_controller_dag.py
[2021-06-20 20:00:28,748] {logging_mixin.py:104} INFO - [2021-06-20 20:00:28,747] {dag.py:1832} INFO - Sync 1 DAGs
[2021-06-20 20:00:28,814] {logging_mixin.py:104} INFO - [2021-06-20 20:00:28,814] {dag.py:2305} INFO - Setting next_dagrun for example_trigger_controller_dag to 2021-06-18 00:00:00+00:00
[2021-06-20 20:00:28,856] {scheduler_job.py:190} INFO - Processing /home/airflow/.local/lib/python3.6/site-packages/airflow/example_dags/example_trigger_controller_dag.py took 0.251 seconds
[2021-06-20 20:00:59,085] {scheduler_job.py:182} INFO - Started process (PID=580) to work on /home/airflow/.local/lib/python3.6/site-packages/airflow/example_dags/example_trigger_controller_dag.py
[2021-06-20 20:00:59,090] {scheduler_job.py:633} INFO - Processing file /home/airflow/.local/lib/python3.6/site-packages/airflow/example_dags/example_trigger_controller_dag.py for tasks to queue
[2021-06-20 20:00:59,094] {logging_mixin.py:104} INFO - [2021-06-20 20:00:59,093] {dagbag.py:487} INFO - Filling up the DagBag from /home/airflow/.local/lib/python3.6/site-packages/airflow/example_dags/example_trigger_controller_dag.py
[2021-06-20 20:00:59,148] {scheduler_job.py:643} INFO - DAG(s) dict_keys(['example_trigger_controller_dag']) retrieved from /home/airflow/.local/lib/python3.6/site-packages/airflow/example_dags/example_trigger_controller_dag.py
[2021-06-20 20:00:59,238] {logging_mixin.py:104} INFO - [2021-06-20 20:00:59,238] {dag.py:1832} INFO - Sync 1 DAGs
[2021-06-20 20:00:59,312] {logging_mixin.py:104} INFO - [2021-06-20 20:00:59,311] {dag.py:2305} INFO - Setting next_dagrun for example_trigger_controller_dag to 2021-06-18 00:00:00+00:00
[2021-06-20 20:00:59,354] {scheduler_job.py:190} INFO - Processing /home/airflow/.local/lib/python3.6/site-packages/airflow/example_dags/example_trigger_controller_dag.py took 0.283 seconds
[2021-06-20 20:01:29,556] {scheduler_job.py:182} INFO - Started process (PID=635) to work on /home/airflow/.local/lib/python3.6/site-packages/airflow/example_dags/example_trigger_controller_dag.py
[2021-06-20 20:01:29,564] {scheduler_job.py:633} INFO - Processing file /home/airflow/.local/lib/python3.6/site-packages/airflow/example_dags/example_trigger_controller_dag.py for tasks to queue
[2021-06-20 20:01:29,578] {logging_mixin.py:104} INFO - [2021-06-20 20:01:29,577] {dagbag.py:487} INFO - Filling up the DagBag from /home/airflow/.local/lib/python3.6/site-packages/airflow/example_dags/example_trigger_controller_dag.py
[2021-06-20 20:01:29,703] {scheduler_job.py:643} INFO - DAG(s) dict_keys(['example_trigger_controller_dag']) retrieved from /home/airflow/.local/lib/python3.6/site-packages/airflow/example_dags/example_trigger_controller_dag.py
[2021-06-20 20:01:29,831] {logging_mixin.py:104} INFO - [2021-06-20 20:01:29,830] {dag.py:1832} INFO - Sync 1 DAGs
[2021-06-20 20:01:29,928] {logging_mixin.py:104} INFO - [2021-06-20 20:01:29,927] {dag.py:2305} INFO - Setting next_dagrun for example_trigger_controller_dag to 2021-06-18 00:00:00+00:00
[2021-06-20 20:01:29,972] {scheduler_job.py:190} INFO - Processing /home/airflow/.local/lib/python3.6/site-packages/airflow/example_dags/example_trigger_controller_dag.py took 0.442 seconds
[2021-06-20 20:02:00,408] {scheduler_job.py:182} INFO - Started process (PID=694) to work on /home/airflow/.local/lib/python3.6/site-packages/airflow/example_dags/example_trigger_controller_dag.py
[2021-06-20 20:02:00,423] {scheduler_job.py:633} INFO - Processing file /home/airflow/.local/lib/python3.6/site-packages/airflow/example_dags/example_trigger_controller_dag.py for tasks to queue
[2021-06-20 20:02:00,428] {logging_mixin.py:104} INFO - [2021-06-20 20:02:00,427] {dagbag.py:487} INFO - Filling up the DagBag from /home/airflow/.local/lib/python3.6/site-packages/airflow/example_dags/example_trigger_controller_dag.py
[2021-06-20 20:02:00,607] {scheduler_job.py:643} INFO - DAG(s) dict_keys(['example_trigger_controller_dag']) retrieved from /home/airflow/.local/lib/python3.6/site-packages/airflow/example_dags/example_trigger_controller_dag.py
[2021-06-20 20:02:00,837] {logging_mixin.py:104} INFO - [2021-06-20 20:02:00,830] {dag.py:1832} INFO - Sync 1 DAGs
[2021-06-20 20:02:01,023] {logging_mixin.py:104} INFO - [2021-06-20 20:02:01,022] {dag.py:2305} INFO - Setting next_dagrun for example_trigger_controller_dag to 2021-06-18 00:00:00+00:00
[2021-06-20 20:02:01,107] {scheduler_job.py:190} INFO - Processing /home/airflow/.local/lib/python3.6/site-packages/airflow/example_dags/example_trigger_controller_dag.py took 0.737 seconds
[2021-06-20 20:02:31,354] {scheduler_job.py:182} INFO - Started process (PID=748) to work on /home/airflow/.local/lib/python3.6/site-packages/airflow/example_dags/example_trigger_controller_dag.py
[2021-06-20 20:02:31,359] {scheduler_job.py:633} INFO - Processing file /home/airflow/.local/lib/python3.6/site-packages/airflow/example_dags/example_trigger_controller_dag.py for tasks to queue
[2021-06-20 20:02:31,363] {logging_mixin.py:104} INFO - [2021-06-20 20:02:31,362] {dagbag.py:487} INFO - Filling up the DagBag from /home/airflow/.local/lib/python3.6/site-packages/airflow/example_dags/example_trigger_controller_dag.py
[2021-06-20 20:02:31,412] {scheduler_job.py:643} INFO - DAG(s) dict_keys(['example_trigger_controller_dag']) retrieved from /home/airflow/.local/lib/python3.6/site-packages/airflow/example_dags/example_trigger_controller_dag.py
[2021-06-20 20:02:31,507] {logging_mixin.py:104} INFO - [2021-06-20 20:02:31,506] {dag.py:1832} INFO - Sync 1 DAGs
[2021-06-20 20:02:31,584] {logging_mixin.py:104} INFO - [2021-06-20 20:02:31,584] {dag.py:2305} INFO - Setting next_dagrun for example_trigger_controller_dag to 2021-06-18 00:00:00+00:00
[2021-06-20 20:02:31,633] {scheduler_job.py:190} INFO - Processing /home/airflow/.local/lib/python3.6/site-packages/airflow/example_dags/example_trigger_controller_dag.py took 0.292 seconds
[2021-06-20 20:03:02,387] {scheduler_job.py:182} INFO - Started process (PID=807) to work on /home/airflow/.local/lib/python3.6/site-packages/airflow/example_dags/example_trigger_controller_dag.py
[2021-06-20 20:03:02,404] {scheduler_job.py:633} INFO - Processing file /home/airflow/.local/lib/python3.6/site-packages/airflow/example_dags/example_trigger_controller_dag.py for tasks to queue
[2021-06-20 20:03:02,410] {logging_mixin.py:104} INFO - [2021-06-20 20:03:02,409] {dagbag.py:487} INFO - Filling up the DagBag from /home/airflow/.local/lib/python3.6/site-packages/airflow/example_dags/example_trigger_controller_dag.py
[2021-06-20 20:03:02,570] {scheduler_job.py:643} INFO - DAG(s) dict_keys(['example_trigger_controller_dag']) retrieved from /home/airflow/.local/lib/python3.6/site-packages/airflow/example_dags/example_trigger_controller_dag.py
[2021-06-20 20:03:02,848] {logging_mixin.py:104} INFO - [2021-06-20 20:03:02,847] {dag.py:1832} INFO - Sync 1 DAGs
[2021-06-20 20:03:03,100] {logging_mixin.py:104} INFO - [2021-06-20 20:03:03,099] {dag.py:2305} INFO - Setting next_dagrun for example_trigger_controller_dag to 2021-06-18 00:00:00+00:00
[2021-06-20 20:03:03,194] {scheduler_job.py:190} INFO - Processing /home/airflow/.local/lib/python3.6/site-packages/airflow/example_dags/example_trigger_controller_dag.py took 0.838 seconds
[2021-06-20 20:03:33,463] {scheduler_job.py:182} INFO - Started process (PID=863) to work on /home/airflow/.local/lib/python3.6/site-packages/airflow/example_dags/example_trigger_controller_dag.py
[2021-06-20 20:03:33,473] {scheduler_job.py:633} INFO - Processing file /home/airflow/.local/lib/python3.6/site-packages/airflow/example_dags/example_trigger_controller_dag.py for tasks to queue
[2021-06-20 20:03:33,477] {logging_mixin.py:104} INFO - [2021-06-20 20:03:33,477] {dagbag.py:487} INFO - Filling up the DagBag from /home/airflow/.local/lib/python3.6/site-packages/airflow/example_dags/example_trigger_controller_dag.py
[2021-06-20 20:03:33,527] {scheduler_job.py:643} INFO - DAG(s) dict_keys(['example_trigger_controller_dag']) retrieved from /home/airflow/.local/lib/python3.6/site-packages/airflow/example_dags/example_trigger_controller_dag.py
[2021-06-20 20:03:33,618] {logging_mixin.py:104} INFO - [2021-06-20 20:03:33,617] {dag.py:1832} INFO - Sync 1 DAGs
[2021-06-20 20:03:33,734] {logging_mixin.py:104} INFO - [2021-06-20 20:03:33,734] {dag.py:2305} INFO - Setting next_dagrun for example_trigger_controller_dag to 2021-06-18 00:00:00+00:00
[2021-06-20 20:03:33,797] {scheduler_job.py:190} INFO - Processing /home/airflow/.local/lib/python3.6/site-packages/airflow/example_dags/example_trigger_controller_dag.py took 0.372 seconds
[2021-06-20 20:04:05,361] {scheduler_job.py:182} INFO - Started process (PID=923) to work on /home/airflow/.local/lib/python3.6/site-packages/airflow/example_dags/example_trigger_controller_dag.py
[2021-06-20 20:04:05,366] {scheduler_job.py:633} INFO - Processing file /home/airflow/.local/lib/python3.6/site-packages/airflow/example_dags/example_trigger_controller_dag.py for tasks to queue
[2021-06-20 20:04:05,373] {logging_mixin.py:104} INFO - [2021-06-20 20:04:05,373] {dagbag.py:487} INFO - Filling up the DagBag from /home/airflow/.local/lib/python3.6/site-packages/airflow/example_dags/example_trigger_controller_dag.py
[2021-06-20 20:04:05,476] {scheduler_job.py:643} INFO - DAG(s) dict_keys(['example_trigger_controller_dag']) retrieved from /home/airflow/.local/lib/python3.6/site-packages/airflow/example_dags/example_trigger_controller_dag.py
[2021-06-20 20:04:05,600] {logging_mixin.py:104} INFO - [2021-06-20 20:04:05,599] {dag.py:1832} INFO - Sync 1 DAGs
[2021-06-20 20:04:05,686] {logging_mixin.py:104} INFO - [2021-06-20 20:04:05,686] {dag.py:2305} INFO - Setting next_dagrun for example_trigger_controller_dag to 2021-06-18 00:00:00+00:00
[2021-06-20 20:04:05,730] {scheduler_job.py:190} INFO - Processing /home/airflow/.local/lib/python3.6/site-packages/airflow/example_dags/example_trigger_controller_dag.py took 0.386 seconds
[2021-06-20 20:04:35,837] {scheduler_job.py:182} INFO - Started process (PID=987) to work on /home/airflow/.local/lib/python3.6/site-packages/airflow/example_dags/example_trigger_controller_dag.py
[2021-06-20 20:04:35,844] {scheduler_job.py:633} INFO - Processing file /home/airflow/.local/lib/python3.6/site-packages/airflow/example_dags/example_trigger_controller_dag.py for tasks to queue
[2021-06-20 20:04:35,848] {logging_mixin.py:104} INFO - [2021-06-20 20:04:35,847] {dagbag.py:487} INFO - Filling up the DagBag from /home/airflow/.local/lib/python3.6/site-packages/airflow/example_dags/example_trigger_controller_dag.py
[2021-06-20 20:04:35,940] {scheduler_job.py:643} INFO - DAG(s) dict_keys(['example_trigger_controller_dag']) retrieved from /home/airflow/.local/lib/python3.6/site-packages/airflow/example_dags/example_trigger_controller_dag.py
[2021-06-20 20:04:36,119] {logging_mixin.py:104} INFO - [2021-06-20 20:04:36,119] {dag.py:1832} INFO - Sync 1 DAGs
[2021-06-20 20:04:36,284] {logging_mixin.py:104} INFO - [2021-06-20 20:04:36,283] {dag.py:2305} INFO - Setting next_dagrun for example_trigger_controller_dag to 2021-06-18 00:00:00+00:00
[2021-06-20 20:04:36,549] {scheduler_job.py:190} INFO - Processing /home/airflow/.local/lib/python3.6/site-packages/airflow/example_dags/example_trigger_controller_dag.py took 0.733 seconds
