[2021-06-20 19:57:09,219] {scheduler_job.py:182} INFO - Started process (PID=115) to work on /home/airflow/.local/lib/python3.6/site-packages/airflow/example_dags/example_latest_only.py
[2021-06-20 19:57:09,220] {scheduler_job.py:633} INFO - Processing file /home/airflow/.local/lib/python3.6/site-packages/airflow/example_dags/example_latest_only.py for tasks to queue
[2021-06-20 19:57:09,221] {logging_mixin.py:104} INFO - [2021-06-20 19:57:09,221] {dagbag.py:487} INFO - Filling up the DagBag from /home/airflow/.local/lib/python3.6/site-packages/airflow/example_dags/example_latest_only.py
[2021-06-20 19:57:09,236] {scheduler_job.py:643} INFO - DAG(s) dict_keys(['latest_only']) retrieved from /home/airflow/.local/lib/python3.6/site-packages/airflow/example_dags/example_latest_only.py
[2021-06-20 19:57:11,819] {logging_mixin.py:104} INFO - [2021-06-20 19:57:11,817] {dag.py:1832} INFO - Sync 1 DAGs
[2021-06-20 19:57:11,829] {logging_mixin.py:104} INFO - [2021-06-20 19:57:11,828] {dag.py:1851} INFO - Creating ORM DAG for latest_only
[2021-06-20 19:57:11,834] {logging_mixin.py:104} INFO - [2021-06-20 19:57:11,834] {dag.py:2305} INFO - Setting next_dagrun for latest_only to 2021-06-18 00:00:00+00:00
[2021-06-20 19:57:11,845] {scheduler_job.py:190} INFO - Processing /home/airflow/.local/lib/python3.6/site-packages/airflow/example_dags/example_latest_only.py took 2.630 seconds
[2021-06-20 19:57:41,909] {scheduler_job.py:182} INFO - Started process (PID=196) to work on /home/airflow/.local/lib/python3.6/site-packages/airflow/example_dags/example_latest_only.py
[2021-06-20 19:57:41,911] {scheduler_job.py:633} INFO - Processing file /home/airflow/.local/lib/python3.6/site-packages/airflow/example_dags/example_latest_only.py for tasks to queue
[2021-06-20 19:57:41,912] {logging_mixin.py:104} INFO - [2021-06-20 19:57:41,912] {dagbag.py:487} INFO - Filling up the DagBag from /home/airflow/.local/lib/python3.6/site-packages/airflow/example_dags/example_latest_only.py
[2021-06-20 19:57:41,928] {scheduler_job.py:643} INFO - DAG(s) dict_keys(['latest_only']) retrieved from /home/airflow/.local/lib/python3.6/site-packages/airflow/example_dags/example_latest_only.py
[2021-06-20 19:57:41,967] {logging_mixin.py:104} INFO - [2021-06-20 19:57:41,967] {dag.py:1832} INFO - Sync 1 DAGs
[2021-06-20 19:57:41,990] {logging_mixin.py:104} INFO - [2021-06-20 19:57:41,990] {dag.py:2305} INFO - Setting next_dagrun for latest_only to 2021-06-18 00:00:00+00:00
[2021-06-20 19:57:42,005] {scheduler_job.py:190} INFO - Processing /home/airflow/.local/lib/python3.6/site-packages/airflow/example_dags/example_latest_only.py took 0.101 seconds
[2021-06-20 19:58:12,463] {scheduler_job.py:182} INFO - Started process (PID=262) to work on /home/airflow/.local/lib/python3.6/site-packages/airflow/example_dags/example_latest_only.py
[2021-06-20 19:58:12,468] {scheduler_job.py:633} INFO - Processing file /home/airflow/.local/lib/python3.6/site-packages/airflow/example_dags/example_latest_only.py for tasks to queue
[2021-06-20 19:58:12,472] {logging_mixin.py:104} INFO - [2021-06-20 19:58:12,471] {dagbag.py:487} INFO - Filling up the DagBag from /home/airflow/.local/lib/python3.6/site-packages/airflow/example_dags/example_latest_only.py
[2021-06-20 19:58:12,515] {scheduler_job.py:643} INFO - DAG(s) dict_keys(['latest_only']) retrieved from /home/airflow/.local/lib/python3.6/site-packages/airflow/example_dags/example_latest_only.py
[2021-06-20 19:58:12,589] {logging_mixin.py:104} INFO - [2021-06-20 19:58:12,589] {dag.py:1832} INFO - Sync 1 DAGs
[2021-06-20 19:58:12,646] {logging_mixin.py:104} INFO - [2021-06-20 19:58:12,645] {dag.py:2305} INFO - Setting next_dagrun for latest_only to 2021-06-18 00:00:00+00:00
[2021-06-20 19:58:12,680] {scheduler_job.py:190} INFO - Processing /home/airflow/.local/lib/python3.6/site-packages/airflow/example_dags/example_latest_only.py took 0.228 seconds
[2021-06-20 19:58:43,192] {scheduler_job.py:182} INFO - Started process (PID=329) to work on /home/airflow/.local/lib/python3.6/site-packages/airflow/example_dags/example_latest_only.py
[2021-06-20 19:58:43,200] {scheduler_job.py:633} INFO - Processing file /home/airflow/.local/lib/python3.6/site-packages/airflow/example_dags/example_latest_only.py for tasks to queue
[2021-06-20 19:58:43,205] {logging_mixin.py:104} INFO - [2021-06-20 19:58:43,204] {dagbag.py:487} INFO - Filling up the DagBag from /home/airflow/.local/lib/python3.6/site-packages/airflow/example_dags/example_latest_only.py
[2021-06-20 19:58:43,269] {scheduler_job.py:643} INFO - DAG(s) dict_keys(['latest_only']) retrieved from /home/airflow/.local/lib/python3.6/site-packages/airflow/example_dags/example_latest_only.py
[2021-06-20 19:58:43,363] {logging_mixin.py:104} INFO - [2021-06-20 19:58:43,363] {dag.py:1832} INFO - Sync 1 DAGs
[2021-06-20 19:58:43,450] {logging_mixin.py:104} INFO - [2021-06-20 19:58:43,450] {dag.py:2305} INFO - Setting next_dagrun for latest_only to 2021-06-18 00:00:00+00:00
[2021-06-20 19:58:43,521] {scheduler_job.py:190} INFO - Processing /home/airflow/.local/lib/python3.6/site-packages/airflow/example_dags/example_latest_only.py took 0.346 seconds
[2021-06-20 19:59:13,776] {scheduler_job.py:182} INFO - Started process (PID=377) to work on /home/airflow/.local/lib/python3.6/site-packages/airflow/example_dags/example_latest_only.py
[2021-06-20 19:59:13,781] {scheduler_job.py:633} INFO - Processing file /home/airflow/.local/lib/python3.6/site-packages/airflow/example_dags/example_latest_only.py for tasks to queue
[2021-06-20 19:59:13,785] {logging_mixin.py:104} INFO - [2021-06-20 19:59:13,784] {dagbag.py:487} INFO - Filling up the DagBag from /home/airflow/.local/lib/python3.6/site-packages/airflow/example_dags/example_latest_only.py
[2021-06-20 19:59:13,847] {scheduler_job.py:643} INFO - DAG(s) dict_keys(['latest_only']) retrieved from /home/airflow/.local/lib/python3.6/site-packages/airflow/example_dags/example_latest_only.py
[2021-06-20 19:59:13,951] {logging_mixin.py:104} INFO - [2021-06-20 19:59:13,951] {dag.py:1832} INFO - Sync 1 DAGs
[2021-06-20 19:59:14,052] {logging_mixin.py:104} INFO - [2021-06-20 19:59:14,051] {dag.py:2305} INFO - Setting next_dagrun for latest_only to 2021-06-18 00:00:00+00:00
[2021-06-20 19:59:14,134] {scheduler_job.py:190} INFO - Processing /home/airflow/.local/lib/python3.6/site-packages/airflow/example_dags/example_latest_only.py took 0.373 seconds
[2021-06-20 19:59:44,847] {scheduler_job.py:182} INFO - Started process (PID=444) to work on /home/airflow/.local/lib/python3.6/site-packages/airflow/example_dags/example_latest_only.py
[2021-06-20 19:59:44,853] {scheduler_job.py:633} INFO - Processing file /home/airflow/.local/lib/python3.6/site-packages/airflow/example_dags/example_latest_only.py for tasks to queue
[2021-06-20 19:59:44,856] {logging_mixin.py:104} INFO - [2021-06-20 19:59:44,856] {dagbag.py:487} INFO - Filling up the DagBag from /home/airflow/.local/lib/python3.6/site-packages/airflow/example_dags/example_latest_only.py
[2021-06-20 19:59:44,908] {scheduler_job.py:643} INFO - DAG(s) dict_keys(['latest_only']) retrieved from /home/airflow/.local/lib/python3.6/site-packages/airflow/example_dags/example_latest_only.py
[2021-06-20 19:59:44,996] {logging_mixin.py:104} INFO - [2021-06-20 19:59:44,996] {dag.py:1832} INFO - Sync 1 DAGs
[2021-06-20 19:59:45,059] {logging_mixin.py:104} INFO - [2021-06-20 19:59:45,059] {dag.py:2305} INFO - Setting next_dagrun for latest_only to 2021-06-18 00:00:00+00:00
[2021-06-20 19:59:45,094] {scheduler_job.py:190} INFO - Processing /home/airflow/.local/lib/python3.6/site-packages/airflow/example_dags/example_latest_only.py took 0.259 seconds
[2021-06-20 20:00:15,969] {scheduler_job.py:182} INFO - Started process (PID=503) to work on /home/airflow/.local/lib/python3.6/site-packages/airflow/example_dags/example_latest_only.py
[2021-06-20 20:00:15,975] {scheduler_job.py:633} INFO - Processing file /home/airflow/.local/lib/python3.6/site-packages/airflow/example_dags/example_latest_only.py for tasks to queue
[2021-06-20 20:00:15,979] {logging_mixin.py:104} INFO - [2021-06-20 20:00:15,979] {dagbag.py:487} INFO - Filling up the DagBag from /home/airflow/.local/lib/python3.6/site-packages/airflow/example_dags/example_latest_only.py
[2021-06-20 20:00:16,038] {scheduler_job.py:643} INFO - DAG(s) dict_keys(['latest_only']) retrieved from /home/airflow/.local/lib/python3.6/site-packages/airflow/example_dags/example_latest_only.py
[2021-06-20 20:00:16,134] {logging_mixin.py:104} INFO - [2021-06-20 20:00:16,133] {dag.py:1832} INFO - Sync 1 DAGs
[2021-06-20 20:00:16,218] {logging_mixin.py:104} INFO - [2021-06-20 20:00:16,217] {dag.py:2305} INFO - Setting next_dagrun for latest_only to 2021-06-18 00:00:00+00:00
[2021-06-20 20:00:16,313] {scheduler_job.py:190} INFO - Processing /home/airflow/.local/lib/python3.6/site-packages/airflow/example_dags/example_latest_only.py took 0.357 seconds
[2021-06-20 20:00:46,767] {scheduler_job.py:182} INFO - Started process (PID=560) to work on /home/airflow/.local/lib/python3.6/site-packages/airflow/example_dags/example_latest_only.py
[2021-06-20 20:00:46,772] {scheduler_job.py:633} INFO - Processing file /home/airflow/.local/lib/python3.6/site-packages/airflow/example_dags/example_latest_only.py for tasks to queue
[2021-06-20 20:00:46,776] {logging_mixin.py:104} INFO - [2021-06-20 20:00:46,775] {dagbag.py:487} INFO - Filling up the DagBag from /home/airflow/.local/lib/python3.6/site-packages/airflow/example_dags/example_latest_only.py
[2021-06-20 20:00:46,837] {scheduler_job.py:643} INFO - DAG(s) dict_keys(['latest_only']) retrieved from /home/airflow/.local/lib/python3.6/site-packages/airflow/example_dags/example_latest_only.py
[2021-06-20 20:00:46,947] {logging_mixin.py:104} INFO - [2021-06-20 20:00:46,946] {dag.py:1832} INFO - Sync 1 DAGs
[2021-06-20 20:00:47,019] {logging_mixin.py:104} INFO - [2021-06-20 20:00:47,018] {dag.py:2305} INFO - Setting next_dagrun for latest_only to 2021-06-18 00:00:00+00:00
[2021-06-20 20:00:47,069] {scheduler_job.py:190} INFO - Processing /home/airflow/.local/lib/python3.6/site-packages/airflow/example_dags/example_latest_only.py took 0.316 seconds
[2021-06-20 20:01:18,348] {scheduler_job.py:182} INFO - Started process (PID=619) to work on /home/airflow/.local/lib/python3.6/site-packages/airflow/example_dags/example_latest_only.py
[2021-06-20 20:01:18,358] {scheduler_job.py:633} INFO - Processing file /home/airflow/.local/lib/python3.6/site-packages/airflow/example_dags/example_latest_only.py for tasks to queue
[2021-06-20 20:01:18,363] {logging_mixin.py:104} INFO - [2021-06-20 20:01:18,363] {dagbag.py:487} INFO - Filling up the DagBag from /home/airflow/.local/lib/python3.6/site-packages/airflow/example_dags/example_latest_only.py
[2021-06-20 20:01:18,453] {scheduler_job.py:643} INFO - DAG(s) dict_keys(['latest_only']) retrieved from /home/airflow/.local/lib/python3.6/site-packages/airflow/example_dags/example_latest_only.py
[2021-06-20 20:01:18,614] {logging_mixin.py:104} INFO - [2021-06-20 20:01:18,614] {dag.py:1832} INFO - Sync 1 DAGs
[2021-06-20 20:01:18,716] {logging_mixin.py:104} INFO - [2021-06-20 20:01:18,716] {dag.py:2305} INFO - Setting next_dagrun for latest_only to 2021-06-18 00:00:00+00:00
[2021-06-20 20:01:18,845] {scheduler_job.py:190} INFO - Processing /home/airflow/.local/lib/python3.6/site-packages/airflow/example_dags/example_latest_only.py took 0.532 seconds
[2021-06-20 20:01:49,381] {scheduler_job.py:182} INFO - Started process (PID=673) to work on /home/airflow/.local/lib/python3.6/site-packages/airflow/example_dags/example_latest_only.py
[2021-06-20 20:01:49,388] {scheduler_job.py:633} INFO - Processing file /home/airflow/.local/lib/python3.6/site-packages/airflow/example_dags/example_latest_only.py for tasks to queue
[2021-06-20 20:01:49,392] {logging_mixin.py:104} INFO - [2021-06-20 20:01:49,391] {dagbag.py:487} INFO - Filling up the DagBag from /home/airflow/.local/lib/python3.6/site-packages/airflow/example_dags/example_latest_only.py
[2021-06-20 20:01:49,456] {scheduler_job.py:643} INFO - DAG(s) dict_keys(['latest_only']) retrieved from /home/airflow/.local/lib/python3.6/site-packages/airflow/example_dags/example_latest_only.py
[2021-06-20 20:01:49,583] {logging_mixin.py:104} INFO - [2021-06-20 20:01:49,582] {dag.py:1832} INFO - Sync 1 DAGs
[2021-06-20 20:01:49,667] {logging_mixin.py:104} INFO - [2021-06-20 20:01:49,667] {dag.py:2305} INFO - Setting next_dagrun for latest_only to 2021-06-18 00:00:00+00:00
[2021-06-20 20:01:49,707] {scheduler_job.py:190} INFO - Processing /home/airflow/.local/lib/python3.6/site-packages/airflow/example_dags/example_latest_only.py took 0.347 seconds
[2021-06-20 20:02:19,912] {scheduler_job.py:182} INFO - Started process (PID=731) to work on /home/airflow/.local/lib/python3.6/site-packages/airflow/example_dags/example_latest_only.py
[2021-06-20 20:02:19,921] {scheduler_job.py:633} INFO - Processing file /home/airflow/.local/lib/python3.6/site-packages/airflow/example_dags/example_latest_only.py for tasks to queue
[2021-06-20 20:02:19,926] {logging_mixin.py:104} INFO - [2021-06-20 20:02:19,925] {dagbag.py:487} INFO - Filling up the DagBag from /home/airflow/.local/lib/python3.6/site-packages/airflow/example_dags/example_latest_only.py
[2021-06-20 20:02:20,035] {scheduler_job.py:643} INFO - DAG(s) dict_keys(['latest_only']) retrieved from /home/airflow/.local/lib/python3.6/site-packages/airflow/example_dags/example_latest_only.py
[2021-06-20 20:02:20,155] {logging_mixin.py:104} INFO - [2021-06-20 20:02:20,153] {dag.py:1832} INFO - Sync 1 DAGs
[2021-06-20 20:02:20,325] {logging_mixin.py:104} INFO - [2021-06-20 20:02:20,324] {dag.py:2305} INFO - Setting next_dagrun for latest_only to 2021-06-18 00:00:00+00:00
[2021-06-20 20:02:20,459] {scheduler_job.py:190} INFO - Processing /home/airflow/.local/lib/python3.6/site-packages/airflow/example_dags/example_latest_only.py took 0.572 seconds
[2021-06-20 20:02:51,066] {scheduler_job.py:182} INFO - Started process (PID=786) to work on /home/airflow/.local/lib/python3.6/site-packages/airflow/example_dags/example_latest_only.py
[2021-06-20 20:02:51,077] {scheduler_job.py:633} INFO - Processing file /home/airflow/.local/lib/python3.6/site-packages/airflow/example_dags/example_latest_only.py for tasks to queue
[2021-06-20 20:02:51,083] {logging_mixin.py:104} INFO - [2021-06-20 20:02:51,081] {dagbag.py:487} INFO - Filling up the DagBag from /home/airflow/.local/lib/python3.6/site-packages/airflow/example_dags/example_latest_only.py
[2021-06-20 20:02:51,174] {scheduler_job.py:643} INFO - DAG(s) dict_keys(['latest_only']) retrieved from /home/airflow/.local/lib/python3.6/site-packages/airflow/example_dags/example_latest_only.py
[2021-06-20 20:02:51,319] {logging_mixin.py:104} INFO - [2021-06-20 20:02:51,318] {dag.py:1832} INFO - Sync 1 DAGs
[2021-06-20 20:02:51,437] {logging_mixin.py:104} INFO - [2021-06-20 20:02:51,436] {dag.py:2305} INFO - Setting next_dagrun for latest_only to 2021-06-18 00:00:00+00:00
[2021-06-20 20:02:51,515] {scheduler_job.py:190} INFO - Processing /home/airflow/.local/lib/python3.6/site-packages/airflow/example_dags/example_latest_only.py took 0.476 seconds
[2021-06-20 20:03:22,567] {scheduler_job.py:182} INFO - Started process (PID=845) to work on /home/airflow/.local/lib/python3.6/site-packages/airflow/example_dags/example_latest_only.py
[2021-06-20 20:03:22,577] {scheduler_job.py:633} INFO - Processing file /home/airflow/.local/lib/python3.6/site-packages/airflow/example_dags/example_latest_only.py for tasks to queue
[2021-06-20 20:03:22,583] {logging_mixin.py:104} INFO - [2021-06-20 20:03:22,582] {dagbag.py:487} INFO - Filling up the DagBag from /home/airflow/.local/lib/python3.6/site-packages/airflow/example_dags/example_latest_only.py
[2021-06-20 20:03:22,684] {scheduler_job.py:643} INFO - DAG(s) dict_keys(['latest_only']) retrieved from /home/airflow/.local/lib/python3.6/site-packages/airflow/example_dags/example_latest_only.py
[2021-06-20 20:03:22,837] {logging_mixin.py:104} INFO - [2021-06-20 20:03:22,837] {dag.py:1832} INFO - Sync 1 DAGs
[2021-06-20 20:03:23,045] {logging_mixin.py:104} INFO - [2021-06-20 20:03:23,045] {dag.py:2305} INFO - Setting next_dagrun for latest_only to 2021-06-18 00:00:00+00:00
[2021-06-20 20:03:23,175] {scheduler_job.py:190} INFO - Processing /home/airflow/.local/lib/python3.6/site-packages/airflow/example_dags/example_latest_only.py took 0.627 seconds
[2021-06-20 20:03:53,534] {scheduler_job.py:182} INFO - Started process (PID=901) to work on /home/airflow/.local/lib/python3.6/site-packages/airflow/example_dags/example_latest_only.py
[2021-06-20 20:03:53,541] {scheduler_job.py:633} INFO - Processing file /home/airflow/.local/lib/python3.6/site-packages/airflow/example_dags/example_latest_only.py for tasks to queue
[2021-06-20 20:03:53,545] {logging_mixin.py:104} INFO - [2021-06-20 20:03:53,545] {dagbag.py:487} INFO - Filling up the DagBag from /home/airflow/.local/lib/python3.6/site-packages/airflow/example_dags/example_latest_only.py
[2021-06-20 20:03:53,608] {scheduler_job.py:643} INFO - DAG(s) dict_keys(['latest_only']) retrieved from /home/airflow/.local/lib/python3.6/site-packages/airflow/example_dags/example_latest_only.py
[2021-06-20 20:03:53,700] {logging_mixin.py:104} INFO - [2021-06-20 20:03:53,700] {dag.py:1832} INFO - Sync 1 DAGs
[2021-06-20 20:03:53,780] {logging_mixin.py:104} INFO - [2021-06-20 20:03:53,780] {dag.py:2305} INFO - Setting next_dagrun for latest_only to 2021-06-18 00:00:00+00:00
[2021-06-20 20:03:53,827] {scheduler_job.py:190} INFO - Processing /home/airflow/.local/lib/python3.6/site-packages/airflow/example_dags/example_latest_only.py took 0.314 seconds
[2021-06-20 20:04:23,980] {scheduler_job.py:182} INFO - Started process (PID=967) to work on /home/airflow/.local/lib/python3.6/site-packages/airflow/example_dags/example_latest_only.py
[2021-06-20 20:04:23,987] {scheduler_job.py:633} INFO - Processing file /home/airflow/.local/lib/python3.6/site-packages/airflow/example_dags/example_latest_only.py for tasks to queue
[2021-06-20 20:04:23,994] {logging_mixin.py:104} INFO - [2021-06-20 20:04:23,994] {dagbag.py:487} INFO - Filling up the DagBag from /home/airflow/.local/lib/python3.6/site-packages/airflow/example_dags/example_latest_only.py
[2021-06-20 20:04:24,061] {scheduler_job.py:643} INFO - DAG(s) dict_keys(['latest_only']) retrieved from /home/airflow/.local/lib/python3.6/site-packages/airflow/example_dags/example_latest_only.py
[2021-06-20 20:04:24,167] {logging_mixin.py:104} INFO - [2021-06-20 20:04:24,166] {dag.py:1832} INFO - Sync 1 DAGs
[2021-06-20 20:04:24,335] {logging_mixin.py:104} INFO - [2021-06-20 20:04:24,334] {dag.py:2305} INFO - Setting next_dagrun for latest_only to 2021-06-18 00:00:00+00:00
[2021-06-20 20:04:24,390] {scheduler_job.py:190} INFO - Processing /home/airflow/.local/lib/python3.6/site-packages/airflow/example_dags/example_latest_only.py took 0.428 seconds
