[2021-06-20 19:56:52,533] {scheduler_job.py:182} INFO - Started process (PID=73) to work on /home/airflow/.local/lib/python3.6/site-packages/airflow/example_dags/example_complex.py
[2021-06-20 19:56:52,535] {scheduler_job.py:633} INFO - Processing file /home/airflow/.local/lib/python3.6/site-packages/airflow/example_dags/example_complex.py for tasks to queue
[2021-06-20 19:56:52,537] {logging_mixin.py:104} INFO - [2021-06-20 19:56:52,537] {dagbag.py:487} INFO - Filling up the DagBag from /home/airflow/.local/lib/python3.6/site-packages/airflow/example_dags/example_complex.py
[2021-06-20 19:56:52,577] {scheduler_job.py:643} INFO - DAG(s) dict_keys(['example_complex']) retrieved from /home/airflow/.local/lib/python3.6/site-packages/airflow/example_dags/example_complex.py
[2021-06-20 19:56:57,362] {logging_mixin.py:104} INFO - [2021-06-20 19:56:57,360] {dag.py:1832} INFO - Sync 1 DAGs
[2021-06-20 19:56:57,381] {logging_mixin.py:104} INFO - [2021-06-20 19:56:57,379] {dag.py:1851} INFO - Creating ORM DAG for example_complex
[2021-06-20 19:56:57,391] {logging_mixin.py:104} INFO - [2021-06-20 19:56:57,391] {dag.py:2305} INFO - Setting next_dagrun for example_complex to None
[2021-06-20 19:56:57,415] {scheduler_job.py:190} INFO - Processing /home/airflow/.local/lib/python3.6/site-packages/airflow/example_dags/example_complex.py took 4.887 seconds
[2021-06-20 19:57:29,839] {scheduler_job.py:182} INFO - Started process (PID=171) to work on /home/airflow/.local/lib/python3.6/site-packages/airflow/example_dags/example_complex.py
[2021-06-20 19:57:29,840] {scheduler_job.py:633} INFO - Processing file /home/airflow/.local/lib/python3.6/site-packages/airflow/example_dags/example_complex.py for tasks to queue
[2021-06-20 19:57:29,841] {logging_mixin.py:104} INFO - [2021-06-20 19:57:29,841] {dagbag.py:487} INFO - Filling up the DagBag from /home/airflow/.local/lib/python3.6/site-packages/airflow/example_dags/example_complex.py
[2021-06-20 19:57:29,860] {scheduler_job.py:643} INFO - DAG(s) dict_keys(['example_complex']) retrieved from /home/airflow/.local/lib/python3.6/site-packages/airflow/example_dags/example_complex.py
[2021-06-20 19:57:29,894] {logging_mixin.py:104} INFO - [2021-06-20 19:57:29,894] {dag.py:1832} INFO - Sync 1 DAGs
[2021-06-20 19:57:29,910] {logging_mixin.py:104} INFO - [2021-06-20 19:57:29,910] {dag.py:2305} INFO - Setting next_dagrun for example_complex to None
[2021-06-20 19:57:29,923] {scheduler_job.py:190} INFO - Processing /home/airflow/.local/lib/python3.6/site-packages/airflow/example_dags/example_complex.py took 0.087 seconds
[2021-06-20 19:58:03,061] {scheduler_job.py:182} INFO - Started process (PID=254) to work on /home/airflow/.local/lib/python3.6/site-packages/airflow/example_dags/example_complex.py
[2021-06-20 19:58:03,067] {scheduler_job.py:633} INFO - Processing file /home/airflow/.local/lib/python3.6/site-packages/airflow/example_dags/example_complex.py for tasks to queue
[2021-06-20 19:58:03,070] {logging_mixin.py:104} INFO - [2021-06-20 19:58:03,070] {dagbag.py:487} INFO - Filling up the DagBag from /home/airflow/.local/lib/python3.6/site-packages/airflow/example_dags/example_complex.py
[2021-06-20 19:58:03,173] {scheduler_job.py:643} INFO - DAG(s) dict_keys(['example_complex']) retrieved from /home/airflow/.local/lib/python3.6/site-packages/airflow/example_dags/example_complex.py
[2021-06-20 19:58:03,306] {logging_mixin.py:104} INFO - [2021-06-20 19:58:03,306] {dag.py:1832} INFO - Sync 1 DAGs
[2021-06-20 19:58:03,375] {logging_mixin.py:104} INFO - [2021-06-20 19:58:03,374] {dag.py:2305} INFO - Setting next_dagrun for example_complex to None
[2021-06-20 19:58:03,414] {scheduler_job.py:190} INFO - Processing /home/airflow/.local/lib/python3.6/site-packages/airflow/example_dags/example_complex.py took 0.368 seconds
[2021-06-20 19:58:35,683] {scheduler_job.py:182} INFO - Started process (PID=311) to work on /home/airflow/.local/lib/python3.6/site-packages/airflow/example_dags/example_complex.py
[2021-06-20 19:58:35,688] {scheduler_job.py:633} INFO - Processing file /home/airflow/.local/lib/python3.6/site-packages/airflow/example_dags/example_complex.py for tasks to queue
[2021-06-20 19:58:35,693] {logging_mixin.py:104} INFO - [2021-06-20 19:58:35,692] {dagbag.py:487} INFO - Filling up the DagBag from /home/airflow/.local/lib/python3.6/site-packages/airflow/example_dags/example_complex.py
[2021-06-20 19:58:35,823] {scheduler_job.py:643} INFO - DAG(s) dict_keys(['example_complex']) retrieved from /home/airflow/.local/lib/python3.6/site-packages/airflow/example_dags/example_complex.py
[2021-06-20 19:58:35,985] {logging_mixin.py:104} INFO - [2021-06-20 19:58:35,984] {dag.py:1832} INFO - Sync 1 DAGs
[2021-06-20 19:58:36,068] {logging_mixin.py:104} INFO - [2021-06-20 19:58:36,068] {dag.py:2305} INFO - Setting next_dagrun for example_complex to None
[2021-06-20 19:58:36,115] {scheduler_job.py:190} INFO - Processing /home/airflow/.local/lib/python3.6/site-packages/airflow/example_dags/example_complex.py took 0.450 seconds
[2021-06-20 19:59:07,476] {scheduler_job.py:182} INFO - Started process (PID=368) to work on /home/airflow/.local/lib/python3.6/site-packages/airflow/example_dags/example_complex.py
[2021-06-20 19:59:07,485] {scheduler_job.py:633} INFO - Processing file /home/airflow/.local/lib/python3.6/site-packages/airflow/example_dags/example_complex.py for tasks to queue
[2021-06-20 19:59:07,489] {logging_mixin.py:104} INFO - [2021-06-20 19:59:07,489] {dagbag.py:487} INFO - Filling up the DagBag from /home/airflow/.local/lib/python3.6/site-packages/airflow/example_dags/example_complex.py
[2021-06-20 19:59:07,603] {scheduler_job.py:643} INFO - DAG(s) dict_keys(['example_complex']) retrieved from /home/airflow/.local/lib/python3.6/site-packages/airflow/example_dags/example_complex.py
[2021-06-20 19:59:07,766] {logging_mixin.py:104} INFO - [2021-06-20 19:59:07,765] {dag.py:1832} INFO - Sync 1 DAGs
[2021-06-20 19:59:07,840] {logging_mixin.py:104} INFO - [2021-06-20 19:59:07,839] {dag.py:2305} INFO - Setting next_dagrun for example_complex to None
[2021-06-20 19:59:07,903] {scheduler_job.py:190} INFO - Processing /home/airflow/.local/lib/python3.6/site-packages/airflow/example_dags/example_complex.py took 0.440 seconds
[2021-06-20 19:59:38,252] {scheduler_job.py:182} INFO - Started process (PID=426) to work on /home/airflow/.local/lib/python3.6/site-packages/airflow/example_dags/example_complex.py
[2021-06-20 19:59:38,257] {scheduler_job.py:633} INFO - Processing file /home/airflow/.local/lib/python3.6/site-packages/airflow/example_dags/example_complex.py for tasks to queue
[2021-06-20 19:59:38,261] {logging_mixin.py:104} INFO - [2021-06-20 19:59:38,260] {dagbag.py:487} INFO - Filling up the DagBag from /home/airflow/.local/lib/python3.6/site-packages/airflow/example_dags/example_complex.py
[2021-06-20 19:59:38,362] {scheduler_job.py:643} INFO - DAG(s) dict_keys(['example_complex']) retrieved from /home/airflow/.local/lib/python3.6/site-packages/airflow/example_dags/example_complex.py
[2021-06-20 19:59:38,476] {logging_mixin.py:104} INFO - [2021-06-20 19:59:38,475] {dag.py:1832} INFO - Sync 1 DAGs
[2021-06-20 19:59:38,538] {logging_mixin.py:104} INFO - [2021-06-20 19:59:38,538] {dag.py:2305} INFO - Setting next_dagrun for example_complex to None
[2021-06-20 19:59:38,577] {scheduler_job.py:190} INFO - Processing /home/airflow/.local/lib/python3.6/site-packages/airflow/example_dags/example_complex.py took 0.338 seconds
[2021-06-20 20:00:09,418] {scheduler_job.py:182} INFO - Started process (PID=482) to work on /home/airflow/.local/lib/python3.6/site-packages/airflow/example_dags/example_complex.py
[2021-06-20 20:00:09,426] {scheduler_job.py:633} INFO - Processing file /home/airflow/.local/lib/python3.6/site-packages/airflow/example_dags/example_complex.py for tasks to queue
[2021-06-20 20:00:09,431] {logging_mixin.py:104} INFO - [2021-06-20 20:00:09,431] {dagbag.py:487} INFO - Filling up the DagBag from /home/airflow/.local/lib/python3.6/site-packages/airflow/example_dags/example_complex.py
[2021-06-20 20:00:09,600] {scheduler_job.py:643} INFO - DAG(s) dict_keys(['example_complex']) retrieved from /home/airflow/.local/lib/python3.6/site-packages/airflow/example_dags/example_complex.py
[2021-06-20 20:00:09,828] {logging_mixin.py:104} INFO - [2021-06-20 20:00:09,828] {dag.py:1832} INFO - Sync 1 DAGs
[2021-06-20 20:00:09,942] {logging_mixin.py:104} INFO - [2021-06-20 20:00:09,941] {dag.py:2305} INFO - Setting next_dagrun for example_complex to None
[2021-06-20 20:00:09,996] {scheduler_job.py:190} INFO - Processing /home/airflow/.local/lib/python3.6/site-packages/airflow/example_dags/example_complex.py took 0.600 seconds
[2021-06-20 20:00:40,262] {scheduler_job.py:182} INFO - Started process (PID=542) to work on /home/airflow/.local/lib/python3.6/site-packages/airflow/example_dags/example_complex.py
[2021-06-20 20:00:40,267] {scheduler_job.py:633} INFO - Processing file /home/airflow/.local/lib/python3.6/site-packages/airflow/example_dags/example_complex.py for tasks to queue
[2021-06-20 20:00:40,271] {logging_mixin.py:104} INFO - [2021-06-20 20:00:40,270] {dagbag.py:487} INFO - Filling up the DagBag from /home/airflow/.local/lib/python3.6/site-packages/airflow/example_dags/example_complex.py
[2021-06-20 20:00:40,360] {scheduler_job.py:643} INFO - DAG(s) dict_keys(['example_complex']) retrieved from /home/airflow/.local/lib/python3.6/site-packages/airflow/example_dags/example_complex.py
[2021-06-20 20:00:40,479] {logging_mixin.py:104} INFO - [2021-06-20 20:00:40,478] {dag.py:1832} INFO - Sync 1 DAGs
[2021-06-20 20:00:40,540] {logging_mixin.py:104} INFO - [2021-06-20 20:00:40,540] {dag.py:2305} INFO - Setting next_dagrun for example_complex to None
[2021-06-20 20:00:40,576] {scheduler_job.py:190} INFO - Processing /home/airflow/.local/lib/python3.6/site-packages/airflow/example_dags/example_complex.py took 0.326 seconds
[2021-06-20 20:01:11,044] {scheduler_job.py:182} INFO - Started process (PID=598) to work on /home/airflow/.local/lib/python3.6/site-packages/airflow/example_dags/example_complex.py
[2021-06-20 20:01:11,052] {scheduler_job.py:633} INFO - Processing file /home/airflow/.local/lib/python3.6/site-packages/airflow/example_dags/example_complex.py for tasks to queue
[2021-06-20 20:01:11,063] {logging_mixin.py:104} INFO - [2021-06-20 20:01:11,061] {dagbag.py:487} INFO - Filling up the DagBag from /home/airflow/.local/lib/python3.6/site-packages/airflow/example_dags/example_complex.py
[2021-06-20 20:01:11,274] {scheduler_job.py:643} INFO - DAG(s) dict_keys(['example_complex']) retrieved from /home/airflow/.local/lib/python3.6/site-packages/airflow/example_dags/example_complex.py
[2021-06-20 20:01:11,440] {logging_mixin.py:104} INFO - [2021-06-20 20:01:11,439] {dag.py:1832} INFO - Sync 1 DAGs
[2021-06-20 20:01:11,537] {logging_mixin.py:104} INFO - [2021-06-20 20:01:11,537] {dag.py:2305} INFO - Setting next_dagrun for example_complex to None
[2021-06-20 20:01:11,589] {scheduler_job.py:190} INFO - Processing /home/airflow/.local/lib/python3.6/site-packages/airflow/example_dags/example_complex.py took 0.585 seconds
[2021-06-20 20:01:41,897] {scheduler_job.py:182} INFO - Started process (PID=657) to work on /home/airflow/.local/lib/python3.6/site-packages/airflow/example_dags/example_complex.py
[2021-06-20 20:01:41,904] {scheduler_job.py:633} INFO - Processing file /home/airflow/.local/lib/python3.6/site-packages/airflow/example_dags/example_complex.py for tasks to queue
[2021-06-20 20:01:41,909] {logging_mixin.py:104} INFO - [2021-06-20 20:01:41,908] {dagbag.py:487} INFO - Filling up the DagBag from /home/airflow/.local/lib/python3.6/site-packages/airflow/example_dags/example_complex.py
[2021-06-20 20:01:42,035] {scheduler_job.py:643} INFO - DAG(s) dict_keys(['example_complex']) retrieved from /home/airflow/.local/lib/python3.6/site-packages/airflow/example_dags/example_complex.py
[2021-06-20 20:01:42,184] {logging_mixin.py:104} INFO - [2021-06-20 20:01:42,183] {dag.py:1832} INFO - Sync 1 DAGs
[2021-06-20 20:01:42,289] {logging_mixin.py:104} INFO - [2021-06-20 20:01:42,289] {dag.py:2305} INFO - Setting next_dagrun for example_complex to None
[2021-06-20 20:01:42,357] {scheduler_job.py:190} INFO - Processing /home/airflow/.local/lib/python3.6/site-packages/airflow/example_dags/example_complex.py took 0.481 seconds
[2021-06-20 20:02:12,497] {scheduler_job.py:182} INFO - Started process (PID=713) to work on /home/airflow/.local/lib/python3.6/site-packages/airflow/example_dags/example_complex.py
[2021-06-20 20:02:12,504] {scheduler_job.py:633} INFO - Processing file /home/airflow/.local/lib/python3.6/site-packages/airflow/example_dags/example_complex.py for tasks to queue
[2021-06-20 20:02:12,507] {logging_mixin.py:104} INFO - [2021-06-20 20:02:12,507] {dagbag.py:487} INFO - Filling up the DagBag from /home/airflow/.local/lib/python3.6/site-packages/airflow/example_dags/example_complex.py
[2021-06-20 20:02:12,627] {scheduler_job.py:643} INFO - DAG(s) dict_keys(['example_complex']) retrieved from /home/airflow/.local/lib/python3.6/site-packages/airflow/example_dags/example_complex.py
[2021-06-20 20:02:12,782] {logging_mixin.py:104} INFO - [2021-06-20 20:02:12,781] {dag.py:1832} INFO - Sync 1 DAGs
[2021-06-20 20:02:12,865] {logging_mixin.py:104} INFO - [2021-06-20 20:02:12,865] {dag.py:2305} INFO - Setting next_dagrun for example_complex to None
[2021-06-20 20:02:12,919] {scheduler_job.py:190} INFO - Processing /home/airflow/.local/lib/python3.6/site-packages/airflow/example_dags/example_complex.py took 0.439 seconds
[2021-06-20 20:02:43,776] {scheduler_job.py:182} INFO - Started process (PID=771) to work on /home/airflow/.local/lib/python3.6/site-packages/airflow/example_dags/example_complex.py
[2021-06-20 20:02:43,785] {scheduler_job.py:633} INFO - Processing file /home/airflow/.local/lib/python3.6/site-packages/airflow/example_dags/example_complex.py for tasks to queue
[2021-06-20 20:02:43,790] {logging_mixin.py:104} INFO - [2021-06-20 20:02:43,789] {dagbag.py:487} INFO - Filling up the DagBag from /home/airflow/.local/lib/python3.6/site-packages/airflow/example_dags/example_complex.py
[2021-06-20 20:02:43,999] {scheduler_job.py:643} INFO - DAG(s) dict_keys(['example_complex']) retrieved from /home/airflow/.local/lib/python3.6/site-packages/airflow/example_dags/example_complex.py
[2021-06-20 20:02:44,369] {logging_mixin.py:104} INFO - [2021-06-20 20:02:44,369] {dag.py:1832} INFO - Sync 1 DAGs
[2021-06-20 20:02:44,633] {logging_mixin.py:104} INFO - [2021-06-20 20:02:44,632] {dag.py:2305} INFO - Setting next_dagrun for example_complex to None
[2021-06-20 20:02:44,733] {scheduler_job.py:190} INFO - Processing /home/airflow/.local/lib/python3.6/site-packages/airflow/example_dags/example_complex.py took 0.976 seconds
[2021-06-20 20:03:15,206] {scheduler_job.py:182} INFO - Started process (PID=834) to work on /home/airflow/.local/lib/python3.6/site-packages/airflow/example_dags/example_complex.py
[2021-06-20 20:03:15,213] {scheduler_job.py:633} INFO - Processing file /home/airflow/.local/lib/python3.6/site-packages/airflow/example_dags/example_complex.py for tasks to queue
[2021-06-20 20:03:15,222] {logging_mixin.py:104} INFO - [2021-06-20 20:03:15,221] {dagbag.py:487} INFO - Filling up the DagBag from /home/airflow/.local/lib/python3.6/site-packages/airflow/example_dags/example_complex.py
[2021-06-20 20:03:15,366] {scheduler_job.py:643} INFO - DAG(s) dict_keys(['example_complex']) retrieved from /home/airflow/.local/lib/python3.6/site-packages/airflow/example_dags/example_complex.py
[2021-06-20 20:03:15,560] {logging_mixin.py:104} INFO - [2021-06-20 20:03:15,559] {dag.py:1832} INFO - Sync 1 DAGs
[2021-06-20 20:03:15,661] {logging_mixin.py:104} INFO - [2021-06-20 20:03:15,660] {dag.py:2305} INFO - Setting next_dagrun for example_complex to None
[2021-06-20 20:03:15,720] {scheduler_job.py:190} INFO - Processing /home/airflow/.local/lib/python3.6/site-packages/airflow/example_dags/example_complex.py took 0.538 seconds
[2021-06-20 20:03:46,197] {scheduler_job.py:182} INFO - Started process (PID=893) to work on /home/airflow/.local/lib/python3.6/site-packages/airflow/example_dags/example_complex.py
[2021-06-20 20:03:46,210] {scheduler_job.py:633} INFO - Processing file /home/airflow/.local/lib/python3.6/site-packages/airflow/example_dags/example_complex.py for tasks to queue
[2021-06-20 20:03:46,223] {logging_mixin.py:104} INFO - [2021-06-20 20:03:46,221] {dagbag.py:487} INFO - Filling up the DagBag from /home/airflow/.local/lib/python3.6/site-packages/airflow/example_dags/example_complex.py
[2021-06-20 20:03:46,461] {scheduler_job.py:643} INFO - DAG(s) dict_keys(['example_complex']) retrieved from /home/airflow/.local/lib/python3.6/site-packages/airflow/example_dags/example_complex.py
[2021-06-20 20:03:46,713] {logging_mixin.py:104} INFO - [2021-06-20 20:03:46,713] {dag.py:1832} INFO - Sync 1 DAGs
[2021-06-20 20:03:46,854] {logging_mixin.py:104} INFO - [2021-06-20 20:03:46,854] {dag.py:2305} INFO - Setting next_dagrun for example_complex to None
[2021-06-20 20:03:46,914] {scheduler_job.py:190} INFO - Processing /home/airflow/.local/lib/python3.6/site-packages/airflow/example_dags/example_complex.py took 0.741 seconds
[2021-06-20 20:04:17,669] {scheduler_job.py:182} INFO - Started process (PID=951) to work on /home/airflow/.local/lib/python3.6/site-packages/airflow/example_dags/example_complex.py
[2021-06-20 20:04:17,676] {scheduler_job.py:633} INFO - Processing file /home/airflow/.local/lib/python3.6/site-packages/airflow/example_dags/example_complex.py for tasks to queue
[2021-06-20 20:04:17,680] {logging_mixin.py:104} INFO - [2021-06-20 20:04:17,679] {dagbag.py:487} INFO - Filling up the DagBag from /home/airflow/.local/lib/python3.6/site-packages/airflow/example_dags/example_complex.py
[2021-06-20 20:04:17,822] {scheduler_job.py:643} INFO - DAG(s) dict_keys(['example_complex']) retrieved from /home/airflow/.local/lib/python3.6/site-packages/airflow/example_dags/example_complex.py
[2021-06-20 20:04:18,013] {logging_mixin.py:104} INFO - [2021-06-20 20:04:18,012] {dag.py:1832} INFO - Sync 1 DAGs
[2021-06-20 20:04:18,167] {logging_mixin.py:104} INFO - [2021-06-20 20:04:18,167] {dag.py:2305} INFO - Setting next_dagrun for example_complex to None
[2021-06-20 20:04:18,284] {scheduler_job.py:190} INFO - Processing /home/airflow/.local/lib/python3.6/site-packages/airflow/example_dags/example_complex.py took 0.639 seconds
[2021-06-20 20:04:49,052] {scheduler_job.py:182} INFO - Started process (PID=1008) to work on /home/airflow/.local/lib/python3.6/site-packages/airflow/example_dags/example_complex.py
[2021-06-20 20:04:49,058] {scheduler_job.py:633} INFO - Processing file /home/airflow/.local/lib/python3.6/site-packages/airflow/example_dags/example_complex.py for tasks to queue
[2021-06-20 20:04:49,063] {logging_mixin.py:104} INFO - [2021-06-20 20:04:49,062] {dagbag.py:487} INFO - Filling up the DagBag from /home/airflow/.local/lib/python3.6/site-packages/airflow/example_dags/example_complex.py
[2021-06-20 20:04:49,342] {scheduler_job.py:643} INFO - DAG(s) dict_keys(['example_complex']) retrieved from /home/airflow/.local/lib/python3.6/site-packages/airflow/example_dags/example_complex.py
[2021-06-20 20:04:49,697] {logging_mixin.py:104} INFO - [2021-06-20 20:04:49,696] {dag.py:1832} INFO - Sync 1 DAGs
[2021-06-20 20:04:49,854] {logging_mixin.py:104} INFO - [2021-06-20 20:04:49,853] {dag.py:2305} INFO - Setting next_dagrun for example_complex to None
[2021-06-20 20:04:49,995] {scheduler_job.py:190} INFO - Processing /home/airflow/.local/lib/python3.6/site-packages/airflow/example_dags/example_complex.py took 0.964 seconds
