[2021-06-20 19:57:06,115] {scheduler_job.py:182} INFO - Started process (PID=100) to work on /home/airflow/.local/lib/python3.6/site-packages/airflow/example_dags/tutorial_taskflow_api_etl.py
[2021-06-20 19:57:06,116] {scheduler_job.py:633} INFO - Processing file /home/airflow/.local/lib/python3.6/site-packages/airflow/example_dags/tutorial_taskflow_api_etl.py for tasks to queue
[2021-06-20 19:57:06,117] {logging_mixin.py:104} INFO - [2021-06-20 19:57:06,117] {dagbag.py:487} INFO - Filling up the DagBag from /home/airflow/.local/lib/python3.6/site-packages/airflow/example_dags/tutorial_taskflow_api_etl.py
[2021-06-20 19:57:06,136] {scheduler_job.py:643} INFO - DAG(s) dict_keys(['tutorial_taskflow_api_etl']) retrieved from /home/airflow/.local/lib/python3.6/site-packages/airflow/example_dags/tutorial_taskflow_api_etl.py
[2021-06-20 19:57:08,897] {logging_mixin.py:104} INFO - [2021-06-20 19:57:08,896] {dag.py:1832} INFO - Sync 1 DAGs
[2021-06-20 19:57:08,912] {logging_mixin.py:104} INFO - [2021-06-20 19:57:08,910] {dag.py:1851} INFO - Creating ORM DAG for tutorial_taskflow_api_etl
[2021-06-20 19:57:08,921] {logging_mixin.py:104} INFO - [2021-06-20 19:57:08,921] {dag.py:2305} INFO - Setting next_dagrun for tutorial_taskflow_api_etl to None
[2021-06-20 19:57:08,936] {scheduler_job.py:190} INFO - Processing /home/airflow/.local/lib/python3.6/site-packages/airflow/example_dags/tutorial_taskflow_api_etl.py took 2.827 seconds
[2021-06-20 19:57:39,140] {scheduler_job.py:182} INFO - Started process (PID=193) to work on /home/airflow/.local/lib/python3.6/site-packages/airflow/example_dags/tutorial_taskflow_api_etl.py
[2021-06-20 19:57:39,142] {scheduler_job.py:633} INFO - Processing file /home/airflow/.local/lib/python3.6/site-packages/airflow/example_dags/tutorial_taskflow_api_etl.py for tasks to queue
[2021-06-20 19:57:39,143] {logging_mixin.py:104} INFO - [2021-06-20 19:57:39,143] {dagbag.py:487} INFO - Filling up the DagBag from /home/airflow/.local/lib/python3.6/site-packages/airflow/example_dags/tutorial_taskflow_api_etl.py
[2021-06-20 19:57:39,166] {scheduler_job.py:643} INFO - DAG(s) dict_keys(['tutorial_taskflow_api_etl']) retrieved from /home/airflow/.local/lib/python3.6/site-packages/airflow/example_dags/tutorial_taskflow_api_etl.py
[2021-06-20 19:57:39,557] {logging_mixin.py:104} INFO - [2021-06-20 19:57:39,557] {dag.py:1832} INFO - Sync 1 DAGs
[2021-06-20 19:57:39,573] {logging_mixin.py:104} INFO - [2021-06-20 19:57:39,573] {dag.py:2305} INFO - Setting next_dagrun for tutorial_taskflow_api_etl to None
[2021-06-20 19:57:39,588] {scheduler_job.py:190} INFO - Processing /home/airflow/.local/lib/python3.6/site-packages/airflow/example_dags/tutorial_taskflow_api_etl.py took 0.452 seconds
[2021-06-20 19:58:10,647] {scheduler_job.py:182} INFO - Started process (PID=259) to work on /home/airflow/.local/lib/python3.6/site-packages/airflow/example_dags/tutorial_taskflow_api_etl.py
[2021-06-20 19:58:10,652] {scheduler_job.py:633} INFO - Processing file /home/airflow/.local/lib/python3.6/site-packages/airflow/example_dags/tutorial_taskflow_api_etl.py for tasks to queue
[2021-06-20 19:58:10,656] {logging_mixin.py:104} INFO - [2021-06-20 19:58:10,655] {dagbag.py:487} INFO - Filling up the DagBag from /home/airflow/.local/lib/python3.6/site-packages/airflow/example_dags/tutorial_taskflow_api_etl.py
[2021-06-20 19:58:10,744] {scheduler_job.py:643} INFO - DAG(s) dict_keys(['tutorial_taskflow_api_etl']) retrieved from /home/airflow/.local/lib/python3.6/site-packages/airflow/example_dags/tutorial_taskflow_api_etl.py
[2021-06-20 19:58:12,323] {logging_mixin.py:104} INFO - [2021-06-20 19:58:12,323] {dag.py:1832} INFO - Sync 1 DAGs
[2021-06-20 19:58:12,371] {logging_mixin.py:104} INFO - [2021-06-20 19:58:12,371] {dag.py:2305} INFO - Setting next_dagrun for tutorial_taskflow_api_etl to None
[2021-06-20 19:58:12,411] {scheduler_job.py:190} INFO - Processing /home/airflow/.local/lib/python3.6/site-packages/airflow/example_dags/tutorial_taskflow_api_etl.py took 1.780 seconds
[2021-06-20 19:58:42,785] {scheduler_job.py:182} INFO - Started process (PID=327) to work on /home/airflow/.local/lib/python3.6/site-packages/airflow/example_dags/tutorial_taskflow_api_etl.py
[2021-06-20 19:58:42,794] {scheduler_job.py:633} INFO - Processing file /home/airflow/.local/lib/python3.6/site-packages/airflow/example_dags/tutorial_taskflow_api_etl.py for tasks to queue
[2021-06-20 19:58:42,798] {logging_mixin.py:104} INFO - [2021-06-20 19:58:42,798] {dagbag.py:487} INFO - Filling up the DagBag from /home/airflow/.local/lib/python3.6/site-packages/airflow/example_dags/tutorial_taskflow_api_etl.py
[2021-06-20 19:58:42,891] {scheduler_job.py:643} INFO - DAG(s) dict_keys(['tutorial_taskflow_api_etl']) retrieved from /home/airflow/.local/lib/python3.6/site-packages/airflow/example_dags/tutorial_taskflow_api_etl.py
[2021-06-20 19:58:44,345] {logging_mixin.py:104} INFO - [2021-06-20 19:58:44,345] {dag.py:1832} INFO - Sync 1 DAGs
[2021-06-20 19:58:44,390] {logging_mixin.py:104} INFO - [2021-06-20 19:58:44,389] {dag.py:2305} INFO - Setting next_dagrun for tutorial_taskflow_api_etl to None
[2021-06-20 19:58:44,457] {scheduler_job.py:190} INFO - Processing /home/airflow/.local/lib/python3.6/site-packages/airflow/example_dags/tutorial_taskflow_api_etl.py took 1.686 seconds
[2021-06-20 19:59:14,811] {scheduler_job.py:182} INFO - Started process (PID=378) to work on /home/airflow/.local/lib/python3.6/site-packages/airflow/example_dags/tutorial_taskflow_api_etl.py
[2021-06-20 19:59:14,819] {scheduler_job.py:633} INFO - Processing file /home/airflow/.local/lib/python3.6/site-packages/airflow/example_dags/tutorial_taskflow_api_etl.py for tasks to queue
[2021-06-20 19:59:14,823] {logging_mixin.py:104} INFO - [2021-06-20 19:59:14,823] {dagbag.py:487} INFO - Filling up the DagBag from /home/airflow/.local/lib/python3.6/site-packages/airflow/example_dags/tutorial_taskflow_api_etl.py
[2021-06-20 19:59:14,967] {scheduler_job.py:643} INFO - DAG(s) dict_keys(['tutorial_taskflow_api_etl']) retrieved from /home/airflow/.local/lib/python3.6/site-packages/airflow/example_dags/tutorial_taskflow_api_etl.py
[2021-06-20 19:59:16,600] {logging_mixin.py:104} INFO - [2021-06-20 19:59:16,599] {dag.py:1832} INFO - Sync 1 DAGs
[2021-06-20 19:59:16,662] {logging_mixin.py:104} INFO - [2021-06-20 19:59:16,662] {dag.py:2305} INFO - Setting next_dagrun for tutorial_taskflow_api_etl to None
[2021-06-20 19:59:16,699] {scheduler_job.py:190} INFO - Processing /home/airflow/.local/lib/python3.6/site-packages/airflow/example_dags/tutorial_taskflow_api_etl.py took 1.915 seconds
[2021-06-20 19:59:46,847] {scheduler_job.py:182} INFO - Started process (PID=445) to work on /home/airflow/.local/lib/python3.6/site-packages/airflow/example_dags/tutorial_taskflow_api_etl.py
[2021-06-20 19:59:46,853] {scheduler_job.py:633} INFO - Processing file /home/airflow/.local/lib/python3.6/site-packages/airflow/example_dags/tutorial_taskflow_api_etl.py for tasks to queue
[2021-06-20 19:59:46,857] {logging_mixin.py:104} INFO - [2021-06-20 19:59:46,856] {dagbag.py:487} INFO - Filling up the DagBag from /home/airflow/.local/lib/python3.6/site-packages/airflow/example_dags/tutorial_taskflow_api_etl.py
[2021-06-20 19:59:46,932] {scheduler_job.py:643} INFO - DAG(s) dict_keys(['tutorial_taskflow_api_etl']) retrieved from /home/airflow/.local/lib/python3.6/site-packages/airflow/example_dags/tutorial_taskflow_api_etl.py
[2021-06-20 19:59:48,282] {logging_mixin.py:104} INFO - [2021-06-20 19:59:48,281] {dag.py:1832} INFO - Sync 1 DAGs
[2021-06-20 19:59:48,343] {logging_mixin.py:104} INFO - [2021-06-20 19:59:48,342] {dag.py:2305} INFO - Setting next_dagrun for tutorial_taskflow_api_etl to None
[2021-06-20 19:59:48,380] {scheduler_job.py:190} INFO - Processing /home/airflow/.local/lib/python3.6/site-packages/airflow/example_dags/tutorial_taskflow_api_etl.py took 1.547 seconds
[2021-06-20 20:00:18,596] {scheduler_job.py:182} INFO - Started process (PID=506) to work on /home/airflow/.local/lib/python3.6/site-packages/airflow/example_dags/tutorial_taskflow_api_etl.py
[2021-06-20 20:00:18,603] {scheduler_job.py:633} INFO - Processing file /home/airflow/.local/lib/python3.6/site-packages/airflow/example_dags/tutorial_taskflow_api_etl.py for tasks to queue
[2021-06-20 20:00:18,606] {logging_mixin.py:104} INFO - [2021-06-20 20:00:18,605] {dagbag.py:487} INFO - Filling up the DagBag from /home/airflow/.local/lib/python3.6/site-packages/airflow/example_dags/tutorial_taskflow_api_etl.py
[2021-06-20 20:00:18,689] {scheduler_job.py:643} INFO - DAG(s) dict_keys(['tutorial_taskflow_api_etl']) retrieved from /home/airflow/.local/lib/python3.6/site-packages/airflow/example_dags/tutorial_taskflow_api_etl.py
[2021-06-20 20:00:18,778] {logging_mixin.py:104} INFO - [2021-06-20 20:00:18,777] {dag.py:1832} INFO - Sync 1 DAGs
[2021-06-20 20:00:18,849] {logging_mixin.py:104} INFO - [2021-06-20 20:00:18,849] {dag.py:2305} INFO - Setting next_dagrun for tutorial_taskflow_api_etl to None
[2021-06-20 20:00:18,893] {scheduler_job.py:190} INFO - Processing /home/airflow/.local/lib/python3.6/site-packages/airflow/example_dags/tutorial_taskflow_api_etl.py took 0.309 seconds
[2021-06-20 20:00:49,161] {scheduler_job.py:182} INFO - Started process (PID=562) to work on /home/airflow/.local/lib/python3.6/site-packages/airflow/example_dags/tutorial_taskflow_api_etl.py
[2021-06-20 20:00:49,167] {scheduler_job.py:633} INFO - Processing file /home/airflow/.local/lib/python3.6/site-packages/airflow/example_dags/tutorial_taskflow_api_etl.py for tasks to queue
[2021-06-20 20:00:49,171] {logging_mixin.py:104} INFO - [2021-06-20 20:00:49,170] {dagbag.py:487} INFO - Filling up the DagBag from /home/airflow/.local/lib/python3.6/site-packages/airflow/example_dags/tutorial_taskflow_api_etl.py
[2021-06-20 20:00:49,250] {scheduler_job.py:643} INFO - DAG(s) dict_keys(['tutorial_taskflow_api_etl']) retrieved from /home/airflow/.local/lib/python3.6/site-packages/airflow/example_dags/tutorial_taskflow_api_etl.py
[2021-06-20 20:00:50,502] {logging_mixin.py:104} INFO - [2021-06-20 20:00:50,502] {dag.py:1832} INFO - Sync 1 DAGs
[2021-06-20 20:00:50,547] {logging_mixin.py:104} INFO - [2021-06-20 20:00:50,547] {dag.py:2305} INFO - Setting next_dagrun for tutorial_taskflow_api_etl to None
[2021-06-20 20:00:50,586] {scheduler_job.py:190} INFO - Processing /home/airflow/.local/lib/python3.6/site-packages/airflow/example_dags/tutorial_taskflow_api_etl.py took 1.449 seconds
[2021-06-20 20:01:20,759] {scheduler_job.py:182} INFO - Started process (PID=621) to work on /home/airflow/.local/lib/python3.6/site-packages/airflow/example_dags/tutorial_taskflow_api_etl.py
[2021-06-20 20:01:20,766] {scheduler_job.py:633} INFO - Processing file /home/airflow/.local/lib/python3.6/site-packages/airflow/example_dags/tutorial_taskflow_api_etl.py for tasks to queue
[2021-06-20 20:01:20,770] {logging_mixin.py:104} INFO - [2021-06-20 20:01:20,769] {dagbag.py:487} INFO - Filling up the DagBag from /home/airflow/.local/lib/python3.6/site-packages/airflow/example_dags/tutorial_taskflow_api_etl.py
[2021-06-20 20:01:20,872] {scheduler_job.py:643} INFO - DAG(s) dict_keys(['tutorial_taskflow_api_etl']) retrieved from /home/airflow/.local/lib/python3.6/site-packages/airflow/example_dags/tutorial_taskflow_api_etl.py
[2021-06-20 20:01:22,493] {logging_mixin.py:104} INFO - [2021-06-20 20:01:22,492] {dag.py:1832} INFO - Sync 1 DAGs
[2021-06-20 20:01:22,599] {logging_mixin.py:104} INFO - [2021-06-20 20:01:22,599] {dag.py:2305} INFO - Setting next_dagrun for tutorial_taskflow_api_etl to None
[2021-06-20 20:01:22,657] {scheduler_job.py:190} INFO - Processing /home/airflow/.local/lib/python3.6/site-packages/airflow/example_dags/tutorial_taskflow_api_etl.py took 1.921 seconds
[2021-06-20 20:01:53,325] {scheduler_job.py:182} INFO - Started process (PID=676) to work on /home/airflow/.local/lib/python3.6/site-packages/airflow/example_dags/tutorial_taskflow_api_etl.py
[2021-06-20 20:01:53,333] {scheduler_job.py:633} INFO - Processing file /home/airflow/.local/lib/python3.6/site-packages/airflow/example_dags/tutorial_taskflow_api_etl.py for tasks to queue
[2021-06-20 20:01:53,337] {logging_mixin.py:104} INFO - [2021-06-20 20:01:53,336] {dagbag.py:487} INFO - Filling up the DagBag from /home/airflow/.local/lib/python3.6/site-packages/airflow/example_dags/tutorial_taskflow_api_etl.py
[2021-06-20 20:01:53,461] {scheduler_job.py:643} INFO - DAG(s) dict_keys(['tutorial_taskflow_api_etl']) retrieved from /home/airflow/.local/lib/python3.6/site-packages/airflow/example_dags/tutorial_taskflow_api_etl.py
[2021-06-20 20:01:54,961] {logging_mixin.py:104} INFO - [2021-06-20 20:01:54,961] {dag.py:1832} INFO - Sync 1 DAGs
[2021-06-20 20:01:55,029] {logging_mixin.py:104} INFO - [2021-06-20 20:01:55,028] {dag.py:2305} INFO - Setting next_dagrun for tutorial_taskflow_api_etl to None
[2021-06-20 20:01:55,103] {scheduler_job.py:190} INFO - Processing /home/airflow/.local/lib/python3.6/site-packages/airflow/example_dags/tutorial_taskflow_api_etl.py took 1.801 seconds
[2021-06-20 20:02:25,257] {scheduler_job.py:182} INFO - Started process (PID=744) to work on /home/airflow/.local/lib/python3.6/site-packages/airflow/example_dags/tutorial_taskflow_api_etl.py
[2021-06-20 20:02:25,273] {scheduler_job.py:633} INFO - Processing file /home/airflow/.local/lib/python3.6/site-packages/airflow/example_dags/tutorial_taskflow_api_etl.py for tasks to queue
[2021-06-20 20:02:25,279] {logging_mixin.py:104} INFO - [2021-06-20 20:02:25,278] {dagbag.py:487} INFO - Filling up the DagBag from /home/airflow/.local/lib/python3.6/site-packages/airflow/example_dags/tutorial_taskflow_api_etl.py
[2021-06-20 20:02:25,396] {scheduler_job.py:643} INFO - DAG(s) dict_keys(['tutorial_taskflow_api_etl']) retrieved from /home/airflow/.local/lib/python3.6/site-packages/airflow/example_dags/tutorial_taskflow_api_etl.py
[2021-06-20 20:02:27,292] {logging_mixin.py:104} INFO - [2021-06-20 20:02:27,290] {dag.py:1832} INFO - Sync 1 DAGs
[2021-06-20 20:02:27,412] {logging_mixin.py:104} INFO - [2021-06-20 20:02:27,411] {dag.py:2305} INFO - Setting next_dagrun for tutorial_taskflow_api_etl to None
[2021-06-20 20:02:27,468] {scheduler_job.py:190} INFO - Processing /home/airflow/.local/lib/python3.6/site-packages/airflow/example_dags/tutorial_taskflow_api_etl.py took 2.230 seconds
[2021-06-20 20:02:57,617] {scheduler_job.py:182} INFO - Started process (PID=802) to work on /home/airflow/.local/lib/python3.6/site-packages/airflow/example_dags/tutorial_taskflow_api_etl.py
[2021-06-20 20:02:57,631] {scheduler_job.py:633} INFO - Processing file /home/airflow/.local/lib/python3.6/site-packages/airflow/example_dags/tutorial_taskflow_api_etl.py for tasks to queue
[2021-06-20 20:02:57,646] {logging_mixin.py:104} INFO - [2021-06-20 20:02:57,640] {dagbag.py:487} INFO - Filling up the DagBag from /home/airflow/.local/lib/python3.6/site-packages/airflow/example_dags/tutorial_taskflow_api_etl.py
[2021-06-20 20:02:57,801] {scheduler_job.py:643} INFO - DAG(s) dict_keys(['tutorial_taskflow_api_etl']) retrieved from /home/airflow/.local/lib/python3.6/site-packages/airflow/example_dags/tutorial_taskflow_api_etl.py
[2021-06-20 20:03:00,465] {logging_mixin.py:104} INFO - [2021-06-20 20:03:00,464] {dag.py:1832} INFO - Sync 1 DAGs
[2021-06-20 20:03:00,541] {logging_mixin.py:104} INFO - [2021-06-20 20:03:00,541] {dag.py:2305} INFO - Setting next_dagrun for tutorial_taskflow_api_etl to None
[2021-06-20 20:03:00,607] {scheduler_job.py:190} INFO - Processing /home/airflow/.local/lib/python3.6/site-packages/airflow/example_dags/tutorial_taskflow_api_etl.py took 3.036 seconds
[2021-06-20 20:03:30,717] {scheduler_job.py:182} INFO - Started process (PID=861) to work on /home/airflow/.local/lib/python3.6/site-packages/airflow/example_dags/tutorial_taskflow_api_etl.py
[2021-06-20 20:03:30,726] {scheduler_job.py:633} INFO - Processing file /home/airflow/.local/lib/python3.6/site-packages/airflow/example_dags/tutorial_taskflow_api_etl.py for tasks to queue
[2021-06-20 20:03:30,730] {logging_mixin.py:104} INFO - [2021-06-20 20:03:30,729] {dagbag.py:487} INFO - Filling up the DagBag from /home/airflow/.local/lib/python3.6/site-packages/airflow/example_dags/tutorial_taskflow_api_etl.py
[2021-06-20 20:03:30,832] {scheduler_job.py:643} INFO - DAG(s) dict_keys(['tutorial_taskflow_api_etl']) retrieved from /home/airflow/.local/lib/python3.6/site-packages/airflow/example_dags/tutorial_taskflow_api_etl.py
[2021-06-20 20:03:32,738] {logging_mixin.py:104} INFO - [2021-06-20 20:03:32,737] {dag.py:1832} INFO - Sync 1 DAGs
[2021-06-20 20:03:32,866] {logging_mixin.py:104} INFO - [2021-06-20 20:03:32,866] {dag.py:2305} INFO - Setting next_dagrun for tutorial_taskflow_api_etl to None
[2021-06-20 20:03:32,954] {scheduler_job.py:190} INFO - Processing /home/airflow/.local/lib/python3.6/site-packages/airflow/example_dags/tutorial_taskflow_api_etl.py took 2.258 seconds
[2021-06-20 20:04:04,207] {scheduler_job.py:182} INFO - Started process (PID=921) to work on /home/airflow/.local/lib/python3.6/site-packages/airflow/example_dags/tutorial_taskflow_api_etl.py
[2021-06-20 20:04:04,215] {scheduler_job.py:633} INFO - Processing file /home/airflow/.local/lib/python3.6/site-packages/airflow/example_dags/tutorial_taskflow_api_etl.py for tasks to queue
[2021-06-20 20:04:04,223] {logging_mixin.py:104} INFO - [2021-06-20 20:04:04,222] {dagbag.py:487} INFO - Filling up the DagBag from /home/airflow/.local/lib/python3.6/site-packages/airflow/example_dags/tutorial_taskflow_api_etl.py
[2021-06-20 20:04:04,394] {scheduler_job.py:643} INFO - DAG(s) dict_keys(['tutorial_taskflow_api_etl']) retrieved from /home/airflow/.local/lib/python3.6/site-packages/airflow/example_dags/tutorial_taskflow_api_etl.py
[2021-06-20 20:04:07,068] {logging_mixin.py:104} INFO - [2021-06-20 20:04:07,067] {dag.py:1832} INFO - Sync 1 DAGs
[2021-06-20 20:04:07,140] {logging_mixin.py:104} INFO - [2021-06-20 20:04:07,140] {dag.py:2305} INFO - Setting next_dagrun for tutorial_taskflow_api_etl to None
[2021-06-20 20:04:07,193] {scheduler_job.py:190} INFO - Processing /home/airflow/.local/lib/python3.6/site-packages/airflow/example_dags/tutorial_taskflow_api_etl.py took 3.009 seconds
[2021-06-20 20:04:37,943] {scheduler_job.py:182} INFO - Started process (PID=989) to work on /home/airflow/.local/lib/python3.6/site-packages/airflow/example_dags/tutorial_taskflow_api_etl.py
[2021-06-20 20:04:37,951] {scheduler_job.py:633} INFO - Processing file /home/airflow/.local/lib/python3.6/site-packages/airflow/example_dags/tutorial_taskflow_api_etl.py for tasks to queue
[2021-06-20 20:04:37,957] {logging_mixin.py:104} INFO - [2021-06-20 20:04:37,956] {dagbag.py:487} INFO - Filling up the DagBag from /home/airflow/.local/lib/python3.6/site-packages/airflow/example_dags/tutorial_taskflow_api_etl.py
[2021-06-20 20:04:38,098] {scheduler_job.py:643} INFO - DAG(s) dict_keys(['tutorial_taskflow_api_etl']) retrieved from /home/airflow/.local/lib/python3.6/site-packages/airflow/example_dags/tutorial_taskflow_api_etl.py
[2021-06-20 20:04:40,301] {logging_mixin.py:104} INFO - [2021-06-20 20:04:40,300] {dag.py:1832} INFO - Sync 1 DAGs
[2021-06-20 20:04:40,458] {logging_mixin.py:104} INFO - [2021-06-20 20:04:40,457] {dag.py:2305} INFO - Setting next_dagrun for tutorial_taskflow_api_etl to None
[2021-06-20 20:04:40,507] {scheduler_job.py:190} INFO - Processing /home/airflow/.local/lib/python3.6/site-packages/airflow/example_dags/tutorial_taskflow_api_etl.py took 2.589 seconds
