[2021-06-20 19:57:06,390] {scheduler_job.py:182} INFO - Started process (PID=103) to work on /home/airflow/.local/lib/python3.6/site-packages/airflow/example_dags/tutorial.py
[2021-06-20 19:57:06,391] {scheduler_job.py:633} INFO - Processing file /home/airflow/.local/lib/python3.6/site-packages/airflow/example_dags/tutorial.py for tasks to queue
[2021-06-20 19:57:06,392] {logging_mixin.py:104} INFO - [2021-06-20 19:57:06,392] {dagbag.py:487} INFO - Filling up the DagBag from /home/airflow/.local/lib/python3.6/site-packages/airflow/example_dags/tutorial.py
[2021-06-20 19:57:06,406] {scheduler_job.py:643} INFO - DAG(s) dict_keys(['tutorial']) retrieved from /home/airflow/.local/lib/python3.6/site-packages/airflow/example_dags/tutorial.py
[2021-06-20 19:57:09,159] {logging_mixin.py:104} INFO - [2021-06-20 19:57:09,158] {dag.py:1832} INFO - Sync 1 DAGs
[2021-06-20 19:57:09,171] {logging_mixin.py:104} INFO - [2021-06-20 19:57:09,170] {dag.py:1851} INFO - Creating ORM DAG for tutorial
[2021-06-20 19:57:09,176] {logging_mixin.py:104} INFO - [2021-06-20 19:57:09,176] {dag.py:2305} INFO - Setting next_dagrun for tutorial to 2021-06-18 00:00:00+00:00
[2021-06-20 19:57:09,189] {scheduler_job.py:190} INFO - Processing /home/airflow/.local/lib/python3.6/site-packages/airflow/example_dags/tutorial.py took 2.803 seconds
[2021-06-20 19:57:39,628] {scheduler_job.py:182} INFO - Started process (PID=194) to work on /home/airflow/.local/lib/python3.6/site-packages/airflow/example_dags/tutorial.py
[2021-06-20 19:57:39,630] {scheduler_job.py:633} INFO - Processing file /home/airflow/.local/lib/python3.6/site-packages/airflow/example_dags/tutorial.py for tasks to queue
[2021-06-20 19:57:39,631] {logging_mixin.py:104} INFO - [2021-06-20 19:57:39,631] {dagbag.py:487} INFO - Filling up the DagBag from /home/airflow/.local/lib/python3.6/site-packages/airflow/example_dags/tutorial.py
[2021-06-20 19:57:39,648] {scheduler_job.py:643} INFO - DAG(s) dict_keys(['tutorial']) retrieved from /home/airflow/.local/lib/python3.6/site-packages/airflow/example_dags/tutorial.py
[2021-06-20 19:57:39,676] {logging_mixin.py:104} INFO - [2021-06-20 19:57:39,676] {dag.py:1832} INFO - Sync 1 DAGs
[2021-06-20 19:57:39,700] {logging_mixin.py:104} INFO - [2021-06-20 19:57:39,700] {dag.py:2305} INFO - Setting next_dagrun for tutorial to 2021-06-18 00:00:00+00:00
[2021-06-20 19:57:39,715] {scheduler_job.py:190} INFO - Processing /home/airflow/.local/lib/python3.6/site-packages/airflow/example_dags/tutorial.py took 0.091 seconds
[2021-06-20 19:58:10,646] {scheduler_job.py:182} INFO - Started process (PID=260) to work on /home/airflow/.local/lib/python3.6/site-packages/airflow/example_dags/tutorial.py
[2021-06-20 19:58:10,651] {scheduler_job.py:633} INFO - Processing file /home/airflow/.local/lib/python3.6/site-packages/airflow/example_dags/tutorial.py for tasks to queue
[2021-06-20 19:58:10,656] {logging_mixin.py:104} INFO - [2021-06-20 19:58:10,655] {dagbag.py:487} INFO - Filling up the DagBag from /home/airflow/.local/lib/python3.6/site-packages/airflow/example_dags/tutorial.py
[2021-06-20 19:58:10,718] {scheduler_job.py:643} INFO - DAG(s) dict_keys(['tutorial']) retrieved from /home/airflow/.local/lib/python3.6/site-packages/airflow/example_dags/tutorial.py
[2021-06-20 19:58:10,825] {logging_mixin.py:104} INFO - [2021-06-20 19:58:10,824] {dag.py:1832} INFO - Sync 1 DAGs
[2021-06-20 19:58:10,949] {logging_mixin.py:104} INFO - [2021-06-20 19:58:10,948] {dag.py:2305} INFO - Setting next_dagrun for tutorial to 2021-06-18 00:00:00+00:00
[2021-06-20 19:58:11,006] {scheduler_job.py:190} INFO - Processing /home/airflow/.local/lib/python3.6/site-packages/airflow/example_dags/tutorial.py took 0.374 seconds
[2021-06-20 19:58:41,667] {scheduler_job.py:182} INFO - Started process (PID=319) to work on /home/airflow/.local/lib/python3.6/site-packages/airflow/example_dags/tutorial.py
[2021-06-20 19:58:41,675] {scheduler_job.py:633} INFO - Processing file /home/airflow/.local/lib/python3.6/site-packages/airflow/example_dags/tutorial.py for tasks to queue
[2021-06-20 19:58:41,678] {logging_mixin.py:104} INFO - [2021-06-20 19:58:41,678] {dagbag.py:487} INFO - Filling up the DagBag from /home/airflow/.local/lib/python3.6/site-packages/airflow/example_dags/tutorial.py
[2021-06-20 19:58:41,726] {scheduler_job.py:643} INFO - DAG(s) dict_keys(['tutorial']) retrieved from /home/airflow/.local/lib/python3.6/site-packages/airflow/example_dags/tutorial.py
[2021-06-20 19:58:41,812] {logging_mixin.py:104} INFO - [2021-06-20 19:58:41,812] {dag.py:1832} INFO - Sync 1 DAGs
[2021-06-20 19:58:41,877] {logging_mixin.py:104} INFO - [2021-06-20 19:58:41,877] {dag.py:2305} INFO - Setting next_dagrun for tutorial to 2021-06-18 00:00:00+00:00
[2021-06-20 19:58:41,913] {scheduler_job.py:190} INFO - Processing /home/airflow/.local/lib/python3.6/site-packages/airflow/example_dags/tutorial.py took 0.259 seconds
[2021-06-20 19:59:12,825] {scheduler_job.py:182} INFO - Started process (PID=375) to work on /home/airflow/.local/lib/python3.6/site-packages/airflow/example_dags/tutorial.py
[2021-06-20 19:59:12,833] {scheduler_job.py:633} INFO - Processing file /home/airflow/.local/lib/python3.6/site-packages/airflow/example_dags/tutorial.py for tasks to queue
[2021-06-20 19:59:12,842] {logging_mixin.py:104} INFO - [2021-06-20 19:59:12,842] {dagbag.py:487} INFO - Filling up the DagBag from /home/airflow/.local/lib/python3.6/site-packages/airflow/example_dags/tutorial.py
[2021-06-20 19:59:12,912] {scheduler_job.py:643} INFO - DAG(s) dict_keys(['tutorial']) retrieved from /home/airflow/.local/lib/python3.6/site-packages/airflow/example_dags/tutorial.py
[2021-06-20 19:59:13,000] {logging_mixin.py:104} INFO - [2021-06-20 19:59:12,999] {dag.py:1832} INFO - Sync 1 DAGs
[2021-06-20 19:59:13,089] {logging_mixin.py:104} INFO - [2021-06-20 19:59:13,089] {dag.py:2305} INFO - Setting next_dagrun for tutorial to 2021-06-18 00:00:00+00:00
[2021-06-20 19:59:13,133] {scheduler_job.py:190} INFO - Processing /home/airflow/.local/lib/python3.6/site-packages/airflow/example_dags/tutorial.py took 0.330 seconds
[2021-06-20 19:59:43,467] {scheduler_job.py:182} INFO - Started process (PID=442) to work on /home/airflow/.local/lib/python3.6/site-packages/airflow/example_dags/tutorial.py
[2021-06-20 19:59:43,472] {scheduler_job.py:633} INFO - Processing file /home/airflow/.local/lib/python3.6/site-packages/airflow/example_dags/tutorial.py for tasks to queue
[2021-06-20 19:59:43,476] {logging_mixin.py:104} INFO - [2021-06-20 19:59:43,475] {dagbag.py:487} INFO - Filling up the DagBag from /home/airflow/.local/lib/python3.6/site-packages/airflow/example_dags/tutorial.py
[2021-06-20 19:59:43,523] {scheduler_job.py:643} INFO - DAG(s) dict_keys(['tutorial']) retrieved from /home/airflow/.local/lib/python3.6/site-packages/airflow/example_dags/tutorial.py
[2021-06-20 19:59:43,615] {logging_mixin.py:104} INFO - [2021-06-20 19:59:43,615] {dag.py:1832} INFO - Sync 1 DAGs
[2021-06-20 19:59:43,678] {logging_mixin.py:104} INFO - [2021-06-20 19:59:43,678] {dag.py:2305} INFO - Setting next_dagrun for tutorial to 2021-06-18 00:00:00+00:00
[2021-06-20 19:59:43,713] {scheduler_job.py:190} INFO - Processing /home/airflow/.local/lib/python3.6/site-packages/airflow/example_dags/tutorial.py took 0.265 seconds
[2021-06-20 20:00:13,872] {scheduler_job.py:182} INFO - Started process (PID=491) to work on /home/airflow/.local/lib/python3.6/site-packages/airflow/example_dags/tutorial.py
[2021-06-20 20:00:13,881] {scheduler_job.py:633} INFO - Processing file /home/airflow/.local/lib/python3.6/site-packages/airflow/example_dags/tutorial.py for tasks to queue
[2021-06-20 20:00:13,887] {logging_mixin.py:104} INFO - [2021-06-20 20:00:13,886] {dagbag.py:487} INFO - Filling up the DagBag from /home/airflow/.local/lib/python3.6/site-packages/airflow/example_dags/tutorial.py
[2021-06-20 20:00:13,986] {scheduler_job.py:643} INFO - DAG(s) dict_keys(['tutorial']) retrieved from /home/airflow/.local/lib/python3.6/site-packages/airflow/example_dags/tutorial.py
[2021-06-20 20:00:14,146] {logging_mixin.py:104} INFO - [2021-06-20 20:00:14,145] {dag.py:1832} INFO - Sync 1 DAGs
[2021-06-20 20:00:14,248] {logging_mixin.py:104} INFO - [2021-06-20 20:00:14,248] {dag.py:2305} INFO - Setting next_dagrun for tutorial to 2021-06-18 00:00:00+00:00
[2021-06-20 20:00:14,297] {scheduler_job.py:190} INFO - Processing /home/airflow/.local/lib/python3.6/site-packages/airflow/example_dags/tutorial.py took 0.458 seconds
[2021-06-20 20:00:44,957] {scheduler_job.py:182} INFO - Started process (PID=557) to work on /home/airflow/.local/lib/python3.6/site-packages/airflow/example_dags/tutorial.py
[2021-06-20 20:00:44,963] {scheduler_job.py:633} INFO - Processing file /home/airflow/.local/lib/python3.6/site-packages/airflow/example_dags/tutorial.py for tasks to queue
[2021-06-20 20:00:44,966] {logging_mixin.py:104} INFO - [2021-06-20 20:00:44,966] {dagbag.py:487} INFO - Filling up the DagBag from /home/airflow/.local/lib/python3.6/site-packages/airflow/example_dags/tutorial.py
[2021-06-20 20:00:45,043] {scheduler_job.py:643} INFO - DAG(s) dict_keys(['tutorial']) retrieved from /home/airflow/.local/lib/python3.6/site-packages/airflow/example_dags/tutorial.py
[2021-06-20 20:00:45,134] {logging_mixin.py:104} INFO - [2021-06-20 20:00:45,133] {dag.py:1832} INFO - Sync 1 DAGs
[2021-06-20 20:00:45,217] {logging_mixin.py:104} INFO - [2021-06-20 20:00:45,217] {dag.py:2305} INFO - Setting next_dagrun for tutorial to 2021-06-18 00:00:00+00:00
[2021-06-20 20:00:45,258] {scheduler_job.py:190} INFO - Processing /home/airflow/.local/lib/python3.6/site-packages/airflow/example_dags/tutorial.py took 0.318 seconds
[2021-06-20 20:01:16,274] {scheduler_job.py:182} INFO - Started process (PID=615) to work on /home/airflow/.local/lib/python3.6/site-packages/airflow/example_dags/tutorial.py
[2021-06-20 20:01:16,293] {scheduler_job.py:633} INFO - Processing file /home/airflow/.local/lib/python3.6/site-packages/airflow/example_dags/tutorial.py for tasks to queue
[2021-06-20 20:01:16,301] {logging_mixin.py:104} INFO - [2021-06-20 20:01:16,299] {dagbag.py:487} INFO - Filling up the DagBag from /home/airflow/.local/lib/python3.6/site-packages/airflow/example_dags/tutorial.py
[2021-06-20 20:01:16,418] {scheduler_job.py:643} INFO - DAG(s) dict_keys(['tutorial']) retrieved from /home/airflow/.local/lib/python3.6/site-packages/airflow/example_dags/tutorial.py
[2021-06-20 20:01:16,549] {logging_mixin.py:104} INFO - [2021-06-20 20:01:16,548] {dag.py:1832} INFO - Sync 1 DAGs
[2021-06-20 20:01:16,691] {logging_mixin.py:104} INFO - [2021-06-20 20:01:16,690] {dag.py:2305} INFO - Setting next_dagrun for tutorial to 2021-06-18 00:00:00+00:00
[2021-06-20 20:01:16,740] {scheduler_job.py:190} INFO - Processing /home/airflow/.local/lib/python3.6/site-packages/airflow/example_dags/tutorial.py took 0.594 seconds
[2021-06-20 20:01:47,149] {scheduler_job.py:182} INFO - Started process (PID=670) to work on /home/airflow/.local/lib/python3.6/site-packages/airflow/example_dags/tutorial.py
[2021-06-20 20:01:47,156] {scheduler_job.py:633} INFO - Processing file /home/airflow/.local/lib/python3.6/site-packages/airflow/example_dags/tutorial.py for tasks to queue
[2021-06-20 20:01:47,160] {logging_mixin.py:104} INFO - [2021-06-20 20:01:47,160] {dagbag.py:487} INFO - Filling up the DagBag from /home/airflow/.local/lib/python3.6/site-packages/airflow/example_dags/tutorial.py
[2021-06-20 20:01:47,232] {scheduler_job.py:643} INFO - DAG(s) dict_keys(['tutorial']) retrieved from /home/airflow/.local/lib/python3.6/site-packages/airflow/example_dags/tutorial.py
[2021-06-20 20:01:47,350] {logging_mixin.py:104} INFO - [2021-06-20 20:01:47,350] {dag.py:1832} INFO - Sync 1 DAGs
[2021-06-20 20:01:47,445] {logging_mixin.py:104} INFO - [2021-06-20 20:01:47,444] {dag.py:2305} INFO - Setting next_dagrun for tutorial to 2021-06-18 00:00:00+00:00
[2021-06-20 20:01:47,508] {scheduler_job.py:190} INFO - Processing /home/airflow/.local/lib/python3.6/site-packages/airflow/example_dags/tutorial.py took 0.377 seconds
[2021-06-20 20:02:17,754] {scheduler_job.py:182} INFO - Started process (PID=728) to work on /home/airflow/.local/lib/python3.6/site-packages/airflow/example_dags/tutorial.py
[2021-06-20 20:02:17,761] {scheduler_job.py:633} INFO - Processing file /home/airflow/.local/lib/python3.6/site-packages/airflow/example_dags/tutorial.py for tasks to queue
[2021-06-20 20:02:17,766] {logging_mixin.py:104} INFO - [2021-06-20 20:02:17,765] {dagbag.py:487} INFO - Filling up the DagBag from /home/airflow/.local/lib/python3.6/site-packages/airflow/example_dags/tutorial.py
[2021-06-20 20:02:17,853] {scheduler_job.py:643} INFO - DAG(s) dict_keys(['tutorial']) retrieved from /home/airflow/.local/lib/python3.6/site-packages/airflow/example_dags/tutorial.py
[2021-06-20 20:02:17,973] {logging_mixin.py:104} INFO - [2021-06-20 20:02:17,972] {dag.py:1832} INFO - Sync 1 DAGs
[2021-06-20 20:02:18,046] {logging_mixin.py:104} INFO - [2021-06-20 20:02:18,046] {dag.py:2305} INFO - Setting next_dagrun for tutorial to 2021-06-18 00:00:00+00:00
[2021-06-20 20:02:18,085] {scheduler_job.py:190} INFO - Processing /home/airflow/.local/lib/python3.6/site-packages/airflow/example_dags/tutorial.py took 0.354 seconds
[2021-06-20 20:02:48,509] {scheduler_job.py:182} INFO - Started process (PID=783) to work on /home/airflow/.local/lib/python3.6/site-packages/airflow/example_dags/tutorial.py
[2021-06-20 20:02:48,516] {scheduler_job.py:633} INFO - Processing file /home/airflow/.local/lib/python3.6/site-packages/airflow/example_dags/tutorial.py for tasks to queue
[2021-06-20 20:02:48,520] {logging_mixin.py:104} INFO - [2021-06-20 20:02:48,519] {dagbag.py:487} INFO - Filling up the DagBag from /home/airflow/.local/lib/python3.6/site-packages/airflow/example_dags/tutorial.py
[2021-06-20 20:02:48,590] {scheduler_job.py:643} INFO - DAG(s) dict_keys(['tutorial']) retrieved from /home/airflow/.local/lib/python3.6/site-packages/airflow/example_dags/tutorial.py
[2021-06-20 20:02:48,711] {logging_mixin.py:104} INFO - [2021-06-20 20:02:48,710] {dag.py:1832} INFO - Sync 1 DAGs
[2021-06-20 20:02:48,825] {logging_mixin.py:104} INFO - [2021-06-20 20:02:48,824] {dag.py:2305} INFO - Setting next_dagrun for tutorial to 2021-06-18 00:00:00+00:00
[2021-06-20 20:02:48,867] {scheduler_job.py:190} INFO - Processing /home/airflow/.local/lib/python3.6/site-packages/airflow/example_dags/tutorial.py took 0.379 seconds
[2021-06-20 20:03:19,473] {scheduler_job.py:182} INFO - Started process (PID=843) to work on /home/airflow/.local/lib/python3.6/site-packages/airflow/example_dags/tutorial.py
[2021-06-20 20:03:19,480] {scheduler_job.py:633} INFO - Processing file /home/airflow/.local/lib/python3.6/site-packages/airflow/example_dags/tutorial.py for tasks to queue
[2021-06-20 20:03:19,484] {logging_mixin.py:104} INFO - [2021-06-20 20:03:19,484] {dagbag.py:487} INFO - Filling up the DagBag from /home/airflow/.local/lib/python3.6/site-packages/airflow/example_dags/tutorial.py
[2021-06-20 20:03:19,545] {scheduler_job.py:643} INFO - DAG(s) dict_keys(['tutorial']) retrieved from /home/airflow/.local/lib/python3.6/site-packages/airflow/example_dags/tutorial.py
[2021-06-20 20:03:19,651] {logging_mixin.py:104} INFO - [2021-06-20 20:03:19,650] {dag.py:1832} INFO - Sync 1 DAGs
[2021-06-20 20:03:19,748] {logging_mixin.py:104} INFO - [2021-06-20 20:03:19,747] {dag.py:2305} INFO - Setting next_dagrun for tutorial to 2021-06-18 00:00:00+00:00
[2021-06-20 20:03:19,798] {scheduler_job.py:190} INFO - Processing /home/airflow/.local/lib/python3.6/site-packages/airflow/example_dags/tutorial.py took 0.343 seconds
[2021-06-20 20:03:50,777] {scheduler_job.py:182} INFO - Started process (PID=899) to work on /home/airflow/.local/lib/python3.6/site-packages/airflow/example_dags/tutorial.py
[2021-06-20 20:03:50,784] {scheduler_job.py:633} INFO - Processing file /home/airflow/.local/lib/python3.6/site-packages/airflow/example_dags/tutorial.py for tasks to queue
[2021-06-20 20:03:50,789] {logging_mixin.py:104} INFO - [2021-06-20 20:03:50,788] {dagbag.py:487} INFO - Filling up the DagBag from /home/airflow/.local/lib/python3.6/site-packages/airflow/example_dags/tutorial.py
[2021-06-20 20:03:50,933] {scheduler_job.py:643} INFO - DAG(s) dict_keys(['tutorial']) retrieved from /home/airflow/.local/lib/python3.6/site-packages/airflow/example_dags/tutorial.py
[2021-06-20 20:03:51,064] {logging_mixin.py:104} INFO - [2021-06-20 20:03:51,064] {dag.py:1832} INFO - Sync 1 DAGs
[2021-06-20 20:03:51,160] {logging_mixin.py:104} INFO - [2021-06-20 20:03:51,159] {dag.py:2305} INFO - Setting next_dagrun for tutorial to 2021-06-18 00:00:00+00:00
[2021-06-20 20:03:51,209] {scheduler_job.py:190} INFO - Processing /home/airflow/.local/lib/python3.6/site-packages/airflow/example_dags/tutorial.py took 0.458 seconds
[2021-06-20 20:04:21,337] {scheduler_job.py:182} INFO - Started process (PID=957) to work on /home/airflow/.local/lib/python3.6/site-packages/airflow/example_dags/tutorial.py
[2021-06-20 20:04:21,344] {scheduler_job.py:633} INFO - Processing file /home/airflow/.local/lib/python3.6/site-packages/airflow/example_dags/tutorial.py for tasks to queue
[2021-06-20 20:04:21,348] {logging_mixin.py:104} INFO - [2021-06-20 20:04:21,347] {dagbag.py:487} INFO - Filling up the DagBag from /home/airflow/.local/lib/python3.6/site-packages/airflow/example_dags/tutorial.py
[2021-06-20 20:04:21,425] {scheduler_job.py:643} INFO - DAG(s) dict_keys(['tutorial']) retrieved from /home/airflow/.local/lib/python3.6/site-packages/airflow/example_dags/tutorial.py
[2021-06-20 20:04:21,529] {logging_mixin.py:104} INFO - [2021-06-20 20:04:21,528] {dag.py:1832} INFO - Sync 1 DAGs
[2021-06-20 20:04:21,625] {logging_mixin.py:104} INFO - [2021-06-20 20:04:21,625] {dag.py:2305} INFO - Setting next_dagrun for tutorial to 2021-06-18 00:00:00+00:00
[2021-06-20 20:04:21,669] {scheduler_job.py:190} INFO - Processing /home/airflow/.local/lib/python3.6/site-packages/airflow/example_dags/tutorial.py took 0.347 seconds
