[2021-06-20 19:56:57,697] {scheduler_job.py:182} INFO - Started process (PID=85) to work on /home/airflow/.local/lib/python3.6/site-packages/airflow/example_dags/tutorial_etl_dag.py
[2021-06-20 19:56:57,699] {scheduler_job.py:633} INFO - Processing file /home/airflow/.local/lib/python3.6/site-packages/airflow/example_dags/tutorial_etl_dag.py for tasks to queue
[2021-06-20 19:56:57,701] {logging_mixin.py:104} INFO - [2021-06-20 19:56:57,700] {dagbag.py:487} INFO - Filling up the DagBag from /home/airflow/.local/lib/python3.6/site-packages/airflow/example_dags/tutorial_etl_dag.py
[2021-06-20 19:56:57,720] {scheduler_job.py:643} INFO - DAG(s) dict_keys(['tutorial_etl_dag']) retrieved from /home/airflow/.local/lib/python3.6/site-packages/airflow/example_dags/tutorial_etl_dag.py
[2021-06-20 19:57:02,782] {logging_mixin.py:104} INFO - [2021-06-20 19:57:02,780] {dag.py:1832} INFO - Sync 1 DAGs
[2021-06-20 19:57:02,798] {logging_mixin.py:104} INFO - [2021-06-20 19:57:02,796] {dag.py:1851} INFO - Creating ORM DAG for tutorial_etl_dag
[2021-06-20 19:57:02,806] {logging_mixin.py:104} INFO - [2021-06-20 19:57:02,806] {dag.py:2305} INFO - Setting next_dagrun for tutorial_etl_dag to None
[2021-06-20 19:57:02,822] {scheduler_job.py:190} INFO - Processing /home/airflow/.local/lib/python3.6/site-packages/airflow/example_dags/tutorial_etl_dag.py took 5.131 seconds
[2021-06-20 19:57:32,958] {scheduler_job.py:182} INFO - Started process (PID=190) to work on /home/airflow/.local/lib/python3.6/site-packages/airflow/example_dags/tutorial_etl_dag.py
[2021-06-20 19:57:32,960] {scheduler_job.py:633} INFO - Processing file /home/airflow/.local/lib/python3.6/site-packages/airflow/example_dags/tutorial_etl_dag.py for tasks to queue
[2021-06-20 19:57:32,961] {logging_mixin.py:104} INFO - [2021-06-20 19:57:32,961] {dagbag.py:487} INFO - Filling up the DagBag from /home/airflow/.local/lib/python3.6/site-packages/airflow/example_dags/tutorial_etl_dag.py
[2021-06-20 19:57:32,972] {scheduler_job.py:643} INFO - DAG(s) dict_keys(['tutorial_etl_dag']) retrieved from /home/airflow/.local/lib/python3.6/site-packages/airflow/example_dags/tutorial_etl_dag.py
[2021-06-20 19:57:32,995] {logging_mixin.py:104} INFO - [2021-06-20 19:57:32,995] {dag.py:1832} INFO - Sync 1 DAGs
[2021-06-20 19:57:33,010] {logging_mixin.py:104} INFO - [2021-06-20 19:57:33,010] {dag.py:2305} INFO - Setting next_dagrun for tutorial_etl_dag to None
[2021-06-20 19:57:33,026] {scheduler_job.py:190} INFO - Processing /home/airflow/.local/lib/python3.6/site-packages/airflow/example_dags/tutorial_etl_dag.py took 0.072 seconds
[2021-06-20 19:58:03,864] {scheduler_job.py:182} INFO - Started process (PID=256) to work on /home/airflow/.local/lib/python3.6/site-packages/airflow/example_dags/tutorial_etl_dag.py
[2021-06-20 19:58:03,869] {scheduler_job.py:633} INFO - Processing file /home/airflow/.local/lib/python3.6/site-packages/airflow/example_dags/tutorial_etl_dag.py for tasks to queue
[2021-06-20 19:58:03,874] {logging_mixin.py:104} INFO - [2021-06-20 19:58:03,873] {dagbag.py:487} INFO - Filling up the DagBag from /home/airflow/.local/lib/python3.6/site-packages/airflow/example_dags/tutorial_etl_dag.py
[2021-06-20 19:58:03,928] {scheduler_job.py:643} INFO - DAG(s) dict_keys(['tutorial_etl_dag']) retrieved from /home/airflow/.local/lib/python3.6/site-packages/airflow/example_dags/tutorial_etl_dag.py
[2021-06-20 19:58:04,012] {logging_mixin.py:104} INFO - [2021-06-20 19:58:04,012] {dag.py:1832} INFO - Sync 1 DAGs
[2021-06-20 19:58:04,081] {logging_mixin.py:104} INFO - [2021-06-20 19:58:04,080] {dag.py:2305} INFO - Setting next_dagrun for tutorial_etl_dag to None
[2021-06-20 19:58:04,117] {scheduler_job.py:190} INFO - Processing /home/airflow/.local/lib/python3.6/site-packages/airflow/example_dags/tutorial_etl_dag.py took 0.270 seconds
[2021-06-20 19:58:36,763] {scheduler_job.py:182} INFO - Started process (PID=315) to work on /home/airflow/.local/lib/python3.6/site-packages/airflow/example_dags/tutorial_etl_dag.py
[2021-06-20 19:58:36,771] {scheduler_job.py:633} INFO - Processing file /home/airflow/.local/lib/python3.6/site-packages/airflow/example_dags/tutorial_etl_dag.py for tasks to queue
[2021-06-20 19:58:36,776] {logging_mixin.py:104} INFO - [2021-06-20 19:58:36,775] {dagbag.py:487} INFO - Filling up the DagBag from /home/airflow/.local/lib/python3.6/site-packages/airflow/example_dags/tutorial_etl_dag.py
[2021-06-20 19:58:36,845] {scheduler_job.py:643} INFO - DAG(s) dict_keys(['tutorial_etl_dag']) retrieved from /home/airflow/.local/lib/python3.6/site-packages/airflow/example_dags/tutorial_etl_dag.py
[2021-06-20 19:58:36,952] {logging_mixin.py:104} INFO - [2021-06-20 19:58:36,952] {dag.py:1832} INFO - Sync 1 DAGs
[2021-06-20 19:58:37,077] {logging_mixin.py:104} INFO - [2021-06-20 19:58:37,077] {dag.py:2305} INFO - Setting next_dagrun for tutorial_etl_dag to None
[2021-06-20 19:58:37,130] {scheduler_job.py:190} INFO - Processing /home/airflow/.local/lib/python3.6/site-packages/airflow/example_dags/tutorial_etl_dag.py took 0.399 seconds
[2021-06-20 19:59:08,424] {scheduler_job.py:182} INFO - Started process (PID=372) to work on /home/airflow/.local/lib/python3.6/site-packages/airflow/example_dags/tutorial_etl_dag.py
[2021-06-20 19:59:08,433] {scheduler_job.py:633} INFO - Processing file /home/airflow/.local/lib/python3.6/site-packages/airflow/example_dags/tutorial_etl_dag.py for tasks to queue
[2021-06-20 19:59:08,437] {logging_mixin.py:104} INFO - [2021-06-20 19:59:08,436] {dagbag.py:487} INFO - Filling up the DagBag from /home/airflow/.local/lib/python3.6/site-packages/airflow/example_dags/tutorial_etl_dag.py
[2021-06-20 19:59:08,493] {scheduler_job.py:643} INFO - DAG(s) dict_keys(['tutorial_etl_dag']) retrieved from /home/airflow/.local/lib/python3.6/site-packages/airflow/example_dags/tutorial_etl_dag.py
[2021-06-20 19:59:08,580] {logging_mixin.py:104} INFO - [2021-06-20 19:59:08,580] {dag.py:1832} INFO - Sync 1 DAGs
[2021-06-20 19:59:08,679] {logging_mixin.py:104} INFO - [2021-06-20 19:59:08,679] {dag.py:2305} INFO - Setting next_dagrun for tutorial_etl_dag to None
[2021-06-20 19:59:08,726] {scheduler_job.py:190} INFO - Processing /home/airflow/.local/lib/python3.6/site-packages/airflow/example_dags/tutorial_etl_dag.py took 0.318 seconds
[2021-06-20 19:59:41,124] {scheduler_job.py:182} INFO - Started process (PID=432) to work on /home/airflow/.local/lib/python3.6/site-packages/airflow/example_dags/tutorial_etl_dag.py
[2021-06-20 19:59:41,134] {scheduler_job.py:633} INFO - Processing file /home/airflow/.local/lib/python3.6/site-packages/airflow/example_dags/tutorial_etl_dag.py for tasks to queue
[2021-06-20 19:59:41,139] {logging_mixin.py:104} INFO - [2021-06-20 19:59:41,138] {dagbag.py:487} INFO - Filling up the DagBag from /home/airflow/.local/lib/python3.6/site-packages/airflow/example_dags/tutorial_etl_dag.py
[2021-06-20 19:59:41,216] {scheduler_job.py:643} INFO - DAG(s) dict_keys(['tutorial_etl_dag']) retrieved from /home/airflow/.local/lib/python3.6/site-packages/airflow/example_dags/tutorial_etl_dag.py
[2021-06-20 19:59:41,361] {logging_mixin.py:104} INFO - [2021-06-20 19:59:41,360] {dag.py:1832} INFO - Sync 1 DAGs
[2021-06-20 19:59:41,470] {logging_mixin.py:104} INFO - [2021-06-20 19:59:41,469] {dag.py:2305} INFO - Setting next_dagrun for tutorial_etl_dag to None
[2021-06-20 19:59:41,546] {scheduler_job.py:190} INFO - Processing /home/airflow/.local/lib/python3.6/site-packages/airflow/example_dags/tutorial_etl_dag.py took 0.454 seconds
[2021-06-20 20:00:11,892] {scheduler_job.py:182} INFO - Started process (PID=487) to work on /home/airflow/.local/lib/python3.6/site-packages/airflow/example_dags/tutorial_etl_dag.py
[2021-06-20 20:00:11,899] {scheduler_job.py:633} INFO - Processing file /home/airflow/.local/lib/python3.6/site-packages/airflow/example_dags/tutorial_etl_dag.py for tasks to queue
[2021-06-20 20:00:11,904] {logging_mixin.py:104} INFO - [2021-06-20 20:00:11,903] {dagbag.py:487} INFO - Filling up the DagBag from /home/airflow/.local/lib/python3.6/site-packages/airflow/example_dags/tutorial_etl_dag.py
[2021-06-20 20:00:11,989] {scheduler_job.py:643} INFO - DAG(s) dict_keys(['tutorial_etl_dag']) retrieved from /home/airflow/.local/lib/python3.6/site-packages/airflow/example_dags/tutorial_etl_dag.py
[2021-06-20 20:00:12,101] {logging_mixin.py:104} INFO - [2021-06-20 20:00:12,100] {dag.py:1832} INFO - Sync 1 DAGs
[2021-06-20 20:00:12,228] {logging_mixin.py:104} INFO - [2021-06-20 20:00:12,228] {dag.py:2305} INFO - Setting next_dagrun for tutorial_etl_dag to None
[2021-06-20 20:00:12,336] {scheduler_job.py:190} INFO - Processing /home/airflow/.local/lib/python3.6/site-packages/airflow/example_dags/tutorial_etl_dag.py took 0.462 seconds
[2021-06-20 20:00:42,574] {scheduler_job.py:182} INFO - Started process (PID=553) to work on /home/airflow/.local/lib/python3.6/site-packages/airflow/example_dags/tutorial_etl_dag.py
[2021-06-20 20:00:42,578] {scheduler_job.py:633} INFO - Processing file /home/airflow/.local/lib/python3.6/site-packages/airflow/example_dags/tutorial_etl_dag.py for tasks to queue
[2021-06-20 20:00:42,581] {logging_mixin.py:104} INFO - [2021-06-20 20:00:42,581] {dagbag.py:487} INFO - Filling up the DagBag from /home/airflow/.local/lib/python3.6/site-packages/airflow/example_dags/tutorial_etl_dag.py
[2021-06-20 20:00:42,638] {scheduler_job.py:643} INFO - DAG(s) dict_keys(['tutorial_etl_dag']) retrieved from /home/airflow/.local/lib/python3.6/site-packages/airflow/example_dags/tutorial_etl_dag.py
[2021-06-20 20:00:42,737] {logging_mixin.py:104} INFO - [2021-06-20 20:00:42,736] {dag.py:1832} INFO - Sync 1 DAGs
[2021-06-20 20:00:42,808] {logging_mixin.py:104} INFO - [2021-06-20 20:00:42,808] {dag.py:2305} INFO - Setting next_dagrun for tutorial_etl_dag to None
[2021-06-20 20:00:42,846] {scheduler_job.py:190} INFO - Processing /home/airflow/.local/lib/python3.6/site-packages/airflow/example_dags/tutorial_etl_dag.py took 0.287 seconds
[2021-06-20 20:01:14,183] {scheduler_job.py:182} INFO - Started process (PID=609) to work on /home/airflow/.local/lib/python3.6/site-packages/airflow/example_dags/tutorial_etl_dag.py
[2021-06-20 20:01:14,190] {scheduler_job.py:633} INFO - Processing file /home/airflow/.local/lib/python3.6/site-packages/airflow/example_dags/tutorial_etl_dag.py for tasks to queue
[2021-06-20 20:01:14,198] {logging_mixin.py:104} INFO - [2021-06-20 20:01:14,194] {dagbag.py:487} INFO - Filling up the DagBag from /home/airflow/.local/lib/python3.6/site-packages/airflow/example_dags/tutorial_etl_dag.py
[2021-06-20 20:01:14,298] {scheduler_job.py:643} INFO - DAG(s) dict_keys(['tutorial_etl_dag']) retrieved from /home/airflow/.local/lib/python3.6/site-packages/airflow/example_dags/tutorial_etl_dag.py
[2021-06-20 20:01:14,425] {logging_mixin.py:104} INFO - [2021-06-20 20:01:14,424] {dag.py:1832} INFO - Sync 1 DAGs
[2021-06-20 20:01:14,525] {logging_mixin.py:104} INFO - [2021-06-20 20:01:14,524] {dag.py:2305} INFO - Setting next_dagrun for tutorial_etl_dag to None
[2021-06-20 20:01:14,588] {scheduler_job.py:190} INFO - Processing /home/airflow/.local/lib/python3.6/site-packages/airflow/example_dags/tutorial_etl_dag.py took 0.437 seconds
[2021-06-20 20:01:44,933] {scheduler_job.py:182} INFO - Started process (PID=666) to work on /home/airflow/.local/lib/python3.6/site-packages/airflow/example_dags/tutorial_etl_dag.py
[2021-06-20 20:01:44,940] {scheduler_job.py:633} INFO - Processing file /home/airflow/.local/lib/python3.6/site-packages/airflow/example_dags/tutorial_etl_dag.py for tasks to queue
[2021-06-20 20:01:44,944] {logging_mixin.py:104} INFO - [2021-06-20 20:01:44,943] {dagbag.py:487} INFO - Filling up the DagBag from /home/airflow/.local/lib/python3.6/site-packages/airflow/example_dags/tutorial_etl_dag.py
[2021-06-20 20:01:45,033] {scheduler_job.py:643} INFO - DAG(s) dict_keys(['tutorial_etl_dag']) retrieved from /home/airflow/.local/lib/python3.6/site-packages/airflow/example_dags/tutorial_etl_dag.py
[2021-06-20 20:01:45,154] {logging_mixin.py:104} INFO - [2021-06-20 20:01:45,153] {dag.py:1832} INFO - Sync 1 DAGs
[2021-06-20 20:01:45,230] {logging_mixin.py:104} INFO - [2021-06-20 20:01:45,229] {dag.py:2305} INFO - Setting next_dagrun for tutorial_etl_dag to None
[2021-06-20 20:01:45,303] {scheduler_job.py:190} INFO - Processing /home/airflow/.local/lib/python3.6/site-packages/airflow/example_dags/tutorial_etl_dag.py took 0.391 seconds
[2021-06-20 20:02:15,590] {scheduler_job.py:182} INFO - Started process (PID=724) to work on /home/airflow/.local/lib/python3.6/site-packages/airflow/example_dags/tutorial_etl_dag.py
[2021-06-20 20:02:15,604] {scheduler_job.py:633} INFO - Processing file /home/airflow/.local/lib/python3.6/site-packages/airflow/example_dags/tutorial_etl_dag.py for tasks to queue
[2021-06-20 20:02:15,610] {logging_mixin.py:104} INFO - [2021-06-20 20:02:15,610] {dagbag.py:487} INFO - Filling up the DagBag from /home/airflow/.local/lib/python3.6/site-packages/airflow/example_dags/tutorial_etl_dag.py
[2021-06-20 20:02:15,734] {scheduler_job.py:643} INFO - DAG(s) dict_keys(['tutorial_etl_dag']) retrieved from /home/airflow/.local/lib/python3.6/site-packages/airflow/example_dags/tutorial_etl_dag.py
[2021-06-20 20:02:15,921] {logging_mixin.py:104} INFO - [2021-06-20 20:02:15,921] {dag.py:1832} INFO - Sync 1 DAGs
[2021-06-20 20:02:16,031] {logging_mixin.py:104} INFO - [2021-06-20 20:02:16,030] {dag.py:2305} INFO - Setting next_dagrun for tutorial_etl_dag to None
[2021-06-20 20:02:16,084] {scheduler_job.py:190} INFO - Processing /home/airflow/.local/lib/python3.6/site-packages/airflow/example_dags/tutorial_etl_dag.py took 0.522 seconds
[2021-06-20 20:02:46,354] {scheduler_job.py:182} INFO - Started process (PID=780) to work on /home/airflow/.local/lib/python3.6/site-packages/airflow/example_dags/tutorial_etl_dag.py
[2021-06-20 20:02:46,360] {scheduler_job.py:633} INFO - Processing file /home/airflow/.local/lib/python3.6/site-packages/airflow/example_dags/tutorial_etl_dag.py for tasks to queue
[2021-06-20 20:02:46,365] {logging_mixin.py:104} INFO - [2021-06-20 20:02:46,365] {dagbag.py:487} INFO - Filling up the DagBag from /home/airflow/.local/lib/python3.6/site-packages/airflow/example_dags/tutorial_etl_dag.py
[2021-06-20 20:02:46,436] {scheduler_job.py:643} INFO - DAG(s) dict_keys(['tutorial_etl_dag']) retrieved from /home/airflow/.local/lib/python3.6/site-packages/airflow/example_dags/tutorial_etl_dag.py
[2021-06-20 20:02:46,538] {logging_mixin.py:104} INFO - [2021-06-20 20:02:46,537] {dag.py:1832} INFO - Sync 1 DAGs
[2021-06-20 20:02:46,623] {logging_mixin.py:104} INFO - [2021-06-20 20:02:46,623] {dag.py:2305} INFO - Setting next_dagrun for tutorial_etl_dag to None
[2021-06-20 20:02:46,673] {scheduler_job.py:190} INFO - Processing /home/airflow/.local/lib/python3.6/site-packages/airflow/example_dags/tutorial_etl_dag.py took 0.337 seconds
[2021-06-20 20:03:17,464] {scheduler_job.py:182} INFO - Started process (PID=839) to work on /home/airflow/.local/lib/python3.6/site-packages/airflow/example_dags/tutorial_etl_dag.py
[2021-06-20 20:03:17,476] {scheduler_job.py:633} INFO - Processing file /home/airflow/.local/lib/python3.6/site-packages/airflow/example_dags/tutorial_etl_dag.py for tasks to queue
[2021-06-20 20:03:17,480] {logging_mixin.py:104} INFO - [2021-06-20 20:03:17,480] {dagbag.py:487} INFO - Filling up the DagBag from /home/airflow/.local/lib/python3.6/site-packages/airflow/example_dags/tutorial_etl_dag.py
[2021-06-20 20:03:17,570] {scheduler_job.py:643} INFO - DAG(s) dict_keys(['tutorial_etl_dag']) retrieved from /home/airflow/.local/lib/python3.6/site-packages/airflow/example_dags/tutorial_etl_dag.py
[2021-06-20 20:03:17,726] {logging_mixin.py:104} INFO - [2021-06-20 20:03:17,726] {dag.py:1832} INFO - Sync 1 DAGs
[2021-06-20 20:03:17,826] {logging_mixin.py:104} INFO - [2021-06-20 20:03:17,825] {dag.py:2305} INFO - Setting next_dagrun for tutorial_etl_dag to None
[2021-06-20 20:03:17,875] {scheduler_job.py:190} INFO - Processing /home/airflow/.local/lib/python3.6/site-packages/airflow/example_dags/tutorial_etl_dag.py took 0.433 seconds
[2021-06-20 20:03:48,030] {scheduler_job.py:182} INFO - Started process (PID=895) to work on /home/airflow/.local/lib/python3.6/site-packages/airflow/example_dags/tutorial_etl_dag.py
[2021-06-20 20:03:48,045] {scheduler_job.py:633} INFO - Processing file /home/airflow/.local/lib/python3.6/site-packages/airflow/example_dags/tutorial_etl_dag.py for tasks to queue
[2021-06-20 20:03:48,051] {logging_mixin.py:104} INFO - [2021-06-20 20:03:48,050] {dagbag.py:487} INFO - Filling up the DagBag from /home/airflow/.local/lib/python3.6/site-packages/airflow/example_dags/tutorial_etl_dag.py
[2021-06-20 20:03:48,151] {scheduler_job.py:643} INFO - DAG(s) dict_keys(['tutorial_etl_dag']) retrieved from /home/airflow/.local/lib/python3.6/site-packages/airflow/example_dags/tutorial_etl_dag.py
[2021-06-20 20:03:48,341] {logging_mixin.py:104} INFO - [2021-06-20 20:03:48,341] {dag.py:1832} INFO - Sync 1 DAGs
[2021-06-20 20:03:48,495] {logging_mixin.py:104} INFO - [2021-06-20 20:03:48,494] {dag.py:2305} INFO - Setting next_dagrun for tutorial_etl_dag to None
[2021-06-20 20:03:48,615] {scheduler_job.py:190} INFO - Processing /home/airflow/.local/lib/python3.6/site-packages/airflow/example_dags/tutorial_etl_dag.py took 0.609 seconds
[2021-06-20 20:04:19,020] {scheduler_job.py:182} INFO - Started process (PID=954) to work on /home/airflow/.local/lib/python3.6/site-packages/airflow/example_dags/tutorial_etl_dag.py
[2021-06-20 20:04:19,026] {scheduler_job.py:633} INFO - Processing file /home/airflow/.local/lib/python3.6/site-packages/airflow/example_dags/tutorial_etl_dag.py for tasks to queue
[2021-06-20 20:04:19,031] {logging_mixin.py:104} INFO - [2021-06-20 20:04:19,030] {dagbag.py:487} INFO - Filling up the DagBag from /home/airflow/.local/lib/python3.6/site-packages/airflow/example_dags/tutorial_etl_dag.py
[2021-06-20 20:04:19,107] {scheduler_job.py:643} INFO - DAG(s) dict_keys(['tutorial_etl_dag']) retrieved from /home/airflow/.local/lib/python3.6/site-packages/airflow/example_dags/tutorial_etl_dag.py
[2021-06-20 20:04:19,214] {logging_mixin.py:104} INFO - [2021-06-20 20:04:19,214] {dag.py:1832} INFO - Sync 1 DAGs
[2021-06-20 20:04:19,340] {logging_mixin.py:104} INFO - [2021-06-20 20:04:19,339] {dag.py:2305} INFO - Setting next_dagrun for tutorial_etl_dag to None
[2021-06-20 20:04:19,403] {scheduler_job.py:190} INFO - Processing /home/airflow/.local/lib/python3.6/site-packages/airflow/example_dags/tutorial_etl_dag.py took 0.403 seconds
[2021-06-20 20:04:50,199] {scheduler_job.py:182} INFO - Started process (PID=1010) to work on /home/airflow/.local/lib/python3.6/site-packages/airflow/example_dags/tutorial_etl_dag.py
[2021-06-20 20:04:50,217] {scheduler_job.py:633} INFO - Processing file /home/airflow/.local/lib/python3.6/site-packages/airflow/example_dags/tutorial_etl_dag.py for tasks to queue
[2021-06-20 20:04:50,223] {logging_mixin.py:104} INFO - [2021-06-20 20:04:50,222] {dagbag.py:487} INFO - Filling up the DagBag from /home/airflow/.local/lib/python3.6/site-packages/airflow/example_dags/tutorial_etl_dag.py
[2021-06-20 20:04:50,344] {scheduler_job.py:643} INFO - DAG(s) dict_keys(['tutorial_etl_dag']) retrieved from /home/airflow/.local/lib/python3.6/site-packages/airflow/example_dags/tutorial_etl_dag.py
[2021-06-20 20:04:50,574] {logging_mixin.py:104} INFO - [2021-06-20 20:04:50,574] {dag.py:1832} INFO - Sync 1 DAGs
[2021-06-20 20:04:50,770] {logging_mixin.py:104} INFO - [2021-06-20 20:04:50,770] {dag.py:2305} INFO - Setting next_dagrun for tutorial_etl_dag to None
[2021-06-20 20:04:53,579] {logging_mixin.py:104} INFO - [2021-06-20 20:04:53,578] {process_utils.py:207} INFO - Waiting up to 5 seconds for processes to exit...
