2021-04-13 22:20:41,932 INFO :: message for basic informations
2021-04-13 22:20:41,932 WARNING :: message to pay attention
2021-04-13 22:20:41,932 ERROR :: message helps to debug an error
2021-04-13 22:20:41,932 INFO :: message
2021-04-13 22:31:39,888 INFO :: message for basic informations
2021-04-13 22:31:39,889 WARNING :: message to pay attention
2021-04-13 22:31:39,889 ERROR :: message helps to debug an error
2021-04-18 21:37:24,107 INFO :: message for basic informations
2021-04-18 21:37:24,107 WARNING :: message to pay attention
2021-04-18 21:37:24,112 ERROR :: message helps to debug an error
2021-04-18 21:45:01,265 INFO :: message for basic informations
2021-04-18 21:45:01,265 WARNING :: message to pay attention
2021-04-18 21:45:01,265 ERROR :: message helps to debug an error
2021-04-18 21:45:22,983 INFO :: message for basic informations
2021-04-18 21:45:22,983 WARNING :: message to pay attention
2021-04-18 21:45:22,983 ERROR :: message helps to debug an error
2021-04-18 21:46:34,853 INFO :: message for basic informations
2021-04-18 21:46:34,853 WARNING :: message to pay attention
2021-04-18 21:46:34,853 ERROR :: message helps to debug an error
2021-04-18 21:47:12,819 INFO :: message for basic informations
2021-04-18 21:47:12,819 WARNING :: message to pay attention
2021-04-18 21:47:12,819 ERROR :: message helps to debug an error
2021-04-18 21:55:27,782 INFO :: message for basic informations
2021-04-18 21:55:27,784 WARNING :: message to pay attention
2021-04-18 21:55:27,786 ERROR :: message helps to debug an error
2021-04-18 21:56:51,257 INFO :: message for basic informations
2021-04-18 21:56:51,259 WARNING :: message to pay attention
2021-04-18 21:56:51,260 ERROR :: message helps to debug an error
2021-04-18 21:57:40,357 INFO :: message for basic informations
2021-04-18 21:57:40,357 WARNING :: message to pay attention
2021-04-18 21:57:40,357 ERROR :: message helps to debug an error
2021-04-18 21:58:07,751 INFO :: message for basic informations
2021-04-18 21:58:07,751 WARNING :: message to pay attention
2021-04-18 21:58:07,751 ERROR :: message helps to debug an error
2021-04-18 21:58:08,607 ERROR :: Error while making GET request to /fapi/v1/klines: {'code': -1120, 'msg': 'Invalid interval.'} (error code 400)
2021-04-18 21:59:14,886 INFO :: message for basic informations
2021-04-18 21:59:14,886 WARNING :: message to pay attention
2021-04-18 21:59:14,886 ERROR :: message helps to debug an error
2021-04-19 21:28:01,473 INFO :: message for basic informations
2021-04-19 21:28:01,473 WARNING :: message to pay attention
2021-04-19 21:28:01,473 ERROR :: message helps to debug an error
2021-04-19 21:30:51,300 INFO :: message for basic informations
2021-04-19 21:30:51,300 WARNING :: message to pay attention
2021-04-19 21:30:51,300 ERROR :: message helps to debug an error
2021-04-19 21:30:51,300 INFO :: Binance Futures Client successfully initialized
2021-04-19 21:30:51,668 ERROR :: Error while making GET request to /fapi/v1/account: {'code': -2014, 'msg': 'API-key format invalid.'} (error code 401)
2021-04-19 21:35:02,809 INFO :: message for basic informations
2021-04-19 21:35:02,809 WARNING :: message to pay attention
2021-04-19 21:35:02,809 ERROR :: message helps to debug an error
2021-04-19 21:35:02,809 INFO :: Binance Futures Client successfully initialized
2021-04-19 21:35:03,562 ERROR :: Error while making GET request to /fapi/v1/account: {'code': -1102, 'msg': "Mandatory parameter 'timestamp' was not sent, was empty/null, or malformed."} (error code 400)
2021-04-19 21:36:00,250 INFO :: message for basic informations
2021-04-19 21:36:00,250 WARNING :: message to pay attention
2021-04-19 21:36:00,250 ERROR :: message helps to debug an error
2021-04-19 21:36:00,250 INFO :: Binance Futures Client successfully initialized
2021-04-19 21:38:19,895 INFO :: message for basic informations
2021-04-19 21:38:19,903 WARNING :: message to pay attention
2021-04-19 21:38:19,903 ERROR :: message helps to debug an error
2021-04-19 21:38:19,903 INFO :: Binance Futures Client successfully initialized
2021-04-19 21:38:49,671 INFO :: message for basic informations
2021-04-19 21:38:49,671 WARNING :: message to pay attention
2021-04-19 21:38:49,671 ERROR :: message helps to debug an error
2021-04-19 21:38:49,671 INFO :: Binance Futures Client successfully initialized
2021-04-19 21:40:34,165 INFO :: message for basic informations
2021-04-19 21:40:34,165 WARNING :: message to pay attention
2021-04-19 21:40:34,165 ERROR :: message helps to debug an error
2021-04-19 21:40:34,165 INFO :: Binance Futures Client successfully initialized
2021-04-19 21:51:13,051 INFO :: message for basic informations
2021-04-19 21:51:13,051 WARNING :: message to pay attention
2021-04-19 21:51:13,052 ERROR :: message helps to debug an error
2021-04-19 21:51:13,052 INFO :: Binance Futures Client successfully initialized
2021-04-19 21:55:15,756 INFO :: message for basic informations
2021-04-19 21:55:15,756 WARNING :: message to pay attention
2021-04-19 21:55:15,756 ERROR :: message helps to debug an error
2021-04-19 21:55:15,756 INFO :: Binance Futures Client successfully initialized
2021-04-19 21:56:32,732 INFO :: message for basic informations
2021-04-19 21:56:32,732 WARNING :: message to pay attention
2021-04-19 21:56:32,732 ERROR :: message helps to debug an error
2021-04-19 21:56:32,732 INFO :: Binance Futures Client successfully initialized
2021-04-19 21:57:17,263 INFO :: message for basic informations
2021-04-19 21:57:17,263 WARNING :: message to pay attention
2021-04-19 21:57:17,263 ERROR :: message helps to debug an error
2021-04-19 21:57:17,263 INFO :: Binance Futures Client successfully initialized
2021-04-19 21:58:04,783 INFO :: message for basic informations
2021-04-19 21:58:04,783 WARNING :: message to pay attention
2021-04-19 21:58:04,783 ERROR :: message helps to debug an error
2021-04-19 21:58:04,783 INFO :: Binance Futures Client successfully initialized
2021-04-19 21:58:06,247 ERROR :: Error while making DELETE request to /fapi/v1/order: {'code': -2011, 'msg': 'Unknown order sent.'} (error code 400)
2021-04-20 22:26:38,459 INFO :: message for basic informations
2021-04-20 22:26:38,460 WARNING :: message to pay attention
2021-04-20 22:26:38,460 ERROR :: message helps to debug an error
2021-04-20 22:26:38,462 INFO :: Binance Futures Client successfully initialized
2021-04-20 22:26:39,769 WARNING :: Binance connection error : scheme http is invalid
2021-04-20 22:26:39,770 WARNING :: Binance connection closed
2021-04-20 22:26:40,800 ERROR :: Error while making DELETE request to /fapi/v1/order: {'code': -2011, 'msg': 'Unknown order sent.'} (error code 400)
2021-04-20 22:28:59,043 INFO :: message for basic informations
2021-04-20 22:28:59,048 WARNING :: message to pay attention
2021-04-20 22:28:59,049 ERROR :: message helps to debug an error
2021-04-20 22:28:59,052 INFO :: Binance Futures Client successfully initialized
2021-04-20 22:29:00,363 WARNING :: Binance connection error : scheme http is invalid
2021-04-20 22:29:00,364 WARNING :: Binance connection closed
2021-04-20 22:29:24,115 INFO :: message for basic informations
2021-04-20 22:29:24,116 WARNING :: message to pay attention
2021-04-20 22:29:24,117 ERROR :: message helps to debug an error
2021-04-20 22:29:24,119 INFO :: Binance Futures Client successfully initialized
2021-04-20 22:29:25,376 WARNING :: Binance connection error : scheme http is invalid
2021-04-20 22:29:25,377 WARNING :: Binance connection closed
2021-04-20 22:29:53,583 INFO :: message for basic informations
2021-04-20 22:29:53,584 WARNING :: message to pay attention
2021-04-20 22:29:53,584 ERROR :: message helps to debug an error
2021-04-20 22:29:53,586 INFO :: Binance Futures Client successfully initialized
2021-04-20 22:29:55,032 WARNING :: Binance connection error : scheme http is invalid
2021-04-20 22:29:55,033 WARNING :: Binance connection closed
2021-04-20 22:29:55,039 WARNING :: Binance connection error : scheme http is invalid
2021-04-20 22:29:55,040 WARNING :: Binance connection closed
2021-04-20 22:39:22,150 INFO :: message for basic informations
2021-04-20 22:39:22,151 WARNING :: message to pay attention
2021-04-20 22:39:22,151 ERROR :: message helps to debug an error
2021-04-20 22:39:22,153 INFO :: Binance Futures Client successfully initialized
2021-04-20 22:39:23,414 INFO :: Binance connection opened
2021-04-20 22:39:23,416 WARNING :: Binance connection error : Connection is already closed.
2021-04-20 22:39:23,417 WARNING :: Binance connection closed
2021-04-20 22:39:23,848 INFO :: Binance connection opened
2021-04-20 22:39:23,851 WARNING :: Binance connection error : Connection is already closed.
2021-04-20 22:39:23,852 WARNING :: Binance connection closed
2021-04-20 22:56:36,563 INFO :: message for basic informations
2021-04-20 22:56:36,564 WARNING :: message to pay attention
2021-04-20 22:56:36,564 ERROR :: message helps to debug an error
2021-04-20 22:56:36,566 INFO :: Binance Futures Client successfully initialized
2021-04-20 22:56:38,193 INFO :: Binance connection opened
2021-04-20 22:56:38,194 ERROR :: error from callback <bound method BinanceClientFutures.on_open of <connectors.binance_futures.BinanceClientFutures object at 0x00000208D5DE20A0>>: Invalid OPCODE
2021-04-20 22:56:38,195 WARNING :: Binance connection error : Connection is already closed.
2021-04-20 22:56:38,197 WARNING :: Binance connection closed
2021-04-20 22:56:39,487 INFO :: Binance connection opened
2021-04-20 22:56:39,488 ERROR :: error from callback <bound method BinanceClientFutures.on_open of <connectors.binance_futures.BinanceClientFutures object at 0x00000208D5DE20A0>>: Connection is already closed.
2021-04-20 22:56:39,489 WARNING :: Binance connection error : Connection is already closed.
2021-04-20 22:56:39,490 WARNING :: Binance connection closed
2021-04-20 23:02:14,916 INFO :: message for basic informations
2021-04-20 23:02:14,917 WARNING :: message to pay attention
2021-04-20 23:02:14,917 ERROR :: message helps to debug an error
2021-04-20 23:02:14,919 INFO :: Binance Futures Client successfully initialized
2021-04-20 23:02:16,681 INFO :: Binance connection opened
2021-04-20 23:02:16,682 ERROR :: error from callback <bound method BinanceClientFutures.on_open of <connectors.binance_futures.BinanceClientFutures object at 0x000001FD411E19A0>>: Invalid OPCODE
2021-04-20 23:02:16,684 WARNING :: Binance connection error : Connection is already closed.
2021-04-20 23:02:16,684 WARNING :: Binance connection closed
2021-04-20 23:15:05,066 INFO :: message for basic informations
2021-04-20 23:15:05,067 WARNING :: message to pay attention
2021-04-20 23:15:05,067 ERROR :: message helps to debug an error
2021-04-20 23:15:05,070 INFO :: Binance Futures Client successfully initialized
2021-04-20 23:15:06,774 INFO :: Binance connection opened
2021-04-20 23:15:06,775 ERROR :: error from callback <bound method BinanceClientFutures.on_open of <connectors.binance_futures.BinanceClientFutures object at 0x00000168DA4719A0>>: Invalid OPCODE
2021-04-20 23:15:06,777 WARNING :: Binance connection error : Connection is already closed.
2021-04-20 23:15:06,777 WARNING :: Binance connection closed
2021-04-20 23:20:03,362 INFO :: message for basic informations
2021-04-20 23:20:03,363 WARNING :: message to pay attention
2021-04-20 23:20:03,363 ERROR :: message helps to debug an error
2021-04-20 23:20:03,366 INFO :: Binance Futures Client successfully initialized
2021-04-20 23:20:04,746 INFO :: Binance connection opened
2021-04-20 23:20:04,747 ERROR :: error from callback <bound method BinanceClientFutures.on_open of <connectors.binance_futures.BinanceClientFutures object at 0x00000234460B11F0>>: Invalid OPCODE
2021-04-20 23:20:04,748 WARNING :: Binance connection error : Connection is already closed.
2021-04-20 23:20:04,748 WARNING :: Binance connection closed
2021-04-20 23:23:33,700 INFO :: message for basic informations
2021-04-20 23:23:33,701 WARNING :: message to pay attention
2021-04-20 23:23:33,701 ERROR :: message helps to debug an error
2021-04-20 23:23:33,703 INFO :: Binance Futures Client successfully initialized
2021-04-20 23:23:35,278 ERROR :: error from callback <bound method BinanceClientFutures.on_open of <connectors.binance_futures.BinanceClientFutures object at 0x0000024041ED21F0>>: on_open() takes 1 positional argument but 2 were given
2021-04-20 23:23:35,280 WARNING :: Binance connection error : Connection is already closed.
2021-04-20 23:23:35,280 WARNING :: Binance connection closed
2021-04-20 23:24:01,095 INFO :: message for basic informations
2021-04-20 23:24:01,095 WARNING :: message to pay attention
2021-04-20 23:24:01,096 ERROR :: message helps to debug an error
2021-04-20 23:24:01,098 INFO :: Binance Futures Client successfully initialized
2021-04-20 23:24:02,572 ERROR :: error from callback <bound method BinanceClientFutures.on_open of <connectors.binance_futures.BinanceClientFutures object at 0x000001BB24FE11F0>>: on_open() takes 1 positional argument but 2 were given
2021-04-20 23:24:02,574 ERROR :: error from callback <bound method BinanceClientFutures.on_error of <connectors.binance_futures.BinanceClientFutures object at 0x000001BB24FE11F0>>: on_error() takes 2 positional arguments but 3 were given
2021-04-20 23:24:02,574 ERROR :: error from callback <bound method BinanceClientFutures.on_close of <connectors.binance_futures.BinanceClientFutures object at 0x000001BB24FE11F0>>: on_close() takes 1 positional argument but 2 were given
2021-04-20 23:24:51,351 INFO :: message for basic informations
2021-04-20 23:24:51,352 WARNING :: message to pay attention
2021-04-20 23:24:51,352 ERROR :: message helps to debug an error
2021-04-20 23:24:51,354 INFO :: Binance Futures Client successfully initialized
2021-04-20 23:24:52,800 INFO :: Binance connection opened
2021-04-20 23:24:52,800 ERROR :: error from callback <bound method BinanceClientFutures.on_open of <connectors.binance_futures.BinanceClientFutures object at 0x000002A45BBF11F0>>: Invalid OPCODE
2021-04-20 23:24:52,802 WARNING :: Binance connection error : Connection is already closed.
2021-04-20 23:24:52,803 WARNING :: Binance connection closed
2021-04-21 22:08:17,384 INFO :: message for basic informations
2021-04-21 22:08:17,385 WARNING :: message to pay attention
2021-04-21 22:08:17,387 ERROR :: message helps to debug an error
2021-04-21 22:08:17,394 INFO :: Binance Futures Client successfully initialized
2021-04-21 22:08:19,579 INFO :: Binance connection opened
2021-04-21 22:08:19,580 ERROR :: error from callback <bound method BinanceClientFutures.on_open of <connectors.binance_futures.BinanceClientFutures object at 0x00000209BBB911F0>>: Invalid OPCODE
2021-04-21 22:08:19,581 WARNING :: Binance connection error : Connection is already closed.
2021-04-21 22:08:19,582 WARNING :: Binance connection closed
2021-04-21 22:10:33,392 INFO :: message for basic informations
2021-04-21 22:10:33,393 WARNING :: message to pay attention
2021-04-21 22:10:33,393 ERROR :: message helps to debug an error
2021-04-21 22:10:33,395 INFO :: Binance Futures Client successfully initialized
2021-04-21 22:10:34,440 INFO :: Binance connection opened
2021-04-21 22:10:34,441 ERROR :: error from callback <bound method BinanceClientFutures.on_open of <connectors.binance_futures.BinanceClientFutures object at 0x000001427CD919D0>>: Invalid OPCODE
2021-04-21 22:10:34,443 WARNING :: Binance connection error : Connection is already closed.
2021-04-21 22:10:34,443 WARNING :: Binance connection closed
2021-04-21 22:10:45,310 INFO :: message for basic informations
2021-04-21 22:10:45,311 WARNING :: message to pay attention
2021-04-21 22:10:45,311 ERROR :: message helps to debug an error
2021-04-21 22:10:45,313 INFO :: Binance Futures Client successfully initialized
2021-04-21 22:10:46,335 INFO :: Binance connection opened
2021-04-21 22:10:46,336 ERROR :: error from callback <bound method BinanceClientFutures.on_open of <connectors.binance_futures.BinanceClientFutures object at 0x000001E582FF1A90>>: Invalid OPCODE
2021-04-21 22:10:46,337 WARNING :: Binance connection error : Connection is already closed.
2021-04-21 22:10:46,338 WARNING :: Binance connection closed
2021-04-21 22:16:03,829 INFO :: message for basic informations
2021-04-21 22:16:03,830 WARNING :: message to pay attention
2021-04-21 22:16:03,830 ERROR :: message helps to debug an error
2021-04-21 22:16:03,832 INFO :: Binance Futures Client successfully initialized
2021-04-21 22:16:05,253 INFO :: Binance connection opened
2021-04-21 22:16:05,254 ERROR :: error from callback <bound method BinanceClientFutures.on_open of <connectors.binance_futures.BinanceClientFutures object at 0x000001A4B65411F0>>: Invalid OPCODE
2021-04-21 22:26:06,044 INFO :: message for basic informations
2021-04-21 22:26:06,045 WARNING :: message to pay attention
2021-04-21 22:26:06,045 ERROR :: message helps to debug an error
2021-04-21 22:26:06,047 INFO :: Binance Futures Client successfully initialized
2021-04-21 22:26:07,558 INFO :: Binance connection opened
2021-04-21 22:26:07,559 ERROR :: error from callback <bound method BinanceClientFutures.on_open of <connectors.binance_futures.BinanceClientFutures object at 0x000002870C1911F0>>: Invalid OPCODE
2021-04-21 22:30:18,909 INFO :: message for basic informations
2021-04-21 22:30:18,910 WARNING :: message to pay attention
2021-04-21 22:30:18,910 ERROR :: message helps to debug an error
2021-04-21 22:30:18,912 INFO :: Binance Futures Client successfully initialized
2021-04-21 22:30:20,520 INFO :: Binance connection opened
2021-04-21 22:30:20,521 ERROR :: error from callback <bound method BinanceClientFutures.on_open of <connectors.binance_futures.BinanceClientFutures object at 0x000001D6F0501970>>: Invalid OPCODE
2021-04-21 22:37:04,650 INFO :: message for basic informations
2021-04-21 22:37:04,650 WARNING :: message to pay attention
2021-04-21 22:37:04,651 ERROR :: message helps to debug an error
2021-04-21 22:37:04,653 INFO :: Binance Futures Client successfully initialized
2021-04-21 22:37:05,623 INFO :: Binance connection opened
2021-04-21 22:37:05,623 ERROR :: error from callback <bound method BinanceClientFutures.on_open of <connectors.binance_futures.BinanceClientFutures object at 0x00000173DFE210A0>>: Invalid OPCODE
2021-04-21 22:37:05,683 INFO :: Binance connection opened
2021-04-21 22:37:05,684 ERROR :: error from callback <bound method BinanceClientFutures.on_open of <connectors.binance_futures.BinanceClientFutures object at 0x00000173DFE210A0>>: Invalid OPCODE
2021-04-23 23:59:09,389 INFO :: message for basic informations
2021-04-23 23:59:09,389 WARNING :: message to pay attention
2021-04-23 23:59:09,389 ERROR :: message helps to debug an error
2021-04-23 23:59:11,061 INFO :: Binance Futures Client successfully initialized
2021-04-23 23:59:12,389 INFO :: Binance connection opened
2021-04-24 12:48:55,608 INFO :: message for basic informations
2021-04-24 12:48:55,608 WARNING :: message to pay attention
2021-04-24 12:48:55,608 ERROR :: message helps to debug an error
2021-04-24 12:48:55,608 INFO ::  * Restarting with stat
2021-04-24 12:48:55,929 INFO :: message for basic informations
2021-04-24 12:48:55,929 WARNING :: message to pay attention
2021-04-24 12:48:55,929 ERROR :: message helps to debug an error
2021-04-24 12:48:55,944 WARNING ::  * Debugger is active!
2021-04-24 12:48:55,960 INFO ::  * Debugger PIN: 840-608-161
2021-04-24 12:48:55,960 INFO ::  * Running on http://127.0.0.1:5000/ (Press CTRL+C to quit)
2021-04-24 12:49:01,345 INFO :: Binance Futures Client successfully initialized
2021-04-24 12:49:01,352 INFO :: 127.0.0.1 - - [24/Apr/2021 12:49:01] "[35m[1mGET / HTTP/1.1[0m" 500 -
2021-04-24 12:49:02,352 INFO :: Binance connection opened
2021-04-24 12:49:02,840 INFO :: 127.0.0.1 - - [24/Apr/2021 12:49:02] "[37mGET /?__debugger__=yes&cmd=resource&f=jquery.js HTTP/1.1[0m" 200 -
2021-04-24 12:49:02,840 INFO :: 127.0.0.1 - - [24/Apr/2021 12:49:02] "[37mGET /?__debugger__=yes&cmd=resource&f=debugger.js HTTP/1.1[0m" 200 -
2021-04-24 12:49:02,856 INFO :: 127.0.0.1 - - [24/Apr/2021 12:49:02] "[37mGET /?__debugger__=yes&cmd=resource&f=style.css HTTP/1.1[0m" 200 -
2021-04-24 12:49:03,000 INFO :: 127.0.0.1 - - [24/Apr/2021 12:49:03] "[37mGET /?__debugger__=yes&cmd=resource&f=ubuntu.ttf HTTP/1.1[0m" 200 -
2021-04-24 12:49:03,072 INFO :: 127.0.0.1 - - [24/Apr/2021 12:49:03] "[37mGET /?__debugger__=yes&cmd=resource&f=console.png HTTP/1.1[0m" 200 -
2021-04-24 12:49:03,432 INFO :: 127.0.0.1 - - [24/Apr/2021 12:49:03] "[37mGET /?__debugger__=yes&cmd=resource&f=console.png HTTP/1.1[0m" 200 -
2021-04-24 12:49:43,481 INFO ::  * Detected change in 'C:\\Users\\delph\\PycharmProjects\\AlgoBinance\\main.py', reloading
2021-04-24 12:49:43,517 INFO ::  * Restarting with stat
2021-04-24 12:50:13,056 INFO :: message for basic informations
2021-04-24 12:50:13,056 WARNING :: message to pay attention
2021-04-24 12:50:13,056 ERROR :: message helps to debug an error
2021-04-24 12:50:13,064 INFO ::  * Restarting with stat
2021-04-24 12:50:13,369 INFO :: message for basic informations
2021-04-24 12:50:13,369 WARNING :: message to pay attention
2021-04-24 12:50:13,369 ERROR :: message helps to debug an error
2021-04-24 12:50:13,369 WARNING ::  * Debugger is active!
2021-04-24 12:50:13,385 INFO ::  * Debugger PIN: 840-608-161
2021-04-24 12:50:13,385 INFO ::  * Running on http://127.0.0.1:5000/ (Press CTRL+C to quit)
2021-04-24 12:50:16,382 INFO :: 127.0.0.1 - - [24/Apr/2021 12:50:16] "[35m[1mGET / HTTP/1.1[0m" 500 -
2021-04-24 12:50:17,902 INFO :: 127.0.0.1 - - [24/Apr/2021 12:50:17] "[37mGET /?__debugger__=yes&cmd=resource&f=jquery.js HTTP/1.1[0m" 200 -
2021-04-24 12:50:17,902 INFO :: 127.0.0.1 - - [24/Apr/2021 12:50:17] "[37mGET /?__debugger__=yes&cmd=resource&f=debugger.js HTTP/1.1[0m" 200 -
2021-04-24 12:50:17,918 INFO :: 127.0.0.1 - - [24/Apr/2021 12:50:17] "[37mGET /?__debugger__=yes&cmd=resource&f=style.css HTTP/1.1[0m" 200 -
2021-04-24 12:50:18,102 INFO :: 127.0.0.1 - - [24/Apr/2021 12:50:18] "[37mGET /?__debugger__=yes&cmd=resource&f=console.png HTTP/1.1[0m" 200 -
2021-04-24 12:50:18,110 INFO :: 127.0.0.1 - - [24/Apr/2021 12:50:18] "[37mGET /?__debugger__=yes&cmd=resource&f=ubuntu.ttf HTTP/1.1[0m" 200 -
2021-04-24 12:51:42,411 INFO :: message for basic informations
2021-04-24 12:51:42,411 WARNING :: message to pay attention
2021-04-24 12:51:42,411 ERROR :: message helps to debug an error
2021-04-24 12:51:42,427 INFO ::  * Restarting with stat
2021-04-24 12:51:42,867 INFO :: message for basic informations
2021-04-24 12:51:42,867 WARNING :: message to pay attention
2021-04-24 12:51:42,867 ERROR :: message helps to debug an error
2021-04-24 12:51:42,883 WARNING ::  * Debugger is active!
2021-04-24 12:51:42,891 INFO ::  * Debugger PIN: 840-608-161
2021-04-24 12:51:42,907 INFO ::  * Running on http://127.0.0.1:5000/ (Press CTRL+C to quit)
2021-04-24 12:51:44,515 INFO :: 127.0.0.1 - - [24/Apr/2021 12:51:44] "[37mGET / HTTP/1.1[0m" 200 -
2021-04-24 12:51:45,227 INFO :: 127.0.0.1 - - [24/Apr/2021 12:51:45] "[33mGET /favicon.ico HTTP/1.1[0m" 404 -
2021-04-24 12:52:17,648 INFO ::  * Detected change in 'C:\\Users\\delph\\PycharmProjects\\AlgoBinance\\main.py', reloading
2021-04-24 12:52:17,680 INFO ::  * Restarting with stat
2021-04-24 12:52:18,040 INFO :: message for basic informations
2021-04-24 12:52:18,040 WARNING :: message to pay attention
2021-04-24 12:52:18,040 ERROR :: message helps to debug an error
2021-04-24 12:52:18,048 WARNING ::  * Debugger is active!
2021-04-24 12:52:18,056 INFO ::  * Debugger PIN: 840-608-161
2021-04-24 12:52:18,072 INFO ::  * Running on http://127.0.0.1:5000/ (Press CTRL+C to quit)
2021-04-24 12:54:23,274 INFO ::  * Detected change in 'C:\\Users\\delph\\PycharmProjects\\AlgoBinance\\connectors\\binance_futures.py', reloading
2021-04-24 12:54:23,306 INFO ::  * Restarting with stat
2021-04-24 12:54:23,666 INFO :: message for basic informations
2021-04-24 12:54:23,666 WARNING :: message to pay attention
2021-04-24 12:54:23,666 ERROR :: message helps to debug an error
2021-04-24 12:54:23,674 WARNING ::  * Debugger is active!
2021-04-24 12:54:23,682 INFO ::  * Debugger PIN: 840-608-161
2021-04-24 12:54:23,698 INFO ::  * Running on http://127.0.0.1:5000/ (Press CTRL+C to quit)
2021-04-24 13:04:54,989 INFO ::  * Detected change in 'C:\\Users\\delph\\PycharmProjects\\AlgoBinance\\main.py', reloading
2021-04-24 13:04:55,004 INFO ::  * Restarting with stat
2021-04-24 13:04:55,441 INFO :: message for basic informations
2021-04-24 13:04:55,441 WARNING :: message to pay attention
2021-04-24 13:04:55,441 ERROR :: message helps to debug an error
2021-04-24 13:04:55,457 WARNING ::  * Debugger is active!
2021-04-24 13:04:55,457 INFO ::  * Debugger PIN: 840-608-161
2021-04-24 13:04:55,473 INFO ::  * Running on http://127.0.0.1:5000/ (Press CTRL+C to quit)
2021-04-24 13:24:53,746 INFO :: message for basic informations
2021-04-24 13:24:53,746 WARNING :: message to pay attention
2021-04-24 13:24:53,746 ERROR :: message helps to debug an error
2021-04-24 13:24:53,763 INFO ::  * Restarting with stat
2021-04-24 13:24:54,098 INFO :: message for basic informations
2021-04-24 13:24:54,098 WARNING :: message to pay attention
2021-04-24 13:24:54,098 ERROR :: message helps to debug an error
2021-04-24 13:24:54,106 WARNING ::  * Debugger is active!
2021-04-24 13:24:54,122 INFO ::  * Debugger PIN: 840-608-161
2021-04-24 13:24:54,138 INFO ::  * Running on http://127.0.0.1:5000/ (Press CTRL+C to quit)
2021-04-24 13:25:00,623 INFO :: Binance Futures Client successfully initialized
2021-04-24 13:25:00,623 INFO :: 127.0.0.1 - - [24/Apr/2021 13:25:00] "[37mGET / HTTP/1.1[0m" 200 -
2021-04-24 13:25:01,543 INFO :: 127.0.0.1 - - [24/Apr/2021 13:25:01] "[33mGET /favicon.ico HTTP/1.1[0m" 404 -
2021-04-24 13:25:46,374 INFO :: message for basic informations
2021-04-24 13:25:46,374 WARNING :: message to pay attention
2021-04-24 13:25:46,374 ERROR :: message helps to debug an error
2021-04-24 13:25:46,414 INFO ::  * Restarting with stat
2021-04-24 13:25:46,878 INFO :: message for basic informations
2021-04-24 13:25:46,878 WARNING :: message to pay attention
2021-04-24 13:25:46,878 ERROR :: message helps to debug an error
2021-04-24 13:25:46,886 WARNING ::  * Debugger is active!
2021-04-24 13:25:46,894 INFO ::  * Debugger PIN: 840-608-161
2021-04-24 13:25:46,910 INFO ::  * Running on http://127.0.0.1:5000/ (Press CTRL+C to quit)
2021-04-24 13:25:52,054 INFO :: Binance Futures Client successfully initialized
2021-04-24 13:25:52,062 INFO :: 127.0.0.1 - - [24/Apr/2021 13:25:52] "[35m[1mGET / HTTP/1.1[0m" 500 -
2021-04-24 13:25:53,534 INFO :: 127.0.0.1 - - [24/Apr/2021 13:25:53] "[37mGET /?__debugger__=yes&cmd=resource&f=jquery.js HTTP/1.1[0m" 200 -
2021-04-24 13:25:53,534 INFO :: 127.0.0.1 - - [24/Apr/2021 13:25:53] "[37mGET /?__debugger__=yes&cmd=resource&f=style.css HTTP/1.1[0m" 200 -
2021-04-24 13:25:53,534 INFO :: 127.0.0.1 - - [24/Apr/2021 13:25:53] "[37mGET /?__debugger__=yes&cmd=resource&f=debugger.js HTTP/1.1[0m" 200 -
2021-04-24 13:25:53,734 INFO :: 127.0.0.1 - - [24/Apr/2021 13:25:53] "[37mGET /?__debugger__=yes&cmd=resource&f=console.png HTTP/1.1[0m" 200 -
2021-04-24 13:25:53,742 INFO :: 127.0.0.1 - - [24/Apr/2021 13:25:53] "[37mGET /?__debugger__=yes&cmd=resource&f=ubuntu.ttf HTTP/1.1[0m" 200 -
2021-04-24 13:25:53,878 INFO :: 127.0.0.1 - - [24/Apr/2021 13:25:53] "[37mGET /?__debugger__=yes&cmd=resource&f=console.png HTTP/1.1[0m" 200 -
2021-04-24 13:26:51,886 INFO :: message for basic informations
2021-04-24 13:26:51,886 WARNING :: message to pay attention
2021-04-24 13:26:51,886 ERROR :: message helps to debug an error
2021-04-24 13:26:51,894 INFO ::  * Restarting with stat
2021-04-24 13:26:52,270 INFO :: message for basic informations
2021-04-24 13:26:52,270 WARNING :: message to pay attention
2021-04-24 13:26:52,270 ERROR :: message helps to debug an error
2021-04-24 13:26:52,278 WARNING ::  * Debugger is active!
2021-04-24 13:26:52,286 INFO ::  * Debugger PIN: 840-608-161
2021-04-24 13:26:52,294 INFO ::  * Running on http://127.0.0.1:5000/ (Press CTRL+C to quit)
2021-04-24 13:26:55,734 INFO :: Binance Futures Client successfully initialized
2021-04-24 13:26:56,470 INFO :: 127.0.0.1 - - [24/Apr/2021 13:26:56] "[35m[1mGET / HTTP/1.1[0m" 500 -
2021-04-24 13:26:57,942 INFO :: 127.0.0.1 - - [24/Apr/2021 13:26:57] "[37mGET /?__debugger__=yes&cmd=resource&f=jquery.js HTTP/1.1[0m" 200 -
2021-04-24 13:26:57,942 INFO :: 127.0.0.1 - - [24/Apr/2021 13:26:57] "[37mGET /?__debugger__=yes&cmd=resource&f=debugger.js HTTP/1.1[0m" 200 -
2021-04-24 13:26:57,950 INFO :: 127.0.0.1 - - [24/Apr/2021 13:26:57] "[37mGET /?__debugger__=yes&cmd=resource&f=style.css HTTP/1.1[0m" 200 -
2021-04-24 13:26:58,102 INFO :: 127.0.0.1 - - [24/Apr/2021 13:26:58] "[37mGET /?__debugger__=yes&cmd=resource&f=console.png HTTP/1.1[0m" 200 -
2021-04-24 13:26:58,110 INFO :: 127.0.0.1 - - [24/Apr/2021 13:26:58] "[37mGET /?__debugger__=yes&cmd=resource&f=ubuntu.ttf HTTP/1.1[0m" 200 -
2021-04-24 13:26:58,406 INFO :: 127.0.0.1 - - [24/Apr/2021 13:26:58] "[37mGET /?__debugger__=yes&cmd=resource&f=console.png HTTP/1.1[0m" 200 -
2021-04-24 13:31:15,303 INFO ::  * Detected change in 'C:\\Users\\delph\\PycharmProjects\\AlgoBinance\\connectors\\binance_futures.py', reloading
2021-04-24 13:31:15,343 INFO ::  * Restarting with stat
2021-04-24 13:31:15,663 INFO :: message for basic informations
2021-04-24 13:31:15,663 WARNING :: message to pay attention
2021-04-24 13:31:15,663 ERROR :: message helps to debug an error
2021-04-24 13:31:15,671 WARNING ::  * Debugger is active!
2021-04-24 13:31:15,679 INFO ::  * Debugger PIN: 840-608-161
2021-04-24 13:31:15,695 INFO ::  * Running on http://127.0.0.1:5000/ (Press CTRL+C to quit)
2021-04-24 13:32:25,924 INFO :: message for basic informations
2021-04-24 13:32:25,924 WARNING :: message to pay attention
2021-04-24 13:32:25,924 ERROR :: message helps to debug an error
2021-04-24 13:32:25,932 INFO ::  * Restarting with stat
2021-04-24 13:32:26,268 INFO :: message for basic informations
2021-04-24 13:32:26,268 WARNING :: message to pay attention
2021-04-24 13:32:26,268 ERROR :: message helps to debug an error
2021-04-24 13:32:26,284 WARNING ::  * Debugger is active!
2021-04-24 13:32:26,292 INFO ::  * Debugger PIN: 840-608-161
2021-04-24 13:32:26,300 INFO ::  * Running on http://127.0.0.1:5000/ (Press CTRL+C to quit)
2021-04-24 13:32:32,028 INFO :: 127.0.0.1 - - [24/Apr/2021 13:32:32] "[35m[1mGET / HTTP/1.1[0m" 500 -
2021-04-24 13:32:33,428 INFO :: 127.0.0.1 - - [24/Apr/2021 13:32:33] "[37mGET /?__debugger__=yes&cmd=resource&f=jquery.js HTTP/1.1[0m" 200 -
2021-04-24 13:32:33,436 INFO :: 127.0.0.1 - - [24/Apr/2021 13:32:33] "[37mGET /?__debugger__=yes&cmd=resource&f=style.css HTTP/1.1[0m" 200 -
2021-04-24 13:32:33,436 INFO :: 127.0.0.1 - - [24/Apr/2021 13:32:33] "[37mGET /?__debugger__=yes&cmd=resource&f=debugger.js HTTP/1.1[0m" 200 -
2021-04-24 13:32:33,604 INFO :: 127.0.0.1 - - [24/Apr/2021 13:32:33] "[37mGET /?__debugger__=yes&cmd=resource&f=ubuntu.ttf HTTP/1.1[0m" 200 -
2021-04-24 13:32:33,628 INFO :: 127.0.0.1 - - [24/Apr/2021 13:32:33] "[37mGET /?__debugger__=yes&cmd=resource&f=console.png HTTP/1.1[0m" 200 -
2021-04-24 13:35:35,244 INFO ::  * Detected change in 'C:\\Users\\delph\\PycharmProjects\\AlgoBinance\\connectors\\binance_futures.py', reloading
2021-04-24 13:35:35,284 INFO ::  * Restarting with stat
2021-04-24 13:35:35,660 INFO :: message for basic informations
2021-04-24 13:35:35,660 WARNING :: message to pay attention
2021-04-24 13:35:35,660 ERROR :: message helps to debug an error
2021-04-24 13:35:35,668 WARNING ::  * Debugger is active!
2021-04-24 13:35:35,676 INFO ::  * Debugger PIN: 840-608-161
2021-04-24 13:35:35,692 INFO ::  * Running on http://127.0.0.1:5000/ (Press CTRL+C to quit)
2021-04-24 13:36:19,937 INFO :: message for basic informations
2021-04-24 13:36:19,937 WARNING :: message to pay attention
2021-04-24 13:36:19,937 ERROR :: message helps to debug an error
2021-04-24 13:36:19,953 INFO ::  * Restarting with stat
2021-04-24 13:36:20,289 INFO :: message for basic informations
2021-04-24 13:36:20,289 WARNING :: message to pay attention
2021-04-24 13:36:20,289 ERROR :: message helps to debug an error
2021-04-24 13:36:20,297 WARNING ::  * Debugger is active!
2021-04-24 13:36:20,305 INFO ::  * Debugger PIN: 840-608-161
2021-04-24 13:36:20,313 INFO ::  * Running on http://127.0.0.1:5000/ (Press CTRL+C to quit)
2021-04-24 13:36:28,158 INFO :: 127.0.0.1 - - [24/Apr/2021 13:36:28] "[35m[1mGET / HTTP/1.1[0m" 500 -
2021-04-24 13:36:29,606 INFO :: 127.0.0.1 - - [24/Apr/2021 13:36:29] "[37mGET /?__debugger__=yes&cmd=resource&f=debugger.js HTTP/1.1[0m" 200 -
2021-04-24 13:36:29,606 INFO :: 127.0.0.1 - - [24/Apr/2021 13:36:29] "[37mGET /?__debugger__=yes&cmd=resource&f=jquery.js HTTP/1.1[0m" 200 -
2021-04-24 13:36:29,614 INFO :: 127.0.0.1 - - [24/Apr/2021 13:36:29] "[37mGET /?__debugger__=yes&cmd=resource&f=style.css HTTP/1.1[0m" 200 -
2021-04-24 13:36:29,710 INFO :: 127.0.0.1 - - [24/Apr/2021 13:36:29] "[37mGET /?__debugger__=yes&cmd=resource&f=console.png HTTP/1.1[0m" 200 -
2021-04-24 13:36:29,734 INFO :: 127.0.0.1 - - [24/Apr/2021 13:36:29] "[37mGET /?__debugger__=yes&cmd=resource&f=ubuntu.ttf HTTP/1.1[0m" 200 -
2021-04-24 13:36:29,862 INFO :: 127.0.0.1 - - [24/Apr/2021 13:36:29] "[37mGET /?__debugger__=yes&cmd=resource&f=console.png HTTP/1.1[0m" 200 -
2021-04-24 13:38:57,453 INFO ::  * Detected change in 'C:\\Users\\delph\\PycharmProjects\\AlgoBinance\\connectors\\binance_futures.py', reloading
2021-04-24 13:38:57,484 INFO ::  * Restarting with stat
2021-04-24 13:38:57,817 INFO :: message for basic informations
2021-04-24 13:38:57,817 WARNING :: message to pay attention
2021-04-24 13:38:57,817 ERROR :: message helps to debug an error
2021-04-24 13:38:57,825 WARNING ::  * Debugger is active!
2021-04-24 13:38:57,833 INFO ::  * Debugger PIN: 840-608-161
2021-04-24 13:38:57,841 INFO ::  * Running on http://127.0.0.1:5000/ (Press CTRL+C to quit)
2021-04-24 13:39:58,190 INFO ::  * Detected change in 'C:\\Users\\delph\\PycharmProjects\\AlgoBinance\\connectors\\binance_futures.py', reloading
2021-04-24 13:39:58,222 INFO ::  * Restarting with stat
2021-04-24 13:39:58,534 INFO :: message for basic informations
2021-04-24 13:39:58,534 WARNING :: message to pay attention
2021-04-24 13:39:58,534 ERROR :: message helps to debug an error
2021-04-24 13:39:58,542 WARNING ::  * Debugger is active!
2021-04-24 13:39:58,550 INFO ::  * Debugger PIN: 840-608-161
2021-04-24 13:39:58,558 INFO ::  * Running on http://127.0.0.1:5000/ (Press CTRL+C to quit)
2021-04-24 13:41:36,050 INFO ::  * Detected change in 'C:\\Users\\delph\\PycharmProjects\\AlgoBinance\\connectors\\binance_futures.py', reloading
2021-04-24 13:41:36,082 INFO ::  * Restarting with stat
2021-04-24 13:41:36,418 INFO :: message for basic informations
2021-04-24 13:41:36,418 WARNING :: message to pay attention
2021-04-24 13:41:36,418 ERROR :: message helps to debug an error
2021-04-24 13:41:36,426 WARNING ::  * Debugger is active!
2021-04-24 13:41:36,434 INFO ::  * Debugger PIN: 840-608-161
2021-04-24 13:41:36,450 INFO ::  * Running on http://127.0.0.1:5000/ (Press CTRL+C to quit)
2021-04-24 13:42:29,990 INFO ::  * Detected change in 'C:\\Users\\delph\\PycharmProjects\\AlgoBinance\\models.py', reloading
2021-04-24 13:42:30,062 INFO ::  * Restarting with stat
2021-04-24 13:42:30,422 INFO :: message for basic informations
2021-04-24 13:42:30,422 WARNING :: message to pay attention
2021-04-24 13:42:30,422 ERROR :: message helps to debug an error
2021-04-24 13:42:30,438 WARNING ::  * Debugger is active!
2021-04-24 13:42:30,438 INFO ::  * Debugger PIN: 840-608-161
2021-04-24 13:42:30,454 INFO ::  * Running on http://127.0.0.1:5000/ (Press CTRL+C to quit)
2021-04-24 13:44:41,159 INFO :: message for basic informations
2021-04-24 13:44:41,159 WARNING :: message to pay attention
2021-04-24 13:44:41,159 ERROR :: message helps to debug an error
2021-04-24 13:44:41,174 INFO ::  * Restarting with stat
2021-04-24 13:44:41,487 INFO :: message for basic informations
2021-04-24 13:44:41,487 WARNING :: message to pay attention
2021-04-24 13:44:41,487 ERROR :: message helps to debug an error
2021-04-24 13:44:41,503 WARNING ::  * Debugger is active!
2021-04-24 13:44:41,503 INFO ::  * Debugger PIN: 840-608-161
2021-04-24 13:44:41,518 INFO ::  * Running on http://127.0.0.1:5000/ (Press CTRL+C to quit)
2021-04-24 13:44:51,421 INFO :: Binance Futures Client successfully initialized
2021-04-24 13:44:52,181 INFO :: 127.0.0.1 - - [24/Apr/2021 13:44:52] "[35m[1mGET / HTTP/1.1[0m" 500 -
2021-04-24 13:44:53,573 INFO :: 127.0.0.1 - - [24/Apr/2021 13:44:53] "[37mGET /?__debugger__=yes&cmd=resource&f=debugger.js HTTP/1.1[0m" 200 -
2021-04-24 13:44:53,573 INFO :: 127.0.0.1 - - [24/Apr/2021 13:44:53] "[37mGET /?__debugger__=yes&cmd=resource&f=jquery.js HTTP/1.1[0m" 200 -
2021-04-24 13:44:53,589 INFO :: 127.0.0.1 - - [24/Apr/2021 13:44:53] "[37mGET /?__debugger__=yes&cmd=resource&f=style.css HTTP/1.1[0m" 200 -
2021-04-24 13:44:53,725 INFO :: 127.0.0.1 - - [24/Apr/2021 13:44:53] "[37mGET /?__debugger__=yes&cmd=resource&f=ubuntu.ttf HTTP/1.1[0m" 200 -
2021-04-24 13:44:53,773 INFO :: 127.0.0.1 - - [24/Apr/2021 13:44:53] "[37mGET /?__debugger__=yes&cmd=resource&f=console.png HTTP/1.1[0m" 200 -
2021-04-24 13:46:38,735 INFO :: message for basic informations
2021-04-24 13:46:38,735 WARNING :: message to pay attention
2021-04-24 13:46:38,735 ERROR :: message helps to debug an error
2021-04-24 13:46:38,743 INFO ::  * Restarting with stat
2021-04-24 13:46:39,103 INFO :: message for basic informations
2021-04-24 13:46:39,103 WARNING :: message to pay attention
2021-04-24 13:46:39,103 ERROR :: message helps to debug an error
2021-04-24 13:46:39,111 WARNING ::  * Debugger is active!
2021-04-24 13:46:39,119 INFO ::  * Debugger PIN: 840-608-161
2021-04-24 13:46:39,127 INFO ::  * Running on http://127.0.0.1:5000/ (Press CTRL+C to quit)
2021-04-24 13:46:42,983 INFO :: Binance Futures Client successfully initialized
2021-04-24 13:46:43,718 INFO :: 127.0.0.1 - - [24/Apr/2021 13:46:43] "[35m[1mGET / HTTP/1.1[0m" 500 -
2021-04-24 13:46:45,671 INFO :: 127.0.0.1 - - [24/Apr/2021 13:46:45] "[37mGET /?__debugger__=yes&cmd=resource&f=style.css HTTP/1.1[0m" 200 -
2021-04-24 13:46:45,687 INFO :: 127.0.0.1 - - [24/Apr/2021 13:46:45] "[37mGET /?__debugger__=yes&cmd=resource&f=debugger.js HTTP/1.1[0m" 200 -
2021-04-24 13:46:45,687 INFO :: 127.0.0.1 - - [24/Apr/2021 13:46:45] "[37mGET /?__debugger__=yes&cmd=resource&f=jquery.js HTTP/1.1[0m" 200 -
2021-04-24 13:46:46,071 INFO :: 127.0.0.1 - - [24/Apr/2021 13:46:46] "[37mGET /?__debugger__=yes&cmd=resource&f=console.png HTTP/1.1[0m" 200 -
2021-04-24 13:46:46,103 INFO :: 127.0.0.1 - - [24/Apr/2021 13:46:46] "[37mGET /?__debugger__=yes&cmd=resource&f=ubuntu.ttf HTTP/1.1[0m" 200 -
2021-04-24 13:50:15,835 INFO ::  * Detected change in 'C:\\Users\\delph\\PycharmProjects\\AlgoBinance\\connectors\\binance_futures.py', reloading
2021-04-24 13:50:15,875 INFO ::  * Restarting with stat
2021-04-24 13:53:19,489 INFO :: message for basic informations
2021-04-24 13:53:19,490 WARNING :: message to pay attention
2021-04-24 13:53:19,490 ERROR :: message helps to debug an error
2021-04-24 13:53:19,541 INFO ::  * Restarting with stat
2021-04-24 13:53:21,094 INFO :: message for basic informations
2021-04-24 13:53:21,094 WARNING :: message to pay attention
2021-04-24 13:53:21,094 ERROR :: message helps to debug an error
2021-04-24 13:53:21,141 WARNING ::  * Debugger is active!
2021-04-24 13:53:21,188 INFO ::  * Debugger PIN: 840-608-161
2021-04-24 13:53:21,236 INFO ::  * Running on http://127.0.0.1:5000/ (Press CTRL+C to quit)
2021-04-24 13:53:31,694 INFO :: Binance Futures Client successfully initialized
2021-04-24 13:53:32,516 INFO :: 127.0.0.1 - - [24/Apr/2021 13:53:32] "[35m[1mGET / HTTP/1.1[0m" 500 -
2021-04-24 13:53:32,858 INFO :: Binance connection opened
2021-04-24 13:53:37,886 INFO :: 127.0.0.1 - - [24/Apr/2021 13:53:37] "[37mGET /?__debugger__=yes&cmd=resource&f=jquery.js HTTP/1.1[0m" 200 -
2021-04-24 13:53:37,917 INFO :: 127.0.0.1 - - [24/Apr/2021 13:53:37] "[37mGET /?__debugger__=yes&cmd=resource&f=style.css HTTP/1.1[0m" 200 -
2021-04-24 13:53:37,958 INFO :: 127.0.0.1 - - [24/Apr/2021 13:53:37] "[37mGET /?__debugger__=yes&cmd=resource&f=debugger.js HTTP/1.1[0m" 200 -
2021-04-24 13:53:38,667 INFO :: 127.0.0.1 - - [24/Apr/2021 13:53:38] "[37mGET /?__debugger__=yes&cmd=resource&f=console.png HTTP/1.1[0m" 200 -
2021-04-24 13:53:38,669 INFO :: 127.0.0.1 - - [24/Apr/2021 13:53:38] "[37mGET /?__debugger__=yes&cmd=resource&f=ubuntu.ttf HTTP/1.1[0m" 200 -
2021-04-24 13:59:57,458 INFO ::  * Detected change in 'C:\\Users\\delph\\PycharmProjects\\AlgoBinance\\app.py', reloading
2021-04-24 13:59:57,637 INFO ::  * Restarting with stat
2021-04-24 13:59:59,531 INFO :: message for basic informations
2021-04-24 13:59:59,532 WARNING :: message to pay attention
2021-04-24 13:59:59,532 ERROR :: message helps to debug an error
2021-04-24 13:59:59,581 WARNING ::  * Debugger is active!
2021-04-24 13:59:59,621 INFO ::  * Debugger PIN: 840-608-161
2021-04-24 13:59:59,717 INFO ::  * Running on http://127.0.0.1:5000/ (Press CTRL+C to quit)
2021-04-24 14:05:18,785 INFO :: message for basic informations
2021-04-24 14:05:18,786 WARNING :: message to pay attention
2021-04-24 14:05:18,786 ERROR :: message helps to debug an error
2021-04-24 14:05:18,836 INFO ::  * Restarting with stat
2021-04-24 14:05:20,287 INFO :: message for basic informations
2021-04-24 14:05:20,288 WARNING :: message to pay attention
2021-04-24 14:05:20,288 ERROR :: message helps to debug an error
2021-04-24 14:05:20,330 WARNING ::  * Debugger is active!
2021-04-24 14:05:20,363 INFO ::  * Debugger PIN: 840-608-161
2021-04-24 14:05:20,406 INFO ::  * Running on http://127.0.0.1:5000/ (Press CTRL+C to quit)
2021-04-24 14:05:24,882 INFO :: Binance Futures Client successfully initialized
2021-04-24 14:05:24,926 INFO :: 127.0.0.1 - - [24/Apr/2021 14:05:24] "[35m[1mGET / HTTP/1.1[0m" 500 -
2021-04-24 14:05:30,618 INFO :: 127.0.0.1 - - [24/Apr/2021 14:05:30] "[37mGET /?__debugger__=yes&cmd=resource&f=debugger.js HTTP/1.1[0m" 200 -
2021-04-24 14:05:30,622 INFO :: 127.0.0.1 - - [24/Apr/2021 14:05:30] "[37mGET /?__debugger__=yes&cmd=resource&f=jquery.js HTTP/1.1[0m" 200 -
2021-04-24 14:05:30,624 INFO :: 127.0.0.1 - - [24/Apr/2021 14:05:30] "[37mGET /?__debugger__=yes&cmd=resource&f=style.css HTTP/1.1[0m" 200 -
2021-04-24 14:05:31,161 INFO :: 127.0.0.1 - - [24/Apr/2021 14:05:31] "[37mGET /?__debugger__=yes&cmd=resource&f=ubuntu.ttf HTTP/1.1[0m" 200 -
2021-04-24 14:05:31,421 INFO :: 127.0.0.1 - - [24/Apr/2021 14:05:31] "[37mGET /?__debugger__=yes&cmd=resource&f=console.png HTTP/1.1[0m" 200 -
2021-04-26 21:57:44,648 INFO ::  * Detected change in 'C:\\Users\\delph\\PycharmProjects\\AlgoBinance\\connectors\\binance_futures.py', reloading
2021-04-26 21:57:45,096 INFO ::  * Restarting with stat
2021-04-26 22:23:48,990 INFO :: message for basic informations
2021-04-26 22:23:48,991 WARNING :: message to pay attention
2021-04-26 22:23:48,991 ERROR :: message helps to debug an error
2021-04-26 22:23:49,057 INFO ::  * Restarting with stat
2021-04-26 22:23:51,462 INFO :: message for basic informations
2021-04-26 22:23:51,463 WARNING :: message to pay attention
2021-04-26 22:23:51,463 ERROR :: message helps to debug an error
2021-04-26 22:23:51,504 WARNING ::  * Debugger is active!
2021-04-26 22:23:51,541 INFO ::  * Debugger PIN: 840-608-161
2021-04-26 22:23:51,594 INFO ::  * Running on http://127.0.0.1:5000/ (Press CTRL+C to quit)
2021-04-26 22:24:03,402 INFO :: 127.0.0.1 - - [26/Apr/2021 22:24:03] "[35m[1mGET / HTTP/1.1[0m" 500 -
2021-04-26 22:24:10,895 INFO :: 127.0.0.1 - - [26/Apr/2021 22:24:10] "[37mGET /?__debugger__=yes&cmd=resource&f=style.css HTTP/1.1[0m" 200 -
2021-04-26 22:24:11,106 INFO :: 127.0.0.1 - - [26/Apr/2021 22:24:11] "[37mGET /?__debugger__=yes&cmd=resource&f=jquery.js HTTP/1.1[0m" 200 -
2021-04-26 22:24:11,135 INFO :: 127.0.0.1 - - [26/Apr/2021 22:24:11] "[37mGET /?__debugger__=yes&cmd=resource&f=debugger.js HTTP/1.1[0m" 200 -
2021-04-26 22:24:12,106 INFO :: 127.0.0.1 - - [26/Apr/2021 22:24:12] "[37mGET /?__debugger__=yes&cmd=resource&f=console.png HTTP/1.1[0m" 200 -
2021-04-26 22:24:12,594 INFO :: 127.0.0.1 - - [26/Apr/2021 22:24:12] "[37mGET /?__debugger__=yes&cmd=resource&f=ubuntu.ttf HTTP/1.1[0m" 200 -
2021-04-26 22:28:33,103 INFO :: message for basic informations
2021-04-26 22:28:33,104 WARNING :: message to pay attention
2021-04-26 22:28:33,104 ERROR :: message helps to debug an error
2021-04-26 22:28:33,149 INFO ::  * Restarting with stat
2021-04-26 22:28:36,302 INFO :: message for basic informations
2021-04-26 22:28:36,302 WARNING :: message to pay attention
2021-04-26 22:28:36,303 ERROR :: message helps to debug an error
2021-04-26 22:28:36,349 WARNING ::  * Debugger is active!
2021-04-26 22:28:36,380 INFO ::  * Debugger PIN: 840-608-161
2021-04-26 22:28:36,399 INFO ::  * Running on http://127.0.0.1:5000/ (Press CTRL+C to quit)
2021-04-26 22:29:07,647 INFO :: message for basic informations
2021-04-26 22:29:07,648 WARNING :: message to pay attention
2021-04-26 22:29:07,648 ERROR :: message helps to debug an error
2021-04-26 22:29:07,692 INFO ::  * Restarting with stat
2021-04-26 22:29:11,110 INFO :: message for basic informations
2021-04-26 22:29:11,111 WARNING :: message to pay attention
2021-04-26 22:29:11,111 ERROR :: message helps to debug an error
2021-04-26 22:29:11,150 WARNING ::  * Debugger is active!
2021-04-26 22:29:11,180 INFO ::  * Debugger PIN: 840-608-161
2021-04-26 22:29:11,199 INFO ::  * Running on http://127.0.0.1:5000/ (Press CTRL+C to quit)
2021-04-26 22:29:36,879 INFO :: 127.0.0.1 - - [26/Apr/2021 22:29:36] "[35m[1mGET / HTTP/1.1[0m" 500 -
2021-04-26 22:29:43,556 INFO :: 127.0.0.1 - - [26/Apr/2021 22:29:43] "[37mGET /?__debugger__=yes&cmd=resource&f=jquery.js HTTP/1.1[0m" 200 -
2021-04-26 22:29:43,557 INFO :: 127.0.0.1 - - [26/Apr/2021 22:29:43] "[37mGET /?__debugger__=yes&cmd=resource&f=style.css HTTP/1.1[0m" 200 -
2021-04-26 22:29:43,618 INFO :: 127.0.0.1 - - [26/Apr/2021 22:29:43] "[37mGET /?__debugger__=yes&cmd=resource&f=debugger.js HTTP/1.1[0m" 200 -
2021-04-26 22:29:44,426 INFO :: 127.0.0.1 - - [26/Apr/2021 22:29:44] "[37mGET /?__debugger__=yes&cmd=resource&f=console.png HTTP/1.1[0m" 200 -
2021-04-26 22:29:50,036 INFO :: 127.0.0.1 - - [26/Apr/2021 22:29:50] "[37mGET /?__debugger__=yes&cmd=resource&f=ubuntu.ttf HTTP/1.1[0m" 200 -
2021-04-26 22:30:59,152 INFO :: message for basic informations
2021-04-26 22:30:59,153 WARNING :: message to pay attention
2021-04-26 22:30:59,153 ERROR :: message helps to debug an error
2021-04-26 22:34:17,405 INFO :: message for basic informations
2021-04-26 22:34:17,405 WARNING :: message to pay attention
2021-04-26 22:34:17,405 ERROR :: message helps to debug an error
2021-04-26 22:34:17,437 INFO ::  * Restarting with stat
2021-04-26 22:34:20,985 INFO :: message for basic informations
2021-04-26 22:34:20,985 WARNING :: message to pay attention
2021-04-26 22:34:20,985 ERROR :: message helps to debug an error
2021-04-26 22:34:21,044 WARNING ::  * Debugger is active!
2021-04-26 22:34:21,080 INFO ::  * Debugger PIN: 840-608-161
2021-04-26 22:34:21,096 INFO ::  * Running on http://127.0.0.1:5000/ (Press CTRL+C to quit)
2021-04-26 22:34:29,615 INFO :: 127.0.0.1 - - [26/Apr/2021 22:34:29] "[35m[1mGET / HTTP/1.1[0m" 500 -
2021-04-26 22:34:35,356 INFO :: 127.0.0.1 - - [26/Apr/2021 22:34:35] "[37mGET /?__debugger__=yes&cmd=resource&f=debugger.js HTTP/1.1[0m" 200 -
2021-04-26 22:34:35,380 INFO :: 127.0.0.1 - - [26/Apr/2021 22:34:35] "[37mGET /?__debugger__=yes&cmd=resource&f=style.css HTTP/1.1[0m" 200 -
2021-04-26 22:34:35,397 INFO :: 127.0.0.1 - - [26/Apr/2021 22:34:35] "[37mGET /?__debugger__=yes&cmd=resource&f=jquery.js HTTP/1.1[0m" 200 -
2021-04-26 23:33:32,404 INFO :: message for basic informations
2021-04-26 23:33:32,405 WARNING :: message to pay attention
2021-04-26 23:33:32,405 ERROR :: message helps to debug an error
2021-04-26 23:33:32,463 INFO ::  * Restarting with stat
2021-04-26 23:33:34,889 INFO :: message for basic informations
2021-04-26 23:33:34,890 WARNING :: message to pay attention
2021-04-26 23:33:34,890 ERROR :: message helps to debug an error
2021-04-26 23:33:34,932 WARNING ::  * Debugger is active!
2021-04-26 23:33:34,967 INFO ::  * Debugger PIN: 840-608-161
2021-04-26 23:33:35,015 INFO ::  * Running on http://127.0.0.1:5000/ (Press CTRL+C to quit)
2021-04-26 23:33:41,758 INFO :: 127.0.0.1 - - [26/Apr/2021 23:33:41] "[37mGET / HTTP/1.1[0m" 200 -
2021-04-26 23:33:45,968 INFO :: 127.0.0.1 - - [26/Apr/2021 23:33:45] "[33mGET /favicon.ico HTTP/1.1[0m" 404 -
2021-04-27 21:43:31,129 INFO ::  * Detected change in 'C:\\Users\\delph\\PycharmProjects\\AlgoBinance\\connectors\\binance_client.py', reloading
2021-04-27 21:43:31,593 INFO ::  * Restarting with stat
2021-04-27 21:43:32,177 INFO :: message for basic informations
2021-04-27 21:43:32,177 WARNING :: message to pay attention
2021-04-27 21:43:32,177 ERROR :: message helps to debug an error
2021-04-27 21:43:32,185 WARNING ::  * Debugger is active!
2021-04-27 21:43:32,193 INFO ::  * Debugger PIN: 840-608-161
2021-04-27 21:43:32,209 INFO ::  * Running on http://127.0.0.1:5000/ (Press CTRL+C to quit)
2021-04-27 21:53:25,401 INFO :: message for basic informations
2021-04-27 21:53:25,401 WARNING :: message to pay attention
2021-04-27 21:53:25,401 ERROR :: message helps to debug an error
2021-04-27 21:53:26,036 INFO ::  * Restarting with stat
2021-04-27 21:53:26,529 INFO :: message for basic informations
2021-04-27 21:53:26,529 WARNING :: message to pay attention
2021-04-27 21:53:26,529 ERROR :: message helps to debug an error
2021-04-27 21:53:27,078 WARNING ::  * Debugger is active!
2021-04-27 21:53:27,078 INFO ::  * Debugger PIN: 840-608-161
2021-04-27 21:53:27,094 INFO ::  * Running on http://127.0.0.1:5000/ (Press CTRL+C to quit)
2021-04-27 21:53:31,668 INFO :: 127.0.0.1 - - [27/Apr/2021 21:53:31] "[35m[1mGET / HTTP/1.1[0m" 500 -
2021-04-27 21:53:33,971 INFO :: 127.0.0.1 - - [27/Apr/2021 21:53:33] "[37mGET /?__debugger__=yes&cmd=resource&f=jquery.js HTTP/1.1[0m" 200 -
2021-04-27 21:53:33,971 INFO :: 127.0.0.1 - - [27/Apr/2021 21:53:33] "[37mGET /?__debugger__=yes&cmd=resource&f=style.css HTTP/1.1[0m" 200 -
2021-04-27 21:53:33,971 INFO :: 127.0.0.1 - - [27/Apr/2021 21:53:33] "[37mGET /?__debugger__=yes&cmd=resource&f=debugger.js HTTP/1.1[0m" 200 -
2021-04-27 21:53:34,267 INFO :: 127.0.0.1 - - [27/Apr/2021 21:53:34] "[37mGET /?__debugger__=yes&cmd=resource&f=console.png HTTP/1.1[0m" 200 -
2021-04-27 21:53:34,267 INFO :: 127.0.0.1 - - [27/Apr/2021 21:53:34] "[37mGET /?__debugger__=yes&cmd=resource&f=ubuntu.ttf HTTP/1.1[0m" 200 -
2021-04-27 21:53:35,944 INFO :: 127.0.0.1 - - [27/Apr/2021 21:53:35] "[37mGET /?__debugger__=yes&cmd=resource&f=console.png HTTP/1.1[0m" 200 -
2021-04-27 21:54:29,577 INFO :: message for basic informations
2021-04-27 21:54:29,577 WARNING :: message to pay attention
2021-04-27 21:54:29,577 ERROR :: message helps to debug an error
2021-04-27 21:54:29,593 INFO ::  * Restarting with stat
2021-04-27 21:54:30,142 INFO :: message for basic informations
2021-04-27 21:54:30,142 WARNING :: message to pay attention
2021-04-27 21:54:30,142 ERROR :: message helps to debug an error
2021-04-27 21:54:30,157 WARNING ::  * Debugger is active!
2021-04-27 21:54:30,157 INFO ::  * Debugger PIN: 840-608-161
2021-04-27 21:54:30,173 INFO ::  * Running on http://127.0.0.1:5000/ (Press CTRL+C to quit)
2021-04-27 21:54:34,748 INFO :: 127.0.0.1 - - [27/Apr/2021 21:54:34] "[35m[1mGET / HTTP/1.1[0m" 500 -
2021-04-27 21:54:36,743 INFO :: 127.0.0.1 - - [27/Apr/2021 21:54:36] "[37mGET /?__debugger__=yes&cmd=resource&f=style.css HTTP/1.1[0m" 200 -
2021-04-27 21:54:36,743 INFO :: 127.0.0.1 - - [27/Apr/2021 21:54:36] "[37mGET /?__debugger__=yes&cmd=resource&f=debugger.js HTTP/1.1[0m" 200 -
2021-04-27 21:54:36,759 INFO :: 127.0.0.1 - - [27/Apr/2021 21:54:36] "[37mGET /?__debugger__=yes&cmd=resource&f=jquery.js HTTP/1.1[0m" 200 -
2021-04-27 21:54:38,205 INFO :: 127.0.0.1 - - [27/Apr/2021 21:54:38] "[37mGET /?__debugger__=yes&cmd=resource&f=console.png HTTP/1.1[0m" 200 -
2021-04-27 21:54:38,205 INFO :: 127.0.0.1 - - [27/Apr/2021 21:54:38] "[37mGET /?__debugger__=yes&cmd=resource&f=ubuntu.ttf HTTP/1.1[0m" 200 -
2021-04-27 21:56:58,995 INFO ::  * Detected change in 'C:\\Users\\delph\\PycharmProjects\\AlgoBinance\\connectors\\binance_client.py', reloading
2021-04-27 21:56:59,091 INFO ::  * Restarting with stat
2021-04-27 21:56:59,851 INFO :: message for basic informations
2021-04-27 21:56:59,851 WARNING :: message to pay attention
2021-04-27 21:56:59,851 ERROR :: message helps to debug an error
2021-04-27 21:56:59,875 WARNING ::  * Debugger is active!
2021-04-27 21:56:59,883 INFO ::  * Debugger PIN: 840-608-161
2021-04-27 21:56:59,907 INFO ::  * Running on http://127.0.0.1:5000/ (Press CTRL+C to quit)
2021-04-27 21:59:08,408 INFO :: message for basic informations
2021-04-27 21:59:08,408 WARNING :: message to pay attention
2021-04-27 21:59:08,408 ERROR :: message helps to debug an error
2021-04-27 21:59:48,488 INFO :: message for basic informations
2021-04-27 21:59:48,488 WARNING :: message to pay attention
2021-04-27 21:59:48,488 ERROR :: message helps to debug an error
2021-04-27 22:06:01,244 INFO :: message for basic informations
2021-04-27 22:06:01,244 WARNING :: message to pay attention
2021-04-27 22:06:01,244 ERROR :: message helps to debug an error
2021-04-27 22:07:02,460 INFO :: message for basic informations
2021-04-27 22:07:02,460 WARNING :: message to pay attention
2021-04-27 22:07:02,460 ERROR :: message helps to debug an error
2021-04-27 22:18:59,468 INFO :: message for basic informations
2021-04-27 22:18:59,468 WARNING :: message to pay attention
2021-04-27 22:18:59,468 ERROR :: message helps to debug an error
2021-04-28 22:16:38,944 INFO :: message for basic informations
2021-04-28 22:16:38,945 WARNING :: message to pay attention
2021-04-28 22:16:38,946 ERROR :: message helps to debug an error
2021-04-28 22:17:26,482 INFO :: message for basic informations
2021-04-28 22:17:26,483 WARNING :: message to pay attention
2021-04-28 22:17:26,483 ERROR :: message helps to debug an error
2021-04-28 22:19:32,510 INFO :: message for basic informations
2021-04-28 22:19:32,511 WARNING :: message to pay attention
2021-04-28 22:19:32,511 ERROR :: message helps to debug an error
2021-04-28 22:28:01,404 INFO :: message for basic informations
2021-04-28 22:28:01,405 WARNING :: message to pay attention
2021-04-28 22:28:01,406 ERROR :: message helps to debug an error
2021-04-28 22:54:55,293 INFO :: message for basic informations
2021-04-28 22:54:55,293 WARNING :: message to pay attention
2021-04-28 22:54:55,293 ERROR :: message helps to debug an error
2021-04-28 22:56:53,413 INFO :: message for basic informations
2021-04-28 22:56:53,413 WARNING :: message to pay attention
2021-04-28 22:56:53,413 ERROR :: message helps to debug an error
2021-04-28 23:01:23,157 INFO :: message for basic informations
2021-04-28 23:01:23,157 WARNING :: message to pay attention
2021-04-28 23:01:23,157 ERROR :: message helps to debug an error
2021-04-28 23:04:33,725 INFO :: message for basic informations
2021-04-28 23:04:33,725 WARNING :: message to pay attention
2021-04-28 23:04:33,725 ERROR :: message helps to debug an error
2021-04-29 21:38:55,546 INFO :: message for basic informations
2021-04-29 21:38:55,548 WARNING :: message to pay attention
2021-04-29 21:38:55,548 ERROR :: message helps to debug an error
2021-04-29 21:56:17,072 INFO :: message for basic informations
2021-04-29 21:56:17,072 WARNING :: message to pay attention
2021-04-29 21:56:17,072 ERROR :: message helps to debug an error
